0,37.441883,-122.143021
0,39.043758,-77.487442,37.441883,-122.143021
0,39.043758,-77.487442,37.441883,-122.143021,35.689487,139.691711
0,39.043758,-77.487442,37.441883,-122.143021,53.344105,-6.267494,35.689487,139.691711
0,39.043758,-77.487442,37.441883,-122.143021,53.344105,-6.267494,35.689487,139.691711,-23.548943,-46.638817
0,37.441883,-122.143021,39.043758,-77.487442,53.344105,-6.267494,-23.548943,-46.638817,35.689487,139.691711,1.3568,103.989098
5400
1,37.441883,-122.143021
1,39.043758,-77.487442,37.441883,-122.143021
1,39.043758,-77.487442,37.441883,-122.143021,35.689487,139.691711
1,39.043758,-77.487442,37.441883,-122.143021,53.344105,-6.267494,35.689487,139.691711
1,39.043758,-77.487442,37.441883,-122.143021,53.344105,-6.267494,35.689487,139.691711,-23.548943,-46.638817
1,37.441883,-122.143021,39.043758,-77.487442,53.344105,-6.267494,-23.548943,-46.638817,35.689487,139.691711,1.3568,103.989098
9000
2,37.441883,-122.143021
2,39.043758,-77.487442,37.441883,-122.143021
2,39.043758,-77.487442,37.441883,-122.143021,35.689487,139.691711
2,39.043758,-77.487442,37.441883,-122.143021,53.344105,-6.267494,35.689487,139.691711
2,39.043758,-77.487442,37.441883,-122.143021,53.344105,-6.267494,35.689487,139.691711,-23.548943,-46.638817
2,37.441883,-122.143021,39.043758,-77.487442,53.344105,-6.267494,-23.548943,-46.638817,35.689487,139.691711,1.3568,103.989098
12600
3,37.441883,-122.143021
3,39.043758,-77.487442,37.441883,-122.143021
3,39.043758,-77.487442,37.441883,-122.143021,35.689487,139.691711
3,39.043758,-77.487442,37.441883,-122.143021,53.344105,-6.267494,35.689487,139.691711
3,39.043758,-77.487442,37.441883,-122.143021,53.344105,-6.267494,35.689487,139.691711,-23.548943,-46.638817
3,37.441883,-122.143021,39.043758,-77.487442,53.344105,-6.267494,-23.548943,-46.638817,35.689487,139.691711,1.3568,103.989098
16200
4,37.441883,-122.143021
4,39.043758,-77.487442,37.441883,-122.143021
4,39.043758,-77.487442,37.441883,-122.143021,35.689487,139.691711
4,39.043758,-77.487442,37.441883,-122.143021,53.344105,-6.267494,35.689487,139.691711
4,39.043758,-77.487442,37.441883,-122.143021,53.344105,-6.267494,35.689487,139.691711,-23.548943,-46.638817
4,37.441883,-122.143021,39.043758,-77.487442,53.344105,-6.267494,-23.548943,-46.638817,35.689487,139.691711,1.3568,103.989098
19800
5,37.441883,-122.143021
5,39.043758,-77.487442,37.441883,-122.143021
5,39.043758,-77.487442,37.441883,-122.143021,35.689487,139.691711
5,39.043758,-77.487442,37.441883,-122.143021,53.344105,-6.267494,35.689487,139.691711
5,39.043758,-77.487442,37.441883,-122.143021,53.344105,-6.267494,35.689487,139.691711,-23.548943,-46.638817
5,37.441883,-122.143021,39.043758,-77.487442,53.344105,-6.267494,-23.548943,-46.638817,35.689487,139.691711,1.3568,103.989098
23400
6,37.441883,-122.143021
6,39.043758,-77.487442,37.441883,-122.143021
6,39.043758,-77.487442,37.441883,-122.143021,35.689487,139.691711
6,39.043758,-77.487442,37.441883,-122.143021,53.344105,-6.267494,35.689487,139.691711
6,39.043758,-77.487442,37.441883,-122.143021,53.344105,-6.267494,35.689487,139.691711,-23.548943,-46.638817
6,37.441883,-122.143021,39.043758,-77.487442,53.344105,-6.267494,-23.548943,-46.638817,35.689487,139.691711,1.3568,103.989098
27000
7,37.441883,-122.143021
7,39.043758,-77.487442,37.441883,-122.143021
7,39.043758,-77.487442,37.441883,-122.143021,35.689487,139.691711
7,39.043758,-77.487442,37.441883,-122.143021,53.344105,-6.267494,35.689487,139.691711
7,39.043758,-77.487442,37.441883,-122.143021,53.344105,-6.267494,35.689487,139.691711,-23.548943,-46.638817
7,37.441883,-122.143021,39.043758,-77.487442,53.344105,-6.267494,-23.548943,-46.638817,35.689487,139.691711,1.3568,103.989098
30600
8,37.441883,-122.143021
8,39.043758,-77.487442,37.441883,-122.143021
8,39.043758,-77.487442,37.441883,-122.143021,35.689487,139.691711
8,39.043758,-77.487442,37.441883,-122.143021,53.344105,-6.267494,35.689487,139.691711
8,39.043758,-77.487442,37.441883,-122.143021,53.344105,-6.267494,35.689487,139.691711,-23.548943,-46.638817
8,37.441883,-122.143021,39.043758,-77.487442,53.344105,-6.267494,-23.548943,-46.638817,35.689487,139.691711,1.3568,103.989098
34200
9,37.441883,-122.143021
9,39.043758,-77.487442,37.441883,-122.143021
9,39.043758,-77.487442,37.441883,-122.143021,35.689487,139.691711
9,39.043758,-77.487442,37.441883,-122.143021,53.344105,-6.267494,35.689487,139.691711
9,39.043758,-77.487442,37.441883,-122.143021,53.344105,-6.267494,35.689487,139.691711,-23.548943,-46.638817
9,37.441883,-122.143021,39.043758,-77.487442,53.344105,-6.267494,-23.548943,-46.638817,35.689487,139.691711,1.3568,103.989098
37800
10,37.441883,-122.143021
10,39.043758,-77.487442,37.441883,-122.143021
10,39.043758,-77.487442,37.441883,-122.143021,35.689487,139.691711
10,39.043758,-77.487442,37.441883,-122.143021,53.344105,-6.267494,35.689487,139.691711
10,39.043758,-77.487442,37.441883,-122.143021,53.344105,-6.267494,35.689487,139.691711,-23.548943,-46.638817
10,37.441883,-122.143021,39.043758,-77.487442,53.344105,-6.267494,-23.548943,-46.638817,35.689487,139.691711,1.3568,103.989098
41400
11,37.441883,-122.143021
11,39.043758,-77.487442,37.441883,-122.143021
11,39.043758,-77.487442,37.441883,-122.143021,35.689487,139.691711
11,39.043758,-77.487442,37.441883,-122.143021,53.344105,-6.267494,35.689487,139.691711
11,39.043758,-77.487442,37.441883,-122.143021,53.344105,-6.267494,35.689487,139.691711,-23.548943,-46.638817
11,37.441883,-122.143021,39.043758,-77.487442,53.344105,-6.267494,-23.548943,-46.638817,35.689487,139.691711,1.3568,103.989098
45000
12,37.441883,-122.143021
12,39.043758,-77.487442,37.441883,-122.143021
12,39.043758,-77.487442,37.441883,-122.143021,35.689487,139.691711
12,39.043758,-77.487442,37.441883,-122.143021,53.344105,-6.267494,35.689487,139.691711
12,39.043758,-77.487442,37.441883,-122.143021,53.344105,-6.267494,35.689487,139.691711,-23.548943,-46.638817
12,37.441883,-122.143021,39.043758,-77.487442,53.344105,-6.267494,-23.548943,-46.638817,35.689487,139.691711,1.3568,103.989098
48600
13,37.441883,-122.143021
13,39.043758,-77.487442,37.441883,-122.143021
13,39.043758,-77.487442,37.441883,-122.143021,35.689487,139.691711
13,39.043758,-77.487442,37.441883,-122.143021,53.344105,-6.267494,35.689487,139.691711
13,39.043758,-77.487442,37.441883,-122.143021,53.344105,-6.267494,35.689487,139.691711,-23.548943,-46.638817
13,37.441883,-122.143021,39.043758,-77.487442,53.344105,-6.267494,-23.548943,-46.638817,35.689487,139.691711,1.3568,103.989098
52200
14,37.441883,-122.143021
14,39.043758,-77.487442,37.441883,-122.143021
14,39.043758,-77.487442,37.441883,-122.143021,35.689487,139.691711
14,39.043758,-77.487442,37.441883,-122.143021,53.344105,-6.267494,35.689487,139.691711
14,39.043758,-77.487442,37.441883,-122.143021,53.344105,-6.267494,35.689487,139.691711,-23.548943,-46.638817
14,37.441883,-122.143021,39.043758,-77.487442,53.344105,-6.267494,-23.548943,-46.638817,35.689487,139.691711,1.3568,103.989098
55800
15,37.441883,-122.143021
15,39.043758,-77.487442,37.441883,-122.143021
15,39.043758,-77.487442,37.441883,-122.143021,35.689487,139.691711
15,39.043758,-77.487442,37.441883,-122.143021,53.344105,-6.267494,35.689487,139.691711
15,39.043758,-77.487442,37.441883,-122.143021,53.344105,-6.267494,35.689487,139.691711,-23.548943,-46.638817
15,37.441883,-122.143021,39.043758,-77.487442,53.344105,-6.267494,-23.548943,-46.638817,35.689487,139.691711,1.3568,103.989098
59400
16,37.441883,-122.143021
16,39.043758,-77.487442,37.441883,-122.143021
16,39.043758,-77.487442,37.441883,-122.143021,35.689487,139.691711
16,39.043758,-77.487442,37.441883,-122.143021,53.344105,-6.267494,35.689487,139.691711
16,39.043758,-77.487442,37.441883,-122.143021,53.344105,-6.267494,35.689487,139.691711,-23.548943,-46.638817
16,37.441883,-122.143021,39.043758,-77.487442,53.344105,-6.267494,-23.548943,-46.638817,35.689487,139.691711,1.3568,103.989098
63000
17,37.441883,-122.143021
17,39.043758,-77.487442,37.441883,-122.143021
17,39.043758,-77.487442,37.441883,-122.143021,35.689487,139.691711
17,39.043758,-77.487442,37.441883,-122.143021,53.344105,-6.267494,35.689487,139.691711
17,39.043758,-77.487442,37.441883,-122.143021,53.344105,-6.267494,35.689487,139.691711,-23.548943,-46.638817
17,37.441883,-122.143021,39.043758,-77.487442,53.344105,-6.267494,-23.548943,-46.638817,35.689487,139.691711,1.3568,103.989098
66600
18,37.441883,-122.143021
18,39.043758,-77.487442,37.441883,-122.143021
18,39.043758,-77.487442,37.441883,-122.143021,35.689487,139.691711
18,39.043758,-77.487442,37.441883,-122.143021,53.344105,-6.267494,35.689487,139.691711
18,39.043758,-77.487442,37.441883,-122.143021,53.344105,-6.267494,35.689487,139.691711,-23.548943,-46.638817
18,37.441883,-122.143021,39.043758,-77.487442,53.344105,-6.267494,-23.548943,-46.638817,35.689487,139.691711,1.3568,103.989098
70200
19,37.441883,-122.143021
19,39.043758,-77.487442,37.441883,-122.143021
19,39.043758,-77.487442,37.441883,-122.143021,35.689487,139.691711
19,39.043758,-77.487442,37.441883,-122.143021,53.344105,-6.267494,35.689487,139.691711
19,39.043758,-77.487442,37.441883,-122.143021,53.344105,-6.267494,35.689487,139.691711,-23.548943,-46.638817
19,37.441883,-122.143021,39.043758,-77.487442,53.344105,-6.267494,-23.548943,-46.638817,35.689487,139.691711,1.3568,103.989098
73800
20,37.441883,-122.143021
20,39.043758,-77.487442,37.441883,-122.143021
20,39.043758,-77.487442,37.441883,-122.143021,35.689487,139.691711
20,39.043758,-77.487442,37.441883,-122.143021,53.344105,-6.267494,35.689487,139.691711
20,39.043758,-77.487442,37.441883,-122.143021,53.344105,-6.267494,35.689487,139.691711,-23.548943,-46.638817
20,37.441883,-122.143021,39.043758,-77.487442,53.344105,-6.267494,-23.548943,-46.638817,35.689487,139.691711,1.3568,103.989098
77400
21,37.441883,-122.143021
21,39.043758,-77.487442,37.441883,-122.143021
21,39.043758,-77.487442,37.441883,-122.143021,35.689487,139.691711
21,39.043758,-77.487442,37.441883,-122.143021,53.344105,-6.267494,35.689487,139.691711
21,39.043758,-77.487442,37.441883,-122.143021,53.344105,-6.267494,35.689487,139.691711,-23.548943,-46.638817
21,37.441883,-122.143021,39.043758,-77.487442,53.344105,-6.267494,-23.548943,-46.638817,35.689487,139.691711,1.3568,103.989098
81000
22,37.441883,-122.143021
22,39.043758,-77.487442,37.441883,-122.143021
22,39.043758,-77.487442,37.441883,-122.143021,35.689487,139.691711
22,39.043758,-77.487442,37.441883,-122.143021,53.344105,-6.267494,35.689487,139.691711
22,39.043758,-77.487442,37.441883,-122.143021,53.344105,-6.267494,35.689487,139.691711,-23.548943,-46.638817
22,37.441883,-122.143021,39.043758,-77.487442,53.344105,-6.267494,-23.548943,-46.638817,35.689487,139.691711,1.3568,103.989098
84600
23,37.441883,-122.143021
23,39.043758,-77.487442,37.441883,-122.143021
23,39.043758,-77.487442,37.441883,-122.143021,35.689487,139.691711
23,39.043758,-77.487442,37.441883,-122.143021,53.344105,-6.267494,35.689487,139.691711
23,39.043758,-77.487442,37.441883,-122.143021,53.344105,-6.267494,35.689487,139.691711,-23.548943,-46.638817
23,37.441883,-122.143021,39.043758,-77.487442,53.344105,-6.267494,-23.548943,-46.638817,35.689487,139.691711,1.3568,103.989098
88200
