0,39.043758,-77.487442
0,39.043758,-77.487442,53.344105,-6.267494
0,39.043758,-77.487442,53.344105,-6.267494,37.441883,-122.143021
0,39.043758,-77.487442,53.344105,-6.267494,37.441883,-122.143021,35.689487,139.691711
0,53.344105,-6.267494,39.043758,-77.487442,37.441883,-122.143021,35.689487,139.691711,-23.548943,-46.638817
0,39.043758,-77.487442,37.441883,-122.143021,53.344105,-6.267494,35.689487,139.691711,-23.548943,-46.638817,1.3568,103.989098
5400
1,39.043758,-77.487442
1,39.043758,-77.487442,53.344105,-6.267494
1,39.043758,-77.487442,53.344105,-6.267494,37.441883,-122.143021
1,39.043758,-77.487442,53.344105,-6.267494,37.441883,-122.143021,35.689487,139.691711
1,53.344105,-6.267494,39.043758,-77.487442,37.441883,-122.143021,35.689487,139.691711,-23.548943,-46.638817
1,39.043758,-77.487442,37.441883,-122.143021,53.344105,-6.267494,35.689487,139.691711,-23.548943,-46.638817,1.3568,103.989098
9000
2,39.043758,-77.487442
2,39.043758,-77.487442,53.344105,-6.267494
2,39.043758,-77.487442,53.344105,-6.267494,37.441883,-122.143021
2,39.043758,-77.487442,53.344105,-6.267494,37.441883,-122.143021,35.689487,139.691711
2,53.344105,-6.267494,39.043758,-77.487442,37.441883,-122.143021,35.689487,139.691711,-23.548943,-46.638817
2,39.043758,-77.487442,37.441883,-122.143021,53.344105,-6.267494,35.689487,139.691711,-23.548943,-46.638817,1.3568,103.989098
12600
3,39.043758,-77.487442
3,39.043758,-77.487442,53.344105,-6.267494
3,39.043758,-77.487442,53.344105,-6.267494,37.441883,-122.143021
3,39.043758,-77.487442,53.344105,-6.267494,37.441883,-122.143021,35.689487,139.691711
3,53.344105,-6.267494,39.043758,-77.487442,37.441883,-122.143021,35.689487,139.691711,-23.548943,-46.638817
3,39.043758,-77.487442,37.441883,-122.143021,53.344105,-6.267494,35.689487,139.691711,-23.548943,-46.638817,1.3568,103.989098
16200
4,39.043758,-77.487442
4,39.043758,-77.487442,53.344105,-6.267494
4,39.043758,-77.487442,53.344105,-6.267494,37.441883,-122.143021
4,39.043758,-77.487442,53.344105,-6.267494,37.441883,-122.143021,35.689487,139.691711
4,53.344105,-6.267494,39.043758,-77.487442,37.441883,-122.143021,35.689487,139.691711,-23.548943,-46.638817
4,39.043758,-77.487442,37.441883,-122.143021,53.344105,-6.267494,35.689487,139.691711,-23.548943,-46.638817,1.3568,103.989098
19800
5,39.043758,-77.487442
5,39.043758,-77.487442,53.344105,-6.267494
5,39.043758,-77.487442,53.344105,-6.267494,37.441883,-122.143021
5,39.043758,-77.487442,53.344105,-6.267494,37.441883,-122.143021,35.689487,139.691711
5,53.344105,-6.267494,39.043758,-77.487442,37.441883,-122.143021,35.689487,139.691711,-23.548943,-46.638817
5,39.043758,-77.487442,37.441883,-122.143021,53.344105,-6.267494,35.689487,139.691711,-23.548943,-46.638817,1.3568,103.989098
23400
6,39.043758,-77.487442
6,39.043758,-77.487442,53.344105,-6.267494
6,39.043758,-77.487442,53.344105,-6.267494,37.441883,-122.143021
6,39.043758,-77.487442,53.344105,-6.267494,37.441883,-122.143021,35.689487,139.691711
6,53.344105,-6.267494,39.043758,-77.487442,37.441883,-122.143021,35.689487,139.691711,-23.548943,-46.638817
6,39.043758,-77.487442,37.441883,-122.143021,53.344105,-6.267494,35.689487,139.691711,-23.548943,-46.638817,1.3568,103.989098
27000
7,39.043758,-77.487442
7,39.043758,-77.487442,53.344105,-6.267494
7,39.043758,-77.487442,53.344105,-6.267494,37.441883,-122.143021
7,39.043758,-77.487442,53.344105,-6.267494,37.441883,-122.143021,35.689487,139.691711
7,53.344105,-6.267494,39.043758,-77.487442,37.441883,-122.143021,35.689487,139.691711,-23.548943,-46.638817
7,39.043758,-77.487442,37.441883,-122.143021,53.344105,-6.267494,35.689487,139.691711,-23.548943,-46.638817,1.3568,103.989098
30600
8,39.043758,-77.487442
8,39.043758,-77.487442,53.344105,-6.267494
8,39.043758,-77.487442,53.344105,-6.267494,37.441883,-122.143021
8,39.043758,-77.487442,53.344105,-6.267494,37.441883,-122.143021,35.689487,139.691711
8,53.344105,-6.267494,39.043758,-77.487442,37.441883,-122.143021,35.689487,139.691711,-23.548943,-46.638817
8,39.043758,-77.487442,37.441883,-122.143021,53.344105,-6.267494,35.689487,139.691711,-23.548943,-46.638817,1.3568,103.989098
34200
9,39.043758,-77.487442
9,39.043758,-77.487442,53.344105,-6.267494
9,39.043758,-77.487442,53.344105,-6.267494,37.441883,-122.143021
9,39.043758,-77.487442,53.344105,-6.267494,37.441883,-122.143021,35.689487,139.691711
9,53.344105,-6.267494,39.043758,-77.487442,37.441883,-122.143021,35.689487,139.691711,-23.548943,-46.638817
9,39.043758,-77.487442,37.441883,-122.143021,53.344105,-6.267494,35.689487,139.691711,-23.548943,-46.638817,1.3568,103.989098
37800
10,39.043758,-77.487442
10,39.043758,-77.487442,53.344105,-6.267494
10,39.043758,-77.487442,53.344105,-6.267494,37.441883,-122.143021
10,39.043758,-77.487442,53.344105,-6.267494,37.441883,-122.143021,35.689487,139.691711
10,53.344105,-6.267494,39.043758,-77.487442,37.441883,-122.143021,35.689487,139.691711,-23.548943,-46.638817
10,39.043758,-77.487442,37.441883,-122.143021,53.344105,-6.267494,35.689487,139.691711,-23.548943,-46.638817,1.3568,103.989098
41400
11,39.043758,-77.487442
11,39.043758,-77.487442,53.344105,-6.267494
11,39.043758,-77.487442,53.344105,-6.267494,37.441883,-122.143021
11,39.043758,-77.487442,53.344105,-6.267494,37.441883,-122.143021,35.689487,139.691711
11,53.344105,-6.267494,39.043758,-77.487442,37.441883,-122.143021,35.689487,139.691711,-23.548943,-46.638817
11,39.043758,-77.487442,37.441883,-122.143021,53.344105,-6.267494,35.689487,139.691711,-23.548943,-46.638817,1.3568,103.989098
45000
12,39.043758,-77.487442
12,39.043758,-77.487442,53.344105,-6.267494
12,39.043758,-77.487442,53.344105,-6.267494,37.441883,-122.143021
12,39.043758,-77.487442,53.344105,-6.267494,37.441883,-122.143021,35.689487,139.691711
12,53.344105,-6.267494,39.043758,-77.487442,37.441883,-122.143021,35.689487,139.691711,-23.548943,-46.638817
12,39.043758,-77.487442,37.441883,-122.143021,53.344105,-6.267494,35.689487,139.691711,-23.548943,-46.638817,1.3568,103.989098
48600
13,39.043758,-77.487442
13,39.043758,-77.487442,53.344105,-6.267494
13,39.043758,-77.487442,53.344105,-6.267494,37.441883,-122.143021
13,39.043758,-77.487442,53.344105,-6.267494,37.441883,-122.143021,35.689487,139.691711
13,53.344105,-6.267494,39.043758,-77.487442,37.441883,-122.143021,35.689487,139.691711,-23.548943,-46.638817
13,39.043758,-77.487442,37.441883,-122.143021,53.344105,-6.267494,35.689487,139.691711,-23.548943,-46.638817,1.3568,103.989098
52200
14,39.043758,-77.487442
14,39.043758,-77.487442,53.344105,-6.267494
14,39.043758,-77.487442,53.344105,-6.267494,37.441883,-122.143021
14,39.043758,-77.487442,53.344105,-6.267494,37.441883,-122.143021,35.689487,139.691711
14,53.344105,-6.267494,39.043758,-77.487442,37.441883,-122.143021,35.689487,139.691711,-23.548943,-46.638817
14,39.043758,-77.487442,37.441883,-122.143021,53.344105,-6.267494,35.689487,139.691711,-23.548943,-46.638817,1.3568,103.989098
55800
15,39.043758,-77.487442
15,39.043758,-77.487442,53.344105,-6.267494
15,39.043758,-77.487442,53.344105,-6.267494,37.441883,-122.143021
15,39.043758,-77.487442,53.344105,-6.267494,37.441883,-122.143021,35.689487,139.691711
15,53.344105,-6.267494,39.043758,-77.487442,37.441883,-122.143021,35.689487,139.691711,-23.548943,-46.638817
15,39.043758,-77.487442,37.441883,-122.143021,53.344105,-6.267494,35.689487,139.691711,-23.548943,-46.638817,1.3568,103.989098
59400
16,39.043758,-77.487442
16,39.043758,-77.487442,53.344105,-6.267494
16,39.043758,-77.487442,53.344105,-6.267494,37.441883,-122.143021
16,39.043758,-77.487442,53.344105,-6.267494,37.441883,-122.143021,35.689487,139.691711
16,53.344105,-6.267494,39.043758,-77.487442,37.441883,-122.143021,35.689487,139.691711,-23.548943,-46.638817
16,39.043758,-77.487442,37.441883,-122.143021,53.344105,-6.267494,35.689487,139.691711,-23.548943,-46.638817,1.3568,103.989098
63000
17,39.043758,-77.487442
17,39.043758,-77.487442,53.344105,-6.267494
17,39.043758,-77.487442,53.344105,-6.267494,37.441883,-122.143021
17,39.043758,-77.487442,53.344105,-6.267494,37.441883,-122.143021,35.689487,139.691711
17,53.344105,-6.267494,39.043758,-77.487442,37.441883,-122.143021,35.689487,139.691711,-23.548943,-46.638817
17,39.043758,-77.487442,37.441883,-122.143021,53.344105,-6.267494,35.689487,139.691711,-23.548943,-46.638817,1.3568,103.989098
66600
18,39.043758,-77.487442
18,39.043758,-77.487442,53.344105,-6.267494
18,39.043758,-77.487442,53.344105,-6.267494,37.441883,-122.143021
18,39.043758,-77.487442,53.344105,-6.267494,37.441883,-122.143021,35.689487,139.691711
18,53.344105,-6.267494,39.043758,-77.487442,37.441883,-122.143021,35.689487,139.691711,-23.548943,-46.638817
18,39.043758,-77.487442,37.441883,-122.143021,53.344105,-6.267494,35.689487,139.691711,-23.548943,-46.638817,1.3568,103.989098
70200
19,39.043758,-77.487442
19,39.043758,-77.487442,53.344105,-6.267494
19,39.043758,-77.487442,53.344105,-6.267494,37.441883,-122.143021
19,39.043758,-77.487442,53.344105,-6.267494,37.441883,-122.143021,35.689487,139.691711
19,53.344105,-6.267494,39.043758,-77.487442,37.441883,-122.143021,35.689487,139.691711,-23.548943,-46.638817
19,39.043758,-77.487442,37.441883,-122.143021,53.344105,-6.267494,35.689487,139.691711,-23.548943,-46.638817,1.3568,103.989098
73800
20,39.043758,-77.487442
20,39.043758,-77.487442,53.344105,-6.267494
20,39.043758,-77.487442,53.344105,-6.267494,37.441883,-122.143021
20,39.043758,-77.487442,53.344105,-6.267494,37.441883,-122.143021,35.689487,139.691711
20,53.344105,-6.267494,39.043758,-77.487442,37.441883,-122.143021,35.689487,139.691711,-23.548943,-46.638817
20,39.043758,-77.487442,37.441883,-122.143021,53.344105,-6.267494,35.689487,139.691711,-23.548943,-46.638817,1.3568,103.989098
77400
21,39.043758,-77.487442
21,39.043758,-77.487442,53.344105,-6.267494
21,39.043758,-77.487442,53.344105,-6.267494,37.441883,-122.143021
21,39.043758,-77.487442,53.344105,-6.267494,37.441883,-122.143021,35.689487,139.691711
21,53.344105,-6.267494,39.043758,-77.487442,37.441883,-122.143021,35.689487,139.691711,-23.548943,-46.638817
21,39.043758,-77.487442,37.441883,-122.143021,53.344105,-6.267494,35.689487,139.691711,-23.548943,-46.638817,1.3568,103.989098
81000
22,39.043758,-77.487442
22,39.043758,-77.487442,53.344105,-6.267494
22,39.043758,-77.487442,53.344105,-6.267494,37.441883,-122.143021
22,39.043758,-77.487442,53.344105,-6.267494,37.441883,-122.143021,35.689487,139.691711
22,53.344105,-6.267494,39.043758,-77.487442,37.441883,-122.143021,35.689487,139.691711,-23.548943,-46.638817
22,39.043758,-77.487442,37.441883,-122.143021,53.344105,-6.267494,35.689487,139.691711,-23.548943,-46.638817,1.3568,103.989098
84600
23,39.043758,-77.487442
23,39.043758,-77.487442,53.344105,-6.267494
23,39.043758,-77.487442,53.344105,-6.267494,37.441883,-122.143021
23,39.043758,-77.487442,53.344105,-6.267494,37.441883,-122.143021,35.689487,139.691711
23,53.344105,-6.267494,39.043758,-77.487442,37.441883,-122.143021,35.689487,139.691711,-23.548943,-46.638817
23,39.043758,-77.487442,37.441883,-122.143021,53.344105,-6.267494,35.689487,139.691711,-23.548943,-46.638817,1.3568,103.989098
88200
