%Amazon CloudFront Locations  Lat long cost_in_$/GB cost_out_$/GB
39.043758, -77.487442, 0.0, 0.02 % Ashburn VA	  
32.72541, -97.320847, 0.0, 0.02 % Fort Worth TX	 
30.332184, -81.65564, 0.0, 0.02 % Jacksonville FL	  
34.052235, -118.243683, 0.0, 0.02 % Los Angeles CA	 
25.788969, -80.22644, 0.0, 0.02 % Miami FL	  
40.735657, -74.172363, 0.0, 0.02 % Newark NJ	  
37.441883, -122.143021, 0.0, 0.02 %Palo Alto CA	  
37.339386, -121.894958, 0.0, 0.02 % San Jose CA	 
47.606209, -122.332069, 0.0, 0.02 % Seattle WA	  
41.68338, -86.250008, 0.0, 0.02 % South Bend IN	  
38.627003, -90.199402, 0.0, 0.02 % St Louis MO	 
52.370216, 4.89516, 0.0, 0.02 % Amsterdam	   
53.344105, -6.267494, 0.0, 0.02 % Dublin	   
50.110924, 8.682127, 0.0, 0.02 % Frankfurt	   
51.508129, -0.128005, 0.0, 0.02 % London	   
48.856613, 2.352222, 0.0, 0.02 % Paris	   
59.32893, 18.064911, 0.0, 0.02 % Stockholm	   
22.24786, 114.203384, 0.0, 0.06 % Hong Kong	  
34.693737, 135.502167, 0.0, 0.065 % Osaka	   
1.3568, 103.989098, 0.0, 0.06 % Singapore	   
35.689487, 139.691711, 0.0, 0.065 % Tokyo	   
-23.548943, -46.638817, 0.0, 0.125 % São Paulo	  
