31.22222, 121.45806, 65138535.575, ASP % Shanghai
39.9075, 116.39723, 161678997.34, ASP % Beijing
36.18528, 117.12, 13990.611, ASP % Tai'an
29.33333, 113.09194, 865669.05, ASP % Yueyang
34.79111, 114.34833, 1524976.589, ASP % Kaifeng
30.58333, 114.26667, 10804249.276, ASP % Wuhan
29.56278, 106.55278, 5208004.912, ASP % Chongqing
30.66667, 104.06667, 9747958.152, ASP % Chengdu
39.14222, 117.17667, 16264085.184, ASP % Tianjin
41.79222, 123.43278, 4880974.382, ASP % Shenyang
32.6475, 110.77806, 1241666.718, ASP % Shiyan
45.75, 126.65, 4765551.842, ASP % Harbin
34.25833, 108.92861, 9538098.989, ASP % Xi'an
36.05639, 103.79222, 2175539.997, ASP % Lanzhou
23.11667, 113.25, 40896304.519, ASP % Guangzhou
32.06167, 118.77778, 15970282.355, ASP % Nanjing
22.54554, 114.0683, 5975739.685, ASP % Shenzhen
37.86944, 112.56028, 1748826.364, ASP % Taiyuan
43.88, 125.32278, 146901.415, ASP % Changchun
28.2, 112.96667, 4721831.182, ASP % Changsha
36.66833, 116.99722, 7908192.817, ASP % Jinan
38.91222, 121.60222, 9286267.992, ASP % Dalian
34.75778, 113.64861, 16769496.003, ASP % Zhengzhou
38.04139, 114.47861, 19237.09, ASP % Shijiazhuang
43.85083, 126.56028, 1448028.229, ASP % Jilin
30.29365, 120.16142, 19429460.903, ASP % Hangzhou
28.68333, 115.88333, 8997711.642, ASP % Nanchang
36.09861, 120.37194, 5692429.814, ASP % Qingdao
39.63333, 118.18333, 741502.378, ASP % Tangshan
43.80096, 87.60046, 1360586.911, ASP % Urunchi
31.86389, 117.28083, 3758227.856, ASP % Hefei
31.31139, 120.61806, 5199260.78, ASP % Suzhou
23.36814, 116.71479, 2693192.6, ASP % Shantou
34.18045, 117.15707, 731009.42, ASP % Tongshan
26.06139, 119.30611, 4637887.517, ASP % Fuzhou
26.58333, 106.71667, 1416549.355, ASP % Guiyang
31.56887, 120.28857, 6390211.534, ASP % Wuxi
31.64615, 120.74221, 1072030.561, ASP % Changshu City
25.03889, 102.71833, 1385070.48, ASP % Kunming
38.85111, 115.49028, 6995.305, ASP % Baoding
31.78333, 119.96667, 5085587.066, ASP % Changzhou
33.97444, 116.79167, 956608.021, ASP % Huaibei
33.73847, 113.30119, 2394143.292, ASP % Pingdingshan
27.99942, 120.66682, 4711338.224, ASP % Wenzhou
22.81667, 108.31667, 8229976.868, ASP % Nanning
40.81056, 111.65222, 6215328.897, ASP % Hohhot
36.61667, 101.76667, 717018.809, ASP % Xining
35.30889, 113.86722, 3404964.93, ASP % Xinxiang
39.50972, 116.69472, 2392394.466, ASP % Langfang
29.87819, 121.54945, 4485739.623, ASP % Ningbo
37.53333, 121.4, 1869495.383, ASP % Yantai
36.79056, 118.06333, 334025.835, ASP % Zibo
32.03028, 120.87472, 167887.331, ASP % Nantong
25.28194, 110.28639, 2252488.357, ASP % Guilin
21.28145, 110.34271, 17488.264, ASP % Zhanjiang
24.8, 113.58333, 1920211.348, ASP % Shaoguan
33.38556, 120.12528, 204612.685, ASP % Yancheng
23.02677, 113.13148, 1280140.898, ASP % Foshan
20.04583, 110.34167, 3114659.754, ASP % Haikou
32.49333, 119.91063, 264072.781, ASP % Taizhou
24.47979, 118.08187, 4153462.614, ASP % Xiamen
32.39722, 119.43583, 2721173.822, ASP % Yangzhou
22.58333, 113.08333, 2455352.215, ASP % Jiangmen
31.33657, 118.37548, 17488.264, ASP % Wuhu
22.27694, 113.56778, 3947101.103, ASP % Zhuhai
38.46806, 106.27306, 2264730.141, ASP % Yinchuan
34.01667, 113.81667, 2665211.379, ASP % Xuchang
34.59972, 119.15944, 1717347.489, ASP % Xinpu
23.04889, 113.74472, 2492077.569, ASP % Dongguan
37.44861, 116.2925, 760739.468, ASP % Dezhou
26.25, 105.93333, 3013227.825, ASP % Anshun
22.51682, 113.38521, 2569025.929, ASP % Shiqi
42.9075, 129.50778, 24483.569, ASP % Yanji
30.95, 117.78333, 6995.305, ASP % Wusong
37.45639, 118.48556, 876162.008, ASP % Dongying
32.99472, 112.53278, 2808615.14, ASP % Nanyang
35.89917, 114.1925, 664554.018, ASP % Hebi
36.44389, 115.96472, 1033556.381, ASP % Liaocheng
35.08056, 109.08972, 5246.479, ASP % Tongchuan
22.85042, 113.24701, 237840.385, ASP % Daliang
26.24861, 117.61861, 159143.199, ASP % Sanming
35.60028, 103.20639, 94436.624, ASP % Linxia
30.80389, 108.38972, 3497.653, ASP % Wanxian
24.91389, 118.58583, 876162.008, ASP % Quanzhou
34.86472, 117.55417, 260575.128, ASP % Zaozhuang
29.88333, 114.21667, 302546.961, ASP % Xianning
31.13019, 104.38198, 8744.132, ASP % Deyang
29.10778, 119.65472, 2841842.841, ASP % Jinhua
50.41667, 124.11667, 1201443.712, ASP % Jagdaqi
31.03595, 121.2146, 431960.112, ASP % Songjiang
30.9525, 118.75528, 2163298.212, ASP % Xuanzhou
39.81667, 98.3, 6995.305, ASP % Jiayuguan
27.34089, 117.4831, 2460598.694, ASP % Shaowu
27.31667, 103.71667, 148650.241, ASP % Zhaotong
24.92271, 102.48496, 4660622.26, ASP % Lianran
28.31667, 109.71667, 1675375.657, ASP % Jishou
40.71427, -74.00597, 1805187.44, NAN % New York City
34.05223, -118.24368, 5773240.783, NAN % Los Angeles
41.85003, -87.65005, 9905539.724, NAN % Chicago
40.6501, -73.94958, 291932.407, NAN % Brooklyn
29.76328, -95.36327, 9466973.691, NAN % Houston
39.95234, -75.16379, 2688176.882, NAN % Philadelphia
40.78343, -73.96625, 4004751.595, NAN % Manhattan
33.44838, -112.07404, 2200181.769, NAN % Phoenix
29.42412, -98.49363, 1209010.182, NAN % San Antonio
32.71533, -117.15726, 2403536.31, NAN % San Diego
32.78306, -96.80667, 16627257.004, NAN % Dallas
37.33939, -121.89496, 2882247.282, NAN % San Jose
39.76838, -86.15804, 1553280.434, NAN % Indianapolis
30.33218, -81.65565, 923194.151, NAN % Jacksonville
37.77493, -122.41942, 2423299.972, NAN % San Francisco
30.26715, -97.74306, 1887589.162, NAN % Austin
39.96118, -82.99879, 2670026.986, NAN % Columbus
32.72541, -97.32085, 365209.374, NAN % Fort Worth
35.22709, -80.84313, 912336.09, NAN % Charlotte
42.33143, -83.04575, 718783.689, NAN % Detroit
31.75872, -106.48693, 217659.288, NAN % El Paso
35.14953, -90.04898, 521087.294, NAN % Memphis
35.08676, -90.05676, 62837.29, NAN % New South Memphis
39.29038, -76.61219, 2839273.27, NAN % Baltimore
42.35843, -71.05977, 165401.136, NAN % Boston
47.60621, -122.33207, 3003797.792, NAN % Seattle
38.89511, -77.03637, 2974451.144, NAN % Washington, D. C.
39.73915, -104.9847, 1708182.124, NAN % Denver
43.0389, -87.90647, 1536445.459, NAN % Milwaukee
45.52345, -122.67621, 1866789.501, NAN % Portland
36.17497, -115.13722, 153287.923, NAN % Las Vegas
35.46756, -97.51643, 769447.997, NAN % Oklahoma City
42.33343, -71.04949, 1192135.362, NAN % South Boston
35.08449, -106.65114, 583824.968, NAN % Albuquerque
36.16589, -86.78444, 472694.212, NAN % Nashville
32.22174, -110.92648, 464167.148, NAN % Tucson
36.74773, -119.77237, 215049.369, NAN % Fresno
38.58157, -121.4944, 612573.925, NAN % Sacramento
33.76696, -118.18923, 130336.573, NAN % Long Beach
39.09973, -94.57857, 993044.353, NAN % Kansas City
33.42227, -111.82264, 106408.994, NAN % Mesa
36.85293, -75.97798, 124359.659, NAN % Virginia Beach
33.749, -84.38798, 8659193.752, NAN % Atlanta
38.83388, -104.82136, 160241.067, NAN % Colorado Springs
41.25861, -95.93779, 907753.789, NAN % Omaha
35.7721, -78.63861, 381187.658, NAN % Raleigh
25.77427, -80.19366, 924608.687, NAN % Miami
41.4995, -81.69541, 1589500.534, NAN % Cleveland
36.15398, -95.99278, 717269.537, NAN % Tulsa
37.80437, -122.2708, 281413.038, NAN % Oakland
44.97997, -93.26384, 1862286.893, NAN % Minneapolis
37.69224, -97.33754, 553063.784, NAN % Wichita
21.30694, -157.85834, 626539.981, NAN % Honolulu
32.73569, -97.10807, 85908.179, NAN % Arlington
35.37329, -119.01871, 380251.275, NAN % Bakersfield
29.95465, -90.07507, 405175.006, NAN % New Orleans
35.78682, -78.66389, 710435.932, NAN % West Raleigh
33.83529, -117.9145, 83975.643, NAN % Anaheim
27.94752, -82.45843, 2519329.059, NAN % Tampa
39.72943, -104.83192, 49090.388, NAN % Aurora
33.74557, -117.86783, 481619.738, NAN % Santa Ana
38.62727, -90.19789, 2175118.576, NAN % Saint Louis
40.44062, -79.99589, 2040458.702, NAN % Pittsburgh
27.80058, -97.39638, 81664.57, NAN % Corpus Christi
33.95335, -117.39616, 183351.801, NAN % Riverside
39.162, -84.45689, 1085925.598, NAN % Cincinnati
38.0498, -84.45855, 180383.267, NAN % Lexington-Fayette
61.21806, -149.90028, 477615.205, NAN % Anchorage
37.9577, -121.29078, 334587.651, NAN % Stockton
41.66394, -83.55521, 439183.647, NAN % Toledo
44.94441, -93.09327, 621180.682, NAN % Saint Paul
40.73566, -74.17237, 1384133.765, NAN % Newark
36.07264, -79.79198, 406330.543, NAN % Greensboro
42.88645, -78.87837, 418862.14, NAN % Buffalo
33.01984, -96.69889, 748110.414, NAN % Plano
40.8, -96.66696, 564200.767, NAN % Lincoln
36.0397, -114.98194, 71185.047, NAN % Henderson
41.1306, -85.12886, 207498.534, NAN % Fort Wayne
40.72816, -74.07764, 1112024.79, NAN % Jersey City
27.77086, -82.67927, 311895.3, NAN % Saint Petersburg
32.64005, -117.0842, 136413.103, NAN % Chula Vista
38.25424, -85.75941, 572648.139, NAN % Louisville
36.84681, -76.28522, 234036.033, NAN % Norfolk
28.53834, -81.37924, 9081681.886, NAN % Orlando
33.30616, -111.84125, 115434.134, NAN % Chandler
27.50641, -99.50754, 104117.843, NAN % Laredo
43.07305, -89.40123, 599763.406, NAN % Madison
36.09986, -80.24422, 746058.34, NAN % Winston-Salem
33.57786, -101.85517, 266789.522, NAN % Lubbock
30.45075, -91.15455, 454624.009, NAN % Baton Rouge
35.99403, -78.89862, 673657.987, NAN % Durham
32.91262, -96.63888, 30183.416, NAN % Garland
33.53865, -112.18599, 884065.286, NAN % Glendale
37.98869, -84.47772, 400971.243, NAN % Lexington
39.52963, -119.8138, 699697.41, NAN % Reno
25.8576, -80.27811, 1450377.897, NAN % Hialeah
36.09719, -115.14666, 344409.713, NAN % Paradise
36.81904, -76.27494, 111588.986, NAN % Chesapeake
33.50921, -111.89903, 1904165.137, NAN % Scottsdale
32.81402, -96.94889, 1251346.657, NAN % Irving
37.54827, -121.98857, 1858561.283, NAN % Fremont
33.66946, -117.82311, 961287.016, NAN % Irvine
33.52066, -86.80249, 583127.662, NAN % Birmingham
43.15478, -77.61556, 1242779.747, NAN % Rochester
34.10834, -117.28977, 6554.682, NAN % San Bernardino
47.65966, -117.42908, 1548897.364, NAN % Spokane
33.35283, -111.78903, 39905.863, NAN % Gilbert
38.88101, -77.10428, 10477470.634, NAN % Arlington
32.36681, -86.29997, 131970.263, NAN % Montgomery
37.55376, -77.46026, 844597.73, NAN % Richmond
41.60054, -93.60911, 971527.463, NAN % Des Moines
34.16056, -118.26452, 38989.403, NAN % North Glendale
37.6391, -120.99688, 217240.904, NAN % Modesto
35.05266, -78.87836, 116689.286, NAN % Fayetteville
32.52515, -93.75018, 397345.249, NAN % Shreveport
41.08144, -81.51901, 718006.69, NAN % Akron
47.25288, -122.44429, 447571.25, NAN % Tacoma
41.76058, -88.32007, 140078.943, NAN % Aurora
34.1975, -119.17705, 31558.106, NAN % Oxnard
40.93121, -73.89875, 602652.248, NAN % Yonkers
30.69436, -88.04305, 297172.169, NAN % Mobile
34.74648, -92.28959, 677443.366, NAN % Little Rock
33.93752, -117.23059, 7969.219, NAN % Moreno Valley
34.14251, -118.25508, 47257.467, NAN % Glendale
35.222, -101.8313, 415714.298, NAN % Amarillo
33.6603, -117.99923, 149044.314, NAN % Huntington Beach
32.46098, -84.98771, 231485.883, NAN % Columbus
36.21108, -115.07306, 64431.134, NAN % Sunrise Manor
42.96336, -85.66809, 1273560.855, NAN % Grand Rapids
34.19084, -119.2415, 305081.618, NAN % Oxnard Shores
40.76078, -111.89105, 1507756.272, NAN % Salt Lake City
30.43826, -84.28073, 429182.278, NAN % Tallahassee
42.26259, -71.80229, 376685.049, NAN % Worcester
36.97876, -76.428, 145597.627, NAN % Newport News
34.73037, -86.5861, 262984.22, NAN % Huntsville
35.96064, -83.92074, 1076621.535, NAN % Knoxville
36.10803, -115.245, 594165.03, NAN % Spring Valley
41.82399, -71.41283, 667362.304, NAN % Providence
34.39166, -118.54259, 124479.197, NAN % Santa Clarita
32.74596, -96.99778, 84613.18, NAN % Grand Prairie
25.90175, -97.49748, 44249.087, NAN % Brownsville
32.29876, -90.18481, 586773.579, NAN % Jackson
38.98223, -94.67079, 1270672.013, NAN % Overland Park
40.66677, -73.88236, 653515.787, NAN % East New York
33.77391, -117.94145, 63275.597, NAN % Garden Grove
38.44047, -122.71443, 514313.458, NAN % Santa Rosa
35.04563, -85.30968, 152769.924, NAN % Chattanooga
34.09834, -118.32674, 437589.804, NAN % Hollywood
26.12231, -80.14338, 618510.993, NAN % Fort Lauderdale
34.1064, -117.59311, 30502.185, NAN % Rancho Cucamonga
27.29393, -80.35033, 125056.966, NAN % Port Saint Lucie
34.06334, -117.65089, 282309.576, NAN % Ontario
45.63873, -122.66149, 239136.333, NAN % Vancouver
37.21533, -93.29824, 427189.973, NAN % Springfield
33.41421, -111.94348, 150100.236, NAN % Tempe Junction
34.69804, -118.13674, 18847.202, NAN % Lancaster
44.05207, -123.08675, 760163.857, NAN % Eugene
26.00315, -80.22394, 90550.248, NAN % Pembroke Pines
44.9429, -123.0351, 191998.404, NAN % Salem
26.56285, -81.94953, 285377.725, NAN % Cape Coral
33.5806, -112.23738, 22313.813, NAN % Peoria
35.06535, -85.24912, 120414.896, NAN % East Chattanooga
43.54997, -96.70033, 452651.627, NAN % Sioux Falls
42.10148, -72.58981, 913631.088, NAN % Springfield
38.4088, -121.37162, 157093.225, NAN % Elk Grove
42.27113, -89.094, 55465.763, NAN % Rockford
34.57943, -118.11646, 3187.688, NAN % Palmdale
33.87529, -117.56644, 22313.813, NAN % Corona
36.67774, -121.6555, 119797.281, NAN % Salinas
34.05529, -117.75228, 298128.475, NAN % Pomona
29.69106, -95.2091, 179944.96, NAN % Pasadena
37.03737, -76.33161, 15141.516, NAN % East Hampton
41.52503, -88.08173, 220069.977, NAN % Joliet
40.91677, -74.17181, 2251583.231, NAN % Paterson
43.6135, -116.20345, 499849.325, NAN % Boise
39.11417, -94.62746, 640765.037, NAN % Kansas City
33.83585, -118.34063, 283684.266, NAN % Torrance
43.04812, -76.14742, 566312.61, NAN % Syracuse
41.16704, -73.20483, 1343769.672, NAN % Bridgeport
37.66882, -122.0808, 235669.723, NAN % Hayward
40.58526, -105.08442, 541428.725, NAN % Fort Collins
33.11921, -117.08642, 235530.261, NAN % Escondido
39.70471, -105.08137, 181379.42, NAN % Lakewood
29.97854, -90.16396, 238060.488, NAN % Metairie Terrace
41.78586, -88.14729, 2390128.099, NAN % Naperville
39.75895, -84.19161, 677881.673, NAN % Dayton
26.0112, -80.14949, 64431.134, NAN % Hollywood
37.36883, -122.03635, 1105669.338, NAN % Sunnyvale
38.80484, -77.04692, 378617.585, NAN % Alexandria
32.7668, -96.59916, 127786.423, NAN % Mesquite
29.98409, -90.15285, 16077.899, NAN % Metairie
37.02987, -76.34522, 16376.745, NAN % Hampton
34.14778, -118.14452, 310281.534, NAN % Pasadena
33.78779, -117.85311, 438087.88, NAN % Orange
32.08354, -81.09983, 47775.467, NAN % Savannah
35.79154, -78.78112, 261549.761, NAN % Cary
33.87029, -117.92534, 125535.119, NAN % Fullerton
42.47754, -83.0277, 671506.298, NAN % Warren
36.52977, -87.35945, 216045.521, NAN % Clarksville
33.19762, -96.61527, 190304.945, NAN % McKinney
26.20341, -98.23001, 288485.72, NAN % McAllen
41.30815, -72.92816, 183013.109, NAN % New Haven
42.58031, -83.0302, 1492694.448, NAN % Sterling Heights
40.69161, -112.00105, 60625.832, NAN % West Valley City
34.00071, -81.03481, 345505.481, NAN % Columbia
31.11712, -97.7278, 56382.223, NAN % Killeen
39.04833, -95.67804, 221145.821, NAN % Topeka
34.17056, -118.83759, 149303.314, NAN % Thousand Oaks
34.0239, -118.17202, 33092.181, NAN % East Los Angeles
42.00833, -91.64407, 959533.788, NAN % Cedar Rapids
38.8814, -94.81913, 250173.701, NAN % Olathe
40.66399, -74.2107, 856093.328, NAN % Elizabeth
31.54933, -97.14667, 520947.832, NAN % Waco
41.76371, -72.68509, 420077.445, NAN % Hartford
36.33023, -119.29206, 48432.927, NAN % Visalia
29.65163, -82.32483, 363874.53, NAN % Gainesville
34.26945, -118.78148, 77799.498, NAN % Simi Valley
41.05343, -73.53873, 676586.675, NAN % Stamford
47.61038, -122.20068, 940387.74, NAN % Bellevue
37.97798, -122.03107, 184606.953, NAN % Concord
25.98731, -80.23227, 3924.84, NAN % Miramar
41.13815, -73.54346, 217758.903, NAN % North Stamford
26.27119, -80.2706, 721971.376, NAN % Coral Springs
30.22409, -92.01984, 251508.545, NAN % Lafayette
32.77657, -79.93092, 172374.202, NAN % Charleston
32.95373, -96.89028, 3696542.058, NAN % Carrollton
38.75212, -121.28801, 716512.461, NAN % Roseville
39.86804, -104.97192, 182315.803, NAN % Thornton
30.08605, -94.10185, 216842.443, NAN % Beaumont
40.60843, -75.49018, 2376799.581, NAN % Allentown
33.63059, -112.33322, 136751.794, NAN % Surprise
37.97476, -87.55585, 495506.101, NAN % Evansville
32.44874, -99.73314, 231545.652, NAN % Abilene
33.15067, -96.82361, 51760.076, NAN % Frisco
33.96095, -83.37794, 357738.231, NAN % Athens
37.35411, -121.95524, 1094333.124, NAN % Santa Clara
39.80172, -89.64371, 310938.994, NAN % Springfield
38.10409, -122.25664, 144123.322, NAN % Vallejo
34.53611, -117.29116, 30283.031, NAN % Victorville
40.69365, -89.58899, 226226.198, NAN % Peoria
42.73254, -84.55553, 6284067.707, NAN % Lansing
42.27756, -83.74088, 941622.969, NAN % Ann Arbor
34.06862, -118.02757, 146314.857, NAN % El Monte
33.21484, -97.13307, 66024.978, NAN % Denton
40.71754, -89.58426, 308488.459, NAN % North Peoria
37.87159, -122.27275, 38849.942, NAN % Berkeley
40.23384, -111.65853, 718385.228, NAN % Provo
33.94001, -118.13257, 30741.261, NAN % Downey
31.99735, -102.07791, 126929.732, NAN % Midland
35.22257, -97.43948, 150199.851, NAN % Norman
39.09556, -94.35523, 158149.147, NAN % East Independence
41.55815, -73.0515, 144143.245, NAN % Waterbury
33.64113, -117.91867, 175880.659, NAN % Costa Mesa
33.96168, -118.35313, 1174105.004, NAN % Inglewood
42.99564, -71.45479, 1393776.52, NAN % Manchester
35.84562, -86.39027, 195584.552, NAN % Murfreesboro
38.95171, -92.33407, 303149.083, NAN % Columbia
36.02525, -115.24194, 53493.381, NAN % Enterprise
42.03725, -88.28119, 936144.131, NAN % Elgin
27.96585, -82.8001, 301515.393, NAN % Clearwater
25.94204, -80.2456, 77221.73, NAN % Miami Gardens
44.02163, -92.4699, 473610.673, NAN % Rochester
38.25445, -104.60914, 112346.062, NAN % Pueblo
42.63342, -71.31617, 784450.052, NAN % Lowell
34.22573, -77.94471, 33769.565, NAN % Wilmington
39.80276, -105.08748, 375310.359, NAN % Arvada
39.83665, -105.0372, 184547.184, NAN % Westminster
34.06862, -117.93895, 212120.681, NAN % West Covina
45.49818, -122.43148, 112385.908, NAN % Gresham
46.87719, -96.7898, 420157.138, NAN % Fargo
33.90224, -118.08173, 274420.049, NAN % Norwalk
33.15809, -117.35059, 87840.714, NAN % Carlsbad
38.24936, -122.03997, 7311.758, NAN % Fairfield
42.3751, -71.10561, 1654230.513, NAN % Cambridge
34.1389, -118.35341, 215029.446, NAN % Universal City
33.91371, -98.49339, 126172.656, NAN % Wichita Falls
35.95569, -80.00532, 88000.098, NAN % High Point
45.78329, -108.50069, 404816.391, NAN % Billings
44.51916, -88.01983, 733626.359, NAN % Green Bay
40.60967, -111.9391, 383080.347, NAN % West Jordan
37.93576, -122.34775, 42097.398, NAN % Richmond
27.9378, -82.28592, 159065.607, NAN % Brandon
33.55391, -117.21392, 35562.639, NAN % Murrieta
34.18084, -118.30897, 317394.061, NAN % Burbank
28.03446, -80.58866, 93080.475, NAN % Palm Bay
47.97898, -122.20208, 279799.272, NAN % Everett
40.51872, -74.4121, 1649907.212, NAN % Edison
43.01253, -83.68746, 282568.575, NAN % Flint
38.00492, -121.80579, 99.615, NAN % Antioch
42.12922, -80.08506, 197935.472, NAN % Erie
41.68338, -86.25001, 687922.889, NAN % South Bend
37.70577, -122.46192, 257485.459, NAN % Daly City
39.57916, -104.87692, 1364967.794, NAN % Centennial
33.49364, -117.14836, 258740.611, NAN % Temecula
19.07283, 72.88261, 35656211.166, ASS % Mumbai
12.97194, 77.59369, 9107579.279, ASS % Bangalore
22.56972, 88.36972, 5422222.35, ASS % Calcutta
13.08784, 80.27847, 7191110.139, ASS % Chennai
23.03333, 72.61667, 1646367.423, ASS % Ahmadabad
17.37528, 78.47444, 8209560.685, ASS % Hyderabad
21.16667, 72.83333, 1005223.915, ASS % Surat
26.46667, 80.35, 112078.29, ASS % Kanpur
26.91962, 75.78781, 4095382.473, ASS % Jaipur
23.26667, 77.4, 198399.457, ASS % Bhopal
22.3, 70.78333, 56387.214, ASS % Rajkot
18.53017, 73.85263, 3917867.17, ASS % Shivaji Nagar
10.9925, 76.96139, 1013577.576, ASS % Coimbatore
30.7343, 76.7933, 1137490.22, ASS % Chandigarh
26.18617, 91.75095, 2088.415, ASS % Guwahati
12.29791, 76.63925, 1131224.974, ASS % Mysore
8.50694, 76.95694, 52906.522, ASS % Thiruvananthapuram
10.805, 78.68556, 354334.469, ASS % Tiruchchirappalli
25.18333, 75.83333, 141316.104, ASS % Kota
20.23333, 85.83333, 885488.102, ASS % Bhubaneshwar
9.93988, 76.26022, 1673516.822, ASS % Cochin
19.21667, 73.15, 3123573.204, ASS % Ulhasnagar
20.73333, 77.0, 4943975.238, ASS % Akola
12.91723, 74.85603, 714934.183, ASS % Mangalore
28.63576, 77.22445, 16708714.963, ASS % New Delhi
28.58, 77.33, 6129499.01, ASS % Noida
25.18333, 85.51667, 1021931.238, ASS % Bihar Sharif
11.93, 79.83, 970416.993, ASS % Puducherry
10.8, 79.15, 2088.415, ASS % Thanjavur
29.96667, 78.16667, 32022.368, ASS % Haridwar
12.9184, 79.13255, 74486.814, ASS % Vellore
26.84766, 89.37558, 474070.281, ASS % Jaigaon
24.81667, 92.8, 4176.831, ASS % Silchar
19.15096, 72.99625, 3789777.696, ASS % Airoli
35.6895, 139.69171, 46306515.548, ASP % Tokyo
35.44778, 139.6425, 1364520.152, ASP % Yokohama-shi
34.69374, 135.50218, 12813568.074, ASP % Osaka-shi
35.18147, 136.9064, 2213249.999, ASP % Nagoya-shi
43.06417, 141.34694, 1307764.508, ASP % Sapporo-shi
34.6913, 135.183, 970018.897, ASP % Kobe-shi
35.02107, 135.75385, 782765.627, ASP % Kyoto
33.60639, 130.41806, 2527919.14, ASP % Fukuoka-shi
35.52056, 139.71722, 331655.478, ASP % Kawasaki
34.39627, 132.45937, 730485.864, ASP % Hiroshima-shi
35.88333, 139.63333, 526062.82, ASP % Yono
38.26889, 140.87193, 652414.752, ASP % Sendai-shi
33.83333, 130.83333, 272845.33, ASP % Kitakyushu
35.60472, 140.12334, 570711.572, ASP % Chiba-shi
34.58333, 135.46667, 13537.707, ASP % Sakai
34.97694, 138.38306, 583075.277, ASP % Shizuoka-shi
35.73333, 139.65, 77447.424, ASP % Nerima
32.78972, 130.74167, 326996.158, ASP % Kumamoto-shi
35.55306, 139.35445, 21168.718, ASP % Sagamihara
34.66167, 133.935, 613746.071, ASP % Okayama-shi
34.7, 137.73334, 139963.014, ASP % Hamamatsu
35.65583, 139.32388, 302782.373, ASP % Hachioji
35.69306, 139.98334, 58186.459, ASP % Funabashi
31.56018, 130.55814, 352494.008, ASP % Kagoshima-shi
37.90222, 139.0236, 382247.613, ASP % Niigata-shi
34.81667, 134.7, 102651.773, ASP % Himeji
35.78333, 139.9, 59103.648, ASP % Matsudo
34.71667, 135.33333, 178338.194, ASP % Nishinomiya
35.805, 139.72057, 58700.085, ASP % Kawaguchi
36.59444, 136.62556, 701062.447, ASP % Kanazawa-shi
35.71972, 139.92471, 93626.635, ASP % Ichikawa
36.56583, 139.8836, 79795.427, ASP % Utsunomiya-shi
33.23806, 131.6125, 620863.456, ASP % Oita-shi
33.83916, 132.76575, 80309.053, ASP % Matsuyama-shi
34.71667, 135.41667, 78291.238, ASP % Amagasaki
34.58333, 133.76666, 107494.53, ASP % Kurashiki
35.28361, 139.66722, 55324.83, ASP % Yokosuka
32.74472, 129.87361, 264920.819, ASP % Nagasaki-shi
34.81352, 135.64914, 66184.345, ASP % Hirakata
35.54028, 139.45084, 26708.538, ASP % Machida
35.42291, 136.76039, 284071.722, ASP % Gifu-shi
35.34194, 139.47, 29533.48, ASP % Fujisawa
34.78244, 135.46931, 10676.078, ASP % Toyonaka
34.48333, 133.36667, 207321.361, ASP % Fukuyama
34.76667, 137.38333, 80492.491, ASP % Toyohashi
34.18333, 135.2, 146.75, ASP % Shimminatocho
34.68505, 135.80486, 66037.595, ASP % Nara-shi
35.08333, 137.15, 158673.666, ASP % Toyota
36.65139, 138.1811, 148584.589, ASP % Nagano-shi
35.60902, 139.73016, 1466951.8, ASP % Shinagawa-ku
43.76778, 142.37029, 44538.689, ASP % Asahikawa
34.84833, 135.61678, 94433.761, ASP % Takatsuki
34.95, 137.16667, 31184.42, ASP % Okazaki
34.22611, 135.1675, 97405.453, ASP % Wakayama-shi
37.4, 140.38333, 128846.686, ASP % Koriyama
35.85444, 139.96889, 30854.232, ASP % Kashiwa
33.55972, 133.53111, 307441.693, ASP % Kochi-shi
34.34028, 134.04333, 526723.196, ASP % Takamatsu-shi
39.71806, 140.10333, 99459.956, ASP % Akita-shi
36.69528, 137.2114, 795753.021, ASP % Toyama-shi
39.71667, 140.11667, 2861.629, ASP % Akita
35.88333, 139.78333, 52573.263, ASP % Koshigaya
31.91111, 131.42389, 235277.276, ASP % Miyazaki-shi
26.2125, 127.68111, 618295.328, ASP % Naha-shi
35.24762, 136.97229, 26928.664, ASP % Kasugai
40.82444, 140.74, 303772.937, ASP % Aomori-shi
35.00444, 135.86833, 332609.354, ASP % Otsu-shi
34.63333, 134.98334, 46042.879, ASP % Akashi
34.96667, 136.61667, 158453.541, ASP % Yokkaichi
39.70361, 141.1525, 355795.887, ASP % Morioka-shi
37.75, 140.46777, 1174.002, ASP % Fukushima-shi
35.51667, 140.08333, 24030.347, ASP % Ichihara
36.39111, 139.06084, 297059.115, ASP % Maebashi-shi
41.77583, 140.73666, 65340.532, ASP % Hakodate
34.81641, 135.56828, 23846.909, ASP % Ibaraki
34.61667, 135.6, 54884.579, ASP % Yao
34.76667, 134.85, 298233.117, ASP % Kakogawa
34.06583, 134.55943, 366948.903, ASP % Tokushima-shi
35.32306, 139.34222, 61965.277, ASP % Hiratsuka
38.24056, 140.36333, 534794.458, ASP % Yamagata-shi
36.06443, 136.22256, 141026.953, ASP % Fukui-shi
36.34139, 140.44667, 227719.64, ASP % Mito-shi
33.95, 130.95, 62405.527, ASP % Shimonoseki
36.33333, 139.01666, 223940.822, ASP % Takasaki
35.66667, 139.48334, 117106.669, ASP % Fuchu
35.16667, 138.68333, 46116.254, ASP % Fuji
40.5, 141.5, 8254.699, ASP % Hachinohe
33.31667, 130.51666, 229077.08, ASP % Kurume
33.15917, 129.72278, 39072.244, ASP % Sasebo
35.82028, 139.80444, 105550.089, ASP % Soka
35.43889, 139.35973, 214695.559, ASP % Atsugi
34.79936, 135.35696, 30157.168, ASP % Takarazuka
35.96972, 139.58861, 78437.988, ASP % Ageo
35.65556, 139.55222, 128186.31, ASP % Chofu
36.23333, 137.96667, 404920.521, ASP % Matsumoto
35.97639, 139.75362, 183.438, ASP % Kasukabe
34.46667, 135.36667, 171147.434, ASP % Kishiwada
35.1, 138.86667, 24654.035, ASP % Numazu
35.25556, 139.15971, 2127.878, ASP % Odawara
34.23333, 132.56667, 105366.652, ASP % Kure
37.45, 138.85, 212237.493, ASP % Nagaoka
34.78427, 135.40126, 99570.018, ASP % Itami
34.88333, 135.8, 7814.449, ASP % Uji
34.88333, 136.58333, 45822.753, ASP % Suzuka
35.66389, 138.56833, 558678.054, ASP % Kofu-shi
35.72639, 139.48389, 52683.326, ASP % Kodaira
36.6, 140.65, 112960.975, ASP % Hitachi
42.975, 144.37473, 403.563, ASP % Kushiro
35.68351, 139.55963, 164030.049, ASP % Mitaka-shi
35.71667, 140.23334, 713682.965, ASP % Sakura
34.95828, 137.08054, 51435.949, ASP % Anjo
36.2, 140.1, 654285.817, ASP % Tsukuba
40.59306, 140.4725, 137651.698, ASP % Hirosaki
42.63694, 141.60333, 57929.646, ASP % Tomakomai
35.37111, 139.22362, 183.438, ASP % Hadano
33.94306, 131.25111, 50995.698, ASP % Ube
35.69278, 139.41806, 242101.161, ASP % Tachikawa
35.67306, 139.40028, 272955.393, ASP % Hino
36.75, 137.01666, 501812.348, ASP % Takaoka
35.30889, 139.55028, 366.876, ASP % Kamakura
33.24932, 130.2988, 136881.26, ASP % Saga-shi
35.85295, 139.41212, 252043.488, ASP % Sayama
34.81667, 135.41667, 11042.953, ASP % Kawanishi
36.3, 139.8, 211723.867, ASP % Oyama
36.33333, 139.45, 162489.171, ASP % Ashikaga
35.47222, 133.05057, 279669.215, ASP % Matsue-shi
36.39659, 140.53479, 3118.442, ASP % Hitachi-Naka
35.68333, 140.03333, 118500.796, ASP % Narashino
35.8563, 139.90266, 83244.057, ASP % Nagareyama
36.13333, 139.38333, 108411.719, ASP % Kumagaya
35.5, 134.23334, 95094.137, ASP % Tottori
35.28333, 136.91667, 22526.157, ASP % Komaki
35.78389, 139.24306, 142898.018, ASP % Ome
34.18583, 131.47139, 655423.131, ASP % Yamaguchi-shi
43.18944, 141.00221, 114648.603, ASP % Otaru
35.67056, 139.88861, 1457596.474, ASP % Urayasu
35.43333, 133.33333, 53013.514, ASP % Yonago
34.98333, 136.98334, 237625.28, ASP % Kariya
35.70611, 139.55943, 80675.929, ASP % Musashino
35.48889, 139.38861, 100010.269, ASP % Zama
35.23333, 137.1, 23039.783, ASP % Seto
43.10806, 141.55057, 68825.849, ASP % Ebetsu
34.5, 135.6, 7080.698, ASP % Tondabayashi
34.88333, 135.23334, 97001.89, ASP % Sanda
35.41667, 136.86667, 16252.586, ASP % Kakamigahara
33.03333, 130.45, 103899.15, ASP % Omuta
35.86667, 140.01666, 39439.119, ASP % Abiko
31.73333, 131.06667, 130534.313, ASP % Miyakonojo
34.56667, 135.55, 23333.284, ASP % Matsubara
36.31667, 139.2, 58443.272, ASP % Isesaki
34.7, 135.61667, 294821.174, ASP % Daito
34.82691, 135.47057, 27185.477, ASP % Mino
35.01667, 135.96667, 109879.221, ASP % Kusatsu
36.4, 138.26666, 10272.515, ASP % Ueda
26.33583, 127.80139, 946171.987, ASP % Okinawa
33.27361, 131.49194, 11960.142, ASP % Beppu
34.56667, 136.53333, 235240.589, ASP % Matsuzaka
34.50896, 135.7929, 168175.742, ASP % Kashihara-shi
33.95933, 133.31673, 80198.99, ASP % Niihama
35.37472, 139.9225, 86032.311, ASP % Kisarazu
32.58333, 131.66667, 197525.784, ASP % Nobeoka
34.88333, 136.93333, 16839.587, ASP % Handa
35.69139, 139.50111, 39989.433, ASP % Koganei
35.11667, 138.91667, 59874.086, ASP % Mishima
43.80306, 143.89082, 2751.566, ASP % Kitami
35.06667, 136.7, 45676.003, ASP % Kuwana
36.4, 139.33333, 32651.922, ASP % Kiryu
35.51965, 137.82074, 95204.2, ASP % Iida
36.2, 139.28333, 77043.861, ASP % Fukaya
35.39056, 139.30779, 80198.99, ASP % Isehara
34.86667, 137.05, 3558.693, ASP % Nishio
35.25, 136.78333, 74659.17, ASP % Inazawa
34.05, 131.81667, 233993.212, ASP % Tokuyama
35.78333, 140.31667, 1458293.537, ASP % Narita
38.91667, 139.855, 84821.622, ASP % Sakata
35.33165, 136.87042, 149024.84, ASP % Konan
33.49631, 130.5156, 128920.061, ASP % Chikushino-shi
-23.5475, -46.63611, 26656202.858, SAE % Sao Paulo
-22.90278, -43.2075, 9791776.608, SAE % Rio de Janeiro
-12.97111, -38.51083, 1182949.987, SAE % Salvador
-3.71722, -38.54306, 1450032.845, SAE % Fortaleza
-19.92083, -43.93778, 3759344.414, SAE % Belo Horizonte
-15.77972, -47.92972, 3699512.087, SAE % Brasilia
-25.42778, -49.27306, 3212203.012, SAE % Curitiba
-3.10194, -60.025, 665724.749, SAE % Manaus
-8.05389, -34.88111, 2276692.137, SAE % Recife
-1.45583, -48.50444, 280779.415, SAE % Belem
-30.03306, -51.23, 2952509.086, SAE % Porto Alegre
-16.67861, -49.25389, 1949596.734, SAE % Goiania
-23.46278, -46.53333, 2162.614, SAE % Guarulhos
-22.90556, -47.06083, 424413.044, SAE % Campinas
-9.66583, -35.73528, 1100770.646, SAE % Maceio
-2.52972, -44.30278, 200222.035, SAE % Sao Luis
-5.795, -35.20944, 230138.198, SAE % Natal
-5.08917, -42.80194, 361156.577, SAE % Teresina
-20.44278, -54.64639, 349802.853, SAE % Campo Grande
-23.5325, -46.79167, 24689.846, SAE % Osasco
-23.66389, -46.53833, 387107.948, SAE % Santo Andre
-7.115, -34.86306, 349081.981, SAE % Joao Pessoa
-23.17944, -45.88694, 407833.001, SAE % Sao Jose dos Campos
-18.91861, -48.27722, 2663439.65, SAE % Uberlandia
-23.50167, -47.45806, 14237.21, SAE % Sorocaba
-21.1775, -47.81028, 312858.193, SAE % Ribeirao Preto
-15.59611, -56.09667, 790075.068, SAE % Cuiaba
-10.91111, -37.07167, 555431.423, SAE % Aracaju
-12.26667, -38.96667, 290330.961, SAE % Feira de Santana
-23.31028, -51.16278, 173730.01, SAE % Londrina
-26.30444, -48.84556, 182380.467, SAE % Joinville
-22.88333, -43.10361, 933168.043, SAE % Niteroi
-27.59667, -48.54917, 2642534.379, SAE % Florianopolis
-20.32972, -40.2925, 1261.525, SAE % Vila Velha
-23.66778, -46.46139, 120385.526, SAE % Maua
-29.16806, -51.17944, 957317.235, SAE % Caxias do Sul
-20.81972, -49.37944, 313579.064, SAE % Sao Jose do Rio Preto
-7.23056, -35.88111, 162196.068, SAE % Campina Grande
0.03889, -51.06639, 9371.328, SAE % Macapa
-22.31472, -49.06056, 297900.111, SAE % Bauru
-29.91778, -51.18361, 180.218, SAE % Canoas
-31.77194, -52.3425, 7208.714, SAE % Pelotas
-20.31944, -40.33778, 165259.771, SAE % Vitoria
-23.42528, -51.93861, 870992.884, SAE % Maringa
-8.76194, -63.90389, 166701.514, SAE % Porto Velho
-20.53861, -47.40083, 564802.751, SAE % Franca
-26.91944, -49.06611, 542455.738, SAE % Blumenau
-25.54778, -54.58806, 63076.249, SAE % Foz do Iguacu
-25.095, -50.16194, 513440.663, SAE % Ponta Grossa
-9.97472, -67.81, 1441.743, SAE % Rio Branco
-24.95583, -53.45528, 883427.916, SAE % Cascavel
-29.67833, -51.13056, 57489.495, SAE % Novo Hamburgo
-23.51056, -46.87611, 358633.528, SAE % Barueri
-18.85111, -41.94944, 154266.482, SAE % Governador Valadares
-24.00583, -46.40278, 33880.956, SAE % Praia Grande
-29.68417, -53.80694, 1038955.923, SAE % Santa Maria
-19.76972, -43.85139, 133361.211, SAE % Santa Luzia
-8.28333, -35.97611, 7028.496, SAE % Caruaru
-22.12556, -51.38889, 476315.786, SAE % Presidente Prudente
-22.0175, -47.89083, 33340.303, SAE % Sao Carlos
-5.1875, -37.34417, 192112.231, SAE % Mossoro
-10.21278, -48.36028, 179496.982, SAE % Palmas
-20.13889, -44.88389, 275733.315, SAE % Divinopolis
-28.26278, -52.40667, 22707.449, SAE % Passo Fundo
-23.60389, -46.91917, 3964.793, SAE % Cotia
-21.20889, -50.43278, 13696.557, SAE % Aracatuba
-21.79444, -48.17556, 8109.803, SAE % Araraquara
-27.81611, -50.32611, 819991.231, SAE % Lages
-22.22111, -54.80556, 901.089, SAE % Dourados
-27.09639, -52.61833, 428197.619, SAE % Chapeco
-26.90778, -48.66194, 139668.836, SAE % Itajai
-25.39528, -51.45806, 46856.642, SAE % Guarapuava
-26.48611, -49.06667, 1802.179, SAE % Jaragua do Sul
-22.37222, -46.94222, 285104.643, SAE % Mogi Guacu
-13.8575, -40.08361, 23968.974, SAE % Jequie
-18.57889, -46.51806, 52263.177, SAE % Patos de Minas
-22.95194, -46.54194, 259513.708, SAE % Braganca Paulista
-21.22583, -43.77361, 152644.522, SAE % Barbacena
-22.23, -45.93639, 17481.132, SAE % Pouso Alegre
-22.88583, -48.445, 164899.336, SAE % Botucatu
-20.66028, -43.78611, 300963.815, SAE % Conselheiro Lafaiete
-22.35694, -47.38417, 149400.6, SAE % Araras
-30.11389, -51.325, 51362.088, SAE % Guaiba
52.52437, 13.41053, 47008.771, EUW % Berlin
53.55, 10.0, 2583740.261, EUW % Hamburg
48.13743, 11.57549, 3038148.54, EUW % Muenchen
50.93333, 6.95, 2921984.906, EUW % Koeln
50.11667, 8.68333, 13367912.634, EUW % Frankfurt am Main
51.45, 7.01667, 417675.295, EUW % Essen
48.78232, 9.17702, 1665238.477, EUW % Stuttgart
51.51667, 7.45, 657532.235, EUW % Dortmund
51.22172, 6.77616, 2289728.743, EUW % Dusseldorf
53.07516, 8.80777, 390007.444, EUW % Bremen
52.37052, 9.73322, 893048.542, EUW % Hannover
51.33962, 12.37129, 53327.79, EUW % Leipzig
51.43333, 6.75, 338244.645, EUW % Duisburg
49.44778, 11.06833, 10916989.869, EUW % Nuremberg
51.05089, 13.73832, 1357968.833, EUW % Dresden
53.56667, 10.1, 98712.514, EUW % Wandsbek
51.48333, 7.21667, 140317.639, EUW % Bochum
51.26667, 7.18333, 188094.141, EUW % Wuppertal
52.56926, 13.40186, 88023.334, EUW % Berlin Pankow
52.03333, 8.53333, 626468.65, EUW % Bielefeld
52.52003, 13.40489, 5411028.477, EUW % Berlin Mitte
52.50097, 13.29097, 137660.108, EUW % Berlin Wilmersdorf
50.73333, 7.1, 599037.024, EUW % Bonn
49.48833, 8.46472, 315891.856, EUW % Mannheim
52.43485, 13.24183, 1712.631, EUW % Berlin Steglitz Zehlendorf
53.56667, 10.08333, 42077.575, EUW % Marienthal
49.00472, 8.38583, 3955971.177, EUW % Karlsruhe
50.08333, 8.25, 207316.949, EUW % Wiesbaden
51.96236, 7.62571, 361512.806, EUW % Muenster
51.51667, 7.05, 132404.102, EUW % Gelsenkirchen
50.77664, 6.08342, 376188.283, EUW % Aachen
51.2, 6.43333, 44174.071, EUW % Monchengladbach
48.36667, 10.88333, 297761.589, EUW % Augsburg
53.56667, 9.98333, 66231.579, EUW % Eimsbuettel
53.55, 9.93333, 222789.685, EUW % Altona
50.83333, 12.91667, 397005.609, EUW % Chemnitz
52.26667, 10.53333, 324779.821, EUW % Braunschweig
52.56667, 13.33333, 163113.35, EUW % Berlin Reinickendorf
51.47924, 11.91605, 47244.996, EUW % Halle Neustadt
51.33333, 6.56667, 154373.025, EUW % Krefeld
51.5, 12.0, 169520.952, EUW % Halle
54.32133, 10.13489, 611291.195, EUW % Kiel
52.16667, 11.66667, 39715.325, EUW % Magdeburg
52.15, 11.63333, 153457.653, EUW % Neue Neustadt
51.46667, 6.85, 155229.341, EUW % Oberhausen
47.9959, 7.85222, 294011.517, EUW % Freiburg
53.86893, 10.68729, 112531.675, EUW % Luebeck
50.98333, 11.03333, 1166213.204, EUW % Erfurt
53.46667, 9.98333, 22589.014, EUW % Harburg
51.35, 7.46667, 101045.236, EUW % Hagen
54.0887, 12.14049, 437222.912, EUW % Rostock
51.31667, 9.5, 213783.608, EUW % Kassel
51.68033, 7.82089, 4429.218, EUW % Hamm
50.0, 8.27111, 198576.625, EUW % Mainz
49.23333, 7.0, 259138.804, EUW % Saarbrucken
52.26667, 8.05, 202356.225, EUW % Osnabruck
51.18333, 7.08333, 51467.518, EUW % Solingen
49.48111, 8.43528, 402409.256, EUW % Ludwigshafen am Rhein
53.16667, 8.2, 293804.82, EUW % Oldenburg
51.2, 6.68333, 156705.747, EUW % Neuss
52.39886, 13.06566, 260054.176, EUW % Potsdam
49.40768, 8.69079, 226716.926, EUW % Heidelberg
51.71905, 8.75439, 363550.246, EUW % Paderborn
49.87056, 8.64944, 81438.562, EUW % Darmstadt
49.78778, 9.93611, 351798.053, EUW % Wuerzburg
49.015, 12.09556, 1130307.007, EUW % Regensburg
52.43333, 10.8, 8710.796, EUW % Wolfsburg
51.53333, 9.93333, 56634.939, EUW % Gottingen
49.14028, 9.22, 526043.505, EUW % Heilbronn
48.76667, 11.43333, 93426.98, EUW % Ingolstadt
48.39841, 9.99155, 993680.384, EUW % Ulm
51.51667, 6.91667, 84539.015, EUW % Bottrop
53.48462, 10.22904, 95995.927, EUW % Bergedorf
48.88333, 8.7, 157178.197, EUW % Pforzheim
50.1, 8.76667, 41575.597, EUW % Offenbach
53.55, 8.58333, 74765.207, EUW % Bremerhaven
51.18333, 7.2, 48219.424, EUW % Remscheid
52.47457, 13.34839, 74322.285, EUW % Berlin Schoeneberg
48.49144, 9.20427, 182040.876, EUW % Reutlingen
49.47593, 10.98856, 124342.925, EUW % Furth
50.963, 6.9541, 142916.114, EUW % Koeln-Nippes
51.45, 6.65, 132315.518, EUW % Moers
50.35, 7.6, 201588.493, EUW % Koblenz
50.86667, 8.03333, 425943.169, EUW % Siegen
50.93333, 11.58333, 115395.903, EUW % Jena
50.88029, 12.08187, 3100.453, EUW % Gera
52.15077, 9.95112, 37353.075, EUW % Hildesheim
49.58972, 11.00389, 514114.144, EUW % Erlangen
50.88333, 6.98333, 18720.83, EUW % Koeln Rodenkirchen
51.43333, 7.33333, 13169.543, EUW % Witten
49.75565, 6.63935, 400991.906, EUW % Trier
55.75222, 37.61556, 30015392.667, EUE % Moscow
59.89444, 30.26417, 6484912.253, EUE % Saint Petersburg
55.0415, 82.9346, 1061408.072, EUE % Novosibirsk
56.8575, 60.6125, 1728105.959, EUE % Yekaterinburg
56.32867, 44.00205, 978725.921, EUE % Nizhniy Novgorod
53.20006, 50.15, 760879.38, EUE % Samara
55.0, 73.4, 219015.327, EUE % Omsk
55.78874, 49.12214, 708246.328, EUE % Kazan
47.23135, 39.72328, 521617.671, EUE % Rostov-na-Donu
55.15444, 61.42972, 669714.108, EUE % Chelyabinsk
54.78517, 56.04562, 185723.791, EUE % Ufa
48.71939, 44.50184, 307277.486, EUE % Volgograd
58.01741, 56.28552, 915159.07, EUE % Perm'
56.00972, 92.79167, 770078.853, EUE % Krasnoyarsk
51.54056, 46.00861, 191416.908, EUE % Saratov
51.67204, 39.1843, 440217.414, EUE % Voronezh
53.5303, 49.3461, 61832.525, EUE % Tol'yatti
45.0488, 38.9725, 378950.431, EUE % Krasnodar
54.32824, 48.38657, 130074.519, EUE % Ul'yanovsk
56.84976, 53.20448, 346412.95, EUE % Izhevsk
57.62987, 39.87368, 525048.622, EUE % Yaroslavl'
53.36056, 83.76361, 161028.484, EUE % Barnaul
43.10562, 131.87354, 346488.355, EUE % Vladivostok
52.29778, 104.29639, 484631.264, EUE % Irkutsk
48.48083, 135.09277, 176901.345, EUE % Khabarovsk
51.7727, 55.0988, 326920.623, EUE % Orenburg
53.7557, 87.1099, 206573.417, EUE % Novokuznetsk
54.6269, 39.6916, 279302.039, EUE % Ryazan'
57.15222, 65.52722, 486893.43, EUE % Tyumen'
52.60311, 39.57076, 93502.842, EUE % Lipetsk
53.20066, 45.00464, 113636.116, EUE % Penza
46.34968, 48.04076, 249856.184, EUE % Astrakhan'
56.49417, 84.97417, 612594.428, EUE % Tomsk
55.33333, 86.08333, 365867.573, EUE % Kemerovo
54.20213, 37.64429, 23715.035, EUE % Tula
58.59665, 49.66007, 136144.663, EUE % Kirov
56.13222, 47.25194, 109715.029, EUE % Cheboksary
54.70649, 20.51095, 371673.798, EUE % Kaliningrad
53.25209, 34.37167, 30727.749, EUE % Bryansk
56.99719, 40.97139, 140103.452, EUE % Ivanovo
53.41861, 59.04722, 189003.931, EUE % Magnitogorsk
51.73733, 36.18735, 289896.514, EUE % Kursk
56.86049, 35.87603, 386717.199, EUE % Tver'
57.91944, 59.965, 64961.854, EUE % Nizhniy Tagil
45.0428, 41.9734, 328654.95, EUE % Stavropol'
51.82605, 107.60979, 85434.452, EUE % Ulan-Ude
64.5401, 40.5433, 150660.225, EUE % Arkhangel'sk
50.61074, 36.58015, 415936.837, EUE % Belgorod
55.45, 65.33333, 72351.595, EUE % Kurgan
43.59917, 39.72569, 148134.14, EUE % Sochi
52.96508, 36.0785, 205593.145, EUE % Orel
48.78583, 44.77973, 640.947, EUE % Volzhskiy
54.7818, 32.0401, 3958.79, EUE % Smolensk
68.97917, 33.09251, 26165.715, EUE % Murmansk
43.03667, 44.66778, 24733.01, EUE % Vladikavkaz
59.13333, 37.9, 31180.182, EUE % Cherepovets
56.13655, 40.39658, 129772.897, EUE % Vladimir
54.1838, 45.1749, 126266.54, EUE % Saransk
61.25, 73.41667, 434825.92, EUE % Surgut
59.2187, 39.8886, 198618.134, EUE % Vologda
52.73169, 41.44326, 94030.681, EUE % Tambov
56.63877, 47.89078, 61832.525, EUE % Yoshkar-Ola
47.23617, 38.89688, 61304.686, EUE % Taganrog
57.76647, 40.92686, 263.919, EUE % Kostroma
43.49806, 43.61889, 79364.308, EUE % Nal'chik
53.62462, 55.95015, 45469.527, EUE % Sterlitamak
61.78491, 34.34691, 44489.256, EUE % Petrozavodsk
51.20487, 58.56685, 37.703, EUE % Orsk
52.53667, 103.88639, 184102.572, EUE % Angarsk
44.72439, 37.76752, 61681.714, EUE % Novorossiysk
62.03389, 129.73306, 86188.507, EUE % Yakutsk
61.67642, 50.80994, 256152.545, EUE % Syktyvkar
51.29667, 37.84167, 60701.442, EUE % Staryy Oskol
47.70911, 40.21443, 85736.074, EUE % Shakhty
50.26667, 127.53333, 184781.222, EUE % Blagoveshchensk
55.9825, 37.18139, 174676.883, EUE % Zelenograd
52.53639, 85.20722, 95387.98, EUE % Biysk
58.51667, 31.28333, 238620.762, EUE % Velikiy Novgorod
57.8136, 28.3496, 264409.449, EUE % Pskov
52.02782, 47.8007, 61417.794, EUE % Balakovo
44.9892, 41.1234, 60776.848, EUE % Armavir
53.0452, 158.6483, 14666.373, EUE % Petropavlovsk-Kamchatskiy
56.4185, 61.9329, 60249.009, EUE % Kamensk-Ural'skiy
55.42418, 37.55472, 190738.258, EUE % Podol'sk
46.95812, 142.73366, 150.811, EUE % Yuzhno-Sakhalinsk
47.51361, 42.15139, 3317.843, EUE % Volgodonsk
53.71556, 91.42917, 199447.595, EUE % Abakan
55.91163, 37.73076, 32537.481, EUE % Mytishchi
44.60778, 40.10583, 67487.939, EUE % Maykop
43.8059, 131.9752, 9312.581, EUE % Ussuriysk
55.67719, 37.89322, 307616.811, EUE % Lyubertsy
55.80945, 37.95806, 288576.917, EUE % Balashikha
55.07944, 38.77833, 39964.925, EUE % Kolomna
42.83333, 132.89471, 50521.697, EUE % Nakhodka
55.78959, 38.44671, 63227.527, EUE % Elektrostal'
44.04861, 43.05944, 150811.036, EUE % Pyatigorsk
55.89704, 37.42969, 174676.883, EUE % Khimki
55.91417, 37.82556, 188.514, EUE % Korolev
55.67798, 37.27773, 292347.193, EUE % Odintsovo
56.90528, 59.94361, 19605.435, EUE % Pervoural'sk
54.91578, 37.41114, 119517.746, EUE % Serpukhov
55.575, 42.0426, 1168.786, EUE % Murom
56.2694, 90.4993, 106925.025, EUE % Achinsk
55.86647, 38.4438, 322094.67, EUE % Noginsk
58.2, 68.26667, 61606.308, EUE % Tobol'sk
56.60056, 84.88639, 377.028, EUE % Seversk
55.39485, 43.83992, 62699.688, EUE % Arzamas
56.3, 38.13333, 35440.593, EUE % Sergiyev Posad
54.6567, 86.1737, 63378.338, EUE % Leninsk-Kuznetskiy
55.09681, 36.61006, 207327.472, EUE % Obninsk
46.30778, 44.25583, 56780.355, EUE % Elista
56.01722, 37.86667, 82719.853, EUE % Pushkino
43.3675, 132.19861, 37174.92, EUE % Artem
63.56705, 53.68348, 147907.924, EUE % Ukhta
56.20167, 95.7175, 96292.847, EUE % Kansk
58.00056, 102.66194, 157258.208, EUE % Ust'-Ilimsk
55.744, 38.01684, 255360.787, EUE % Zheleznodorozhnyy
55.75556, 60.70278, 61116.172, EUE % Ozersk
-6.21462, 106.84513, 37811555.844, ASP % Jakarta
-7.24917, 112.75083, 3750530.6, ASP % Surabaya
3.58333, 98.66667, 3433.294, ASP % Medan
-6.90389, 107.61861, 2664236.311, ASP % Bandung
-6.2349, 106.9896, 33646.283, ASP % Bekasi
-6.17806, 106.63, 1151526.88, ASP % Tangerang
-6.9932, 110.4203, 87892.332, ASP % Semarang
-6.4, 106.81861, 606319.758, ASP % Depok
-7.9797, 112.6304, 164111.463, ASP % Malang
-7.78278, 110.36083, 1363017.803, ASP % Yogyakarta
-8.65, 115.21667, 877550.001, ASP % Denpasar
-6.39472, 106.95917, 509500.861, ASP % Cileungsi
-6.34278, 106.73833, 295949.961, ASP % Pamulang
-7.33194, 110.49278, 3433.294, ASP % Salatiga
-5.11306, 105.30667, 496454.343, ASP % Metro
-6.8017, 108.6311, 5180840.97, ASP % Astanajapura
51.51279, -0.09184, 9536292.26, EUW % City of London
51.50853, -0.12574, 7024253.771, EUW % London
52.48142, -1.89983, 155749.492, EUW % Birmingham
55.86515, -4.25763, 560235.821, EUW % Glasgow
53.41058, -2.97794, 43129.567, EUW % Liverpool
53.79648, -1.54785, 177555.801, EUW % Leeds
53.38297, -1.4659, 379988.736, EUW % Sheffield
55.95206, -3.19648, 641250.399, EUW % Edinburgh
51.45523, -2.59665, 197705.934, EUW % Bristol
53.48095, -2.23743, 3887112.591, EUW % Manchester
51.53622, -0.10304, 3478658.341, EUW % Islington
52.40656, -1.51217, 46441.918, EUW % Coventry
53.7446, -0.33525, 29914.668, EUW % Hull
51.48, -3.18, 88432.864, EUW % Cardiff
53.79391, -1.75206, 387372.517, EUW % Bradford
54.58333, -5.93333, 119865.692, EUW % Belfast
53.00415, -2.18538, 580282.444, EUW % Stoke-on-Trent
52.58547, -2.12296, 175934.129, EUW % Wolverhampton
50.37153, -4.14305, 39023.632, EUW % Plymouth
52.9536, -1.15047, 104753.092, EUW % Nottingham
50.90395, -1.40428, 274131.527, EUW % Southampton
51.45625, -0.97113, 841233.575, EUW % Reading
52.92277, -1.47663, 654499.802, EUW % Derby
51.56667, -0.33333, 4741285.036, EUW % London Borough of Harrow
52.25, -0.88333, 99025.485, EUW % Northampton
50.79899, -1.09125, 380299.268, EUW % Portsmouth
51.87967, -0.41748, 27326.894, EUW % Luton
54.97328, -1.61396, 74217.359, EUW % Newcastle upon Tyne
53.76667, -2.71667, 74286.366, EUW % Preston
51.35, -0.2, 1976024.233, EUW % Sutton
52.04172, -0.75583, 8004.848, EUW % Milton Keynes
57.14369, -2.09814, 35573.267, EUW % Aberdeen
54.90465, -1.38222, 77184.673, EUW % Sunderland
52.62783, 1.29834, 26740.331, EUW % Norwich
51.62079, -3.94323, 3519.373, EUW % Swansea
50.72048, -1.8795, 34779.683, EUW % Bournemouth
51.53782, 0.71433, 151988.593, EUW % Southend-on-Sea
51.55797, -1.78116, 107030.333, EUW % Swindon
51.75222, -1.25596, 508963.392, EUW % Oxford
56.5, -2.96667, 58863.233, EUW % Dundee
50.71667, -2.0, 15837.177, EUW % Poole
53.64904, -1.78416, 53584.174, EUW % Huddersfield
53.95763, -1.08271, 267644.84, EUW % York
52.05917, 1.15545, 42508.501, EUW % Ipswich
53.81667, -3.05, 102889.895, EUW % Blackpool
54.57623, -1.23483, 40127.749, EUW % Middlesbrough
52.57364, -0.24777, 62589.627, EUW % Peterborough
53.40979, -2.15761, 14560.542, EUW % Stockport
50.82838, -0.13947, 5175.548, EUW % Brighton
52.67659, -2.44926, 268300.409, EUW % Telford
52.51868, -1.9945, 940914.63, EUW % West Bromwich
51.50949, -0.59541, 1765103.4, EUW % Slough
51.86568, -2.2431, 5309629.216, EUW % Gloucester
52.2, 0.11667, 271198.716, EUW % Cambridge
51.65531, -0.39602, 1037317.837, EUW % Watford
53.43012, -1.35678, 85051.506, EUW % Rotherham
50.7236, -3.52751, 56413.473, EUW % Exeter
53.34914, -0.9785, 55136.838, EUW % Bassetlaw District
51.2372, -2.6266, 6624.701, EUW % Mendip
51.54062, 0.14801, 1501909.531, EUW % Dagenham
51.11303, -0.18312, 56482.481, EUW % Crawley
52.56667, -1.81667, 3070.825, EUW % Sutton Coldfield
53.54051, -2.1183, 188493.459, EUW % Oldham
51.31903, -0.55893, 633694.099, EUW % Woking
51.73575, 0.46958, 29638.638, EUW % Chelmsford
53.45, -2.73333, 9937.052, EUW % Saint Helens
51.38914, 0.54863, 71560.577, EUW % Gillingham
52.18935, -2.22001, 112205.881, EUW % Worcester
51.5529, 0.129, 1914676.738, EUW % Becontree
48.85341, 2.3488, 17421383.532, EUW % Paris
43.29695, 5.38107, 629278.469, EUW % Marseille
45.74846, 4.84671, 998508.932, EUW % Lyon
43.60426, 1.44367, 367031.105, EUW % Toulouse
43.70313, 7.26608, 1139320.267, EUW % Nice
47.21725, -1.55336, 459404.178, EUW % Nantes
48.58342, 7.74296, 1193361.656, EUW % Strasbourg
43.61092, 3.87723, 480612.281, EUW % Montpellier
44.84044, -0.5805, 1278979.556, EUW % Bordeaux
50.63297, 3.05858, 18732934.545, EUW % Lille
48.11198, -1.67429, 99809.001, EUW % Rennes
49.25, 4.03333, 826592.38, EUW % Reims
45.43333, 4.4, 261.828, EUW % Saint-Etienne
43.11667, 5.93333, 13143.788, EUW % Toulon
47.46667, -0.55, 210195.87, EUW % Angers
45.16667, 5.71667, 71007.872, EUW % Grenoble
47.31667, 5.01667, 4712.912, EUW % Dijon
43.5283, 5.44973, 104888.472, EUW % Aix-en-Provence
48.4, -4.48333, 77658.315, EUW % Brest
49.9, 2.3, 170973.97, EUW % Amiens
47.38333, 0.68333, 313094.447, EUW % Tours
45.83153, 1.2578, 175110.86, EUW % Limoges
45.77966, 3.08628, 164166.431, EUW % Clermont-Ferrand
47.90289, 1.90389, 134317.989, EUW % Orleans
49.11911, 6.17269, 693164.608, EUW % Metz
49.44313, 1.09932, 813291.495, EUW % Rouen
47.75, 7.33333, 139764.02, EUW % Mulhouse
42.69764, 2.89541, 41264.162, EUW % Perpignan
49.18585, -0.35912, 41892.55, EUW % Caen
48.83333, 2.25, 1005997.226, EUW % Boulogne-Billancourt
48.68333, 6.2, 322991.562, EUW % Nancy
48.95, 2.25, 2165111.722, EUW % Argenteuil
6.45306, 3.39583, 39197781.853, AFR % Lagos
10.52224, 7.43828, 5286663.258, AFR % Kaduna
9.05735, 7.48976, 555265.889, AFR % Abuja
19.42847, -99.12766, 14049614.067, NAS % Mexico City
20.66667, -103.33333, 769967.392, NAS % Guadalajara
19.05, -98.2, 130267.883, NAS % Puebla de Zaragoza
31.73333, -106.48333, 102530.235, NAS % Ciudad Juarez
32.53333, -117.01667, 602798.531, NAS % Tijuana
25.66667, -100.31667, 4066042.019, NAS % Monterrey
21.11667, -101.66667, 266231.89, NAS % Leon
20.71667, -103.4, 260288.108, NAS % Zapopan
19.47851, -99.23963, 454451.645, NAS % Naucalpan de Juarez
25.68333, -100.25, 906922.029, NAS % Guadalupe
20.96667, -89.61667, 594378.173, NAS % Merida
28.63333, -106.08333, 526024.683, NAS % Chihuahua
22.15, -100.98333, 428695.257, NAS % San Luis Potosi
21.88333, -102.3, 841292.773, NAS % Aguascalientes
16.86336, -99.8901, 735047.674, NAS % Acapulco de Juarez
25.41667, -101.0, 1135757.626, NAS % Saltillo
20.6, -100.38333, 776406.489, NAS % Queretaro
32.65194, -115.46833, 931935.444, NAS % Mexicali
19.70078, -101.18443, 426218.682, NAS % Morelia
24.79944, -107.38972, 178065.794, NAS % Culiacan
21.17429, -86.84656, 316754.035, NAS % Cancun
25.55, -103.43333, 564411.607, NAS % Torreon
25.75, -100.3, 837330.251, NAS % San Nicolas de los Garza
19.28833, -99.66722, 198621.373, NAS % Toluca
26.08333, -98.28333, 227101.994, NAS % Reynosa
20.65, -103.31667, 851942.048, NAS % Tlaquepaque
16.75, -93.11667, 559210.798, NAS % Tuxtla Gutierrez
19.53333, -96.91667, 118627.977, NAS % Jalapa Enriquez
20.61667, -103.23333, 25013.415, NAS % Tonala
17.98333, -92.91667, 619639.245, NAS % Villahermosa
25.76667, -100.2, 1733.603, NAS % Apodaca
27.47629, -99.51639, 480208.032, NAS % Nuevo Laredo
20.68333, -101.35, 61666.735, NAS % Irapuato
20.11697, -98.73329, 402195.897, NAS % Pachuca de Soto
20.51667, -100.81667, 46311.966, NAS % Celaya
21.5, -104.9, 65876.914, NAS % Tepic
23.73333, -99.13333, 229083.254, NAS % Ciudad Victoria
17.05, -96.71667, 42349.445, NAS % Oaxaca de Juarez
27.48333, -109.93333, 423742.106, NAS % Ciudad Obregon
19.41667, -102.06667, 212985.512, NAS % Uruapan del Progreso
18.15, -94.41667, 19317.291, NAS % Coatzacoalcos
25.76667, -108.96667, 513146.489, NAS % Los Mochis
19.85, -90.53333, 41606.472, NAS % Campeche
14.9, -92.28333, 22536.839, NAS % Tapachula
22.26667, -97.83333, 147356.255, NAS % Ciudad Madero
31.30862, -110.94217, 572831.964, NAS % Heroica Nogales
24.16667, -110.3, 620629.876, NAS % La Paz
19.06406, -98.30352, 5943.782, NAS % Cholula
29.32322, -100.95217, 1238.288, NAS % Ciudad Acuna
32.46306, -114.77667, 68601.147, NAS % San Luis Rio Colorado
18.5, -88.3, 228340.282, NAS % Chetumal
25.66667, -100.4, 3203203.038, NAS % Garza Garcia
16.75, -92.63333, 381640.319, NAS % San Cristobal de Las Casas
19.23333, -103.71667, 1733.603, NAS % Colima
19.36028, -99.35139, 343748.71, NAS % Huixquilucan
18.85, -97.1, 101539.605, NAS % Orizaba
22.77559, -102.57218, 703595.162, NAS % Zacatecas
25.53333, -103.25, 52255.748, NAS % Matamoros
21.35, -98.23333, 502992.529, NAS % Tantoyuca
37.56826, 126.97783, 27683707.182, ASP % Seoul
35.10278, 129.04028, 386494.159, ASP % Busan
37.45361, 126.73167, 21510.806, ASP % Incheon
35.87028, 128.59111, 84942.672, ASP % Daegu
36.32139, 127.41972, 1096750.964, ASP % Daejeon
35.15472, 126.91556, 429915.973, ASP % Gwangju
37.29111, 127.00889, 862933.503, ASP % Suigen
37.65639, 126.835, 20510.304, ASP % Goyang
37.43861, 127.13778, 3930774.663, ASP % Seongnam
35.82194, 127.14889, 223712.384, ASP % Jeonju
37.32361, 126.82194, 238419.773, ASP % Ansan
36.63722, 127.48972, 114557.549, ASP % Cheongju
37.3925, 126.92694, 810907.367, ASP % Anyang
35.22806, 128.6811, 138669.662, ASP % Changwon
36.03222, 129.365, 154377.553, ASP % Hoko
37.20682, 126.8169, 300.151, ASP % Hwaseong
33.50972, 126.52194, 42121.16, ASP % Jeju
36.8065, 127.1522, 1366686.568, ASP % Tenan
35.20806, 128.5725, 26413.269, ASP % Masan
35.19278, 128.08472, 17208.645, ASP % Chinju
36.1136, 128.336, 342472.044, ASP % Kumi
35.94389, 126.95444, 78639.505, ASP % Iksan
35.97861, 126.71139, 112656.594, ASP % Kunsan
37.35139, 127.94528, 277839.575, ASP % Wonju
37.87472, 127.73417, 302551.99, ASP % Chuncheon
37.27917, 127.4425, 63131.715, ASP % Ich'on
37.83311, 127.06169, 46923.573, ASP % Yangju
37.15222, 127.07056, 174087.455, ASP % Osan
35.84278, 129.21167, 600.302, ASP % Kyonju
36.12176, 128.11981, 1058331.663, ASP % Gimcheon
35.82333, 128.73778, 60830.559, ASP % Keizan
36.56556, 128.725, 160680.72, ASP % Andong
35.69439, 51.42151, 22799661.621, ASC % Tehran
36.297, 59.6062, 417328.584, ASC % Mashhad
32.65722, 51.67761, 1933232.413, ASC % Esfahan
35.8355, 51.0103, 812555.654, ASC % Karaj
38.08, 46.2919, 218414.96, ASC % Tabriz
29.6036, 52.5388, 70204.809, ASC % Shiraz
34.6401, 50.8764, 334122.885, ASC % Qom
31.3203, 48.6693, 770952.805, ASC % Ahvaz
34.09174, 49.68916, 358824.577, ASC % Arak
36.6736, 48.4787, 5200.356, ASC % Zanjan
36.83866, 54.43475, 205414.069, ASC % Gorgan
36.2126, 57.68191, 26001.781, ASC % Sabzevar
30.4067, 55.9939, 1199982.191, ASC % Rafsanjan
39.6482, 47.9174, 4573713.268, ASC % Parsabad
32.03389, 51.87944, 2774390.027, ASC % Shahreza
41.01384, 28.94966, 15398730.11, ASC % Istanbul
39.91987, 32.85427, 3803741.083, ASC % Ankara
38.41273, 27.13838, 3422675.221, ASC % Izmir
40.19167, 29.06111, 2831376.497, ASC % Bursa
37.00167, 35.32889, 276601.082, ASC % Adana
37.87135, 32.48464, 32081.314, ASC % Konya
39.9179, 32.86268, 360614.024, ASC % Cankaya
36.90812, 30.69556, 367331.049, ASC % Antalya
41.03903, 28.85671, 78298.458, ASC % Bagcilar
37.91583, 40.21889, 1804.574, ASC % Diyarbakir
38.73222, 35.48528, 437508.924, ASC % Kayseri
41.00231, 28.8598, 85115.737, ASC % Bahcelievler
41.01643, 29.12476, 198001.862, ASC % Umraniye
36.79526, 34.61792, 401.016, ASC % Mercin
41.0435, 28.87619, 754813.173, ASC % Esenler
39.77667, 30.52056, 28973.437, ASC % Eskisehir
38.37396, 27.1352, 290335.895, ASC % Karabaglar
37.16708, 38.79392, 87321.327, ASC % Sanliurfa
40.93567, 29.15507, 1036025.944, ASC % Maltepe
39.90861, 41.27694, 1403.558, ASC % Erzurum
41.28667, 36.33, 48322.48, ASC % Samsun
37.5847, 36.9264, 409638.282, ASC % Kahramanmaras
38.49239, 43.38311, 1018982.746, ASC % Van
41.06046, 28.98717, 693156.897, ASC % Sisli
37.77417, 29.0875, 1194126.671, ASC % Denizli
39.96833, 32.73083, 144666.677, ASC % Batikent
40.99441, 28.90417, 146671.759, ASC % Zeytinburnu
40.78056, 30.40333, 295950.125, ASC % Adapazari
40.80276, 29.43068, 211335.658, ASC % Gebze
41.005, 39.72694, 8822.361, ASC % Trabzon
38.61202, 27.42646, 288130.304, ASC % Manisa
41.00244, 29.23187, 7218.296, ASC % Sancaktepe
39.64917, 27.88611, 182061.459, ASC % Balikesir
37.76441, 38.27629, 300.762, ASC % Adiyaman
39.84528, 33.50639, 10626.935, ASC % Kirikkale
41.15917, 27.8, 48723.496, ASC % Corlu
40.76694, 29.91694, 54738.743, ASC % Izmit
39.42417, 29.98333, 153689.546, ASC % Kutahya
40.54889, 34.95333, 122610.773, ASC % Corum
37.84501, 27.83963, 60252.718, ASC % Aydin
36.20655, 36.15722, 12632.018, ASC % Antioch
38.37255, 34.02537, 739975.566, ASC % Aksaray
38.75667, 30.54333, 53836.456, ASC % Afyonkarahisar
40.07806, 29.51333, 58648.653, ASC % Inegeul
40.31389, 36.55444, 98549.787, ASC % Tokat
41.67719, 26.55597, 299158.256, ASC % Edirne
40.97801, 27.50852, 75691.851, ASC % Tekirdag
37.91631, 28.32225, 6616.771, ASC % Nazilli
40.98472, 37.87889, 156897.678, ASC % Ordu
37.93262, 41.94025, 101657.665, ASC % Siirt
39.75222, 39.49278, 81205.827, ASC % Erzincan
40.3875, 36.08111, 167725.121, ASC % Turhal
41.45139, 31.79305, 9223.378, ASC % Zonguldak
41.89474, 12.4839, 4683380.367, EUW % Roma
45.46427, 9.18951, 12991641.182, EUW % Milan
40.83333, 14.25, 1013299.354, EUW % Napoli
45.07049, 7.68682, 2374086.056, EUW % Torino
38.11582, 13.35976, 90945.33, EUW % Palermo
44.40632, 8.93386, 1097554.232, EUW % Genova
43.76667, 11.25, 1347213.727, EUW % Florence
44.49381, 11.33875, 1289592.61, EUW % Bologna
41.11773, 16.85118, 421466.459, EUW % Bari
37.50213, 15.08719, 621475.759, EUW % Catania
45.43861, 12.32667, 279910.582, EUW % Venice
45.43419, 10.99779, 301742.583, EUW % Verona
38.19327, 15.54969, 63223.17, EUW % Messina
45.64861, 13.78, 397777.778, EUW % Trieste
45.41519, 11.88181, 1096113.704, EUW % Padova
40.47611, 17.22972, 24649.033, EUW % Taranto
45.52478, 10.22727, 206539.693, EUW % Brescia
38.11047, 15.66129, 43311.873, EUW % Reggio di Calabria
45.49028, 12.2425, 336091.171, EUW % Mestre
44.64783, 10.92539, 104294.222, EUW % Modena
43.88425, 11.09092, 125550.012, EUW % Prato
39.20738, 9.13462, 218928.233, EUW % Cagliari
44.80266, 10.32898, 174495.949, EUW % Parma
43.54264, 10.316, 825998.712, EUW % Livorno
41.46093, 15.54925, 24296.904, EUW % Foggia
43.1122, 12.38878, 1454004.864, EUW % Perugia
40.67797, 14.76599, 182178.765, EUW % Salerno
44.4175, 12.20111, 157177.603, EUW % Ravenna
44.82678, 11.62071, 102309.494, EUW % Ferrara
44.06333, 12.58083, 292139.063, EUW % Rimini
37.08515, 15.273, 181442.495, EUW % Siracusa
40.72722, 8.56028, 39854.606, EUW % Sassari
45.58248, 9.27485, 759766.44, EUW % Monza
42.46024, 14.21021, 33420.248, EUW % Pescara
45.69798, 9.66895, 496405.923, EUW % Bergamo
44.22361, 12.05278, 135089.508, EUW % Forli
41.46614, 12.9043, 394576.605, EUW % Latina
45.55729, 11.5409, 119243.7, EUW % Vicenza
42.56713, 12.64987, 272291.79, EUW % Terni
46.06787, 11.12108, 431390.096, EUW % Trento
45.44056, 8.61684, 505881.396, EUW % Novara
43.59816, 13.51008, 89248.708, EUW % Ancona
14.6042, 120.9822, 5272806.698, ASP % Manila
7.07306, 125.61278, 86639.971, ASP % Davao
10.31672, 123.89071, 2290353.112, ASP % Cebu City
14.5832, 121.0409, 19471568.984, ASP % Mandaluyong City
7.44778, 125.80778, 255842.738, ASP % Tagum
13.93139, 121.61722, 294575.901, ASP % Lucena
14.82917, 120.28278, 1361776.483, ASP % Olongapo
11.25111, 125.00639, 1745030.943, ASP % Panalanoy
13.13722, 123.73444, 946923.917, ASP % Legaspi
7.8275, 123.4782, 1452493.629, ASP % Muricay
6.95508, 126.21655, 95813.615, ASP % Mati
15.97611, 120.57111, 326174.008, ASP % Urdaneta
10.75, 106.66667, 1597034.375, ASP % Thanh pho Ho Chi Minh
21.0245, 105.84117, 25251002.984, ASP % Ha Noi
12.25, 109.18333, 2060355.53, ASP % Nha Trang
21.59278, 105.84417, 1950349.111, ASP % Thai Nguyen
40.4165, -3.70256, 15748517.846, EUW % Madrid
39.46975, -0.37739, 1641415.554, EUW % Valencia
37.38241, -5.97613, 109689.85, EUW % Sevilla
41.65606, -0.87734, 356960.674, EUW % Zaragoza
36.72016, -4.42034, 49335.285, EUW % Malaga
37.98704, -1.13004, 168626.997, EUW % Murcia
39.56939, 2.65024, 229530.24, EUW % Palma
28.09973, -15.41343, 14082.732, EUW % Las Palmas de Gran Canaria
43.26271, -2.92528, 282111.869, EUW % Bilbao
38.34517, -0.48149, 76403.393, EUW % Alicante
37.88333, -4.76667, 2514.774, EUW % Cordoba
41.65518, -4.72372, 50752.702, EUW % Valladolid
42.23282, -8.72264, 171233.217, EUW % Vigo
41.35967, 2.10028, 148005.854, EUW % L'Hospitalet de Llobregat
43.37135, -8.396, 161219.846, EUW % A Coruna
37.18817, -3.60667, 196975.353, EUW % Granada
38.26218, -0.70107, 228798.669, EUW % Elche
43.36029, -5.84476, 143113.476, EUW % Oviedo
28.46824, -16.25462, 33332.18, EUW % Santa Cruz de Tenerife
41.56667, 2.01667, 761427.706, EUW % Terrassa
41.54329, 2.10942, 103151.438, EUW % Sabadell
40.32234, -3.86496, 75534.653, EUW % Mostoles
42.81687, -1.64323, 108226.709, EUW % Pamplona
36.83814, -2.45974, 61771.983, EUW % Almeria
43.31283, -1.97499, 75991.884, EUW % San Sebastian
43.46472, -3.80444, 110101.358, EUW % Santander
39.98333, -0.03333, 213892.921, EUW % Castello de la Plana
42.35, -3.7, 170410.2, EUW % Burgos
38.98333, -1.85, 48512.268, EUW % Albacete
40.30571, -3.73295, 7224.259, EUW % Getafe
40.96667, -5.65, 72334.032, EUW % Salamanca
42.46667, -2.45, 475383.646, EUW % Logrono
28.4853, -16.32014, 413017.262, EUW % La Laguna
37.25833, -6.95083, 80792.816, EUW % Huelva
38.87789, -6.97061, 152806.785, EUW % Badajoz
41.11667, 1.25, 72334.032, EUW % Tarragona
41.61667, 0.61667, 73202.772, EUW % Lleida
42.6, -5.56667, 62732.169, EUW % Leon
41.54211, 2.4445, 141513.166, EUW % Mataro
36.13326, -5.45051, 283072.055, EUW % Algeciras
40.23604, -3.76752, 144302.278, EUW % Parla
41.38022, 2.17319, 6773611.127, EUW % Ciutat Vella
40.54746, -3.64197, 234742.68, EUW % Alcobendas
42.33333, -7.85, 119154.543, EUW % Ourense
41.15612, 1.10687, 6812.75, EUW % Reus
24.9056, 67.0822, 9304024.825, ASS % Karachi
31.54972, 74.34361, 7271510.676, ASS % Lahore
33.6007, 73.0679, 7725046.891, ASS % Rawalpindi
30.19556, 71.47528, 1866.404, ASS % Multan
34.008, 71.57849, 558054.849, ASS % Peshawar
33.72148, 73.04329, 4268466.354, ASS % Islamabad
-34.61315, -58.37723, 18339163.23, SAE % Buenos Aires
-31.4135, -64.18105, 1392712.997, SAE % Cordoba
-32.94682, -60.63932, 830131.669, SAE % Rosario
-32.89084, -68.82717, 708630.158, SAE % Mendoza
-26.82414, -65.2226, 5557.884, SAE % San Miguel de Tucuman
-34.92145, -57.95453, 307381.84, SAE % La Plata
-38.00228, -57.55754, 330694.074, SAE % Mar del Plata
-34.72418, -58.25265, 1035001.434, SAE % Quilmes
-31.63333, -60.7, 210582.034, SAE % Santa Fe de la Vera Cruz
-27.46056, -58.98389, 498511.281, SAE % Resistencia
-27.79511, -64.26149, 154.386, SAE % Santiago del Estero
-27.4806, -58.8341, 343816.855, SAE % Corrientes
-34.65344, -58.61975, 1260867.647, SAE % Moron
-38.7196, -62.27243, 271564.368, SAE % Bahia Blanca
-38.95161, -68.0591, 409585.144, SAE % Neuquen
-26.17753, -58.17814, 115634.856, SAE % Formosa
-33.29501, -66.33563, 461767.495, SAE % San Luis
-33.13067, -64.34992, 447100.858, SAE % Rio Cuarto
-31.39296, -58.02089, 78736.684, SAE % Concordia
-45.86667, -67.5, 404181.646, SAE % Comodoro Rivadavia
-33.33578, -60.22523, 325908.118, SAE % San Nicolas de los Arroyos
-36.61667, -64.28333, 222315.344, SAE % Santa Rosa
43.70011, -79.4163, 3831040.952, NAN % Toronto
45.50884, -73.58781, 5566937.462, NAN % Montreal
49.24966, -123.11934, 2403795.229, NAN % Vancouver
51.05011, -114.08529, 1827714.118, NAN % Calgary
45.41117, -75.69812, 888486.674, NAN % Ottawa
53.55014, -113.46871, 836925.188, NAN % Edmonton
43.5789, -79.6583, 395215.812, NAN % Mississauga
43.76681, -79.4163, 568120.165, NAN % North York
49.8844, -97.14704, 417662.396, NAN % Winnipeg
46.81228, -71.21454, 704297.475, NAN % Quebec
43.23341, -79.94964, 49160.891, NAN % Hamilton
43.68341, -79.76633, 115064.39, NAN % Brampton
43.42537, -80.5112, 715089.891, NAN % Kitchener
49.10635, -122.82509, 64344.138, NAN % Surrey
45.56995, -73.692, 578399.634, NAN % Laval
44.64533, -63.57239, 303788.045, NAN % Halifax
43.65421, -79.56711, 468259.54, NAN % Etobicoke
42.98339, -81.23304, 342628.432, NAN % London
50.36386, -119.34997, 114695.068, NAN % Okanagan
48.43294, -123.3693, 454492.029, NAN % Victoria
42.30008, -83.01654, 205240.565, NAN % Windsor
43.86682, -79.2663, 360150.719, NAN % Markham
43.90012, -78.84957, 177808.131, NAN % Oshawa
45.47723, -75.70164, 111740.49, NAN % Gatineau
43.8361, -79.49827, 319956.151, NAN % Vaughan
45.53121, -73.51806, 354610.886, NAN % Longueuil
49.26636, -122.95263, 673192.337, NAN % Burnaby
49.08938, -123.08241, 32602.945, NAN % Ladner
52.11679, -106.63452, 275268.162, NAN % Saskatoon
43.87111, -79.43725, 196725.636, NAN % Richmond Hill
44.40011, -79.66634, 141819.733, NAN % Barrie
49.17003, -123.13683, 327527.256, NAN % Richmond
50.45008, -104.6178, 284172.931, NAN % Regina
43.45011, -79.68292, 59768.646, NAN % Oakville
43.38621, -79.83713, 154828.082, NAN % Burlington
46.49, -80.99001, 224855.679, NAN % Greater Sudbury
49.05798, -122.25257, 182999.16, NAN % Abbotsford
48.41675, -71.06573, 89417.013, NAN % Saguenay
43.16681, -79.24958, 172678.656, NAN % St. Catharines
45.40008, -71.89908, 164512.532, NAN % Sherbrooke
46.80326, -71.17793, 186425.65, NAN % Levis
49.88307, -119.48568, 990994.108, NAN % Kelowna
43.3601, -80.31269, 17296.591, NAN % Cambridge
46.35006, -72.54912, 257314.998, NAN % Trois-Rivieres
43.5501, -80.24967, 291969.734, NAN % Guelph
49.28297, -122.75262, 34429.038, NAN % Coquitlam
44.22976, -76.48098, 205589.37, NAN % Kingston
42.40009, -82.1831, 111884.115, NAN % Chatham-Kent
46.1351, -60.1831, 143358.575, NAN % Sydney
44.67134, -63.57719, 362284.581, NAN % Dartmouth
4.60971, -74.08175, 10059891.551, SAW % Bogota
3.43722, -76.5225, 1047268.768, SAW % Cali
6.25184, -75.56359, 2894017.512, SAW % Medellin
10.96389, -74.79639, 6666.963, SAW % Barranquilla
10.39972, -75.51444, 57224.766, SAW % Cartagena
7.89391, -72.50782, 72781.012, SAW % Cucuta
7.12539, -73.1198, 1377839.015, SAW % Bucaramanga
4.81333, -75.69611, 2194541.98, SAW % Pereira
4.142, -73.62664, 4876883.417, SAW % Villavicencio
6.17194, -75.61139, 2222.321, SAW % Itagui
2.43823, -76.61316, 1099493.311, SAW % Popayan
7.06222, -73.08644, 1311169.385, SAW % Floridablanca
52.22977, 21.01178, 6955647.293, EUE % Warsaw
51.75, 19.46667, 1194568.446, EUE % Lodz
50.08333, 19.91667, 1746691.879, EUE % Krakow
51.1, 17.03333, 1616653.811, EUE % Wroclaw
52.40692, 16.92993, 1651559.863, EUE % Poznan
54.35205, 18.64637, 1504468.193, EUE % Gdansk
53.42894, 14.55302, 480922.034, EUE % Szczecin
53.1235, 18.00762, 360174.881, EUE % Bydgoszcz
51.25, 22.56667, 876784.446, EUE % Lublin
50.25842, 19.02754, 718925.735, EUE % Katowice
53.13333, 23.15, 334889.702, EUE % Bialystok
54.51889, 18.53188, 383845.005, EUE % Gdynia
50.79646, 19.12409, 207109.24, EUE % Czestochowa
50.28682, 19.10385, 161800.837, EUE % Sosnowiec
51.40253, 21.14714, 208047.014, EUE % Radom
53.01375, 18.59814, 356545.347, EUE % Torun
50.87033, 20.62752, 231838.701, EUE % Kielce
50.29761, 18.67658, 329558.28, EUE % Gliwice
50.32492, 18.78576, 116145.111, EUE % Zabrze
50.34802, 18.93282, 168504.189, EUE % Bytom
49.82245, 19.04686, 542363.632, EUE % Bielsko-Biala
53.77995, 20.49416, 296354.115, EUE % Olsztyn
50.04132, 21.99901, 685304.781, EUE % Rzeszow
50.2584, 18.85632, 28706.32, EUE % Ruda Slaska
50.09713, 18.54179, 75525.581, EUE % Rybnik
50.31818, 19.2374, 247746.136, EUE % Dabrowa Gornicza
50.13717, 18.96641, 82350.496, EUE % Tychy
50.66667, 17.95, 307920.001, EUE % Opole
54.1522, 19.40884, 61267.935, EUE % Elblag
52.54682, 19.70638, 64498.048, EUE % Plock
50.77141, 16.28432, 500441.637, EUE % Walbrzych
52.73679, 15.22878, 98466.325, EUE % Gorzow Wielkopolski
52.64817, 19.0678, 38830.812, EUE % Wloclawek
51.93548, 15.50643, 160481.007, EUE % Zielona Gora
50.01381, 20.98698, 234478.363, EUE % Tarnow
50.30582, 18.9742, 93082.804, EUE % Chorzow
51.76109, 18.09102, 99543.029, EUE % Kalisz
54.19438, 16.17222, 406056.368, EUE % Koszalin
51.21006, 16.1619, 224388.604, EUE % Legnica
30.06263, 31.24967, 16050182.023, AFR % Cairo
31.21564, 29.95527, 5349494.59, AFR % Alexandria
27.7314, 30.84165, 292099.387, AFR % Mallawi
-33.86785, 151.20732, 7075163.942, OCE % Sydney
-37.814, 144.96332, 4943897.628, OCE % Melbourne
-31.95224, 115.8614, 1755645.021, OCE % Perth
-34.92866, 138.59863, 1204900.353, OCE % Adelaide
-27.46794, 153.02809, 2189198.344, OCE % Brisbane
-28.00029, 153.43088, 349973.487, OCE % Gold Coast
-32.92715, 151.77647, 123476.424, OCE % Newcastle
-35.28346, 149.12807, 1174568.016, OCE % Canberra
-34.424, 150.89345, 80183.552, OCE % Wollongong
-27.63917, 153.10944, 60118.145, OCE % Logan City
-31.40237, 152.90186, 25803.957, OCE % North Shore
-38.14711, 144.36069, 266276.537, OCE % Geelong
-38.13333, 144.35, 16552.009, OCE % Geelong West
-33.81667, 151.0, 199209.671, OCE % City of Parramatta
-36.07494, 146.92393, 89864.915, OCE % Albury
13.75398, 100.50144, 16375727.684, ASP % Bangkok
13.59934, 100.59675, 74512.307, ASP % Samut Prakan
13.86075, 100.51477, 63316.802, ASP % Mueang Nonthaburi
18.79038, 98.98468, 501061.056, ASP % Chiang Mai
7.00836, 100.47668, 135527.81, ASP % Hat Yai
13.91301, 100.49883, 21022.671, ASP % Pak Kret
18.29232, 99.49277, 101816.9, ASP % Lampang
16.44671, 102.833, 435.381, ASP % Khon Kaen
14.02775, 100.75603, 134968.035, ASP % Ban Rangsit
15.23844, 104.84866, 376355.567, ASP % Ubon Ratchathani
14.06467, 100.64578, 462125.577, ASP % Khlong Luang
13.8196, 100.04427, 60642.32, ASP % Nakhon Pathom
16.82481, 100.25858, 2487.89, ASP % Phitsanulok
3.1412, 101.68653, 9627179.278, ASP % Kuala Lumpur
1.4655, 103.7578, 280781.146, ASP % Johor Bahru
4.5841, 101.0829, 357766.075, ASP % Ipoh
3.10726, 101.60671, 4117838.339, ASP % Petaling Jaya
3.08507, 101.53281, 1639137.457, ASP % Shah Alam
5.9749, 116.0724, 175568.409, ASP % Kota Kinabalu
3.8077, 103.326, 276290.358, ASP % Kuantan
5.41123, 100.33543, 304945.86, ASP % George Town
6.13328, 102.2386, 88532.669, ASP % Kota Bharu
4.4148, 114.0089, 296391.978, ASP % Miri
2.3, 111.81667, 10692.351, ASP % Sibu
3.3213, 101.5767, 547876.081, ASP % Rawang
25.04776, 121.53185, 9144233.014, ASP % Taipei
22.61626, 120.31333, 494061.575, ASP % Kaohsiung
24.1469, 120.6839, 2968529.897, ASP % Taichung
22.99083, 120.21333, 710238.476, ASP % Tainan
25.01427, 121.46719, 372876.032, ASP % Banqiao
24.80361, 120.96861, 435216.192, ASP % Hsinchu
24.99368, 121.29696, 914400.003, ASP % Taoyuan City
25.12825, 121.7419, 84107.626, ASP % Keelung
23.97694, 121.60444, 222633.918, ASP % Hualian
22.7583, 121.1444, 86703.746, ASP % Taitung City
23.91566, 120.66387, 246831.086, ASP % Nantou
23.70944, 120.54333, 467168.436, ASP % Douliu
33.59278, -7.61916, 6355646.431, AFR % Casablanca
34.01325, -6.83255, 4208024.865, AFR % Rabat
31.63148, -8.00828, 3426138.753, AFR % Marrakech
30.42018, -9.59815, 115948.99, AFR % Agadir
33.89352, -5.54727, 1550432.961, AFR % Meknes
50.45466, 30.5238, 7074624.513, EUE % Kiev
49.98081, 36.25272, 944773.413, EUE % Kharkiv
48.45, 34.98333, 435481.782, EUE % Dnipropetrovsk
48.023, 37.80224, 693394.169, EUE % Donets'k
46.47747, 30.73262, 828608.234, EUE % Odessa
47.82289, 35.19031, 803613.452, EUE % Zaporizhzhya
49.83826, 24.02324, 780527.229, EUE % L'viv
47.90966, 33.38044, 6826.769, EUE % Kryvyy Rih
46.96591, 31.9974, 232330.356, EUE % Mykolayiv
47.06667, 37.5, 61000.482, EUE % Mariupol'
48.56705, 39.31706, 387914.619, EUE % Luhans'k
49.42161, 26.99653, 96015.199, EUE % Khmel'nyts'kyy
44.58883, 33.5224, 208510.072, EUE % Sevastopol'
48.04782, 37.92576, 73.406, EUE % Makiyivka
44.95719, 34.11079, 305296.035, EUE % Simferopol'
49.23278, 28.48097, 244625.881, EUE % Vinnytsya
46.65581, 32.6178, 297294.769, EUE % Kherson
49.59373, 34.54073, 7891.157, EUE % Poltava
51.50551, 31.28488, 266097.17, EUE % Chernihiv
49.42854, 32.06207, 6386.332, EUE % Cherkasy
50.9216, 34.80029, 123358.977, EUE % Sumy
50.26487, 28.67669, 207372.277, EUE % Zhytomyr
48.34698, 38.05419, 89371.946, EUE % Horlivka
50.62308, 26.22743, 184139.241, EUE % Rivne
48.5132, 32.2597, 26866.638, EUE % Kirovohrad
48.51134, 34.6021, 152134.175, EUE % Dniprodzerzhyns'k
48.29149, 25.94034, 101594.064, EUE % Chernivtsi
49.55589, 25.60556, 77700.374, EUE % Ternopil'
49.09725, 33.41972, 48411.333, EUE % Kremenchuk
50.75932, 25.34244, 32885.94, EUE % Luts'k
48.9215, 24.70972, 42465.438, EUE % Ivano-Frankivs'k
48.72305, 37.55629, 59275.438, EUE % Kramators'k
45.3607, 36.4706, 54834.368, EUE % Kerch
48.61667, 22.3, 254535.706, EUE % Uzhhorod
48.90485, 38.44207, 27820.918, EUE % Lisichansk
48.23331, 38.21137, 77149.828, EUE % Yenakiyeve
48.6845, 26.58559, 58798.299, EUE % Kamieniec Podolski
52.37403, 4.88969, 11132034.301, EUW % Amsterdam
51.9225, 4.47917, 928950.097, EUW % Rotterdam
52.07667, 4.29861, 125466.67, EUW % Den Haag
52.09083, 5.12222, 42014.509, EUW % Utrecht
51.44083, 5.47778, 163955.935, EUW % Eindhoven
51.55551, 5.0913, 134007.377, EUW % Tilburg
53.21917, 6.56667, 170333.423, EUW % Groningen
52.37025, 5.21413, 345057.378, EUW % Almere Stad
51.58656, 4.77596, 51853.147, EUW % Breda
51.8425, 5.85278, 11985.833, EUW % Nijmegen
52.21833, 6.89583, 286810.719, EUW % Enschede
52.38084, 4.63683, 485346.101, EUW % Haarlem
51.98, 5.91111, 16889.128, EUW % Arnhem
52.45313, 4.81356, 197141.308, EUW % Zaanstad
52.155, 5.3875, 46020.47, EUW % Amersfoort
52.21, 5.96944, 3461.15, EUW % Apeldoorn
51.69917, 5.30417, 47302.377, EUW % 's-Hertogenbosch
52.3025, 4.68889, 468328.782, EUW % Hoofddorp
50.84833, 5.68889, 7066.514, EUW % Maastricht
52.15833, 4.49306, 38553.36, EUW % Leiden
51.81, 4.67361, 17498.034, EUW % Dordrecht
52.0575, 4.49306, 26423.313, EUW % Zoetermeer
52.5125, 6.09444, 324691.077, EUW % Zwolle
24.68773, 46.72185, 6598703.888, ASC % Riyadh
21.51694, 39.21917, 3932203.39, ASC % Jeddah
26.43442, 50.10326, 1517946.162, ASC % Ad Dammam
21.27028, 40.41583, 109172.483, ASC % Ta'if
26.32599, 43.97497, 408773.679, ASC % Buraydah
27.52188, 41.69073, 159521.436, ASC % Hayil
18.21639, 42.50528, 273678.963, ASC % Abha
10.48801, -66.87919, 5469962.519, SAW % Caracas
10.63167, -71.64056, 257616.284, SAW % Maracaibo
10.13333, -64.7, 674.388, SAW % Barcelona
10.43398, -66.87662, 302125.904, SAW % Baruta
10.66781, -63.25849, 4945962.904, SAW % Carupano
-1.28333, 36.81667, 10263580.902, AFR % Nairobi
-4.05466, 39.66359, 229204.098, AFR % Mombasa
-33.45694, -70.64827, 8780340.443, SAW % Santiago
-33.03932, -71.62725, 367762.951, SAW % Valparaiso
-33.6, -70.71667, 18650.835, SAW % San Bernardo
-36.82699, -73.04977, 607334.244, SAW % Concepcion
-18.475, -70.30417, 9194.074, SAW % Arica
-29.90778, -71.25417, 215404.014, SAW % La Serena
-53.15, -70.91667, 1313.439, SAW % Punta Arenas
-12.04318, -77.02824, 9782800.145, SAW % Lima
-16.39889, -71.535, 190443.855, SAW % Arequipa
44.43225, 26.10626, 4720601.104, EUE % Bucharest
47.16667, 27.6, 271133.619, EUE % Iasi
46.76667, 23.6, 341024.236, EUE % Cluj-Napoca
45.74944, 21.22722, 438300.001, EUE % Timisoara
44.31667, 23.8, 148072.465, EUE % Craiova
44.18333, 28.65, 224499.738, EUE % Constanta
45.45, 28.05, 49885.008, EUE % Galati
45.64861, 25.60613, 300290.546, EUE % Brasov
44.95, 26.01667, 146025.46, EUE % Ploiesti
45.26667, 27.98333, 82499.482, EUE % Braila
47.06667, 21.93333, 56008.823, EUE % Oradea
46.56667, 26.9, 222246.311, EUE % Bacau
46.18333, 21.31667, 12385.243, EUE % Arad
44.85, 24.86667, 27849.596, EUE % Pitesti
45.8, 24.15, 260950.197, EUE % Sibiu
46.54245, 24.55747, 200245.303, EUE % Targu-Mures
47.65729, 23.56808, 79093.54, EUE % Baia Mare
45.15, 26.83333, 146937.151, EUE % Buzau
47.75, 26.66667, 74982.328, EUE % Botosani
47.8, 22.88333, 162659.53, EUE % Satu Mare
45.1, 24.36667, 28744.086, EUE % Ramnicu Valcea
47.63333, 26.25, 115888.034, EUE % Suceava
45.7, 27.18333, 87608.395, EUE % Focsani
46.91667, 26.33333, 132143.666, EUE % Piatra Neamt
44.63194, 22.65611, 248410.138, EUE % Drobeta-Turnu Severin
50.85045, 4.34878, 5424194.288, EUW % Brussels
51.21989, 4.40346, 1535195.81, EUW % Antwerpen
51.05, 3.71667, 914243.595, EUW % Gent
50.41136, 4.44448, 246563.465, EUW % Charleroi
50.63373, 5.56749, 182994.113, EUW % Liege
51.20892, 3.22424, 102502.551, EUW % Brugge
50.4669, 4.86746, 84207.178, EUW % Namur
59.33258, 18.0649, 3353442.259, EUW % Stockholm
57.70716, 11.96679, 1589060.474, EUW % Goeteborg
55.60587, 13.00073, 1506196.756, EUW % Malmoe
59.8585, 17.64543, 553543.729, EUW % Uppsala
59.40316, 17.94479, 764629.676, EUW % Kista
59.61617, 16.55276, 674845.106, EUW % Vasteras
41.26465, 69.21627, 6560192.99, ASC % Tashkent
40.52861, 70.9425, 989807.01, ASC % Qo`qon
50.08804, 14.42076, 5229114.303, EUW % Prague
49.19522, 16.60796, 930746.965, EUW % Brno
49.83465, 18.28204, 519127.838, EUW % Ostrava
49.74747, 13.37759, 246114.867, EUW % Plzen
49.59552, 17.25175, 295628.027, EUW % Olomouc
-33.92584, 18.42322, 1571503.087, AFR % Cape Town
-29.8579, 31.0292, 494611.869, AFR % Durban
-26.20227, 28.04363, 2841834.502, AFR % Johannesburg
-26.26781, 27.85849, 19481.662, AFR % Soweto
-25.74486, 28.18783, 647341.747, AFR % Pretoria
-33.91799, 25.57007, 58127.35, AFR % Port Elizabeth
-29.61678, 30.39278, 69985.753, AFR % Pietermaritzburg
-33.01529, 27.91162, 5982.141, AFR % East London
-26.71171, 27.83795, 14187.732, AFR % Vanderbijlpark
-25.85891, 28.18577, 79779.523, AFR % Centurion
-33.70468, 18.96552, 89467.415, AFR % Noorder-Paarl
-33.963, 22.46173, 258608.475, AFR % George
-25.96361, 28.13778, 356652.056, AFR % Midrand
-28.73226, 24.76232, 11170.192, AFR % Kimberley
-32.84721, 27.44218, 83273.517, AFR % Bhisho
-26.71667, 27.1, 197992.978, AFR % Potchefstroom
47.49801, 19.03991, 4863449.957, EUE % Budapest
47.53333, 21.63333, 58088.29, EUE % Debrecen
48.1, 20.78333, 90476.437, EUE % Miskolc
46.253, 20.14824, 160417.879, EUE % Szeged
46.08333, 18.23333, 115642.796, EUE % Pecs
47.47603, 19.03605, 271099.621, EUE % Budapest XI. keruelet
47.68333, 17.63512, 283423.758, EUE % Gyor
47.54157, 19.04501, 289687.874, EUE % Budapest III. keruelet
47.5183, 19.10789, 107808.727, EUE % Budapest XIV. keruelet
47.95539, 21.71671, 12120.043, EUE % Nyiregyhaza
46.90618, 19.69128, 125486.407, EUE % Kecskemet
47.18995, 18.41034, 138925.211, EUE % Szekesfehervar
47.36667, 8.55, 4122789.494, EUW % Zurich
46.20222, 6.14569, 838319.115, EUW % Geneve
47.5584, 7.57327, 483916.392, EUW % Basel
46.94809, 7.44744, 684198.473, EUW % Bern
46.516, 6.63282, 301139.526, EUW % Lausanne
48.20849, 16.37208, 3640079.343, EUW % Vienna
47.06667, 15.45, 1130022.423, EUW % Graz
48.30639, 14.28611, 757916.638, EUW % Linz
47.79941, 13.04399, 295462.825, EUW % Salzburg
47.26266, 11.39454, 320118.771, EUW % Innsbruck
25.25817, 55.30472, 5792850.878, ASC % Dubai
24.46667, 54.36667, 66267.122, ASC % Abu Dhabi
23.7104, 90.40744, 3780669.127, ASS % Dhaka
22.33306, 91.83639, 380288.783, ASS % Chittagong
24.89667, 91.87167, 40581.275, ASS % Sylhet
22.70194, 90.37111, 129823.356, ASS % Barisal
24.25, 89.91667, 1170246.459, ASS % Tangail
38.71667, -9.13333, 66904.257, EUW % Lisbon
41.14961, -8.61099, 558309.604, EUW % Porto
38.75382, -9.23083, 3204783.103, EUW % Amadora
41.55032, -8.42005, 450294.311, EUW % Braga
38.5244, -8.8882, 80443.228, EUW % Setubal
40.20564, -8.41955, 835809.094, EUW % Coimbra
38.75657, -9.25451, 258673.403, EUW % Queluz
43.25, 76.95, 4171764.756, ASC % Almaty
42.3, 69.6, 182506.14, ASC % Shymkent
51.1801, 71.44598, 78314.841, ASC % Astana
50.42675, 80.26669, 110703.255, ASC % Semey
53.16667, 63.58333, 274701.73, ASC % Qostanay
54.87528, 69.16278, 342.735, ASC % Petropavlovsk
51.23333, 51.36667, 121842.127, ASC % Oral
43.65, 51.2, 508789.417, ASC % Aktau
31.76904, 35.21633, 316648.419, ASC % Jerusalem
31.78199, 35.21961, 150116.406, ASC % West Jerusalem
32.81556, 34.98917, 1174219.889, ASC % Haifa
32.08088, 34.78057, 408158.229, ASC % Tel Aviv
31.81667, 34.65, 1727.959, ASC % Ashdod
31.96417, 34.80444, 51766.761, ASC % Rishon LeZiyyon
32.09174, 34.88503, 2699575.372, ASC % Petah Tikva
31.25181, 34.7913, 186403.537, ASC % Beersheba
32.01139, 34.77222, 16631.602, ASC % Holon
32.09028, 34.83972, 198139.257, ASC % Bene Beraq
32.08056, 34.81417, 59758.569, ASC % Ramat Gan
33.5102, 36.29128, 2462288.743, ASC % Damascus
35.93062, 36.63393, 2607129.257, ASC % Idlib
37.97945, 23.71622, 2709080.786, EUE % Athens
40.64028, 22.94389, 667815.355, EUE % Thessaloniki
37.94745, 23.63708, 99657.613, EUE % Piraeus
38.24444, 21.73444, 423365.75, EUE % Patra
38.01667, 23.7, 402589.608, EUE % Peristeri
35.32787, 25.14341, 358435.592, EUE % Irakleion
39.63722, 22.42028, 236305.055, EUE % Larisa
37.95, 23.7, 146300.241, EUE % Kallithea
-6.82349, 39.26951, 2868678.144, AFR % Dar es Salaam
-6.16394, 39.19793, 906770.844, AFR % Zanzibar
-6.17221, 35.73947, 1157086.012, AFR % Dodoma
55.67594, 12.56553, 3152683.316, EUW % Copenhagen
56.15674, 10.21076, 783943.439, EUW % Arhus
55.39594, 10.38831, 270869.436, EUW % Odense
57.048, 9.9187, 716327.809, EUW % Aalborg
22.28552, 114.15769, 29917.969, ASP % Hong Kong
22.31667, 114.18333, 295973.625, ASP % Kowloon
22.36667, 114.1, 4569021.407, ASP % Tsuen Wan
36.7525, 3.04197, 1791820.913, AFR % Algiers
36.76639, 3.47717, 332493.459, AFR % Boumerdas
35.69111, -0.64167, 44180.638, AFR % Oran
36.72615, 3.18291, 1137309.817, AFR % Bab Ezzouar
31.94932, 5.32502, 737862.196, AFR % Ouargla
36.74871, 3.19248, 656332.978, AFR % Bordj el Kiffan
60.16952, 24.93545, 1848891.73, EUE % Helsinki
60.2052, 24.6522, 536095.583, EUE % Espoo
61.49911, 23.78712, 855005.467, EUE % Tampere
60.29414, 25.04099, 284173.761, EUE % Vantaa
60.45148, 22.26869, 784726.392, EUE % Turku
65.01236, 25.46816, 352372.066, EUE % Oulu
18.50012, -69.98857, 4643393, NAS % Santo Domingo
59.91273, 10.74609, 3494817.974, EUW % Oslo
60.39299, 5.32415, 423918.088, EUW % Bergen
63.43049, 10.39506, 315062.665, EUW % Trondheim
58.97005, 5.73332, 326773.273, EUW % Stavanger
53.9, 27.56667, 2262765.147, EUE % Minsk
52.4345, 30.9754, 926817.877, EUE % Homyel'
53.9141, 30.33764, 4136.943, EUE % Mahilyow
55.19048, 30.2033, 446504.533, EUE % Vitsyebsk
53.6884, 23.8258, 597574.278, EUE % Hrodna
52.09755, 23.68775, 199001.222, EUE % Brest
48.14816, 17.10674, 3760266.972, EUE % Bratislava
48.71395, 21.25808, 577601.028, EUE % Kosice
15.55177, 32.53241, 3971768.489, AFR % Khartoum
13.18421, 30.21669, 228231.511, AFR % El Obeid
0.31628, 32.58219, 4178085, AFR % Kampala
44.80401, 20.46513, 2251623.066, EUE % Belgrade
43.32472, 21.90333, 664480.398, EUE % Nis
45.25167, 19.83694, 730303.713, EUE % Novi Sad
44.84306, 20.40111, 141415.059, EUE % Zemun
44.01667, 20.91667, 256648.455, EUE % Kragujevac
43.89139, 20.34972, 62529.309, EUE % Cacak
-2.16667, -79.9, 1105739.621, SAW % Guayaquil
-0.22985, -78.52495, 2495341.449, SAW % Quito
-2.88333, -78.98333, 474418.93, SAW % Cuenca
36.81897, 10.16579, 3856984, AFR % Tunis
40.37767, 49.89201, 2869980.34, ASC % Baku
40.68278, 46.36056, 819019.66, ASC % Ganja
1.28967, 103.85007, 3658400, ASP % Singapore
42.69751, 23.32415, 2548347.829, EUE % Sofia
42.15, 24.75, 338102.326, EUE % Plovdiv
43.21667, 27.91667, 353946.315, EUE % Varna
42.50606, 27.46781, 111236.103, EUE % Burgas
43.85639, 25.97083, 133753.164, EUE % Ruse
42.43278, 25.64194, 121409.803, EUE % Stara Zagora
43.41667, 24.61667, 39491.46, EUE % Pleven
-36.86667, 174.76666, 1841279.828, OCE % Auckland
-41.28664, 174.77557, 167442.155, OCE % Wellington
-43.53333, 172.63333, 442771.293, OCE % Christchurch
-36.99282, 174.87987, 100880.492, OCE % Manukau City
-36.8, 174.75, 572975.246, OCE % North Shore
-37.78333, 175.28333, 13623.732, OCE % Hamilton
-45.87416, 170.50362, 26014.841, OCE % Dunedin
-37.68611, 176.16667, 157970.417, OCE % Tauranga
-41.21667, 174.91667, 2594.997, OCE % Lower Hutt
53.33306, -6.24889, 2411329.455, EUW % Dublin
51.89797, -8.47061, 639921.304, EUW % Cork
53.29395, -6.13586, 71107.241, EUW % Dun Laoghaire
45.81313, 15.97753, 2317375.447, EUE % Zagreb - Centar
45.81444, 15.97798, 37805.199, EUE % Zagreb
43.50891, 16.43915, 72806.767, EUE % Split
45.34306, 14.40917, 228101.587, EUE % Rijeka
6.93194, 79.84778, 2175937.699, ASS % Colombo
6.773, 79.8816, 327256.301, ASS % Moratuwa
14.64072, -90.51327, 2280000, NAS % Guatemala City
42.87, 74.59, 2194400, ASC % Bishkek
54.68916, 25.2798, 1160986.834, EUE % Vilnius
54.9, 23.9, 449954.384, EUE % Kaunas
55.71722, 21.1175, 170268.305, EUE % Klaipeda
55.93333, 23.31667, 199162.32, EUE % Siauliai
55.73333, 24.35, 123099.157, EUE % Panevezys
5.55602, -0.1969, 2085501, AFR % Accra
27.70169, 85.3206, 2031245, ASS % Kathmandu
9.93333, -84.08333, 2000000, NAS % San Jose
14.6937, -17.44406, 870096.764, AFR % Dakar
14.1825, -16.25333, 1119299.236, AFR % Kaolack
31.95522, 35.94503, 1912073.969, ASC % Amman
32.07275, 36.08796, 75326.031, ASC % Az Zarqa'
-17.8, -63.16667, 382133.776, SAW % Santa Cruz de la Sierra
-17.3895, -66.1568, 56087.69, SAW % Cochabamba
-16.5, -68.15, 1547748.534, SAW % La Paz
43.84864, 18.35644, 941329.559, EUE % Sarajevo
44.77583, 17.18556, 234431.424, EUE % Banja Luka
44.20139, 17.90639, 88925.371, EUE % Zenica
44.54278, 18.66944, 388496.656, EUE % Tuzla
43.34333, 17.80806, 302093.99, EUE % Mostar
-34.83346, -56.16735, 1855000, SAE % Montevideo
23.61387, 58.5922, 1741804, ASC % Muscat
23.13302, -82.38304, 606594.603, NAS % Havana
22.14611, -80.43556, 427555.667, NAS % Cienfuegos
21.92972, -79.4425, 668055.73, NAS % Sancti Spiritus
18.46633, -66.10572, 440018.485, NAS % San Juan
18.39856, -66.15572, 317423.596, NAS % Bayamon
18.38078, -65.95739, 785103.457, NAS % Carolina
18.01108, -66.61406, 155755.463, NAS % Ponce
17.99702, -76.79358, 1041379.297, NAS % Kingston
18.00747, -76.78319, 539720.703, NAS % New Kingston
56.946, 24.10589, 1453954.926, EUE % Riga
55.88333, 26.53333, 86904.074, EUE % Daugavpils
-25.30066, -57.63591, 1436642.416, SAE % Asuncion
-25.33968, -57.50879, 68369.124, SAE % San Lorenzo
-25.34682, -57.60647, 18261.46, SAE % Lambare
34.52813, 69.17233, 1520996, ASC % Kabul
31.78336, 35.23388, 620797.997, ASC % East Jerusalem
31.5, 34.46667, 160306.613, ASC % Gaza
32.22111, 35.25444, 731168.39, ASC % Nablus
8.9936, -79.51973, 1503327.258, NAS % Panama
9.03333, -79.5, 113.742, NAS % San Miguelito
-17.82935, 31.05389, 1218161.544, AFR % Harare
-19.45, 29.81667, 227555.456, AFR % Gweru
41.3275, 19.81889, 1265224.521, EUE % Tirana
41.1125, 20.08222, 176703.479, EUE % Elbasan
47.00556, 28.8575, 1147196.602, EUE % Chisinau
46.84028, 29.64333, 123375.041, EUE % Tiraspol
47.76167, 27.92889, 98329.43, EUE % Balti
46.83056, 29.47111, 60252.927, EUE % Bender
46.05108, 14.50513, 1420776, EUE % Ljubljana
40.18111, 44.51361, 1124157.895, ASC % Yerevan
40.7942, 43.84528, 272392.105, ASC % Gyumri
33.88894, 35.49442, 914675.537, ASC % Beirut
33.37889, 35.48389, 452544.463, ASC % Nabatiye et Tahta
35.56113, 45.43749, 1303760, ASC % As Sulaymaniyah
41.69411, 44.83368, 1116783.46, ASC % Tbilisi
42.24961, 42.69974, 15390.642, ASC % K'ut'aisi
41.64159, 41.63593, 167825.898, ASC % Bat'umi
13.74028, -89.21306, 1257380, NAS % Mejicanos
29.33389, 48.07611, 1012855.997, ASC % As Salimiyah
29.25722, 48.05722, 87144.003, ASC % Sabah as Salim
42.0, 21.43333, 1069432, EUE % Skopje
14.0818, -87.20681, 237116.126, NAS % Tegucigalpa
15.5, -88.03333, 830443.874, NAS % San Pedro Sula
59.43696, 24.75353, 777173.138, EUE % Tallinn
58.38062, 26.72509, 216611.862, EUE % Tartu
-25.96528, 32.58917, 975395, AFR % Maputo
5.30966, -4.01266, 968000, AFR % Abidjan
-4.32459, 15.32146, 915400, AFR % Kinshasa
-15.40669, 28.28713, 679438.249, AFR % Lusaka
-12.95867, 28.63659, 202731.751, AFR % Ndola
18.53917, -72.335, 53093.169, NAS % Port-au-Prince
18.54472, -72.30278, 131427.352, NAS % Delmas 73
18.5125, -72.28528, 651914.48, NAS % Petionville
-1.94995, 30.05885, 818048, AFR % Kigali
38.53575, 68.77905, 794483, ASC % Dushanbe
4.04827, 9.70428, 150479.527, AFR % Douala
3.86667, 11.51667, 633476.473, AFR % Yaounde
-8.83682, 13.23432, 695919.11, AFR % Luanda
-12.57626, 13.40547, 48275.89, AFR % Benguela
-15.78499, 35.00854, 716400, AFR % Blantyre
26.21536, 50.5832, 694009, ASC % Manama
12.13282, -86.2504, 663500, NAS % Managua
35.16667, 33.36667, 495936.974, EUE % Nicosia
34.675, 33.03333, 88926.026, EUE % Limassol
25.27932, 51.52245, 563800, ASC % Doha
17.96667, 102.6, 527400, ASP % Vientiane
11.56245, 104.91601, 449160, ASP % Phnom Penh
12.65, -8.0, 414985, AFR % Bamako
32.87519, 13.18746, 391880, AFR % Tripoli
6.13748, 1.21227, 356300, AFR % Lome
47.90771, 106.88324, 355524, ASC % Ulaanbaatar
42.44111, 19.26361, 328375, EUE % Podgorica
-20.16194, 57.49889, 323494, AFR % Port Louis
22.20056, 113.54611, 308797, ASP % Macau
64.13548, -21.89541, 304129, EUW % Reykjavik
-20.88231, 55.4504, 300000, AFR % Saint-Denis
15.33333, 38.93333, 283699, AFR % Asmara
6.36536, 2.41833, 277002, AFR % Cotonou
12.36423, -1.53834, 230562, AFR % Ouagadougou
6.80448, -58.15527, 225593, SAE % Georgetown
-3.3822, 29.3644, 176040, AFR % Bujumbura
-24.65451, 25.90859, 167180, AFR % Gaborone
5.86638, -55.16682, 165733, SAE % Paramaribo
25.05823, -77.34306, 158700, NAS % Nassau
-22.55941, 17.08323, 148414, AFR % Windhoek
-9.44314, 147.17972, 125000, OCE % Port Moresby
4.36122, 18.55496, 123800, AFR % Bangui
37.95, 58.38333, 110924, ASC % Ashgabat
12.43333, 98.6, 110000, ASP % Myeik
0.3925, 9.45365, 32901.387, AFR % Libreville
-0.71933, 8.78151, 75943.613, AFR % Port-Gentil
18.08581, -15.9785, 100333, AFR % Nouakchott
-26.48333, 31.36667, 95122, AFR % Manzini
12.1084, -68.93354, 92500, NAS % Willemstad
-29.31667, 27.48333, 83813, AFR % Maseru
8.484, -13.22994, 48520, AFR % Freetown
11.86357, -15.59767, 37123, AFR % Bissau
-8.55861, 125.57361, 2361, OCE % Dili
