31.22222, 121.45806, 3712.505, ASP % Shanghai
39.9075, 116.39723, 9214.731, ASP % Beijing
36.18528, 117.12, 0.797, ASP % Tai'an
29.33333, 113.09194, 49.338, ASP % Yueyang
34.79111, 114.34833, 86.915, ASP % Kaifeng
30.58333, 114.26667, 615.777, ASP % Wuhan
29.56278, 106.55278, 296.825, ASP % Chongqing
30.66667, 104.06667, 555.575, ASP % Chengdu
39.14222, 117.17667, 926.955, ASP % Tianjin
41.79222, 123.43278, 278.186, ASP % Shenyang
32.6475, 110.77806, 70.768, ASP % Shiyan
45.75, 126.65, 271.608, ASP % Harbin
34.25833, 108.92861, 543.614, ASP % Xi'an
36.05639, 103.79222, 123.993, ASP % Lanzhou
23.11667, 113.25, 2330.844, ASP % Guangzhou
32.06167, 118.77778, 910.21, ASP % Nanjing
22.54554, 114.0683, 340.581, ASP % Shenzhen
37.86944, 112.56028, 99.673, ASP % Taiyuan
43.88, 125.32278, 8.372, ASP % Changchun
28.2, 112.96667, 269.116, ASP % Changsha
36.66833, 116.99722, 450.719, ASP % Jinan
38.91222, 121.60222, 529.261, ASP % Dalian
34.75778, 113.64861, 955.76, ASP % Zhengzhou
38.04139, 114.47861, 1.096, ASP % Shijiazhuang
43.85083, 126.56028, 82.529, ASP % Jilin
30.29365, 120.16142, 1107.363, ASP % Hangzhou
28.68333, 115.88333, 512.815, ASP % Nanchang
36.09861, 120.37194, 324.434, ASP % Qingdao
39.63333, 118.18333, 42.261, ASP % Tangshan
43.80096, 87.60046, 77.545, ASP % Urunchi
31.86389, 117.28083, 214.196, ASP % Hefei
31.31139, 120.61806, 296.327, ASP % Suzhou
23.36814, 116.71479, 153.496, ASP % Shantou
34.18045, 117.15707, 41.663, ASP % Tongshan
26.06139, 119.30611, 264.332, ASP % Fuzhou
26.58333, 106.71667, 80.735, ASP % Guiyang
31.56887, 120.28857, 364.204, ASP % Wuxi
31.64615, 120.74221, 61.099, ASP % Changshu City
25.03889, 102.71833, 78.941, ASP % Kunming
38.85111, 115.49028, 0.399, ASP % Baoding
31.78333, 119.96667, 289.848, ASP % Changzhou
33.97444, 116.79167, 54.521, ASP % Huaibei
33.73847, 113.30119, 136.452, ASP % Pingdingshan
27.99942, 120.66682, 268.518, ASP % Wenzhou
22.81667, 108.31667, 469.059, ASP % Nanning
40.81056, 111.65222, 354.236, ASP % Hohhot
36.61667, 101.76667, 40.866, ASP % Xining
35.30889, 113.86722, 194.063, ASP % Xinxiang
39.50972, 116.69472, 136.352, ASP % Langfang
29.87819, 121.54945, 255.66, ASP % Ningbo
37.53333, 121.4, 106.55, ASP % Yantai
36.79056, 118.06333, 19.037, ASP % Zibo
32.03028, 120.87472, 9.569, ASP % Nantong
25.28194, 110.28639, 128.378, ASP % Guilin
21.28145, 110.34271, 0.997, ASP % Zhanjiang
24.8, 113.58333, 109.441, ASP % Shaoguan
33.38556, 120.12528, 11.662, ASP % Yancheng
23.02677, 113.13148, 72.96, ASP % Foshan
20.04583, 110.34167, 177.517, ASP % Haikou
32.49333, 119.91063, 15.051, ASP % Taizhou
24.47979, 118.08187, 236.722, ASP % Xiamen
32.39722, 119.43583, 155.091, ASP % Yangzhou
22.58333, 113.08333, 139.94, ASP % Jiangmen
31.33657, 118.37548, 0.997, ASP % Wuhu
22.27694, 113.56778, 224.961, ASP % Zhuhai
38.46806, 106.27306, 129.076, ASP % Yinchuan
34.01667, 113.81667, 151.901, ASP % Xuchang
34.59972, 119.15944, 97.878, ASP % Xinpu
23.04889, 113.74472, 142.033, ASP % Dongguan
37.44861, 116.2925, 43.358, ASP % Dezhou
26.25, 105.93333, 171.736, ASP % Anshun
22.51682, 113.38521, 146.419, ASP % Shiqi
42.9075, 129.50778, 1.395, ASP % Yanji
30.95, 117.78333, 0.399, ASP % Wusong
37.45639, 118.48556, 49.936, ASP % Dongying
32.99472, 112.53278, 160.074, ASP % Nanyang
35.89917, 114.1925, 37.876, ASP % Hebi
36.44389, 115.96472, 58.907, ASP % Liaocheng
35.08056, 109.08972, 0.299, ASP % Tongchuan
22.85042, 113.24701, 13.555, ASP % Daliang
26.24861, 117.61861, 9.07, ASP % Sanming
35.60028, 103.20639, 5.382, ASP % Linxia
30.80389, 108.38972, 0.199, ASP % Wanxian
24.91389, 118.58583, 49.936, ASP % Quanzhou
34.86472, 117.55417, 14.851, ASP % Zaozhuang
29.88333, 114.21667, 17.243, ASP % Xianning
31.13019, 104.38198, 0.498, ASP % Deyang
29.10778, 119.65472, 161.968, ASP % Jinhua
50.41667, 124.11667, 68.475, ASP % Jagdaqi
31.03595, 121.2146, 24.619, ASP % Songjiang
30.9525, 118.75528, 123.295, ASP % Xuanzhou
39.81667, 98.3, 0.399, ASP % Jiayuguan
27.34089, 117.4831, 140.239, ASP % Shaowu
27.31667, 103.71667, 8.472, ASP % Zhaotong
24.92271, 102.48496, 265.627, ASP % Lianran
28.31667, 109.71667, 95.486, ASP % Jishou
40.71427, -74.00597, 1382.306, NAN % New York City
34.05223, -118.24368, 4420.806, NAN % Los Angeles
41.85003, -87.65005, 7585.076, NAN % Chicago
40.6501, -73.94958, 223.545, NAN % Brooklyn
29.76328, -95.36327, 7249.248, NAN % Houston
39.95234, -75.16379, 2058.447, NAN % Philadelphia
40.78343, -73.96625, 3066.602, NAN % Manhattan
33.44838, -112.07404, 1684.769, NAN % Phoenix
29.42412, -98.49363, 925.788, NAN % San Antonio
32.71533, -117.15726, 1840.486, NAN % San Diego
32.78306, -96.80667, 12732.17, NAN % Dallas
37.33939, -121.89496, 2207.054, NAN % San Jose
39.76838, -86.15804, 1189.41, NAN % Indianapolis
30.33218, -81.65565, 706.927, NAN % Jacksonville
37.77493, -122.41942, 1855.62, NAN % San Francisco
30.26715, -97.74306, 1445.404, NAN % Austin
39.96118, -82.99879, 2044.549, NAN % Columbus
32.72541, -97.32085, 279.656, NAN % Fort Worth
35.22709, -80.84313, 698.613, NAN % Charlotte
42.33143, -83.04575, 550.402, NAN % Detroit
31.75872, -106.48693, 166.671, NAN % El Paso
35.14953, -90.04898, 399.018, NAN % Memphis
35.08676, -90.05676, 48.117, NAN % New South Memphis
39.29038, -76.61219, 2174.148, NAN % Baltimore
42.35843, -71.05977, 126.654, NAN % Boston
47.60621, -122.33207, 2300.131, NAN % Seattle
38.89511, -77.03637, 2277.659, NAN % Washington, D. C.
39.73915, -104.9847, 1308.025, NAN % Denver
43.0389, -87.90647, 1176.519, NAN % Milwaukee
45.52345, -122.67621, 1429.477, NAN % Portland
36.17497, -115.13722, 117.379, NAN % Las Vegas
35.46756, -97.51643, 589.198, NAN % Oklahoma City
42.33343, -71.04949, 912.867, NAN % South Boston
35.08449, -106.65114, 447.059, NAN % Albuquerque
36.16589, -86.78444, 361.961, NAN % Nashville
32.22174, -110.92648, 355.432, NAN % Tucson
36.74773, -119.77237, 164.672, NAN % Fresno
38.58157, -121.4944, 469.073, NAN % Sacramento
33.76696, -118.18923, 99.804, NAN % Long Beach
39.09973, -94.57857, 760.415, NAN % Kansas City
33.42227, -111.82264, 81.482, NAN % Mesa
36.85293, -75.97798, 95.227, NAN % Virginia Beach
33.749, -84.38798, 6630.698, NAN % Atlanta
38.83388, -104.82136, 122.703, NAN % Colorado Springs
41.25861, -95.93779, 695.104, NAN % Omaha
35.7721, -78.63861, 291.891, NAN % Raleigh
25.77427, -80.19366, 708.011, NAN % Miami
41.4995, -81.69541, 1217.145, NAN % Cleveland
36.15398, -95.99278, 549.243, NAN % Tulsa
37.80437, -122.2708, 215.489, NAN % Oakland
44.97997, -93.26384, 1426.029, NAN % Minneapolis
37.69224, -97.33754, 423.504, NAN % Wichita
21.30694, -157.85834, 479.767, NAN % Honolulu
32.73569, -97.10807, 65.783, NAN % Arlington
35.37329, -119.01871, 291.174, NAN % Bakersfield
29.95465, -90.07507, 310.259, NAN % New Orleans
35.78682, -78.66389, 544.01, NAN % West Raleigh
33.83529, -117.9145, 64.304, NAN % Anaheim
27.94752, -82.45843, 1929.153, NAN % Tampa
39.72943, -104.83192, 37.591, NAN % Aurora
33.74557, -117.86783, 368.796, NAN % Santa Ana
38.62727, -90.19789, 1665.577, NAN % Saint Louis
40.44062, -79.99589, 1562.463, NAN % Pittsburgh
27.80058, -97.39638, 62.534, NAN % Corpus Christi
33.95335, -117.39616, 140.4, NAN % Riverside
39.162, -84.45689, 831.538, NAN % Cincinnati
38.0498, -84.45855, 138.127, NAN % Lexington-Fayette
61.21806, -149.90028, 365.729, NAN % Anchorage
37.9577, -121.29078, 256.207, NAN % Stockton
41.66394, -83.55521, 336.301, NAN % Toledo
44.94441, -93.09327, 475.663, NAN % Saint Paul
40.73566, -74.17237, 1059.888, NAN % Newark
36.07264, -79.79198, 311.144, NAN % Greensboro
42.88645, -78.87837, 320.74, NAN % Buffalo
33.01984, -96.69889, 572.859, NAN % Plano
40.8, -96.66696, 432.032, NAN % Lincoln
36.0397, -114.98194, 54.509, NAN % Henderson
41.1306, -85.12886, 158.89, NAN % Fort Wayne
40.72816, -74.07764, 851.523, NAN % Jersey City
27.77086, -82.67927, 238.831, NAN % Saint Petersburg
32.64005, -117.0842, 104.457, NAN % Chula Vista
38.25424, -85.75941, 438.5, NAN % Louisville
36.84681, -76.28522, 179.211, NAN % Norfolk
28.53834, -81.37924, 6954.215, NAN % Orlando
33.30616, -111.84125, 88.393, NAN % Chandler
27.50641, -99.50754, 79.727, NAN % Laredo
43.07305, -89.40123, 459.263, NAN % Madison
36.09986, -80.24422, 571.287, NAN % Winston-Salem
33.57786, -101.85517, 204.292, NAN % Lubbock
30.45075, -91.15455, 348.124, NAN % Baton Rouge
35.99403, -78.89862, 515.847, NAN % Durham
32.91262, -96.63888, 23.113, NAN % Garland
33.53865, -112.18599, 676.965, NAN % Glendale
37.98869, -84.47772, 307.04, NAN % Lexington
39.52963, -119.8138, 535.787, NAN % Reno
25.8576, -80.27811, 1110.614, NAN % Hialeah
36.09719, -115.14666, 263.729, NAN % Paradise
36.81904, -76.27494, 85.448, NAN % Chesapeake
33.50921, -111.89903, 1458.097, NAN % Scottsdale
32.81402, -96.94889, 958.207, NAN % Irving
37.54827, -121.98857, 1423.176, NAN % Fremont
33.66946, -117.82311, 736.097, NAN % Irvine
33.52066, -86.80249, 446.525, NAN % Birmingham
43.15478, -77.61556, 951.647, NAN % Rochester
34.10834, -117.28977, 5.019, NAN % San Bernardino
47.65966, -117.42908, 1186.054, NAN % Spokane
33.35283, -111.78903, 30.558, NAN % Gilbert
38.88101, -77.10428, 8023.027, NAN % Arlington
32.36681, -86.29997, 101.055, NAN % Montgomery
37.55376, -77.46026, 646.743, NAN % Richmond
41.60054, -93.60911, 743.938, NAN % Des Moines
34.16056, -118.26452, 29.856, NAN % North Glendale
37.6391, -120.99688, 166.35, NAN % Modesto
35.05266, -78.87836, 89.354, NAN % Fayetteville
32.52515, -93.75018, 304.263, NAN % Shreveport
41.08144, -81.51901, 549.807, NAN % Akron
47.25288, -122.44429, 342.724, NAN % Tacoma
41.76058, -88.32007, 107.264, NAN % Aurora
34.1975, -119.17705, 24.165, NAN % Oxnard
40.93121, -73.89875, 461.475, NAN % Yonkers
30.69436, -88.04305, 227.557, NAN % Mobile
34.74648, -92.28959, 518.746, NAN % Little Rock
33.93752, -117.23059, 6.102, NAN % Moreno Valley
34.14251, -118.25508, 36.187, NAN % Glendale
35.222, -101.8313, 318.329, NAN % Amarillo
33.6603, -117.99923, 114.129, NAN % Huntington Beach
32.46098, -84.98771, 177.258, NAN % Columbus
36.21108, -115.07306, 49.338, NAN % Sunrise Manor
42.96336, -85.66809, 975.218, NAN % Grand Rapids
34.19084, -119.2415, 233.613, NAN % Oxnard Shores
40.76078, -111.89105, 1154.551, NAN % Salt Lake City
30.43826, -84.28073, 328.642, NAN % Tallahassee
42.26259, -71.80229, 288.443, NAN % Worcester
36.97876, -76.428, 111.49, NAN % Newport News
34.73037, -86.5861, 201.378, NAN % Huntsville
35.96064, -83.92074, 824.413, NAN % Knoxville
36.10803, -115.245, 454.976, NAN % Spring Valley
41.82399, -71.41283, 511.027, NAN % Providence
34.39166, -118.54259, 95.319, NAN % Santa Clarita
32.74596, -96.99778, 64.792, NAN % Grand Prairie
25.90175, -97.49748, 33.883, NAN % Brownsville
32.29876, -90.18481, 449.316, NAN % Jackson
38.98223, -94.67079, 973.005, NAN % Overland Park
40.66677, -73.88236, 500.424, NAN % East New York
33.77391, -117.94145, 48.453, NAN % Garden Grove
38.44047, -122.71443, 393.831, NAN % Santa Rosa
35.04563, -85.30968, 116.982, NAN % Chattanooga
34.09834, -118.32674, 335.08, NAN % Hollywood
26.12231, -80.14338, 473.619, NAN % Fort Lauderdale
34.1064, -117.59311, 23.357, NAN % Rancho Cucamonga
27.29393, -80.35033, 95.761, NAN % Port Saint Lucie
34.06334, -117.65089, 216.176, NAN % Ontario
45.63873, -122.66149, 183.116, NAN % Vancouver
37.21533, -93.29824, 327.117, NAN % Springfield
33.41421, -111.94348, 114.938, NAN % Tempe Junction
34.69804, -118.13674, 14.432, NAN % Lancaster
44.05207, -123.08675, 582.089, NAN % Eugene
26.00315, -80.22394, 69.338, NAN % Pembroke Pines
44.9429, -123.0351, 147.021, NAN % Salem
26.56285, -81.94953, 218.525, NAN % Cape Coral
33.5806, -112.23738, 17.087, NAN % Peoria
35.06535, -85.24912, 92.207, NAN % East Chattanooga
43.54997, -96.70033, 346.614, NAN % Sioux Falls
42.10148, -72.58981, 699.605, NAN % Springfield
38.4088, -121.37162, 120.293, NAN % Elk Grove
42.27113, -89.094, 42.472, NAN % Rockford
34.57943, -118.11646, 2.441, NAN % Palmdale
33.87529, -117.56644, 17.087, NAN % Corona
36.67774, -121.6555, 91.734, NAN % Salinas
34.05529, -117.75228, 228.289, NAN % Pomona
29.69106, -95.2091, 137.791, NAN % Pasadena
37.03737, -76.33161, 11.594, NAN % East Hampton
41.52503, -88.08173, 168.517, NAN % Joliet
40.91677, -74.17181, 1724.129, NAN % Paterson
43.6135, -116.20345, 382.755, NAN % Boise
39.11417, -94.62746, 490.66, NAN % Kansas City
33.83585, -118.34063, 217.229, NAN % Torrance
43.04812, -76.14742, 433.649, NAN % Syracuse
41.16704, -73.20483, 1028.979, NAN % Bridgeport
37.66882, -122.0808, 180.462, NAN % Hayward
40.58526, -105.08442, 414.594, NAN % Fort Collins
33.11921, -117.08642, 180.355, NAN % Escondido
39.70471, -105.08137, 138.89, NAN % Lakewood
29.97854, -90.16396, 182.293, NAN % Metairie Terrace
41.78586, -88.14729, 1830.219, NAN % Naperville
39.75895, -84.19161, 519.082, NAN % Dayton
26.0112, -80.14949, 49.338, NAN % Hollywood
37.36883, -122.03635, 846.656, NAN % Sunnyvale
38.80484, -77.04692, 289.923, NAN % Alexandria
32.7668, -96.59916, 97.851, NAN % Mesquite
29.98409, -90.15285, 12.312, NAN % Metairie
37.02987, -76.34522, 12.54, NAN % Hampton
34.14778, -118.14452, 237.595, NAN % Pasadena
33.78779, -117.85311, 335.462, NAN % Orange
32.08354, -81.09983, 36.584, NAN % Savannah
35.79154, -78.78112, 200.279, NAN % Cary
33.87029, -117.92534, 96.127, NAN % Fullerton
42.47754, -83.0277, 514.2, NAN % Warren
36.52977, -87.35945, 165.435, NAN % Clarksville
33.19762, -96.61527, 145.724, NAN % McKinney
26.20341, -98.23001, 220.905, NAN % McAllen
41.30815, -72.92816, 140.141, NAN % New Haven
42.58031, -83.0302, 1143.017, NAN % Sterling Heights
40.69161, -112.00105, 46.424, NAN % West Valley City
34.00071, -81.03481, 264.568, NAN % Columbia
31.11712, -97.7278, 43.174, NAN % Killeen
39.04833, -95.67804, 169.34, NAN % Topeka
34.17056, -118.83759, 114.328, NAN % Thousand Oaks
34.0239, -118.17202, 25.34, NAN % East Los Angeles
42.00833, -91.64407, 734.754, NAN % Cedar Rapids
38.8814, -94.81913, 191.568, NAN % Olathe
40.66399, -74.2107, 655.546, NAN % Elizabeth
31.54933, -97.14667, 398.911, NAN % Waco
41.76371, -72.68509, 321.67, NAN % Hartford
36.33023, -119.29206, 37.087, NAN % Visalia
29.65163, -82.32483, 278.634, NAN % Gainesville
34.26945, -118.78148, 59.574, NAN % Simi Valley
41.05343, -73.53873, 518.09, NAN % Stamford
47.61038, -122.20068, 720.093, NAN % Bellevue
37.97798, -122.03107, 141.361, NAN % Concord
25.98731, -80.23227, 3.005, NAN % Miramar
41.13815, -73.54346, 166.747, NAN % North Stamford
26.27119, -80.2706, 552.843, NAN % Coral Springs
30.22409, -92.01984, 192.59, NAN % Lafayette
32.77657, -79.93092, 131.994, NAN % Charleston
32.95373, -96.89028, 2830.593, NAN % Carrollton
38.75212, -121.28801, 548.663, NAN % Roseville
39.86804, -104.97192, 139.607, NAN % Thornton
30.08605, -94.10185, 166.045, NAN % Beaumont
40.60843, -75.49018, 1820.013, NAN % Allentown
33.63059, -112.33322, 104.716, NAN % Surprise
37.97476, -87.55585, 379.429, NAN % Evansville
32.44874, -99.73314, 177.304, NAN % Abilene
33.15067, -96.82361, 39.635, NAN % Frisco
33.96095, -83.37794, 273.935, NAN % Athens
37.35411, -121.95524, 837.976, NAN % Santa Clara
39.80172, -89.64371, 238.099, NAN % Springfield
38.10409, -122.25664, 110.361, NAN % Vallejo
34.53611, -117.29116, 23.189, NAN % Victorville
40.69365, -89.58899, 173.231, NAN % Peoria
42.73254, -84.55553, 4811.967, NAN % Lansing
42.27756, -83.74088, 721.039, NAN % Ann Arbor
34.06862, -118.02757, 112.039, NAN % El Monte
33.21484, -97.13307, 50.558, NAN % Denton
40.71754, -89.58426, 236.222, NAN % North Peoria
37.87159, -122.27275, 29.749, NAN % Berkeley
40.23384, -111.65853, 550.097, NAN % Provo
33.94001, -118.13257, 23.54, NAN % Downey
31.99735, -102.07791, 97.195, NAN % Midland
35.22257, -97.43948, 115.014, NAN % Norman
39.09556, -94.35523, 121.101, NAN % East Independence
41.55815, -73.0515, 110.376, NAN % Waterbury
33.64113, -117.91867, 134.679, NAN % Costa Mesa
33.96168, -118.35313, 899.06, NAN % Inglewood
42.99564, -71.45479, 1067.272, NAN % Manchester
35.84562, -86.39027, 149.767, NAN % Murfreesboro
38.95171, -92.33407, 232.134, NAN % Columbia
36.02525, -115.24194, 40.962, NAN % Enterprise
42.03725, -88.28119, 716.844, NAN % Elgin
27.96585, -82.8001, 230.883, NAN % Clearwater
25.94204, -80.2456, 59.132, NAN % Miami Gardens
44.02163, -92.4699, 362.663, NAN % Rochester
38.25445, -104.60914, 86.028, NAN % Pueblo
42.63342, -71.31617, 600.685, NAN % Lowell
34.22573, -77.94471, 25.859, NAN % Wilmington
39.80276, -105.08748, 287.39, NAN % Arvada
39.83665, -105.0372, 141.315, NAN % Westminster
34.06862, -117.93895, 162.429, NAN % West Covina
45.49818, -122.43148, 86.058, NAN % Gresham
46.87719, -96.7898, 321.731, NAN % Fargo
33.90224, -118.08173, 210.135, NAN % Norwalk
33.15809, -117.35059, 67.263, NAN % Carlsbad
38.24936, -122.03997, 5.599, NAN % Fairfield
42.3751, -71.10561, 1266.712, NAN % Cambridge
34.1389, -118.35341, 164.657, NAN % Universal City
33.91371, -98.49339, 96.616, NAN % Wichita Falls
35.95569, -80.00532, 67.385, NAN % High Point
45.78329, -108.50069, 309.984, NAN % Billings
44.51916, -88.01983, 561.768, NAN % Green Bay
40.60967, -111.9391, 293.34, NAN % West Jordan
37.93576, -122.34775, 32.236, NAN % Richmond
27.9378, -82.28592, 121.803, NAN % Brandon
33.55391, -117.21392, 27.232, NAN % Murrieta
34.18084, -118.30897, 243.042, NAN % Burbank
28.03446, -80.58866, 71.276, NAN % Palm Bay
47.97898, -122.20208, 214.254, NAN % Everett
40.51872, -74.4121, 1263.401, NAN % Edison
43.01253, -83.68746, 216.374, NAN % Flint
38.00492, -121.80579, 0.076, NAN % Antioch
42.12922, -80.08506, 151.567, NAN % Erie
41.68338, -86.25001, 526.771, NAN % South Bend
37.70577, -122.46192, 197.167, NAN % Daly City
39.57916, -104.87692, 1045.212, NAN % Centennial
33.49364, -117.14836, 198.128, NAN % Temecula
19.07283, 72.88261, 5569.827, ASS % Mumbai
12.97194, 77.59369, 1422.687, ASS % Bangalore
22.56972, 88.36972, 847.001, ASS % Calcutta
13.08784, 80.27847, 1123.317, ASS % Chennai
23.03333, 72.61667, 257.178, ASS % Ahmadabad
17.37528, 78.47444, 1282.409, ASS % Hyderabad
21.16667, 72.83333, 157.025, ASS % Surat
26.46667, 80.35, 17.508, ASS % Kanpur
26.91962, 75.78781, 639.736, ASS % Jaipur
23.26667, 77.4, 30.992, ASS % Bhopal
22.3, 70.78333, 8.808, ASS % Rajkot
18.53017, 73.85263, 612.007, ASS % Shivaji Nagar
10.9925, 76.96139, 158.33, ASS % Coimbatore
30.7343, 76.7933, 177.686, ASS % Chandigarh
26.18617, 91.75095, 0.326, ASS % Guwahati
12.29791, 76.63925, 176.708, ASS % Mysore
8.50694, 76.95694, 8.264, ASS % Thiruvananthapuram
10.805, 78.68556, 55.35, ASS % Tiruchchirappalli
25.18333, 75.83333, 22.075, ASS % Kota
20.23333, 85.83333, 138.321, ASS % Bhubaneshwar
9.93988, 76.26022, 261.419, ASS % Cochin
19.21667, 73.15, 487.931, ASS % Ulhasnagar
20.73333, 77.0, 772.294, ASS % Akola
12.91723, 74.85603, 111.679, ASS % Mangalore
28.63576, 77.22445, 2610.054, ASS % New Delhi
28.58, 77.33, 957.484, ASS % Noida
25.18333, 85.51667, 159.635, ASS % Bihar Sharif
11.93, 79.83, 151.588, ASS % Puducherry
10.8, 79.15, 0.326, ASS % Thanjavur
29.96667, 78.16667, 5.002, ASS % Haridwar
12.9184, 79.13255, 11.636, ASS % Vellore
26.84766, 89.37558, 74.054, ASS % Jaigaon
24.81667, 92.8, 0.652, ASS % Silchar
19.15096, 72.99625, 591.998, ASS % Airoli
35.6895, 139.69171, 2487.784, ASP % Tokyo
35.44778, 139.6425, 73.308, ASP % Yokohama-shi
34.69374, 135.50218, 688.4, ASP % Osaka-shi
35.18147, 136.9064, 118.905, ASP % Nagoya-shi
43.06417, 141.34694, 70.259, ASP % Sapporo-shi
34.6913, 135.183, 52.114, ASP % Kobe-shi
35.02107, 135.75385, 42.054, ASP % Kyoto
33.60639, 130.41806, 135.811, ASP % Fukuoka-shi
35.52056, 139.71722, 17.818, ASP % Kawasaki
34.39627, 132.45937, 39.245, ASP % Hiroshima-shi
35.88333, 139.63333, 28.262, ASP % Yono
38.26889, 140.87193, 35.051, ASP % Sendai-shi
33.83333, 130.83333, 14.658, ASP % Kitakyushu
35.60472, 140.12334, 30.661, ASP % Chiba-shi
34.58333, 135.46667, 0.727, ASP % Sakai
34.97694, 138.38306, 31.325, ASP % Shizuoka-shi
35.73333, 139.65, 4.161, ASP % Nerima
32.78972, 130.74167, 17.568, ASP % Kumamoto-shi
35.55306, 139.35445, 1.137, ASP % Sagamihara
34.66167, 133.935, 32.973, ASP % Okayama-shi
34.7, 137.73334, 7.519, ASP % Hamamatsu
35.65583, 139.32388, 16.267, ASP % Hachioji
35.69306, 139.98334, 3.126, ASP % Funabashi
31.56018, 130.55814, 18.937, ASP % Kagoshima-shi
37.90222, 139.0236, 20.536, ASP % Niigata-shi
34.81667, 134.7, 5.515, ASP % Himeji
35.78333, 139.9, 3.175, ASP % Matsudo
34.71667, 135.33333, 9.581, ASP % Nishinomiya
35.805, 139.72057, 3.154, ASP % Kawaguchi
36.59444, 136.62556, 37.664, ASP % Kanazawa-shi
35.71972, 139.92471, 5.03, ASP % Ichikawa
36.56583, 139.8836, 4.287, ASP % Utsunomiya-shi
33.23806, 131.6125, 33.355, ASP % Oita-shi
33.83916, 132.76575, 4.315, ASP % Matsuyama-shi
34.71667, 135.41667, 4.206, ASP % Amagasaki
34.58333, 133.76666, 5.775, ASP % Kurashiki
35.28361, 139.66722, 2.972, ASP % Yokosuka
32.74472, 129.87361, 14.233, ASP % Nagasaki-shi
34.81352, 135.64914, 3.556, ASP % Hirakata
35.54028, 139.45084, 1.435, ASP % Machida
35.42291, 136.76039, 15.262, ASP % Gifu-shi
35.34194, 139.47, 1.587, ASP % Fujisawa
34.78244, 135.46931, 0.574, ASP % Toyonaka
34.48333, 133.36667, 11.138, ASP % Fukuyama
34.76667, 137.38333, 4.324, ASP % Toyohashi
34.18333, 135.2, 0.008, ASP % Shimminatocho
34.68505, 135.80486, 3.548, ASP % Nara-shi
35.08333, 137.15, 8.525, ASP % Toyota
36.65139, 138.1811, 7.983, ASP % Nagano-shi
35.60902, 139.73016, 78.811, ASP % Shinagawa-ku
43.76778, 142.37029, 2.393, ASP % Asahikawa
34.84833, 135.61678, 5.073, ASP % Takatsuki
34.95, 137.16667, 1.675, ASP % Okazaki
34.22611, 135.1675, 5.233, ASP % Wakayama-shi
37.4, 140.38333, 6.922, ASP % Koriyama
35.85444, 139.96889, 1.658, ASP % Kashiwa
33.55972, 133.53111, 16.517, ASP % Kochi-shi
34.34028, 134.04333, 28.298, ASP % Takamatsu-shi
39.71806, 140.10333, 5.343, ASP % Akita-shi
36.69528, 137.2114, 42.751, ASP % Toyama-shi
39.71667, 140.11667, 0.154, ASP % Akita
35.88333, 139.78333, 2.824, ASP % Koshigaya
31.91111, 131.42389, 12.64, ASP % Miyazaki-shi
26.2125, 127.68111, 33.217, ASP % Naha-shi
35.24762, 136.97229, 1.447, ASP % Kasugai
40.82444, 140.74, 16.32, ASP % Aomori-shi
35.00444, 135.86833, 17.869, ASP % Otsu-shi
34.63333, 134.98334, 2.474, ASP % Akashi
34.96667, 136.61667, 8.513, ASP % Yokkaichi
39.70361, 141.1525, 19.115, ASP % Morioka-shi
37.75, 140.46777, 0.063, ASP % Fukushima-shi
35.51667, 140.08333, 1.291, ASP % Ichihara
36.39111, 139.06084, 15.959, ASP % Maebashi-shi
41.77583, 140.73666, 3.51, ASP % Hakodate
34.81641, 135.56828, 1.281, ASP % Ibaraki
34.61667, 135.6, 2.949, ASP % Yao
34.76667, 134.85, 16.022, ASP % Kakogawa
34.06583, 134.55943, 19.714, ASP % Tokushima-shi
35.32306, 139.34222, 3.329, ASP % Hiratsuka
38.24056, 140.36333, 28.731, ASP % Yamagata-shi
36.06443, 136.22256, 7.577, ASP % Fukui-shi
36.34139, 140.44667, 12.234, ASP % Mito-shi
33.95, 130.95, 3.353, ASP % Shimonoseki
36.33333, 139.01666, 12.031, ASP % Takasaki
35.66667, 139.48334, 6.291, ASP % Fuchu
35.16667, 138.68333, 2.478, ASP % Fuji
40.5, 141.5, 0.443, ASP % Hachinohe
33.31667, 130.51666, 12.307, ASP % Kurume
33.15917, 129.72278, 2.099, ASP % Sasebo
35.82028, 139.80444, 5.671, ASP % Soka
35.43889, 139.35973, 11.534, ASP % Atsugi
34.79936, 135.35696, 1.62, ASP % Takarazuka
35.96972, 139.58861, 4.214, ASP % Ageo
35.65556, 139.55222, 6.887, ASP % Chofu
36.23333, 137.96667, 21.754, ASP % Matsumoto
35.97639, 139.75362, 0.01, ASP % Kasukabe
34.46667, 135.36667, 9.195, ASP % Kishiwada
35.1, 138.86667, 1.325, ASP % Numazu
35.25556, 139.15971, 0.114, ASP % Odawara
34.23333, 132.56667, 5.661, ASP % Kure
37.45, 138.85, 11.402, ASP % Nagaoka
34.78427, 135.40126, 5.349, ASP % Itami
34.88333, 135.8, 0.42, ASP % Uji
34.88333, 136.58333, 2.462, ASP % Suzuka
35.66389, 138.56833, 30.015, ASP % Kofu-shi
35.72639, 139.48389, 2.83, ASP % Kodaira
36.6, 140.65, 6.069, ASP % Hitachi
42.975, 144.37473, 0.022, ASP % Kushiro
35.68351, 139.55963, 8.812, ASP % Mitaka-shi
35.71667, 140.23334, 38.342, ASP % Sakura
34.95828, 137.08054, 2.763, ASP % Anjo
36.2, 140.1, 35.151, ASP % Tsukuba
40.59306, 140.4725, 7.395, ASP % Hirosaki
42.63694, 141.60333, 3.112, ASP % Tomakomai
35.37111, 139.22362, 0.01, ASP % Hadano
33.94306, 131.25111, 2.74, ASP % Ube
35.69278, 139.41806, 13.007, ASP % Tachikawa
35.67306, 139.40028, 14.664, ASP % Hino
36.75, 137.01666, 26.96, ASP % Takaoka
35.30889, 139.55028, 0.02, ASP % Kamakura
33.24932, 130.2988, 7.354, ASP % Saga-shi
35.85295, 139.41212, 13.541, ASP % Sayama
34.81667, 135.41667, 0.593, ASP % Kawanishi
36.3, 139.8, 11.375, ASP % Oyama
36.33333, 139.45, 8.73, ASP % Ashikaga
35.47222, 133.05057, 15.025, ASP % Matsue-shi
36.39659, 140.53479, 0.168, ASP % Hitachi-Naka
35.68333, 140.03333, 6.366, ASP % Narashino
35.8563, 139.90266, 4.472, ASP % Nagareyama
36.13333, 139.38333, 5.824, ASP % Kumagaya
35.5, 134.23334, 5.109, ASP % Tottori
35.28333, 136.91667, 1.21, ASP % Komaki
35.78389, 139.24306, 7.677, ASP % Ome
34.18583, 131.47139, 35.212, ASP % Yamaguchi-shi
43.18944, 141.00221, 6.159, ASP % Otaru
35.67056, 139.88861, 78.308, ASP % Urayasu
35.43333, 133.33333, 2.848, ASP % Yonago
34.98333, 136.98334, 12.766, ASP % Kariya
35.70611, 139.55943, 4.334, ASP % Musashino
35.48889, 139.38861, 5.373, ASP % Zama
35.23333, 137.1, 1.238, ASP % Seto
43.10806, 141.55057, 3.698, ASP % Ebetsu
34.5, 135.6, 0.38, ASP % Tondabayashi
34.88333, 135.23334, 5.211, ASP % Sanda
35.41667, 136.86667, 0.873, ASP % Kakamigahara
33.03333, 130.45, 5.582, ASP % Omuta
35.86667, 140.01666, 2.119, ASP % Abiko
31.73333, 131.06667, 7.013, ASP % Miyakonojo
34.56667, 135.55, 1.254, ASP % Matsubara
36.31667, 139.2, 3.14, ASP % Isesaki
34.7, 135.61667, 15.839, ASP % Daito
34.82691, 135.47057, 1.461, ASP % Mino
35.01667, 135.96667, 5.903, ASP % Kusatsu
36.4, 138.26666, 0.552, ASP % Ueda
26.33583, 127.80139, 50.832, ASP % Okinawa
33.27361, 131.49194, 0.643, ASP % Beppu
34.56667, 136.53333, 12.638, ASP % Matsuzaka
34.50896, 135.7929, 9.035, ASP % Kashihara-shi
33.95933, 133.31673, 4.309, ASP % Niihama
35.37472, 139.9225, 4.622, ASP % Kisarazu
32.58333, 131.66667, 10.612, ASP % Nobeoka
34.88333, 136.93333, 0.905, ASP % Handa
35.69139, 139.50111, 2.148, ASP % Koganei
35.11667, 138.91667, 3.217, ASP % Mishima
43.80306, 143.89082, 0.148, ASP % Kitami
35.06667, 136.7, 2.454, ASP % Kuwana
36.4, 139.33333, 1.754, ASP % Kiryu
35.51965, 137.82074, 5.115, ASP % Iida
36.2, 139.28333, 4.139, ASP % Fukaya
35.39056, 139.30779, 4.309, ASP % Isehara
34.86667, 137.05, 0.191, ASP % Nishio
35.25, 136.78333, 4.011, ASP % Inazawa
34.05, 131.81667, 12.571, ASP % Tokuyama
35.78333, 140.31667, 78.346, ASP % Narita
38.91667, 139.855, 4.557, ASP % Sakata
35.33165, 136.87042, 8.006, ASP % Konan
33.49631, 130.5156, 6.926, ASP % Chikushino-shi
-23.5475, -46.63611, 3338.021, SAE % Sao Paulo
-22.90278, -43.2075, 1226.174, SAE % Rio de Janeiro
-12.97111, -38.51083, 148.135, SAE % Salvador
-3.71722, -38.54306, 181.58, SAE % Fortaleza
-19.92083, -43.93778, 470.764, SAE % Belo Horizonte
-15.77972, -47.92972, 463.271, SAE % Brasilia
-25.42778, -49.27306, 402.248, SAE % Curitiba
-3.10194, -60.025, 83.365, SAE % Manaus
-8.05389, -34.88111, 285.099, SAE % Recife
-1.45583, -48.50444, 35.161, SAE % Belem
-30.03306, -51.23, 369.728, SAE % Porto Alegre
-16.67861, -49.25389, 244.138, SAE % Goiania
-23.46278, -46.53333, 0.271, SAE % Guarulhos
-22.90556, -47.06083, 53.147, SAE % Campinas
-9.66583, -35.73528, 137.844, SAE % Maceio
-2.52972, -44.30278, 25.073, SAE % Sao Luis
-5.795, -35.20944, 28.819, SAE % Natal
-5.08917, -42.80194, 45.226, SAE % Teresina
-20.44278, -54.64639, 43.804, SAE % Campo Grande
-23.5325, -46.79167, 3.092, SAE % Osasco
-23.66389, -46.53833, 48.476, SAE % Santo Andre
-7.115, -34.86306, 43.714, SAE % Joao Pessoa
-23.17944, -45.88694, 51.071, SAE % Sao Jose dos Campos
-18.91861, -48.27722, 333.529, SAE % Uberlandia
-23.50167, -47.45806, 1.783, SAE % Sorocaba
-21.1775, -47.81028, 39.178, SAE % Ribeirao Preto
-15.59611, -56.09667, 98.937, SAE % Cuiaba
-10.91111, -37.07167, 69.554, SAE % Aracaju
-12.26667, -38.96667, 36.357, SAE % Feira de Santana
-23.31028, -51.16278, 21.755, SAE % Londrina
-26.30444, -48.84556, 22.839, SAE % Joinville
-22.88333, -43.10361, 116.856, SAE % Niteroi
-27.59667, -48.54917, 330.911, SAE % Florianopolis
-20.32972, -40.2925, 0.158, SAE % Vila Velha
-23.66778, -46.46139, 15.075, SAE % Maua
-29.16806, -51.17944, 119.88, SAE % Caxias do Sul
-20.81972, -49.37944, 39.268, SAE % Sao Jose do Rio Preto
-7.23056, -35.88111, 20.311, SAE % Campina Grande
0.03889, -51.06639, 1.174, SAE % Macapa
-22.31472, -49.06056, 37.305, SAE % Bauru
-29.91778, -51.18361, 0.023, SAE % Canoas
-31.77194, -52.3425, 0.903, SAE % Pelotas
-20.31944, -40.33778, 20.695, SAE % Vitoria
-23.42528, -51.93861, 109.07, SAE % Maringa
-8.76194, -63.90389, 20.875, SAE % Porto Velho
-20.53861, -47.40083, 70.727, SAE % Franca
-26.91944, -49.06611, 67.929, SAE % Blumenau
-25.54778, -54.58806, 7.899, SAE % Foz do Iguacu
-25.095, -50.16194, 64.296, SAE % Ponta Grossa
-9.97472, -67.81, 0.181, SAE % Rio Branco
-24.95583, -53.45528, 110.627, SAE % Cascavel
-29.67833, -51.13056, 7.199, SAE % Novo Hamburgo
-23.51056, -46.87611, 44.91, SAE % Barueri
-18.85111, -41.94944, 19.318, SAE % Governador Valadares
-24.00583, -46.40278, 4.243, SAE % Praia Grande
-29.68417, -53.80694, 130.103, SAE % Santa Maria
-19.76972, -43.85139, 16.7, SAE % Santa Luzia
-8.28333, -35.97611, 0.88, SAE % Caruaru
-22.12556, -51.38889, 59.647, SAE % Presidente Prudente
-22.0175, -47.89083, 4.175, SAE % Sao Carlos
-5.1875, -37.34417, 24.057, SAE % Mossoro
-10.21278, -48.36028, 22.477, SAE % Palmas
-20.13889, -44.88389, 34.529, SAE % Divinopolis
-28.26278, -52.40667, 2.844, SAE % Passo Fundo
-23.60389, -46.91917, 0.496, SAE % Cotia
-21.20889, -50.43278, 1.715, SAE % Aracatuba
-21.79444, -48.17556, 1.016, SAE % Araraquara
-27.81611, -50.32611, 102.683, SAE % Lages
-22.22111, -54.80556, 0.113, SAE % Dourados
-27.09639, -52.61833, 53.621, SAE % Chapeco
-26.90778, -48.66194, 17.49, SAE % Itajai
-25.39528, -51.45806, 5.868, SAE % Guarapuava
-26.48611, -49.06667, 0.226, SAE % Jaragua do Sul
-22.37222, -46.94222, 35.702, SAE % Mogi Guacu
-13.8575, -40.08361, 3.002, SAE % Jequie
-18.57889, -46.51806, 6.545, SAE % Patos de Minas
-22.95194, -46.54194, 32.498, SAE % Braganca Paulista
-21.22583, -43.77361, 19.115, SAE % Barbacena
-22.23, -45.93639, 2.189, SAE % Pouso Alegre
-22.88583, -48.445, 20.65, SAE % Botucatu
-20.66028, -43.78611, 37.688, SAE % Conselheiro Lafaiete
-22.35694, -47.38417, 18.709, SAE % Araras
-30.11389, -51.325, 6.432, SAE % Guaiba
52.52437, 13.41053, 3.265, EUW % Berlin
53.55, 10.0, 179.468, EUW % Hamburg
48.13743, 11.57549, 211.031, EUW % Muenchen
50.93333, 6.95, 202.962, EUW % Koeln
50.11667, 8.68333, 928.54, EUW % Frankfurt am Main
51.45, 7.01667, 29.012, EUW % Essen
48.78232, 9.17702, 115.668, EUW % Stuttgart
51.51667, 7.45, 45.672, EUW % Dortmund
51.22172, 6.77616, 159.045, EUW % Dusseldorf
53.07516, 8.80777, 27.09, EUW % Bremen
52.37052, 9.73322, 62.031, EUW % Hannover
51.33962, 12.37129, 3.704, EUW % Leipzig
51.43333, 6.75, 23.495, EUW % Duisburg
49.44778, 11.06833, 758.298, EUW % Nuremberg
51.05089, 13.73832, 94.325, EUW % Dresden
53.56667, 10.1, 6.857, EUW % Wandsbek
51.48333, 7.21667, 9.747, EUW % Bochum
51.26667, 7.18333, 13.065, EUW % Wuppertal
52.56926, 13.40186, 6.114, EUW % Berlin Pankow
52.03333, 8.53333, 43.515, EUW % Bielefeld
52.52003, 13.40489, 375.852, EUW % Berlin Mitte
52.50097, 13.29097, 9.562, EUW % Berlin Wilmersdorf
50.73333, 7.1, 41.609, EUW % Bonn
49.48833, 8.46472, 21.942, EUW % Mannheim
52.43485, 13.24183, 0.119, EUW % Berlin Steglitz Zehlendorf
53.56667, 10.08333, 2.923, EUW % Marienthal
49.00472, 8.38583, 274.783, EUW % Karlsruhe
50.08333, 8.25, 14.4, EUW % Wiesbaden
51.96236, 7.62571, 25.111, EUW % Muenster
51.51667, 7.05, 9.197, EUW % Gelsenkirchen
50.77664, 6.08342, 26.13, EUW % Aachen
51.2, 6.43333, 3.068, EUW % Monchengladbach
48.36667, 10.88333, 20.683, EUW % Augsburg
53.56667, 9.98333, 4.6, EUW % Eimsbuettel
53.55, 9.93333, 15.475, EUW % Altona
50.83333, 12.91667, 27.576, EUW % Chemnitz
52.26667, 10.53333, 22.559, EUW % Braunschweig
52.56667, 13.33333, 11.33, EUW % Berlin Reinickendorf
51.47924, 11.91605, 3.282, EUW % Halle Neustadt
51.33333, 6.56667, 10.723, EUW % Krefeld
51.5, 12.0, 11.775, EUW % Halle
54.32133, 10.13489, 42.461, EUW % Kiel
52.16667, 11.66667, 2.759, EUW % Magdeburg
52.15, 11.63333, 10.659, EUW % Neue Neustadt
51.46667, 6.85, 10.782, EUW % Oberhausen
47.9959, 7.85222, 20.422, EUW % Freiburg
53.86893, 10.68729, 7.816, EUW % Luebeck
50.98333, 11.03333, 81.006, EUW % Erfurt
53.46667, 9.98333, 1.569, EUW % Harburg
51.35, 7.46667, 7.019, EUW % Hagen
54.0887, 12.14049, 30.37, EUW % Rostock
51.31667, 9.5, 14.849, EUW % Kassel
51.68033, 7.82089, 0.308, EUW % Hamm
50.0, 8.27111, 13.793, EUW % Mainz
49.23333, 7.0, 18, EUW % Saarbrucken
52.26667, 8.05, 14.056, EUW % Osnabruck
51.18333, 7.08333, 3.575, EUW % Solingen
49.48111, 8.43528, 27.951, EUW % Ludwigshafen am Rhein
53.16667, 8.2, 20.408, EUW % Oldenburg
51.2, 6.68333, 10.885, EUW % Neuss
52.39886, 13.06566, 18.063, EUW % Potsdam
49.40768, 8.69079, 15.748, EUW % Heidelberg
51.71905, 8.75439, 25.252, EUW % Paderborn
49.87056, 8.64944, 5.657, EUW % Darmstadt
49.78778, 9.93611, 24.436, EUW % Wuerzburg
49.015, 12.09556, 78.512, EUW % Regensburg
52.43333, 10.8, 0.605, EUW % Wolfsburg
51.53333, 9.93333, 3.934, EUW % Gottingen
49.14028, 9.22, 36.539, EUW % Heilbronn
48.76667, 11.43333, 6.489, EUW % Ingolstadt
48.39841, 9.99155, 69.021, EUW % Ulm
51.51667, 6.91667, 5.872, EUW % Bottrop
53.48462, 10.22904, 6.668, EUW % Bergedorf
48.88333, 8.7, 10.918, EUW % Pforzheim
50.1, 8.76667, 2.888, EUW % Offenbach
53.55, 8.58333, 5.193, EUW % Bremerhaven
51.18333, 7.2, 3.349, EUW % Remscheid
52.47457, 13.34839, 5.162, EUW % Berlin Schoeneberg
48.49144, 9.20427, 12.645, EUW % Reutlingen
49.47593, 10.98856, 8.637, EUW % Furth
50.963, 6.9541, 9.927, EUW % Koeln-Nippes
51.45, 6.65, 9.191, EUW % Moers
50.35, 7.6, 14.002, EUW % Koblenz
50.86667, 8.03333, 29.586, EUW % Siegen
50.93333, 11.58333, 8.015, EUW % Jena
50.88029, 12.08187, 0.215, EUW % Gera
52.15077, 9.95112, 2.595, EUW % Hildesheim
49.58972, 11.00389, 35.711, EUW % Erlangen
50.88333, 6.98333, 1.3, EUW % Koeln Rodenkirchen
51.43333, 7.33333, 0.915, EUW % Witten
49.75565, 6.63935, 27.853, EUW % Trier
55.75222, 37.61556, 2215.67, EUE % Moscow
59.89444, 30.26417, 478.702, EUE % Saint Petersburg
55.0415, 82.9346, 78.351, EUE % Novosibirsk
56.8575, 60.6125, 127.565, EUE % Yekaterinburg
56.32867, 44.00205, 72.247, EUE % Nizhniy Novgorod
53.20006, 50.15, 56.166, EUE % Samara
55.0, 73.4, 16.167, EUE % Omsk
55.78874, 49.12214, 52.281, EUE % Kazan
47.23135, 39.72328, 38.505, EUE % Rostov-na-Donu
55.15444, 61.42972, 49.437, EUE % Chelyabinsk
54.78517, 56.04562, 13.71, EUE % Ufa
48.71939, 44.50184, 22.683, EUE % Volgograd
58.01741, 56.28552, 67.555, EUE % Perm'
56.00972, 92.79167, 56.846, EUE % Krasnoyarsk
51.54056, 46.00861, 14.13, EUE % Saratov
51.67204, 39.1843, 32.496, EUE % Voronezh
53.5303, 49.3461, 4.564, EUE % Tol'yatti
45.0488, 38.9725, 27.973, EUE % Krasnodar
54.32824, 48.38657, 9.602, EUE % Ul'yanovsk
56.84976, 53.20448, 25.571, EUE % Izhevsk
57.62987, 39.87368, 38.758, EUE % Yaroslavl'
53.36056, 83.76361, 11.887, EUE % Barnaul
43.10562, 131.87354, 25.577, EUE % Vladivostok
52.29778, 104.29639, 35.774, EUE % Irkutsk
48.48083, 135.09277, 13.058, EUE % Khabarovsk
51.7727, 55.0988, 24.133, EUE % Orenburg
53.7557, 87.1099, 15.249, EUE % Novokuznetsk
54.6269, 39.6916, 20.617, EUE % Ryazan'
57.15222, 65.52722, 35.941, EUE % Tyumen'
52.60311, 39.57076, 6.902, EUE % Lipetsk
53.20066, 45.00464, 8.388, EUE % Penza
46.34968, 48.04076, 18.444, EUE % Astrakhan'
56.49417, 84.97417, 45.22, EUE % Tomsk
55.33333, 86.08333, 27.008, EUE % Kemerovo
54.20213, 37.64429, 1.751, EUE % Tula
58.59665, 49.66007, 10.05, EUE % Kirov
56.13222, 47.25194, 8.099, EUE % Cheboksary
54.70649, 20.51095, 27.436, EUE % Kaliningrad
53.25209, 34.37167, 2.268, EUE % Bryansk
56.99719, 40.97139, 10.342, EUE % Ivanovo
53.41861, 59.04722, 13.952, EUE % Magnitogorsk
51.73733, 36.18735, 21.4, EUE % Kursk
56.86049, 35.87603, 28.547, EUE % Tver'
57.91944, 59.965, 4.795, EUE % Nizhniy Tagil
45.0428, 41.9734, 24.261, EUE % Stavropol'
51.82605, 107.60979, 6.307, EUE % Ulan-Ude
64.5401, 40.5433, 11.121, EUE % Arkhangel'sk
50.61074, 36.58015, 30.704, EUE % Belgorod
55.45, 65.33333, 5.341, EUE % Kurgan
43.59917, 39.72569, 10.935, EUE % Sochi
52.96508, 36.0785, 15.176, EUE % Orel
48.78583, 44.77973, 0.047, EUE % Volzhskiy
54.7818, 32.0401, 0.292, EUE % Smolensk
68.97917, 33.09251, 1.931, EUE % Murmansk
43.03667, 44.66778, 1.826, EUE % Vladikavkaz
59.13333, 37.9, 2.302, EUE % Cherepovets
56.13655, 40.39658, 9.58, EUE % Vladimir
54.1838, 45.1749, 9.321, EUE % Saransk
61.25, 73.41667, 32.098, EUE % Surgut
59.2187, 39.8886, 14.662, EUE % Vologda
52.73169, 41.44326, 6.941, EUE % Tambov
56.63877, 47.89078, 4.564, EUE % Yoshkar-Ola
47.23617, 38.89688, 4.525, EUE % Taganrog
57.76647, 40.92686, 0.019, EUE % Kostroma
43.49806, 43.61889, 5.858, EUE % Nal'chik
53.62462, 55.95015, 3.356, EUE % Sterlitamak
61.78491, 34.34691, 3.284, EUE % Petrozavodsk
51.20487, 58.56685, 0.003, EUE % Orsk
52.53667, 103.88639, 13.59, EUE % Angarsk
44.72439, 37.76752, 4.553, EUE % Novorossiysk
62.03389, 129.73306, 6.362, EUE % Yakutsk
61.67642, 50.80994, 18.909, EUE % Syktyvkar
51.29667, 37.84167, 4.481, EUE % Staryy Oskol
47.70911, 40.21443, 6.329, EUE % Shakhty
50.26667, 127.53333, 13.64, EUE % Blagoveshchensk
55.9825, 37.18139, 12.894, EUE % Zelenograd
52.53639, 85.20722, 7.041, EUE % Biysk
58.51667, 31.28333, 17.614, EUE % Velikiy Novgorod
57.8136, 28.3496, 19.518, EUE % Pskov
52.02782, 47.8007, 4.534, EUE % Balakovo
44.9892, 41.1234, 4.486, EUE % Armavir
53.0452, 158.6483, 1.083, EUE % Petropavlovsk-Kamchatskiy
56.4185, 61.9329, 4.447, EUE % Kamensk-Ural'skiy
55.42418, 37.55472, 14.08, EUE % Podol'sk
46.95812, 142.73366, 0.011, EUE % Yuzhno-Sakhalinsk
47.51361, 42.15139, 0.245, EUE % Volgodonsk
53.71556, 91.42917, 14.723, EUE % Abakan
55.91163, 37.73076, 2.402, EUE % Mytishchi
44.60778, 40.10583, 4.982, EUE % Maykop
43.8059, 131.9752, 0.687, EUE % Ussuriysk
55.67719, 37.89322, 22.708, EUE % Lyubertsy
55.80945, 37.95806, 21.302, EUE % Balashikha
55.07944, 38.77833, 2.95, EUE % Kolomna
42.83333, 132.89471, 3.729, EUE % Nakhodka
55.78959, 38.44671, 4.667, EUE % Elektrostal'
44.04861, 43.05944, 11.133, EUE % Pyatigorsk
55.89704, 37.42969, 12.894, EUE % Khimki
55.91417, 37.82556, 0.014, EUE % Korolev
55.67798, 37.27773, 21.58, EUE % Odintsovo
56.90528, 59.94361, 1.447, EUE % Pervoural'sk
54.91578, 37.41114, 8.823, EUE % Serpukhov
55.575, 42.0426, 0.086, EUE % Murom
56.2694, 90.4993, 7.893, EUE % Achinsk
55.86647, 38.4438, 23.776, EUE % Noginsk
58.2, 68.26667, 4.548, EUE % Tobol'sk
56.60056, 84.88639, 0.028, EUE % Seversk
55.39485, 43.83992, 4.628, EUE % Arzamas
56.3, 38.13333, 2.616, EUE % Sergiyev Posad
54.6567, 86.1737, 4.678, EUE % Leninsk-Kuznetskiy
55.09681, 36.61006, 15.304, EUE % Obninsk
46.30778, 44.25583, 4.191, EUE % Elista
56.01722, 37.86667, 6.106, EUE % Pushkino
43.3675, 132.19861, 2.744, EUE % Artem
63.56705, 53.68348, 10.918, EUE % Ukhta
56.20167, 95.7175, 7.108, EUE % Kansk
58.00056, 102.66194, 11.608, EUE % Ust'-Ilimsk
55.744, 38.01684, 18.85, EUE % Zheleznodorozhnyy
55.75556, 60.70278, 4.511, EUE % Ozersk
-6.21462, 106.84513, 1864.047, ASP % Jakarta
-7.24917, 112.75083, 184.895, ASP % Surabaya
3.58333, 98.66667, 0.169, ASP % Medan
-6.90389, 107.61861, 131.342, ASP % Bandung
-6.2349, 106.9896, 1.659, ASP % Bekasi
-6.17806, 106.63, 56.768, ASP % Tangerang
-6.9932, 110.4203, 4.333, ASP % Semarang
-6.4, 106.81861, 29.891, ASP % Depok
-7.9797, 112.6304, 8.09, ASP % Malang
-7.78278, 110.36083, 67.195, ASP % Yogyakarta
-8.65, 115.21667, 43.262, ASP % Denpasar
-6.39472, 106.95917, 25.118, ASP % Cileungsi
-6.34278, 106.73833, 14.59, ASP % Pamulang
-7.33194, 110.49278, 0.169, ASP % Salatiga
-5.11306, 105.30667, 24.474, ASP % Metro
-6.8017, 108.6311, 255.407, ASP % Astanajapura
51.51279, -0.09184, 2418.35, EUW % City of London
51.50853, -0.12574, 1781.311, EUW % London
52.48142, -1.89983, 39.497, EUW % Birmingham
55.86515, -4.25763, 142.073, EUW % Glasgow
53.41058, -2.97794, 10.937, EUW % Liverpool
53.79648, -1.54785, 45.027, EUW % Leeds
53.38297, -1.4659, 96.363, EUW % Sheffield
55.95206, -3.19648, 162.618, EUW % Edinburgh
51.45523, -2.59665, 50.137, EUW % Bristol
53.48095, -2.23743, 985.75, EUW % Manchester
51.53622, -0.10304, 882.168, EUW % Islington
52.40656, -1.51217, 11.777, EUW % Coventry
53.7446, -0.33525, 7.586, EUW % Hull
51.48, -3.18, 22.426, EUW % Cardiff
53.79391, -1.75206, 98.236, EUW % Bradford
54.58333, -5.93333, 30.397, EUW % Belfast
53.00415, -2.18538, 147.156, EUW % Stoke-on-Trent
52.58547, -2.12296, 44.616, EUW % Wolverhampton
50.37153, -4.14305, 9.896, EUW % Plymouth
52.9536, -1.15047, 26.565, EUW % Nottingham
50.90395, -1.40428, 69.518, EUW % Southampton
51.45625, -0.97113, 213.332, EUW % Reading
52.92277, -1.47663, 165.977, EUW % Derby
51.56667, -0.33333, 1202.363, EUW % London Borough of Harrow
52.25, -0.88333, 25.112, EUW % Northampton
50.79899, -1.09125, 96.442, EUW % Portsmouth
51.87967, -0.41748, 6.93, EUW % Luton
54.97328, -1.61396, 18.821, EUW % Newcastle upon Tyne
53.76667, -2.71667, 18.839, EUW % Preston
51.35, -0.2, 501.109, EUW % Sutton
52.04172, -0.75583, 2.03, EUW % Milton Keynes
57.14369, -2.09814, 9.021, EUW % Aberdeen
54.90465, -1.38222, 19.574, EUW % Sunderland
52.62783, 1.29834, 6.781, EUW % Norwich
51.62079, -3.94323, 0.892, EUW % Swansea
50.72048, -1.8795, 8.82, EUW % Bournemouth
51.53782, 0.71433, 38.543, EUW % Southend-on-Sea
51.55797, -1.78116, 27.142, EUW % Swindon
51.75222, -1.25596, 129.07, EUW % Oxford
56.5, -2.96667, 14.927, EUW % Dundee
50.71667, -2.0, 4.016, EUW % Poole
53.64904, -1.78416, 13.589, EUW % Huddersfield
53.95763, -1.08271, 67.873, EUW % York
52.05917, 1.15545, 10.78, EUW % Ipswich
53.81667, -3.05, 26.092, EUW % Blackpool
54.57623, -1.23483, 10.176, EUW % Middlesbrough
52.57364, -0.24777, 15.872, EUW % Peterborough
53.40979, -2.15761, 3.692, EUW % Stockport
50.82838, -0.13947, 1.312, EUW % Brighton
52.67659, -2.44926, 68.039, EUW % Telford
52.51868, -1.9945, 238.611, EUW % West Bromwich
51.50949, -0.59541, 447.62, EUW % Slough
51.86568, -2.2431, 1346.492, EUW % Gloucester
52.2, 0.11667, 68.774, EUW % Cambridge
51.65531, -0.39602, 263.058, EUW % Watford
53.43012, -1.35678, 21.569, EUW % Rotherham
50.7236, -3.52751, 14.306, EUW % Exeter
53.34914, -0.9785, 13.982, EUW % Bassetlaw District
51.2372, -2.6266, 1.68, EUW % Mendip
51.54062, 0.14801, 380.876, EUW % Dagenham
51.11303, -0.18312, 14.324, EUW % Crawley
52.56667, -1.81667, 0.779, EUW % Sutton Coldfield
53.54051, -2.1183, 47.801, EUW % Oldham
51.31903, -0.55893, 160.701, EUW % Woking
51.73575, 0.46958, 7.516, EUW % Chelmsford
53.45, -2.73333, 2.52, EUW % Saint Helens
51.38914, 0.54863, 18.147, EUW % Gillingham
52.18935, -2.22001, 28.455, EUW % Worcester
51.5529, 0.129, 485.551, EUW % Becontree
48.85341, 2.3488, 1013.376, EUW % Paris
43.29695, 5.38107, 36.604, EUW % Marseille
45.74846, 4.84671, 58.082, EUW % Lyon
43.60426, 1.44367, 21.35, EUW % Toulouse
43.70313, 7.26608, 66.273, EUW % Nice
47.21725, -1.55336, 26.723, EUW % Nantes
48.58342, 7.74296, 69.416, EUW % Strasbourg
43.61092, 3.87723, 27.957, EUW % Montpellier
44.84044, -0.5805, 74.396, EUW % Bordeaux
50.63297, 3.05858, 1089.667, EUW % Lille
48.11198, -1.67429, 5.806, EUW % Rennes
49.25, 4.03333, 48.082, EUW % Reims
45.43333, 4.4, 0.015, EUW % Saint-Etienne
43.11667, 5.93333, 0.765, EUW % Toulon
47.46667, -0.55, 12.227, EUW % Angers
45.16667, 5.71667, 4.13, EUW % Grenoble
47.31667, 5.01667, 0.274, EUW % Dijon
43.5283, 5.44973, 6.101, EUW % Aix-en-Provence
48.4, -4.48333, 4.517, EUW % Brest
49.9, 2.3, 9.945, EUW % Amiens
47.38333, 0.68333, 18.212, EUW % Tours
45.83153, 1.2578, 10.186, EUW % Limoges
45.77966, 3.08628, 9.549, EUW % Clermont-Ferrand
47.90289, 1.90389, 7.813, EUW % Orleans
49.11911, 6.17269, 40.32, EUW % Metz
49.44313, 1.09932, 47.308, EUW % Rouen
47.75, 7.33333, 8.13, EUW % Mulhouse
42.69764, 2.89541, 2.4, EUW % Perpignan
49.18585, -0.35912, 2.437, EUW % Caen
48.83333, 2.25, 58.517, EUW % Boulogne-Billancourt
48.68333, 6.2, 18.788, EUW % Nancy
48.95, 2.25, 125.941, EUW % Argenteuil
6.45306, 3.39583, 1649.629, AFR % Lagos
10.52224, 7.43828, 222.488, AFR % Kaduna
9.05735, 7.48976, 23.368, AFR % Abuja
19.42847, -99.12766, 910.295, NAS % Mexico City
20.66667, -103.33333, 49.887, NAS % Guadalajara
19.05, -98.2, 8.44, NAS % Puebla de Zaragoza
31.73333, -106.48333, 6.643, NAS % Ciudad Juarez
32.53333, -117.01667, 39.056, NAS % Tijuana
25.66667, -100.31667, 263.445, NAS % Monterrey
21.11667, -101.66667, 17.25, NAS % Leon
20.71667, -103.4, 16.864, NAS % Zapopan
19.47851, -99.23963, 29.445, NAS % Naucalpan de Juarez
25.68333, -100.25, 58.761, NAS % Guadalupe
20.96667, -89.61667, 38.511, NAS % Merida
28.63333, -106.08333, 34.082, NAS % Chihuahua
22.15, -100.98333, 27.776, NAS % San Luis Potosi
21.88333, -102.3, 54.509, NAS % Aguascalientes
16.86336, -99.8901, 47.625, NAS % Acapulco de Juarez
25.41667, -101.0, 73.587, NAS % Saltillo
20.6, -100.38333, 50.305, NAS % Queretaro
32.65194, -115.46833, 60.381, NAS % Mexicali
19.70078, -101.18443, 27.615, NAS % Morelia
24.79944, -107.38972, 11.537, NAS % Culiacan
21.17429, -86.84656, 20.523, NAS % Cancun
25.55, -103.43333, 36.569, NAS % Torreon
25.75, -100.3, 54.252, NAS % San Nicolas de los Garza
19.28833, -99.66722, 12.869, NAS % Toluca
26.08333, -98.28333, 14.714, NAS % Reynosa
20.65, -103.31667, 55.199, NAS % Tlaquepaque
16.75, -93.11667, 36.232, NAS % Tuxtla Gutierrez
19.53333, -96.91667, 7.686, NAS % Jalapa Enriquez
20.61667, -103.23333, 1.621, NAS % Tonala
17.98333, -92.91667, 40.147, NAS % Villahermosa
25.76667, -100.2, 0.112, NAS % Apodaca
27.47629, -99.51639, 31.113, NAS % Nuevo Laredo
20.68333, -101.35, 3.995, NAS % Irapuato
20.11697, -98.73329, 26.059, NAS % Pachuca de Soto
20.51667, -100.81667, 3.001, NAS % Celaya
21.5, -104.9, 4.268, NAS % Tepic
23.73333, -99.13333, 14.843, NAS % Ciudad Victoria
17.05, -96.71667, 2.744, NAS % Oaxaca de Juarez
27.48333, -109.93333, 27.455, NAS % Ciudad Obregon
19.41667, -102.06667, 13.8, NAS % Uruapan del Progreso
18.15, -94.41667, 1.252, NAS % Coatzacoalcos
25.76667, -108.96667, 33.248, NAS % Los Mochis
19.85, -90.53333, 2.696, NAS % Campeche
14.9, -92.28333, 1.46, NAS % Tapachula
22.26667, -97.83333, 9.547, NAS % Ciudad Madero
31.30862, -110.94217, 37.115, NAS % Heroica Nogales
24.16667, -110.3, 40.212, NAS % La Paz
19.06406, -98.30352, 0.385, NAS % Cholula
29.32322, -100.95217, 0.08, NAS % Ciudad Acuna
32.46306, -114.77667, 4.445, NAS % San Luis Rio Colorado
18.5, -88.3, 14.795, NAS % Chetumal
25.66667, -100.4, 207.54, NAS % Garza Garcia
16.75, -92.63333, 24.727, NAS % San Cristobal de Las Casas
19.23333, -103.71667, 0.112, NAS % Colima
19.36028, -99.35139, 22.272, NAS % Huixquilucan
18.85, -97.1, 6.579, NAS % Orizaba
22.77559, -102.57218, 45.587, NAS % Zacatecas
25.53333, -103.25, 3.386, NAS % Matamoros
21.35, -98.23333, 32.59, NAS % Tantoyuca
37.56826, 126.97783, 1071.605, ASP % Seoul
35.10278, 129.04028, 14.961, ASP % Busan
37.45361, 126.73167, 0.833, ASP % Incheon
35.87028, 128.59111, 3.288, ASP % Daegu
36.32139, 127.41972, 42.454, ASP % Daejeon
35.15472, 126.91556, 16.642, ASP % Gwangju
37.29111, 127.00889, 33.403, ASP % Suigen
37.65639, 126.835, 0.794, ASP % Goyang
37.43861, 127.13778, 152.156, ASP % Seongnam
35.82194, 127.14889, 8.66, ASP % Jeonju
37.32361, 126.82194, 9.229, ASP % Ansan
36.63722, 127.48972, 4.434, ASP % Cheongju
37.3925, 126.92694, 31.389, ASP % Anyang
35.22806, 128.6811, 5.368, ASP % Changwon
36.03222, 129.365, 5.976, ASP % Hoko
37.20682, 126.8169, 0.012, ASP % Hwaseong
33.50972, 126.52194, 1.63, ASP % Jeju
36.8065, 127.1522, 52.903, ASP % Tenan
35.20806, 128.5725, 1.022, ASP % Masan
35.19278, 128.08472, 0.666, ASP % Chinju
36.1136, 128.336, 13.257, ASP % Kumi
35.94389, 126.95444, 3.044, ASP % Iksan
35.97861, 126.71139, 4.361, ASP % Kunsan
37.35139, 127.94528, 10.755, ASP % Wonju
37.87472, 127.73417, 11.711, ASP % Chuncheon
37.27917, 127.4425, 2.444, ASP % Ich'on
37.83311, 127.06169, 1.816, ASP % Yangju
37.15222, 127.07056, 6.739, ASP % Osan
35.84278, 129.21167, 0.023, ASP % Kyonju
36.12176, 128.11981, 40.967, ASP % Gimcheon
35.82333, 128.73778, 2.355, ASP % Keizan
36.56556, 128.725, 6.22, ASP % Andong
35.69439, 51.42151, 785.899, ASC % Tehran
36.297, 59.6062, 14.385, ASC % Mashhad
32.65722, 51.67761, 66.638, ASC % Esfahan
35.8355, 51.0103, 28.009, ASC % Karaj
38.08, 46.2919, 7.529, ASC % Tabriz
29.6036, 52.5388, 2.42, ASC % Shiraz
34.6401, 50.8764, 11.517, ASC % Qom
31.3203, 48.6693, 26.575, ASC % Ahvaz
34.09174, 49.68916, 12.369, ASC % Arak
36.6736, 48.4787, 0.179, ASC % Zanjan
36.83866, 54.43475, 7.081, ASC % Gorgan
36.2126, 57.68191, 0.896, ASC % Sabzevar
30.4067, 55.9939, 41.363, ASC % Rafsanjan
39.6482, 47.9174, 157.655, ASC % Parsabad
32.03389, 51.87944, 95.633, ASC % Shahreza
41.01384, 28.94966, 534.066, ASC % Istanbul
39.91987, 32.85427, 131.923, ASC % Ankara
38.41273, 27.13838, 118.707, ASC % Izmir
40.19167, 29.06111, 98.199, ASC % Bursa
37.00167, 35.32889, 9.593, ASC % Adana
37.87135, 32.48464, 1.113, ASC % Konya
39.9179, 32.86268, 12.507, ASC % Cankaya
36.90812, 30.69556, 12.74, ASC % Antalya
41.03903, 28.85671, 2.716, ASC % Bagcilar
37.91583, 40.21889, 0.063, ASC % Diyarbakir
38.73222, 35.48528, 15.174, ASC % Kayseri
41.00231, 28.8598, 2.952, ASC % Bahcelievler
41.01643, 29.12476, 6.867, ASC % Umraniye
36.79526, 34.61792, 0.014, ASC % Mercin
41.0435, 28.87619, 26.179, ASC % Esenler
39.77667, 30.52056, 1.005, ASC % Eskisehir
38.37396, 27.1352, 10.07, ASC % Karabaglar
37.16708, 38.79392, 3.029, ASC % Sanliurfa
40.93567, 29.15507, 35.932, ASC % Maltepe
39.90861, 41.27694, 0.049, ASC % Erzurum
41.28667, 36.33, 1.676, ASC % Samsun
37.5847, 36.9264, 14.207, ASC % Kahramanmaras
38.49239, 43.38311, 35.341, ASC % Van
41.06046, 28.98717, 24.04, ASC % Sisli
37.77417, 29.0875, 41.415, ASC % Denizli
39.96833, 32.73083, 5.017, ASC % Batikent
40.99441, 28.90417, 5.087, ASC % Zeytinburnu
40.78056, 30.40333, 10.264, ASC % Adapazari
40.80276, 29.43068, 7.33, ASC % Gebze
41.005, 39.72694, 0.306, ASC % Trabzon
38.61202, 27.42646, 9.993, ASC % Manisa
41.00244, 29.23187, 0.25, ASC % Sancaktepe
39.64917, 27.88611, 6.314, ASC % Balikesir
37.76441, 38.27629, 0.01, ASC % Adiyaman
39.84528, 33.50639, 0.369, ASC % Kirikkale
41.15917, 27.8, 1.69, ASC % Corlu
40.76694, 29.91694, 1.898, ASC % Izmit
39.42417, 29.98333, 5.33, ASC % Kutahya
40.54889, 34.95333, 4.252, ASC % Corum
37.84501, 27.83963, 2.09, ASC % Aydin
36.20655, 36.15722, 0.438, ASC % Antioch
38.37255, 34.02537, 25.664, ASC % Aksaray
38.75667, 30.54333, 1.867, ASC % Afyonkarahisar
40.07806, 29.51333, 2.034, ASC % Inegeul
40.31389, 36.55444, 3.418, ASC % Tokat
41.67719, 26.55597, 10.376, ASC % Edirne
40.97801, 27.50852, 2.625, ASC % Tekirdag
37.91631, 28.32225, 0.229, ASC % Nazilli
40.98472, 37.87889, 5.442, ASC % Ordu
37.93262, 41.94025, 3.526, ASC % Siirt
39.75222, 39.49278, 2.816, ASC % Erzincan
40.3875, 36.08111, 5.817, ASC % Turhal
41.45139, 31.79305, 0.32, ASC % Zonguldak
41.89474, 12.4839, 192.187, EUW % Roma
45.46427, 9.18951, 533.126, EUW % Milan
40.83333, 14.25, 41.582, EUW % Napoli
45.07049, 7.68682, 97.423, EUW % Torino
38.11582, 13.35976, 3.732, EUW % Palermo
44.40632, 8.93386, 45.039, EUW % Genova
43.76667, 11.25, 55.284, EUW % Florence
44.49381, 11.33875, 52.92, EUW % Bologna
41.11773, 16.85118, 17.295, EUW % Bari
37.50213, 15.08719, 25.503, EUW % Catania
45.43861, 12.32667, 11.486, EUW % Venice
45.43419, 10.99779, 12.382, EUW % Verona
38.19327, 15.54969, 2.594, EUW % Messina
45.64861, 13.78, 16.323, EUW % Trieste
45.41519, 11.88181, 44.98, EUW % Padova
40.47611, 17.22972, 1.011, EUW % Taranto
45.52478, 10.22727, 8.476, EUW % Brescia
38.11047, 15.66129, 1.777, EUW % Reggio di Calabria
45.49028, 12.2425, 13.792, EUW % Mestre
44.64783, 10.92539, 4.28, EUW % Modena
43.88425, 11.09092, 5.152, EUW % Prato
39.20738, 9.13462, 8.984, EUW % Cagliari
44.80266, 10.32898, 7.161, EUW % Parma
43.54264, 10.316, 33.896, EUW % Livorno
41.46093, 15.54925, 0.997, EUW % Foggia
43.1122, 12.38878, 59.667, EUW % Perugia
40.67797, 14.76599, 7.476, EUW % Salerno
44.4175, 12.20111, 6.45, EUW % Ravenna
44.82678, 11.62071, 4.198, EUW % Ferrara
44.06333, 12.58083, 11.988, EUW % Rimini
37.08515, 15.273, 7.446, EUW % Siracusa
40.72722, 8.56028, 1.635, EUW % Sassari
45.58248, 9.27485, 31.178, EUW % Monza
42.46024, 14.21021, 1.371, EUW % Pescara
45.69798, 9.66895, 20.371, EUW % Bergamo
44.22361, 12.05278, 5.544, EUW % Forli
41.46614, 12.9043, 16.192, EUW % Latina
45.55729, 11.5409, 4.893, EUW % Vicenza
42.56713, 12.64987, 11.174, EUW % Terni
46.06787, 11.12108, 17.703, EUW % Trento
45.44056, 8.61684, 20.759, EUW % Novara
43.59816, 13.51008, 3.662, EUW % Ancona
14.6042, 120.9822, 175.62, ASP % Manila
7.07306, 125.61278, 2.886, ASP % Davao
10.31672, 123.89071, 76.284, ASP % Cebu City
14.5832, 121.0409, 648.535, ASP % Mandaluyong City
7.44778, 125.80778, 8.521, ASP % Tagum
13.93139, 121.61722, 9.811, ASP % Lucena
14.82917, 120.28278, 45.356, ASP % Olongapo
11.25111, 125.00639, 58.121, ASP % Panalanoy
13.13722, 123.73444, 31.539, ASP % Legaspi
7.8275, 123.4782, 48.378, ASP % Muricay
6.95508, 126.21655, 3.191, ASP % Mati
15.97611, 120.57111, 10.864, ASP % Urdaneta
10.75, 106.66667, 46.624, ASP % Thanh pho Ho Chi Minh
21.0245, 105.84117, 737.176, ASP % Ha Noi
12.25, 109.18333, 60.15, ASP % Nha Trang
21.59278, 105.84417, 56.938, ASP % Thai Nguyen
40.4165, -3.70256, 1971.782, EUW % Madrid
39.46975, -0.37739, 205.512, EUW % Valencia
37.38241, -5.97613, 13.734, EUW % Sevilla
41.65606, -0.87734, 44.693, EUW % Zaragoza
36.72016, -4.42034, 6.177, EUW % Malaga
37.98704, -1.13004, 21.113, EUW % Murcia
39.56939, 2.65024, 28.738, EUW % Palma
28.09973, -15.41343, 1.763, EUW % Las Palmas de Gran Canaria
43.26271, -2.92528, 35.322, EUW % Bilbao
38.34517, -0.48149, 9.566, EUW % Alicante
37.88333, -4.76667, 0.315, EUW % Cordoba
41.65518, -4.72372, 6.354, EUW % Valladolid
42.23282, -8.72264, 21.439, EUW % Vigo
41.35967, 2.10028, 18.531, EUW % L'Hospitalet de Llobregat
43.37135, -8.396, 20.185, EUW % A Coruna
37.18817, -3.60667, 24.662, EUW % Granada
38.26218, -0.70107, 28.647, EUW % Elche
43.36029, -5.84476, 17.918, EUW % Oviedo
28.46824, -16.25462, 4.173, EUW % Santa Cruz de Tenerife
41.56667, 2.01667, 95.334, EUW % Terrassa
41.54329, 2.10942, 12.915, EUW % Sabadell
40.32234, -3.86496, 9.457, EUW % Mostoles
42.81687, -1.64323, 13.55, EUW % Pamplona
36.83814, -2.45974, 7.734, EUW % Almeria
43.31283, -1.97499, 9.515, EUW % San Sebastian
43.46472, -3.80444, 13.785, EUW % Santander
39.98333, -0.03333, 26.78, EUW % Castello de la Plana
42.35, -3.7, 21.336, EUW % Burgos
38.98333, -1.85, 6.074, EUW % Albacete
40.30571, -3.73295, 0.905, EUW % Getafe
40.96667, -5.65, 9.057, EUW % Salamanca
42.46667, -2.45, 59.52, EUW % Logrono
28.4853, -16.32014, 51.712, EUW % La Laguna
37.25833, -6.95083, 10.116, EUW % Huelva
38.87789, -6.97061, 19.132, EUW % Badajoz
41.11667, 1.25, 9.057, EUW % Tarragona
41.61667, 0.61667, 9.165, EUW % Lleida
42.6, -5.56667, 7.854, EUW % Leon
41.54211, 2.4445, 17.718, EUW % Mataro
36.13326, -5.45051, 35.442, EUW % Algeciras
40.23604, -3.76752, 18.067, EUW % Parla
41.38022, 2.17319, 848.085, EUW % Ciutat Vella
40.54746, -3.64197, 29.391, EUW % Alcobendas
42.33333, -7.85, 14.919, EUW % Ourense
41.15612, 1.10687, 0.853, EUW % Reus
24.9056, 67.0822, 270.217, ASS % Karachi
31.54972, 74.34361, 211.187, ASS % Lahore
33.6007, 73.0679, 224.359, ASS % Rawalpindi
30.19556, 71.47528, 0.054, ASS % Multan
34.008, 71.57849, 16.208, ASS % Peshawar
33.72148, 73.04329, 123.969, ASS % Islamabad
-34.61315, -58.37723, 744.088, SAE % Buenos Aires
-31.4135, -64.18105, 56.508, SAE % Cordoba
-32.94682, -60.63932, 33.682, SAE % Rosario
-32.89084, -68.82717, 28.752, SAE % Mendoza
-26.82414, -65.2226, 0.226, SAE % San Miguel de Tucuman
-34.92145, -57.95453, 12.472, SAE % La Plata
-38.00228, -57.55754, 13.417, SAE % Mar del Plata
-34.72418, -58.25265, 41.994, SAE % Quilmes
-31.63333, -60.7, 8.544, SAE % Santa Fe de la Vera Cruz
-27.46056, -58.98389, 20.226, SAE % Resistencia
-27.79511, -64.26149, 0.006, SAE % Santiago del Estero
-27.4806, -58.8341, 13.95, SAE % Corrientes
-34.65344, -58.61975, 51.158, SAE % Moron
-38.7196, -62.27243, 11.018, SAE % Bahia Blanca
-38.95161, -68.0591, 16.618, SAE % Neuquen
-26.17753, -58.17814, 4.692, SAE % Formosa
-33.29501, -66.33563, 18.736, SAE % San Luis
-33.13067, -64.34992, 18.141, SAE % Rio Cuarto
-31.39296, -58.02089, 3.195, SAE % Concordia
-45.86667, -67.5, 16.399, SAE % Comodoro Rivadavia
-33.33578, -60.22523, 13.223, SAE % San Nicolas de los Arroyos
-36.61667, -64.28333, 9.02, SAE % Santa Rosa
43.70011, -79.4163, 424.973, NAN % Toronto
45.50884, -73.58781, 617.534, NAN % Montreal
49.24966, -123.11934, 266.65, NAN % Vancouver
51.05011, -114.08529, 202.746, NAN % Calgary
45.41117, -75.69812, 98.559, NAN % Ottawa
53.55014, -113.46871, 92.839, NAN % Edmonton
43.5789, -79.6583, 43.841, NAN % Mississauga
43.76681, -79.4163, 63.021, NAN % North York
49.8844, -97.14704, 46.331, NAN % Winnipeg
46.81228, -71.21454, 78.127, NAN % Quebec
43.23341, -79.94964, 5.453, NAN % Hamilton
43.68341, -79.76633, 12.764, NAN % Brampton
43.42537, -80.5112, 79.324, NAN % Kitchener
49.10635, -122.82509, 7.138, NAN % Surrey
45.56995, -73.692, 64.161, NAN % Laval
44.64533, -63.57239, 33.699, NAN % Halifax
43.65421, -79.56711, 51.943, NAN % Etobicoke
42.98339, -81.23304, 38.007, NAN % London
50.36386, -119.34997, 12.723, NAN % Okanagan
48.43294, -123.3693, 50.416, NAN % Victoria
42.30008, -83.01654, 22.767, NAN % Windsor
43.86682, -79.2663, 39.951, NAN % Markham
43.90012, -78.84957, 19.724, NAN % Oshawa
45.47723, -75.70164, 12.395, NAN % Gatineau
43.8361, -79.49827, 35.492, NAN % Vaughan
45.53121, -73.51806, 39.337, NAN % Longueuil
49.26636, -122.95263, 74.676, NAN % Burnaby
49.08938, -123.08241, 3.617, NAN % Ladner
52.11679, -106.63452, 30.535, NAN % Saskatoon
43.87111, -79.43725, 21.823, NAN % Richmond Hill
44.40011, -79.66634, 15.732, NAN % Barrie
49.17003, -123.13683, 36.332, NAN % Richmond
50.45008, -104.6178, 31.523, NAN % Regina
43.45011, -79.68292, 6.63, NAN % Oakville
43.38621, -79.83713, 17.175, NAN % Burlington
46.49, -80.99001, 24.943, NAN % Greater Sudbury
49.05798, -122.25257, 20.3, NAN % Abbotsford
48.41675, -71.06573, 9.919, NAN % Saguenay
43.16681, -79.24958, 19.155, NAN % St. Catharines
45.40008, -71.89908, 18.249, NAN % Sherbrooke
46.80326, -71.17793, 20.68, NAN % Levis
49.88307, -119.48568, 109.93, NAN % Kelowna
43.3601, -80.31269, 1.919, NAN % Cambridge
46.35006, -72.54912, 28.544, NAN % Trois-Rivieres
43.5501, -80.24967, 32.388, NAN % Guelph
49.28297, -122.75262, 3.819, NAN % Coquitlam
44.22976, -76.48098, 22.806, NAN % Kingston
42.40009, -82.1831, 12.411, NAN % Chatham-Kent
46.1351, -60.1831, 15.903, NAN % Sydney
44.67134, -63.57719, 40.188, NAN % Dartmouth
4.60971, -74.08175, 450.061, SAW % Bogota
3.43722, -76.5225, 46.853, SAW % Cali
6.25184, -75.56359, 129.473, SAW % Medellin
10.96389, -74.79639, 0.298, SAW % Barranquilla
10.39972, -75.51444, 2.56, SAW % Cartagena
7.89391, -72.50782, 3.256, SAW % Cucuta
7.12539, -73.1198, 61.642, SAW % Bucaramanga
4.81333, -75.69611, 98.18, SAW % Pereira
4.142, -73.62664, 218.183, SAW % Villavicencio
6.17194, -75.61139, 0.099, SAW % Itagui
2.43823, -76.61316, 49.189, SAW % Popayan
7.06222, -73.08644, 58.659, SAW % Floridablanca
52.22977, 21.01178, 253.35, EUE % Warsaw
51.75, 19.46667, 43.511, EUE % Lodz
50.08333, 19.91667, 63.621, EUE % Krakow
51.1, 17.03333, 58.884, EUE % Wroclaw
52.40692, 16.92993, 60.156, EUE % Poznan
54.35205, 18.64637, 54.798, EUE % Gdansk
53.42894, 14.55302, 17.517, EUE % Szczecin
53.1235, 18.00762, 13.119, EUE % Bydgoszcz
51.25, 22.56667, 31.936, EUE % Lublin
50.25842, 19.02754, 26.186, EUE % Katowice
53.13333, 23.15, 12.198, EUE % Bialystok
54.51889, 18.53188, 13.981, EUE % Gdynia
50.79646, 19.12409, 7.544, EUE % Czestochowa
50.28682, 19.10385, 5.893, EUE % Sosnowiec
51.40253, 21.14714, 7.578, EUE % Radom
53.01375, 18.59814, 12.987, EUE % Torun
50.87033, 20.62752, 8.444, EUE % Kielce
50.29761, 18.67658, 12.004, EUE % Gliwice
50.32492, 18.78576, 4.23, EUE % Zabrze
50.34802, 18.93282, 6.138, EUE % Bytom
49.82245, 19.04686, 19.755, EUE % Bielsko-Biala
53.77995, 20.49416, 10.794, EUE % Olsztyn
50.04132, 21.99901, 24.961, EUE % Rzeszow
50.2584, 18.85632, 1.046, EUE % Ruda Slaska
50.09713, 18.54179, 2.751, EUE % Rybnik
50.31818, 19.2374, 9.024, EUE % Dabrowa Gornicza
50.13717, 18.96641, 3, EUE % Tychy
50.66667, 17.95, 11.216, EUE % Opole
54.1522, 19.40884, 2.232, EUE % Elblag
52.54682, 19.70638, 2.349, EUE % Plock
50.77141, 16.28432, 18.228, EUE % Walbrzych
52.73679, 15.22878, 3.587, EUE % Gorzow Wielkopolski
52.64817, 19.0678, 1.414, EUE % Wloclawek
51.93548, 15.50643, 5.845, EUE % Zielona Gora
50.01381, 20.98698, 8.541, EUE % Tarnow
50.30582, 18.9742, 3.39, EUE % Chorzow
51.76109, 18.09102, 3.626, EUE % Kalisz
54.19438, 16.17222, 14.79, EUE % Koszalin
51.21006, 16.1619, 8.173, EUE % Legnica
30.06263, 31.24967, 337.377, AFR % Cairo
31.21564, 29.95527, 112.447, AFR % Alexandria
27.7314, 30.84165, 6.14, AFR % Mallawi
-33.86785, 151.20732, 572.826, OCE % Sydney
-37.814, 144.96332, 400.273, OCE % Melbourne
-31.95224, 115.8614, 142.142, OCE % Perth
-34.92866, 138.59863, 97.552, OCE % Adelaide
-27.46794, 153.02809, 177.244, OCE % Brisbane
-28.00029, 153.43088, 28.335, OCE % Gold Coast
-32.92715, 151.77647, 9.997, OCE % Newcastle
-35.28346, 149.12807, 95.096, OCE % Canberra
-34.424, 150.89345, 6.492, OCE % Wollongong
-27.63917, 153.10944, 4.867, OCE % Logan City
-31.40237, 152.90186, 2.089, OCE % North Shore
-38.14711, 144.36069, 21.559, OCE % Geelong
-38.13333, 144.35, 1.34, OCE % Geelong West
-33.81667, 151.0, 16.129, OCE % City of Parramatta
-36.07494, 146.92393, 7.276, OCE % Albury
13.75398, 100.50144, 290.601, ASP % Bangkok
13.59934, 100.59675, 1.322, ASP % Samut Prakan
13.86075, 100.51477, 1.124, ASP % Mueang Nonthaburi
18.79038, 98.98468, 8.892, ASP % Chiang Mai
7.00836, 100.47668, 2.405, ASP % Hat Yai
13.91301, 100.49883, 0.373, ASP % Pak Kret
18.29232, 99.49277, 1.807, ASP % Lampang
16.44671, 102.833, 0.008, ASP % Khon Kaen
14.02775, 100.75603, 2.395, ASP % Ban Rangsit
15.23844, 104.84866, 6.679, ASP % Ubon Ratchathani
14.06467, 100.64578, 8.201, ASP % Khlong Luang
13.8196, 100.04427, 1.076, ASP % Nakhon Pathom
16.82481, 100.25858, 0.044, ASP % Phitsanulok
3.1412, 101.68653, 170.105, ASP % Kuala Lumpur
1.4655, 103.7578, 4.961, ASP % Johor Bahru
4.5841, 101.0829, 6.321, ASP % Ipoh
3.10726, 101.60671, 72.759, ASP % Petaling Jaya
3.08507, 101.53281, 28.962, ASP % Shah Alam
5.9749, 116.0724, 3.102, ASP % Kota Kinabalu
3.8077, 103.326, 4.882, ASP % Kuantan
5.41123, 100.33543, 5.388, ASP % George Town
6.13328, 102.2386, 1.564, ASP % Kota Bharu
4.4148, 114.0089, 5.237, ASP % Miri
2.3, 111.81667, 0.189, ASP % Sibu
3.3213, 101.5767, 9.681, ASP % Rawang
25.04776, 121.53185, 146.627, ASP % Taipei
22.61626, 120.31333, 7.922, ASP % Kaohsiung
24.1469, 120.6839, 47.6, ASP % Taichung
22.99083, 120.21333, 11.389, ASP % Tainan
25.01427, 121.46719, 5.979, ASP % Banqiao
24.80361, 120.96861, 6.979, ASP % Hsinchu
24.99368, 121.29696, 14.662, ASP % Taoyuan City
25.12825, 121.7419, 1.349, ASP % Keelung
23.97694, 121.60444, 3.57, ASP % Hualian
22.7583, 121.1444, 1.39, ASP % Taitung City
23.91566, 120.66387, 3.958, ASP % Nantou
23.70944, 120.54333, 7.491, ASP % Douliu
33.59278, -7.61916, 93.599, AFR % Casablanca
34.01325, -6.83255, 61.971, AFR % Rabat
31.63148, -8.00828, 50.456, AFR % Marrakech
30.42018, -9.59815, 1.708, AFR % Agadir
33.89352, -5.54727, 22.833, AFR % Meknes
50.45466, 30.5238, 201.119, EUE % Kiev
49.98081, 36.25272, 26.858, EUE % Kharkiv
48.45, 34.98333, 12.38, EUE % Dnipropetrovsk
48.023, 37.80224, 19.712, EUE % Donets'k
46.47747, 30.73262, 23.556, EUE % Odessa
47.82289, 35.19031, 22.845, EUE % Zaporizhzhya
49.83826, 24.02324, 22.189, EUE % L'viv
47.90966, 33.38044, 0.194, EUE % Kryvyy Rih
46.96591, 31.9974, 6.605, EUE % Mykolayiv
47.06667, 37.5, 1.734, EUE % Mariupol'
48.56705, 39.31706, 11.028, EUE % Luhans'k
49.42161, 26.99653, 2.73, EUE % Khmel'nyts'kyy
44.58883, 33.5224, 5.928, EUE % Sevastopol'
48.04782, 37.92576, 0.002, EUE % Makiyivka
44.95719, 34.11079, 8.679, EUE % Simferopol'
49.23278, 28.48097, 6.954, EUE % Vinnytsya
46.65581, 32.6178, 8.452, EUE % Kherson
49.59373, 34.54073, 0.224, EUE % Poltava
51.50551, 31.28488, 7.565, EUE % Chernihiv
49.42854, 32.06207, 0.182, EUE % Cherkasy
50.9216, 34.80029, 3.507, EUE % Sumy
50.26487, 28.67669, 5.895, EUE % Zhytomyr
48.34698, 38.05419, 2.541, EUE % Horlivka
50.62308, 26.22743, 5.235, EUE % Rivne
48.5132, 32.2597, 0.764, EUE % Kirovohrad
48.51134, 34.6021, 4.325, EUE % Dniprodzerzhyns'k
48.29149, 25.94034, 2.888, EUE % Chernivtsi
49.55589, 25.60556, 2.209, EUE % Ternopil'
49.09725, 33.41972, 1.376, EUE % Kremenchuk
50.75932, 25.34244, 0.935, EUE % Luts'k
48.9215, 24.70972, 1.207, EUE % Ivano-Frankivs'k
48.72305, 37.55629, 1.685, EUE % Kramators'k
45.3607, 36.4706, 1.559, EUE % Kerch
48.61667, 22.3, 7.236, EUE % Uzhhorod
48.90485, 38.44207, 0.791, EUE % Lisichansk
48.23331, 38.21137, 2.193, EUE % Yenakiyeve
48.6845, 26.58559, 1.672, EUE % Kamieniec Podolski
52.37403, 4.88969, 251.182, EUW % Amsterdam
51.9225, 4.47917, 20.961, EUW % Rotterdam
52.07667, 4.29861, 2.831, EUW % Den Haag
52.09083, 5.12222, 0.948, EUW % Utrecht
51.44083, 5.47778, 3.699, EUW % Eindhoven
51.55551, 5.0913, 3.024, EUW % Tilburg
53.21917, 6.56667, 3.843, EUW % Groningen
52.37025, 5.21413, 7.786, EUW % Almere Stad
51.58656, 4.77596, 1.17, EUW % Breda
51.8425, 5.85278, 0.27, EUW % Nijmegen
52.21833, 6.89583, 6.472, EUW % Enschede
52.38084, 4.63683, 10.951, EUW % Haarlem
51.98, 5.91111, 0.381, EUW % Arnhem
52.45313, 4.81356, 4.448, EUW % Zaanstad
52.155, 5.3875, 1.038, EUW % Amersfoort
52.21, 5.96944, 0.078, EUW % Apeldoorn
51.69917, 5.30417, 1.067, EUW % 's-Hertogenbosch
52.3025, 4.68889, 10.567, EUW % Hoofddorp
50.84833, 5.68889, 0.159, EUW % Maastricht
52.15833, 4.49306, 0.87, EUW % Leiden
51.81, 4.67361, 0.395, EUW % Dordrecht
52.0575, 4.49306, 0.596, EUW % Zoetermeer
52.5125, 6.09444, 7.326, EUW % Zwolle
24.68773, 46.72185, 84.271, ASC % Riyadh
21.51694, 39.21917, 50.218, ASC % Jeddah
26.43442, 50.10326, 19.386, ASC % Ad Dammam
21.27028, 40.41583, 1.394, ASC % Ta'if
26.32599, 43.97497, 5.22, ASC % Buraydah
27.52188, 41.69073, 2.037, ASC % Hayil
18.21639, 42.50528, 3.495, ASC % Abha
10.48801, -66.87919, 112.099, SAW % Caracas
10.63167, -71.64056, 5.279, SAW % Maracaibo
10.13333, -64.7, 0.014, SAW % Barcelona
10.43398, -66.87662, 6.192, SAW % Baruta
10.66781, -63.25849, 101.361, SAW % Carupano
-1.28333, 36.81667, 100.461, AFR % Nairobi
-4.05466, 39.66359, 2.243, AFR % Mombasa
-33.45694, -70.64827, 130.382, SAW % Santiago
-33.03932, -71.62725, 5.461, SAW % Valparaiso
-33.6, -70.71667, 0.277, SAW % San Bernardo
-36.82699, -73.04977, 9.018, SAW % Concepcion
-18.475, -70.30417, 0.137, SAW % Arica
-29.90778, -71.25417, 3.199, SAW % La Serena
-53.15, -70.91667, 0.02, SAW % Punta Arenas
-12.04318, -77.02824, 172.833, SAW % Lima
-16.39889, -71.535, 3.365, SAW % Arequipa
44.43225, 26.10626, 60.963, EUE % Bucharest
47.16667, 27.6, 3.501, EUE % Iasi
46.76667, 23.6, 4.404, EUE % Cluj-Napoca
45.74944, 21.22722, 5.66, EUE % Timisoara
44.31667, 23.8, 1.912, EUE % Craiova
44.18333, 28.65, 2.899, EUE % Constanta
45.45, 28.05, 0.644, EUE % Galati
45.64861, 25.60613, 3.878, EUE % Brasov
44.95, 26.01667, 1.886, EUE % Ploiesti
45.26667, 27.98333, 1.065, EUE % Braila
47.06667, 21.93333, 0.723, EUE % Oradea
46.56667, 26.9, 2.87, EUE % Bacau
46.18333, 21.31667, 0.16, EUE % Arad
44.85, 24.86667, 0.36, EUE % Pitesti
45.8, 24.15, 3.37, EUE % Sibiu
46.54245, 24.55747, 2.586, EUE % Targu-Mures
47.65729, 23.56808, 1.021, EUE % Baia Mare
45.15, 26.83333, 1.898, EUE % Buzau
47.75, 26.66667, 0.968, EUE % Botosani
47.8, 22.88333, 2.101, EUE % Satu Mare
45.1, 24.36667, 0.371, EUE % Ramnicu Valcea
47.63333, 26.25, 1.497, EUE % Suceava
45.7, 27.18333, 1.131, EUE % Focsani
46.91667, 26.33333, 1.707, EUE % Piatra Neamt
44.63194, 22.65611, 3.208, EUE % Drobeta-Turnu Severin
50.85045, 4.34878, 60.809, EUW % Brussels
51.21989, 4.40346, 17.211, EUW % Antwerpen
51.05, 3.71667, 10.249, EUW % Gent
50.41136, 4.44448, 2.764, EUW % Charleroi
50.63373, 5.56749, 2.051, EUW % Liege
51.20892, 3.22424, 1.149, EUW % Brugge
50.4669, 4.86746, 0.944, EUW % Namur
59.33258, 18.0649, 43.401, EUW % Stockholm
57.70716, 11.96679, 20.566, EUW % Goeteborg
55.60587, 13.00073, 19.493, EUW % Malmoe
59.8585, 17.64543, 7.164, EUW % Uppsala
59.40316, 17.94479, 9.896, EUW % Kista
59.61617, 16.55276, 8.734, EUW % Vasteras
41.26465, 69.21627, 45.983, ASC % Tashkent
40.52861, 70.9425, 6.938, ASC % Qo`qon
50.08804, 14.42076, 50.738, EUW % Prague
49.19522, 16.60796, 9.031, EUW % Brno
49.83465, 18.28204, 5.037, EUW % Ostrava
49.74747, 13.37759, 2.388, EUW % Plzen
49.59552, 17.25175, 2.868, EUW % Olomouc
-33.92584, 18.42322, 13.532, AFR % Cape Town
-29.8579, 31.0292, 4.259, AFR % Durban
-26.20227, 28.04363, 24.47, AFR % Johannesburg
-26.26781, 27.85849, 0.168, AFR % Soweto
-25.74486, 28.18783, 5.574, AFR % Pretoria
-33.91799, 25.57007, 0.501, AFR % Port Elizabeth
-29.61678, 30.39278, 0.603, AFR % Pietermaritzburg
-33.01529, 27.91162, 0.052, AFR % East London
-26.71171, 27.83795, 0.122, AFR % Vanderbijlpark
-25.85891, 28.18577, 0.687, AFR % Centurion
-33.70468, 18.96552, 0.77, AFR % Noorder-Paarl
-33.963, 22.46173, 2.227, AFR % George
-25.96361, 28.13778, 3.071, AFR % Midrand
-28.73226, 24.76232, 0.096, AFR % Kimberley
-32.84721, 27.44218, 0.717, AFR % Bhisho
-26.71667, 27.1, 1.705, AFR % Potchefstroom
47.49801, 19.03991, 48.766, EUE % Budapest
47.53333, 21.63333, 0.582, EUE % Debrecen
48.1, 20.78333, 0.907, EUE % Miskolc
46.253, 20.14824, 1.609, EUE % Szeged
46.08333, 18.23333, 1.16, EUE % Pecs
47.47603, 19.03605, 2.718, EUE % Budapest XI. keruelet
47.68333, 17.63512, 2.842, EUE % Gyor
47.54157, 19.04501, 2.905, EUE % Budapest III. keruelet
47.5183, 19.10789, 1.081, EUE % Budapest XIV. keruelet
47.95539, 21.71671, 0.122, EUE % Nyiregyhaza
46.90618, 19.69128, 1.258, EUE % Kecskemet
47.18995, 18.41034, 1.393, EUE % Szekesfehervar
47.36667, 8.55, 51.89, EUW % Zurich
46.20222, 6.14569, 10.551, EUW % Geneve
47.5584, 7.57327, 6.091, EUW % Basel
46.94809, 7.44744, 8.611, EUW % Bern
46.516, 6.63282, 3.79, EUW % Lausanne
48.20849, 16.37208, 23.09, EUW % Vienna
47.06667, 15.45, 7.168, EUW % Graz
48.30639, 14.28611, 4.808, EUW % Linz
47.79941, 13.04399, 1.874, EUW % Salzburg
47.26266, 11.39454, 2.031, EUW % Innsbruck
25.25817, 55.30472, 35.234, ASC % Dubai
24.46667, 54.36667, 0.403, ASC % Abu Dhabi
23.7104, 90.40744, 20.234, ASS % Dhaka
22.33306, 91.83639, 2.035, ASS % Chittagong
24.89667, 91.87167, 0.217, ASS % Sylhet
22.70194, 90.37111, 0.695, ASS % Barisal
24.25, 89.91667, 6.263, ASS % Tangail
38.71667, -9.13333, 0.603, EUW % Lisbon
41.14961, -8.61099, 5.032, EUW % Porto
38.75382, -9.23083, 28.883, EUW % Amadora
41.55032, -8.42005, 4.058, EUW % Braga
38.5244, -8.8882, 0.725, EUW % Setubal
40.20564, -8.41955, 7.533, EUW % Coimbra
38.75657, -9.25451, 2.331, EUW % Queluz
43.25, 76.95, 24.455, ASC % Almaty
42.3, 69.6, 1.07, ASC % Shymkent
51.1801, 71.44598, 0.459, ASC % Astana
50.42675, 80.26669, 0.649, ASC % Semey
53.16667, 63.58333, 1.61, ASC % Qostanay
54.87528, 69.16278, 0.002, ASC % Petropavlovsk
51.23333, 51.36667, 0.714, ASC % Oral
43.65, 51.2, 2.983, ASC % Aktau
31.76904, 35.21633, 4.198, ASC % Jerusalem
31.78199, 35.21961, 1.99, ASC % West Jerusalem
32.81556, 34.98917, 15.568, ASC % Haifa
32.08088, 34.78057, 5.411, ASC % Tel Aviv
31.81667, 34.65, 0.023, ASC % Ashdod
31.96417, 34.80444, 0.686, ASC % Rishon LeZiyyon
32.09174, 34.88503, 35.79, ASC % Petah Tikva
31.25181, 34.7913, 2.471, ASC % Beersheba
32.01139, 34.77222, 0.22, ASC % Holon
32.09028, 34.83972, 2.627, ASC % Bene Beraq
32.08056, 34.81417, 0.792, ASC % Ramat Gan
33.5102, 36.29128, 11.587, ASC % Damascus
35.93062, 36.63393, 12.268, ASC % Idlib
37.97945, 23.71622, 120.75, EUE % Athens
40.64028, 22.94389, 29.766, EUE % Thessaloniki
37.94745, 23.63708, 4.442, EUE % Piraeus
38.24444, 21.73444, 18.87, EUE % Patra
38.01667, 23.7, 17.944, EUE % Peristeri
35.32787, 25.14341, 15.976, EUE % Irakleion
39.63722, 22.42028, 10.533, EUE % Larisa
37.95, 23.7, 6.521, EUE % Kallithea
-6.82349, 39.26951, 13.149, AFR % Dar es Salaam
-6.16394, 39.19793, 4.156, AFR % Zanzibar
-6.17221, 35.73947, 5.303, AFR % Dodoma
55.67594, 12.56553, 20.975, EUW % Copenhagen
56.15674, 10.21076, 5.216, EUW % Arhus
55.39594, 10.38831, 1.802, EUW % Odense
57.048, 9.9187, 4.766, EUW % Aalborg
22.28552, 114.15769, 0.208, ASP % Hong Kong
22.31667, 114.18333, 2.055, ASP % Kowloon
22.36667, 114.1, 31.723, ASP % Tsuen Wan
36.7525, 3.04197, 7.925, AFR % Algiers
36.76639, 3.47717, 1.471, AFR % Boumerdas
35.69111, -0.64167, 0.195, AFR % Oran
36.72615, 3.18291, 5.03, AFR % Bab Ezzouar
31.94932, 5.32502, 3.263, AFR % Ouargla
36.74871, 3.19248, 2.903, AFR % Bordj el Kiffan
60.16952, 24.93545, 18.893, EUE % Helsinki
60.2052, 24.6522, 5.478, EUE % Espoo
61.49911, 23.78712, 8.737, EUE % Tampere
60.29414, 25.04099, 2.904, EUE % Vantaa
60.45148, 22.26869, 8.019, EUE % Turku
65.01236, 25.46816, 3.601, EUE % Oulu
18.50012, -69.98857, 21.938, NAS % Santo Domingo
59.91273, 10.74609, 26.175, EUW % Oslo
60.39299, 5.32415, 3.175, EUW % Bergen
63.43049, 10.39506, 2.36, EUW % Trondheim
58.97005, 5.73332, 2.447, EUW % Stavanger
53.9, 27.56667, 15.775, EUE % Minsk
52.4345, 30.9754, 6.461, EUE % Homyel'
53.9141, 30.33764, 0.029, EUE % Mahilyow
55.19048, 30.2033, 3.113, EUE % Vitsyebsk
53.6884, 23.8258, 4.166, EUE % Hrodna
52.09755, 23.68775, 1.387, EUE % Brest
48.14816, 17.10674, 21.872, EUE % Bratislava
48.71395, 21.25808, 3.36, EUE % Kosice
15.55177, 32.53241, 15.554, AFR % Khartoum
13.18421, 30.21669, 0.894, AFR % El Obeid
0.31628, 32.58219, 16.498, AFR % Kampala
44.80401, 20.46513, 11.368, EUE % Belgrade
43.32472, 21.90333, 3.355, EUE % Nis
45.25167, 19.83694, 3.687, EUE % Novi Sad
44.84306, 20.40111, 0.714, EUE % Zemun
44.01667, 20.91667, 1.296, EUE % Kragujevac
43.89139, 20.34972, 0.316, EUE % Cacak
-2.16667, -79.9, 4.878, SAW % Guayaquil
-0.22985, -78.52495, 11.009, SAW % Quito
-2.88333, -78.98333, 2.093, SAW % Cuenca
36.81897, 10.16579, 14.098, AFR % Tunis
40.37767, 49.89201, 9.766, ASC % Baku
40.68278, 46.36056, 2.787, ASC % Ganja
1.28967, 103.85007, 24.009, ASP % Singapore
42.69751, 23.32415, 16.841, EUE % Sofia
42.15, 24.75, 2.234, EUE % Plovdiv
43.21667, 27.91667, 2.339, EUE % Varna
42.50606, 27.46781, 0.735, EUE % Burgas
43.85639, 25.97083, 0.884, EUE % Ruse
42.43278, 25.64194, 0.802, EUE % Stara Zagora
43.41667, 24.61667, 0.261, EUE % Pleven
-36.86667, 174.76666, 8.643, OCE % Auckland
-41.28664, 174.77557, 0.786, OCE % Wellington
-43.53333, 172.63333, 2.078, OCE % Christchurch
-36.99282, 174.87987, 0.474, OCE % Manukau City
-36.8, 174.75, 2.69, OCE % North Shore
-37.78333, 175.28333, 0.064, OCE % Hamilton
-45.87416, 170.50362, 0.122, OCE % Dunedin
-37.68611, 176.16667, 0.742, OCE % Tauranga
-41.21667, 174.91667, 0.012, OCE % Lower Hutt
53.33306, -6.24889, 14.666, EUW % Dublin
51.89797, -8.47061, 3.892, EUW % Cork
53.29395, -6.13586, 0.432, EUW % Dun Laoghaire
45.81313, 15.97753, 11.232, EUE % Zagreb - Centar
45.81444, 15.97798, 0.183, EUE % Zagreb
43.50891, 16.43915, 0.353, EUE % Split
45.34306, 14.40917, 1.106, EUE % Rijeka
6.93194, 79.84778, 5.609, ASS % Colombo
6.773, 79.8816, 0.844, ASS % Moratuwa
14.64072, -90.51327, 5.647, NAS % Guatemala City
42.87, 74.59, 4.821, ASC % Bishkek
54.68916, 25.2798, 3.867, EUE % Vilnius
54.9, 23.9, 1.499, EUE % Kaunas
55.71722, 21.1175, 0.567, EUE % Klaipeda
55.93333, 23.31667, 0.663, EUE % Siauliai
55.73333, 24.35, 0.41, EUE % Panevezys
5.55602, -0.1969, 4.902, AFR % Accra
27.70169, 85.3206, 4.675, ASS % Kathmandu
9.93333, -84.08333, 5.662, NAS % San Jose
14.6937, -17.44406, 1.705, AFR % Dakar
14.1825, -16.25333, 2.193, AFR % Kaolack
31.95522, 35.94503, 3.742, ASC % Amman
32.07275, 36.08796, 0.147, ASC % Az Zarqa'
-17.8, -63.16667, 0.844, SAW % Santa Cruz de la Sierra
-17.3895, -66.1568, 0.124, SAW % Cochabamba
-16.5, -68.15, 3.42, SAW % La Paz
43.84864, 18.35644, 2.149, EUE % Sarajevo
44.77583, 17.18556, 0.535, EUE % Banja Luka
44.20139, 17.90639, 0.203, EUE % Zenica
44.54278, 18.66944, 0.887, EUE % Tuzla
43.34333, 17.80806, 0.69, EUE % Mostar
-34.83346, -56.16735, 3.69, SAE % Montevideo
23.61387, 58.5922, 2.768, ASC % Muscat
23.13302, -82.38304, 0.942, NAS % Havana
22.14611, -80.43556, 0.664, NAS % Cienfuegos
21.92972, -79.4425, 1.037, NAS % Sancti Spiritus
18.46633, -66.10572, 1.058, NAS % San Juan
18.39856, -66.15572, 0.764, NAS % Bayamon
18.38078, -65.95739, 1.889, NAS % Carolina
18.01108, -66.61406, 0.375, NAS % Ponce
17.99702, -76.79358, 1.602, NAS % Kingston
18.00747, -76.78319, 0.83, NAS % New Kingston
56.946, 24.10589, 4.173, EUE % Riga
55.88333, 26.53333, 0.249, EUE % Daugavpils
-25.30066, -57.63591, 2.133, SAE % Asuncion
-25.33968, -57.50879, 0.102, SAE % San Lorenzo
-25.34682, -57.60647, 0.027, SAE % Lambare
34.52813, 69.17233, 7.278, ASC % Kabul
31.78336, 35.23388, 0.856, ASC % East Jerusalem
31.5, 34.46667, 0.221, ASC % Gaza
32.22111, 35.25444, 1.009, ASC % Nablus
8.9936, -79.51973, 2.206, NAS % Panama
-17.82935, 31.05389, 1.724, AFR % Harare
-19.45, 29.81667, 0.322, AFR % Gweru
41.3275, 19.81889, 1.664, EUE % Tirana
41.1125, 20.08222, 0.232, EUE % Elbasan
47.00556, 28.8575, 2.013, EUE % Chisinau
46.84028, 29.64333, 0.216, EUE % Tiraspol
47.76167, 27.92889, 0.173, EUE % Balti
46.83056, 29.47111, 0.106, EUE % Bender
46.05108, 14.50513, 3.131, EUE % Ljubljana
40.18111, 44.51361, 1.882, ASC % Yerevan
40.7942, 43.84528, 0.456, ASC % Gyumri
33.88894, 35.49442, 1.368, ASC % Beirut
33.37889, 35.48389, 0.677, ASC % Nabatiye et Tahta
35.56113, 45.43749, 1.551, ASC % As Sulaymaniyah
41.69411, 44.83368, 1.772, ASC % Tbilisi
42.24961, 42.69974, 0.024, ASC % K'ut'aisi
41.64159, 41.63593, 0.266, ASC % Bat'umi
13.74028, -89.21306, 1.883, NAS % Mejicanos
29.33389, 48.07611, 1.166, ASC % As Salimiyah
29.25722, 48.05722, 0.1, ASC % Sabah as Salim
42.0, 21.43333, 1.256, EUE % Skopje
14.0818, -87.20681, 0.254, NAS % Tegucigalpa
15.5, -88.03333, 0.889, NAS % San Pedro Sula
59.43696, 24.75353, 2.121, EUE % Tallinn
58.38062, 26.72509, 0.591, EUE % Tartu
-25.96528, 32.58917, 0.963, AFR % Maputo
5.30966, -4.01266, 0.901, AFR % Abidjan
-4.32459, 15.32146, 0.808, AFR % Kinshasa
-15.40669, 28.28713, 0.547, AFR % Lusaka
-12.95867, 28.63659, 0.163, AFR % Ndola
18.53917, -72.335, 0.043, NAS % Port-au-Prince
18.54472, -72.30278, 0.107, NAS % Delmas 73
18.5125, -72.28528, 0.529, NAS % Petionville
-1.94995, 30.05885, 0.61, AFR % Kigali
38.53575, 68.77905, 0.576, ASC % Dushanbe
4.04827, 9.70428, 0.108, AFR % Douala
3.86667, 11.51667, 0.453, AFR % Yaounde
-8.83682, 13.23432, 1.672, AFR % Luanda
-12.57626, 13.40547, 0.116, AFR % Benguela
-15.78499, 35.00854, 0.468, AFR % Blantyre
26.21536, 50.5832, 0.439, ASC % Manama
12.13282, -86.2504, 0.467, NAS % Managua
35.16667, 33.36667, 0.364, EUE % Nicosia
34.675, 33.03333, 0.065, EUE % Limassol
25.27932, 51.52245, 0.432, ASC % Doha
17.96667, 102.6, 0.254, ASP % Vientiane
11.56245, 104.91601, 0.206, ASP % Phnom Penh
12.65, -8.0, 0.199, AFR % Bamako
32.87519, 13.18746, 0.159, AFR % Tripoli
6.13748, 1.21227, 0.116, AFR % Lome
47.90771, 106.88324, 0.115, ASC % Ulaanbaatar
42.44111, 19.26361, 0.132, EUE % Podgorica
-20.16194, 57.49889, 0.111, AFR % Port Louis
22.20056, 113.54611, 0.087, ASP % Macau
64.13548, -21.89541, 0.254, EUW % Reykjavik
-20.88231, 55.4504, 0.082, AFR % Saint-Denis
15.33333, 38.93333, 0.088, AFR % Asmara
6.36536, 2.41833, 0.084, AFR % Cotonou
12.36423, -1.53834, 0.06, AFR % Ouagadougou
6.80448, -58.15527, 0.058, SAE % Georgetown
-3.3822, 29.3644, 0.028, AFR % Bujumbura
-24.65451, 25.90859, 0.025, AFR % Gaborone
5.86638, -55.16682, 0.025, SAE % Paramaribo
25.05823, -77.34306, 0.023, NAS % Nassau
-22.55941, 17.08323, 0.02, AFR % Windhoek
-9.44314, 147.17972, 0.014, OCE % Port Moresby
4.36122, 18.55496, 0.014, AFR % Bangui
37.95, 58.38333, 0.017, ASC % Ashgabat
12.43333, 98.6, 0.028, ASP % Myeik
0.3925, 9.45365, 0.003, AFR % Libreville
-0.71933, 8.78151, 0.008, AFR % Port-Gentil
18.08581, -15.9785, 0.009, AFR % Nouakchott
-26.48333, 31.36667, 0.008, AFR % Manzini
12.1084, -68.93354, 0.008, NAS % Willemstad
-29.31667, 27.48333, 0.006, AFR % Maseru
8.484, -13.22994, 0.002, AFR % Freetown
11.86357, -15.59767, 0.001, AFR % Bissau
