31.22222, 121.45806, 141.467, ASP % Shanghai
39.9075, 116.39723, 141.467, ASP % Beijing
36.18528, 117.12, 141.467, ASP % Tai'an
29.33333, 113.09194, 141.467, ASP % Yueyang
34.79111, 114.34833, 141.467, ASP % Kaifeng
30.58333, 114.26667, 141.467, ASP % Wuhan
29.56278, 106.55278, 141.467, ASP % Chongqing
30.66667, 104.06667, 141.467, ASP % Chengdu
39.14222, 117.17667, 141.467, ASP % Tianjin
41.79222, 123.43278, 141.467, ASP % Shenyang
32.6475, 110.77806, 141.467, ASP % Shiyan
45.75, 126.65, 141.467, ASP % Harbin
34.25833, 108.92861, 141.467, ASP % Xi'an
36.05639, 103.79222, 141.467, ASP % Lanzhou
23.11667, 113.25, 141.467, ASP % Guangzhou
32.06167, 118.77778, 141.467, ASP % Nanjing
22.54554, 114.0683, 141.467, ASP % Shenzhen
37.86944, 112.56028, 141.467, ASP % Taiyuan
43.88, 125.32278, 141.467, ASP % Changchun
28.2, 112.96667, 141.467, ASP % Changsha
36.66833, 116.99722, 141.467, ASP % Jinan
38.91222, 121.60222, 141.467, ASP % Dalian
34.75778, 113.64861, 141.467, ASP % Zhengzhou
38.04139, 114.47861, 141.467, ASP % Shijiazhuang
43.85083, 126.56028, 141.467, ASP % Jilin
30.29365, 120.16142, 141.467, ASP % Hangzhou
28.68333, 115.88333, 141.467, ASP % Nanchang
36.09861, 120.37194, 141.467, ASP % Qingdao
39.63333, 118.18333, 141.467, ASP % Tangshan
43.80096, 87.60046, 141.467, ASP % Urunchi
31.86389, 117.28083, 141.467, ASP % Hefei
31.31139, 120.61806, 141.467, ASP % Suzhou
23.36814, 116.71479, 141.467, ASP % Shantou
34.18045, 117.15707, 141.467, ASP % Tongshan
26.06139, 119.30611, 141.467, ASP % Fuzhou
26.58333, 106.71667, 141.467, ASP % Guiyang
31.56887, 120.28857, 141.467, ASP % Wuxi
31.64615, 120.74221, 141.467, ASP % Changshu City
25.03889, 102.71833, 141.467, ASP % Kunming
38.85111, 115.49028, 141.467, ASP % Baoding
31.78333, 119.96667, 141.467, ASP % Changzhou
33.97444, 116.79167, 141.467, ASP % Huaibei
33.73847, 113.30119, 141.467, ASP % Pingdingshan
27.99942, 120.66682, 141.467, ASP % Wenzhou
22.81667, 108.31667, 141.467, ASP % Nanning
40.81056, 111.65222, 141.467, ASP % Hohhot
36.61667, 101.76667, 141.467, ASP % Xining
35.30889, 113.86722, 141.467, ASP % Xinxiang
39.50972, 116.69472, 141.467, ASP % Langfang
29.87819, 121.54945, 141.467, ASP % Ningbo
37.53333, 121.4, 141.467, ASP % Yantai
36.79056, 118.06333, 141.467, ASP % Zibo
32.03028, 120.87472, 141.467, ASP % Nantong
25.28194, 110.28639, 141.467, ASP % Guilin
21.28145, 110.34271, 141.467, ASP % Zhanjiang
24.8, 113.58333, 141.467, ASP % Shaoguan
33.38556, 120.12528, 141.467, ASP % Yancheng
23.02677, 113.13148, 141.467, ASP % Foshan
20.04583, 110.34167, 141.467, ASP % Haikou
32.49333, 119.91063, 141.467, ASP % Taizhou
24.47979, 118.08187, 141.467, ASP % Xiamen
32.39722, 119.43583, 141.467, ASP % Yangzhou
22.58333, 113.08333, 141.467, ASP % Jiangmen
31.33657, 118.37548, 141.467, ASP % Wuhu
22.27694, 113.56778, 141.467, ASP % Zhuhai
38.46806, 106.27306, 141.467, ASP % Yinchuan
34.01667, 113.81667, 141.467, ASP % Xuchang
34.59972, 119.15944, 141.467, ASP % Xinpu
23.04889, 113.74472, 141.467, ASP % Dongguan
37.44861, 116.2925, 141.467, ASP % Dezhou
26.25, 105.93333, 141.467, ASP % Anshun
22.51682, 113.38521, 141.467, ASP % Shiqi
42.9075, 129.50778, 141.467, ASP % Yanji
30.95, 117.78333, 141.467, ASP % Wusong
37.45639, 118.48556, 141.467, ASP % Dongying
32.99472, 112.53278, 141.467, ASP % Nanyang
35.89917, 114.1925, 141.467, ASP % Hebi
36.44389, 115.96472, 141.467, ASP % Liaocheng
35.08056, 109.08972, 141.467, ASP % Tongchuan
22.85042, 113.24701, 141.467, ASP % Daliang
26.24861, 117.61861, 141.467, ASP % Sanming
35.60028, 103.20639, 141.467, ASP % Linxia
30.80389, 108.38972, 141.467, ASP % Wanxian
24.91389, 118.58583, 141.467, ASP % Quanzhou
34.86472, 117.55417, 141.467, ASP % Zaozhuang
29.88333, 114.21667, 141.467, ASP % Xianning
31.13019, 104.38198, 141.467, ASP % Deyang
29.10778, 119.65472, 141.467, ASP % Jinhua
50.41667, 124.11667, 141.467, ASP % Jagdaqi
31.03595, 121.2146, 141.467, ASP % Songjiang
30.9525, 118.75528, 141.467, ASP % Xuanzhou
39.81667, 98.3, 141.467, ASP % Jiayuguan
27.34089, 117.4831, 141.467, ASP % Shaowu
27.31667, 103.71667, 141.467, ASP % Zhaotong
24.92271, 102.48496, 141.467, ASP % Lianran
28.31667, 109.71667, 141.467, ASP % Jishou
40.71427, -74.00597, 141.467, NAN % New York City
34.05223, -118.24368, 141.467, NAN % Los Angeles
41.85003, -87.65005, 141.467, NAN % Chicago
40.6501, -73.94958, 141.467, NAN % Brooklyn
29.76328, -95.36327, 141.467, NAN % Houston
39.95234, -75.16379, 141.467, NAN % Philadelphia
40.78343, -73.96625, 141.467, NAN % Manhattan
33.44838, -112.07404, 141.467, NAN % Phoenix
29.42412, -98.49363, 141.467, NAN % San Antonio
32.71533, -117.15726, 141.467, NAN % San Diego
32.78306, -96.80667, 141.467, NAN % Dallas
37.33939, -121.89496, 141.467, NAN % San Jose
39.76838, -86.15804, 141.467, NAN % Indianapolis
30.33218, -81.65565, 141.467, NAN % Jacksonville
37.77493, -122.41942, 141.467, NAN % San Francisco
30.26715, -97.74306, 141.467, NAN % Austin
39.96118, -82.99879, 141.467, NAN % Columbus
32.72541, -97.32085, 141.467, NAN % Fort Worth
35.22709, -80.84313, 141.467, NAN % Charlotte
42.33143, -83.04575, 141.467, NAN % Detroit
31.75872, -106.48693, 141.467, NAN % El Paso
35.14953, -90.04898, 141.467, NAN % Memphis
35.08676, -90.05676, 141.467, NAN % New South Memphis
39.29038, -76.61219, 141.467, NAN % Baltimore
42.35843, -71.05977, 141.467, NAN % Boston
47.60621, -122.33207, 141.467, NAN % Seattle
38.89511, -77.03637, 141.467, NAN % Washington
39.73915, -104.9847, 141.467, NAN % Denver
43.0389, -87.90647, 141.467, NAN % Milwaukee
45.52345, -122.67621, 141.467, NAN % Portland
36.17497, -115.13722, 141.467, NAN % Las Vegas
35.46756, -97.51643, 141.467, NAN % Oklahoma City
42.33343, -71.04949, 141.467, NAN % South Boston
35.08449, -106.65114, 141.467, NAN % Albuquerque
36.16589, -86.78444, 141.467, NAN % Nashville
32.22174, -110.92648, 141.467, NAN % Tucson
36.74773, -119.77237, 141.467, NAN % Fresno
38.58157, -121.4944, 141.467, NAN % Sacramento
33.76696, -118.18923, 141.467, NAN % Long Beach
39.09973, -94.57857, 141.467, NAN % Kansas City
33.42227, -111.82264, 141.467, NAN % Mesa
36.85293, -75.97798, 141.467, NAN % Virginia Beach
33.749, -84.38798, 141.467, NAN % Atlanta
38.83388, -104.82136, 141.467, NAN % Colorado Springs
41.25861, -95.93779, 141.467, NAN % Omaha
35.7721, -78.63861, 141.467, NAN % Raleigh
25.77427, -80.19366, 141.467, NAN % Miami
41.4995, -81.69541, 141.467, NAN % Cleveland
36.15398, -95.99278, 141.467, NAN % Tulsa
37.80437, -122.2708, 141.467, NAN % Oakland
44.97997, -93.26384, 141.467, NAN % Minneapolis
37.69224, -97.33754, 141.467, NAN % Wichita
21.30694, -157.85834, 141.467, NAN % Honolulu
32.73569, -97.10807, 141.467, NAN % Arlington
35.37329, -119.01871, 141.467, NAN % Bakersfield
29.95465, -90.07507, 141.467, NAN % New Orleans
35.78682, -78.66389, 141.467, NAN % West Raleigh
33.83529, -117.9145, 141.467, NAN % Anaheim
27.94752, -82.45843, 141.467, NAN % Tampa
39.72943, -104.83192, 141.467, NAN % Aurora
33.74557, -117.86783, 141.467, NAN % Santa Ana
38.62727, -90.19789, 141.467, NAN % Saint Louis
40.44062, -79.99589, 141.467, NAN % Pittsburgh
27.80058, -97.39638, 141.467, NAN % Corpus Christi
33.95335, -117.39616, 141.467, NAN % Riverside
39.162, -84.45689, 141.467, NAN % Cincinnati
38.0498, -84.45855, 141.467, NAN % Lexington-Fayette
61.21806, -149.90028, 141.467, NAN % Anchorage
37.9577, -121.29078, 141.467, NAN % Stockton
41.66394, -83.55521, 141.467, NAN % Toledo
44.94441, -93.09327, 141.467, NAN % Saint Paul
40.73566, -74.17237, 141.467, NAN % Newark
36.07264, -79.79198, 141.467, NAN % Greensboro
42.88645, -78.87837, 141.467, NAN % Buffalo
33.01984, -96.69889, 141.467, NAN % Plano
40.8, -96.66696, 141.467, NAN % Lincoln
36.0397, -114.98194, 141.467, NAN % Henderson
41.1306, -85.12886, 141.467, NAN % Fort Wayne
40.72816, -74.07764, 141.467, NAN % Jersey City
27.77086, -82.67927, 141.467, NAN % Saint Petersburg
32.64005, -117.0842, 141.467, NAN % Chula Vista
38.25424, -85.75941, 141.467, NAN % Louisville
36.84681, -76.28522, 141.467, NAN % Norfolk
28.53834, -81.37924, 141.467, NAN % Orlando
33.30616, -111.84125, 141.467, NAN % Chandler
27.50641, -99.50754, 141.467, NAN % Laredo
43.07305, -89.40123, 141.467, NAN % Madison
36.09986, -80.24422, 141.467, NAN % Winston-Salem
33.57786, -101.85517, 141.467, NAN % Lubbock
30.45075, -91.15455, 141.467, NAN % Baton Rouge
35.99403, -78.89862, 141.467, NAN % Durham
32.91262, -96.63888, 141.467, NAN % Garland
33.53865, -112.18599, 141.467, NAN % Glendale
37.98869, -84.47772, 141.467, NAN % Lexington
39.52963, -119.8138, 141.467, NAN % Reno
25.8576, -80.27811, 141.467, NAN % Hialeah
36.09719, -115.14666, 141.467, NAN % Paradise
36.81904, -76.27494, 141.467, NAN % Chesapeake
33.50921, -111.89903, 141.467, NAN % Scottsdale
32.81402, -96.94889, 141.467, NAN % Irving
37.54827, -121.98857, 141.467, NAN % Fremont
33.66946, -117.82311, 141.467, NAN % Irvine
33.52066, -86.80249, 141.467, NAN % Birmingham
43.15478, -77.61556, 141.467, NAN % Rochester
34.10834, -117.28977, 141.467, NAN % San Bernardino
47.65966, -117.42908, 141.467, NAN % Spokane
33.35283, -111.78903, 141.467, NAN % Gilbert
38.88101, -77.10428, 141.467, NAN % Arlington
32.36681, -86.29997, 141.467, NAN % Montgomery
37.55376, -77.46026, 141.467, NAN % Richmond
41.60054, -93.60911, 141.467, NAN % Des Moines
34.16056, -118.26452, 141.467, NAN % North Glendale
37.6391, -120.99688, 141.467, NAN % Modesto
35.05266, -78.87836, 141.467, NAN % Fayetteville
32.52515, -93.75018, 141.467, NAN % Shreveport
41.08144, -81.51901, 141.467, NAN % Akron
47.25288, -122.44429, 141.467, NAN % Tacoma
41.76058, -88.32007, 141.467, NAN % Aurora
34.1975, -119.17705, 141.467, NAN % Oxnard
40.93121, -73.89875, 141.467, NAN % Yonkers
30.69436, -88.04305, 141.467, NAN % Mobile
34.74648, -92.28959, 141.467, NAN % Little Rock
33.93752, -117.23059, 141.467, NAN % Moreno Valley
34.14251, -118.25508, 141.467, NAN % Glendale
35.222, -101.8313, 141.467, NAN % Amarillo
33.6603, -117.99923, 141.467, NAN % Huntington Beach
32.46098, -84.98771, 141.467, NAN % Columbus
36.21108, -115.07306, 141.467, NAN % Sunrise Manor
42.96336, -85.66809, 141.467, NAN % Grand Rapids
34.19084, -119.2415, 141.467, NAN % Oxnard Shores
40.76078, -111.89105, 141.467, NAN % Salt Lake City
30.43826, -84.28073, 141.467, NAN % Tallahassee
42.26259, -71.80229, 141.467, NAN % Worcester
36.97876, -76.428, 141.467, NAN % Newport News
34.73037, -86.5861, 141.467, NAN % Huntsville
35.96064, -83.92074, 141.467, NAN % Knoxville
36.10803, -115.245, 141.467, NAN % Spring Valley
41.82399, -71.41283, 141.467, NAN % Providence
34.39166, -118.54259, 141.467, NAN % Santa Clarita
32.74596, -96.99778, 141.467, NAN % Grand Prairie
25.90175, -97.49748, 141.467, NAN % Brownsville
32.29876, -90.18481, 141.467, NAN % Jackson
38.98223, -94.67079, 141.467, NAN % Overland Park
40.66677, -73.88236, 141.467, NAN % East New York
33.77391, -117.94145, 141.467, NAN % Garden Grove
38.44047, -122.71443, 141.467, NAN % Santa Rosa
35.04563, -85.30968, 141.467, NAN % Chattanooga
34.09834, -118.32674, 141.467, NAN % Hollywood
26.12231, -80.14338, 141.467, NAN % Fort Lauderdale
34.1064, -117.59311, 141.467, NAN % Rancho Cucamonga
27.29393, -80.35033, 141.467, NAN % Port Saint Lucie
34.06334, -117.65089, 141.467, NAN % Ontario
45.63873, -122.66149, 141.467, NAN % Vancouver
37.21533, -93.29824, 141.467, NAN % Springfield
33.41421, -111.94348, 141.467, NAN % Tempe Junction
34.69804, -118.13674, 141.467, NAN % Lancaster
44.05207, -123.08675, 141.467, NAN % Eugene
26.00315, -80.22394, 141.467, NAN % Pembroke Pines
44.9429, -123.0351, 141.467, NAN % Salem
26.56285, -81.94953, 141.467, NAN % Cape Coral
33.5806, -112.23738, 141.467, NAN % Peoria
35.06535, -85.24912, 141.467, NAN % East Chattanooga
43.54997, -96.70033, 141.467, NAN % Sioux Falls
42.10148, -72.58981, 141.467, NAN % Springfield
38.4088, -121.37162, 141.467, NAN % Elk Grove
42.27113, -89.094, 141.467, NAN % Rockford
34.57943, -118.11646, 141.467, NAN % Palmdale
33.87529, -117.56644, 141.467, NAN % Corona
36.67774, -121.6555, 141.467, NAN % Salinas
34.05529, -117.75228, 141.467, NAN % Pomona
29.69106, -95.2091, 141.467, NAN % Pasadena
37.03737, -76.33161, 141.467, NAN % East Hampton
41.52503, -88.08173, 141.467, NAN % Joliet
40.91677, -74.17181, 141.467, NAN % Paterson
43.6135, -116.20345, 141.467, NAN % Boise
39.11417, -94.62746, 141.467, NAN % Kansas City
33.83585, -118.34063, 141.467, NAN % Torrance
43.04812, -76.14742, 141.467, NAN % Syracuse
41.16704, -73.20483, 141.467, NAN % Bridgeport
37.66882, -122.0808, 141.467, NAN % Hayward
40.58526, -105.08442, 141.467, NAN % Fort Collins
33.11921, -117.08642, 141.467, NAN % Escondido
39.70471, -105.08137, 141.467, NAN % Lakewood
29.97854, -90.16396, 141.467, NAN % Metairie Terrace
41.78586, -88.14729, 141.467, NAN % Naperville
39.75895, -84.19161, 141.467, NAN % Dayton
26.0112, -80.14949, 141.467, NAN % Hollywood
37.36883, -122.03635, 141.467, NAN % Sunnyvale
38.80484, -77.04692, 141.467, NAN % Alexandria
32.7668, -96.59916, 141.467, NAN % Mesquite
29.98409, -90.15285, 141.467, NAN % Metairie
37.02987, -76.34522, 141.467, NAN % Hampton
34.14778, -118.14452, 141.467, NAN % Pasadena
33.78779, -117.85311, 141.467, NAN % Orange
32.08354, -81.09983, 141.467, NAN % Savannah
35.79154, -78.78112, 141.467, NAN % Cary
33.87029, -117.92534, 141.467, NAN % Fullerton
42.47754, -83.0277, 141.467, NAN % Warren
36.52977, -87.35945, 141.467, NAN % Clarksville
33.19762, -96.61527, 141.467, NAN % McKinney
26.20341, -98.23001, 141.467, NAN % McAllen
41.30815, -72.92816, 141.467, NAN % New Haven
42.58031, -83.0302, 141.467, NAN % Sterling Heights
40.69161, -112.00105, 141.467, NAN % West Valley City
34.00071, -81.03481, 141.467, NAN % Columbia
31.11712, -97.7278, 141.467, NAN % Killeen
39.04833, -95.67804, 141.467, NAN % Topeka
34.17056, -118.83759, 141.467, NAN % Thousand Oaks
34.0239, -118.17202, 141.467, NAN % East Los Angeles
42.00833, -91.64407, 141.467, NAN % Cedar Rapids
38.8814, -94.81913, 141.467, NAN % Olathe
40.66399, -74.2107, 141.467, NAN % Elizabeth
31.54933, -97.14667, 141.467, NAN % Waco
41.76371, -72.68509, 141.467, NAN % Hartford
36.33023, -119.29206, 141.467, NAN % Visalia
29.65163, -82.32483, 141.467, NAN % Gainesville
34.26945, -118.78148, 141.467, NAN % Simi Valley
41.05343, -73.53873, 141.467, NAN % Stamford
47.61038, -122.20068, 141.467, NAN % Bellevue
37.97798, -122.03107, 141.467, NAN % Concord
25.98731, -80.23227, 141.467, NAN % Miramar
41.13815, -73.54346, 141.467, NAN % North Stamford
26.27119, -80.2706, 141.467, NAN % Coral Springs
30.22409, -92.01984, 141.467, NAN % Lafayette
32.77657, -79.93092, 141.467, NAN % Charleston
32.95373, -96.89028, 141.467, NAN % Carrollton
38.75212, -121.28801, 141.467, NAN % Roseville
39.86804, -104.97192, 141.467, NAN % Thornton
30.08605, -94.10185, 141.467, NAN % Beaumont
40.60843, -75.49018, 141.467, NAN % Allentown
33.63059, -112.33322, 141.467, NAN % Surprise
37.97476, -87.55585, 141.467, NAN % Evansville
32.44874, -99.73314, 141.467, NAN % Abilene
33.15067, -96.82361, 141.467, NAN % Frisco
33.96095, -83.37794, 141.467, NAN % Athens
37.35411, -121.95524, 141.467, NAN % Santa Clara
39.80172, -89.64371, 141.467, NAN % Springfield
38.10409, -122.25664, 141.467, NAN % Vallejo
34.53611, -117.29116, 141.467, NAN % Victorville
40.69365, -89.58899, 141.467, NAN % Peoria
42.73254, -84.55553, 141.467, NAN % Lansing
42.27756, -83.74088, 141.467, NAN % Ann Arbor
34.06862, -118.02757, 141.467, NAN % El Monte
33.21484, -97.13307, 141.467, NAN % Denton
40.71754, -89.58426, 141.467, NAN % North Peoria
37.87159, -122.27275, 141.467, NAN % Berkeley
40.23384, -111.65853, 141.467, NAN % Provo
33.94001, -118.13257, 141.467, NAN % Downey
31.99735, -102.07791, 141.467, NAN % Midland
35.22257, -97.43948, 141.467, NAN % Norman
39.09556, -94.35523, 141.467, NAN % East Independence
41.55815, -73.0515, 141.467, NAN % Waterbury
33.64113, -117.91867, 141.467, NAN % Costa Mesa
33.96168, -118.35313, 141.467, NAN % Inglewood
42.99564, -71.45479, 141.467, NAN % Manchester
35.84562, -86.39027, 141.467, NAN % Murfreesboro
38.95171, -92.33407, 141.467, NAN % Columbia
36.02525, -115.24194, 141.467, NAN % Enterprise
42.03725, -88.28119, 141.467, NAN % Elgin
27.96585, -82.8001, 141.467, NAN % Clearwater
25.94204, -80.2456, 141.467, NAN % Miami Gardens
44.02163, -92.4699, 141.467, NAN % Rochester
38.25445, -104.60914, 141.467, NAN % Pueblo
42.63342, -71.31617, 141.467, NAN % Lowell
34.22573, -77.94471, 141.467, NAN % Wilmington
39.80276, -105.08748, 141.467, NAN % Arvada
39.83665, -105.0372, 141.467, NAN % Westminster
34.06862, -117.93895, 141.467, NAN % West Covina
45.49818, -122.43148, 141.467, NAN % Gresham
46.87719, -96.7898, 141.467, NAN % Fargo
33.90224, -118.08173, 141.467, NAN % Norwalk
33.15809, -117.35059, 141.467, NAN % Carlsbad
38.24936, -122.03997, 141.467, NAN % Fairfield
42.3751, -71.10561, 141.467, NAN % Cambridge
34.1389, -118.35341, 141.467, NAN % Universal City
33.91371, -98.49339, 141.467, NAN % Wichita Falls
35.95569, -80.00532, 141.467, NAN % High Point
45.78329, -108.50069, 141.467, NAN % Billings
44.51916, -88.01983, 141.467, NAN % Green Bay
40.60967, -111.9391, 141.467, NAN % West Jordan
37.93576, -122.34775, 141.467, NAN % Richmond
27.9378, -82.28592, 141.467, NAN % Brandon
33.55391, -117.21392, 141.467, NAN % Murrieta
34.18084, -118.30897, 141.467, NAN % Burbank
28.03446, -80.58866, 141.467, NAN % Palm Bay
47.97898, -122.20208, 141.467, NAN % Everett
40.51872, -74.4121, 141.467, NAN % Edison
43.01253, -83.68746, 141.467, NAN % Flint
38.00492, -121.80579, 141.467, NAN % Antioch
42.12922, -80.08506, 141.467, NAN % Erie
41.68338, -86.25001, 141.467, NAN % South Bend
37.70577, -122.46192, 141.467, NAN % Daly City
39.57916, -104.87692, 141.467, NAN % Centennial
33.49364, -117.14836, 141.467, NAN % Temecula
19.07283, 72.88261, 141.467, ASS % Mumbai
12.97194, 77.59369, 141.467, ASS % Bangalore
22.56972, 88.36972, 141.467, ASS % Calcutta
13.08784, 80.27847, 141.467, ASS % Chennai
23.03333, 72.61667, 141.467, ASS % Ahmadabad
17.37528, 78.47444, 141.467, ASS % Hyderabad
21.16667, 72.83333, 141.467, ASS % Surat
26.46667, 80.35, 141.467, ASS % Kanpur
26.91962, 75.78781, 141.467, ASS % Jaipur
23.26667, 77.4, 141.467, ASS % Bhopal
22.3, 70.78333, 141.467, ASS % Rajkot
18.53017, 73.85263, 141.467, ASS % Shivaji Nagar
10.9925, 76.96139, 141.467, ASS % Coimbatore
30.7343, 76.7933, 141.467, ASS % Chandigarh
26.18617, 91.75095, 141.467, ASS % Guwahati
12.29791, 76.63925, 141.467, ASS % Mysore
8.50694, 76.95694, 141.467, ASS % Thiruvananthapuram
10.805, 78.68556, 141.467, ASS % Tiruchchirappalli
25.18333, 75.83333, 141.467, ASS % Kota
20.23333, 85.83333, 141.467, ASS % Bhubaneshwar
9.93988, 76.26022, 141.467, ASS % Cochin
19.21667, 73.15, 141.467, ASS % Ulhasnagar
20.73333, 77.0, 141.467, ASS % Akola
12.91723, 74.85603, 141.467, ASS % Mangalore
28.63576, 77.22445, 141.467, ASS % New Delhi
28.58, 77.33, 141.467, ASS % Noida
25.18333, 85.51667, 141.467, ASS % Bihar Sharif
11.93, 79.83, 141.467, ASS % Puducherry
10.8, 79.15, 141.467, ASS % Thanjavur
29.96667, 78.16667, 141.467, ASS % Haridwar
12.9184, 79.13255, 141.467, ASS % Vellore
26.84766, 89.37558, 141.467, ASS % Jaigaon
24.81667, 92.8, 141.467, ASS % Silchar
19.15096, 72.99625, 141.467, ASS % Airoli
35.6895, 139.69171, 141.467, ASP % Tokyo
35.44778, 139.6425, 141.467, ASP % Yokohama-shi
34.69374, 135.50218, 141.467, ASP % Osaka-shi
35.18147, 136.9064, 141.467, ASP % Nagoya-shi
43.06417, 141.34694, 141.467, ASP % Sapporo-shi
34.6913, 135.183, 141.467, ASP % Kobe-shi
35.02107, 135.75385, 141.467, ASP % Kyoto
33.60639, 130.41806, 141.467, ASP % Fukuoka-shi
35.52056, 139.71722, 141.467, ASP % Kawasaki
34.39627, 132.45937, 141.467, ASP % Hiroshima-shi
35.88333, 139.63333, 141.467, ASP % Yono
38.26889, 140.87193, 141.467, ASP % Sendai-shi
33.83333, 130.83333, 141.467, ASP % Kitakyushu
35.60472, 140.12334, 141.467, ASP % Chiba-shi
34.58333, 135.46667, 141.467, ASP % Sakai
34.97694, 138.38306, 141.467, ASP % Shizuoka-shi
35.73333, 139.65, 141.467, ASP % Nerima
32.78972, 130.74167, 141.467, ASP % Kumamoto-shi
35.55306, 139.35445, 141.467, ASP % Sagamihara
34.66167, 133.935, 141.467, ASP % Okayama-shi
34.7, 137.73334, 141.467, ASP % Hamamatsu
35.65583, 139.32388, 141.467, ASP % Hachioji
35.69306, 139.98334, 141.467, ASP % Funabashi
31.56018, 130.55814, 141.467, ASP % Kagoshima-shi
37.90222, 139.0236, 141.467, ASP % Niigata-shi
34.81667, 134.7, 141.467, ASP % Himeji
35.78333, 139.9, 141.467, ASP % Matsudo
34.71667, 135.33333, 141.467, ASP % Nishinomiya
35.805, 139.72057, 141.467, ASP % Kawaguchi
36.59444, 136.62556, 141.467, ASP % Kanazawa-shi
35.71972, 139.92471, 141.467, ASP % Ichikawa
36.56583, 139.8836, 141.467, ASP % Utsunomiya-shi
33.23806, 131.6125, 141.467, ASP % Oita-shi
33.83916, 132.76575, 141.467, ASP % Matsuyama-shi
34.71667, 135.41667, 141.467, ASP % Amagasaki
34.58333, 133.76666, 141.467, ASP % Kurashiki
35.28361, 139.66722, 141.467, ASP % Yokosuka
32.74472, 129.87361, 141.467, ASP % Nagasaki-shi
34.81352, 135.64914, 141.467, ASP % Hirakata
35.54028, 139.45084, 141.467, ASP % Machida
35.42291, 136.76039, 141.467, ASP % Gifu-shi
35.34194, 139.47, 141.467, ASP % Fujisawa
34.78244, 135.46931, 141.467, ASP % Toyonaka
34.48333, 133.36667, 141.467, ASP % Fukuyama
34.76667, 137.38333, 141.467, ASP % Toyohashi
34.68505, 135.80486, 141.467, ASP % Nara-shi
35.08333, 137.15, 141.467, ASP % Toyota
36.65139, 138.1811, 141.467, ASP % Nagano-shi
35.60902, 139.73016, 141.467, ASP % Shinagawa-ku
43.76778, 142.37029, 141.467, ASP % Asahikawa
34.84833, 135.61678, 141.467, ASP % Takatsuki
34.95, 137.16667, 141.467, ASP % Okazaki
34.22611, 135.1675, 141.467, ASP % Wakayama-shi
37.4, 140.38333, 141.467, ASP % Koriyama
35.85444, 139.96889, 141.467, ASP % Kashiwa
33.55972, 133.53111, 141.467, ASP % Kochi-shi
34.34028, 134.04333, 141.467, ASP % Takamatsu-shi
39.71806, 140.10333, 141.467, ASP % Akita-shi
36.69528, 137.2114, 141.467, ASP % Toyama-shi
39.71667, 140.11667, 141.467, ASP % Akita
35.88333, 139.78333, 141.467, ASP % Koshigaya
31.91111, 131.42389, 141.467, ASP % Miyazaki-shi
26.2125, 127.68111, 141.467, ASP % Naha-shi
35.24762, 136.97229, 141.467, ASP % Kasugai
40.82444, 140.74, 141.467, ASP % Aomori-shi
35.00444, 135.86833, 141.467, ASP % Otsu-shi
34.63333, 134.98334, 141.467, ASP % Akashi
34.96667, 136.61667, 141.467, ASP % Yokkaichi
39.70361, 141.1525, 141.467, ASP % Morioka-shi
37.75, 140.46777, 141.467, ASP % Fukushima-shi
35.51667, 140.08333, 141.467, ASP % Ichihara
36.39111, 139.06084, 141.467, ASP % Maebashi-shi
41.77583, 140.73666, 141.467, ASP % Hakodate
34.81641, 135.56828, 141.467, ASP % Ibaraki
34.61667, 135.6, 141.467, ASP % Yao
34.76667, 134.85, 141.467, ASP % Kakogawa
34.06583, 134.55943, 141.467, ASP % Tokushima-shi
35.32306, 139.34222, 141.467, ASP % Hiratsuka
38.24056, 140.36333, 141.467, ASP % Yamagata-shi
36.06443, 136.22256, 141.467, ASP % Fukui-shi
36.34139, 140.44667, 141.467, ASP % Mito-shi
33.95, 130.95, 141.467, ASP % Shimonoseki
36.33333, 139.01666, 141.467, ASP % Takasaki
35.66667, 139.48334, 141.467, ASP % Fuchu
35.16667, 138.68333, 141.467, ASP % Fuji
40.5, 141.5, 141.467, ASP % Hachinohe
33.31667, 130.51666, 141.467, ASP % Kurume
33.15917, 129.72278, 141.467, ASP % Sasebo
35.82028, 139.80444, 141.467, ASP % Soka
35.43889, 139.35973, 141.467, ASP % Atsugi
34.79936, 135.35696, 141.467, ASP % Takarazuka
35.96972, 139.58861, 141.467, ASP % Ageo
35.65556, 139.55222, 141.467, ASP % Chofu
36.23333, 137.96667, 141.467, ASP % Matsumoto
34.46667, 135.36667, 141.467, ASP % Kishiwada
35.1, 138.86667, 141.467, ASP % Numazu
35.25556, 139.15971, 141.467, ASP % Odawara
34.23333, 132.56667, 141.467, ASP % Kure
37.45, 138.85, 141.467, ASP % Nagaoka
34.78427, 135.40126, 141.467, ASP % Itami
34.88333, 135.8, 141.467, ASP % Uji
34.88333, 136.58333, 141.467, ASP % Suzuka
35.66389, 138.56833, 141.467, ASP % Kofu-shi
35.72639, 139.48389, 141.467, ASP % Kodaira
36.6, 140.65, 141.467, ASP % Hitachi
42.975, 144.37473, 141.467, ASP % Kushiro
35.68351, 139.55963, 141.467, ASP % Mitaka-shi
35.71667, 140.23334, 141.467, ASP % Sakura
34.95828, 137.08054, 141.467, ASP % Anjo
36.2, 140.1, 141.467, ASP % Tsukuba
40.59306, 140.4725, 141.467, ASP % Hirosaki
42.63694, 141.60333, 141.467, ASP % Tomakomai
33.94306, 131.25111, 141.467, ASP % Ube
35.69278, 139.41806, 141.467, ASP % Tachikawa
35.67306, 139.40028, 141.467, ASP % Hino
36.75, 137.01666, 141.467, ASP % Takaoka
35.30889, 139.55028, 141.467, ASP % Kamakura
33.24932, 130.2988, 141.467, ASP % Saga-shi
35.85295, 139.41212, 141.467, ASP % Sayama
34.81667, 135.41667, 141.467, ASP % Kawanishi
36.3, 139.8, 141.467, ASP % Oyama
36.33333, 139.45, 141.467, ASP % Ashikaga
35.47222, 133.05057, 141.467, ASP % Matsue-shi
36.39659, 140.53479, 141.467, ASP % Hitachi-Naka
35.68333, 140.03333, 141.467, ASP % Narashino
35.8563, 139.90266, 141.467, ASP % Nagareyama
36.13333, 139.38333, 141.467, ASP % Kumagaya
35.5, 134.23334, 141.467, ASP % Tottori
35.28333, 136.91667, 141.467, ASP % Komaki
35.78389, 139.24306, 141.467, ASP % Ome
34.18583, 131.47139, 141.467, ASP % Yamaguchi-shi
43.18944, 141.00221, 141.467, ASP % Otaru
35.67056, 139.88861, 141.467, ASP % Urayasu
35.43333, 133.33333, 141.467, ASP % Yonago
34.98333, 136.98334, 141.467, ASP % Kariya
35.70611, 139.55943, 141.467, ASP % Musashino
35.48889, 139.38861, 141.467, ASP % Zama
35.23333, 137.1, 141.467, ASP % Seto
43.10806, 141.55057, 141.467, ASP % Ebetsu
34.5, 135.6, 141.467, ASP % Tondabayashi
34.88333, 135.23334, 141.467, ASP % Sanda
35.41667, 136.86667, 141.467, ASP % Kakamigahara
33.03333, 130.45, 141.467, ASP % Omuta
35.86667, 140.01666, 141.467, ASP % Abiko
31.73333, 131.06667, 141.467, ASP % Miyakonojo
34.56667, 135.55, 141.467, ASP % Matsubara
36.31667, 139.2, 141.467, ASP % Isesaki
34.7, 135.61667, 141.467, ASP % Daito
34.82691, 135.47057, 141.467, ASP % Mino
35.01667, 135.96667, 141.467, ASP % Kusatsu
36.4, 138.26666, 141.467, ASP % Ueda
26.33583, 127.80139, 141.467, ASP % Okinawa
33.27361, 131.49194, 141.467, ASP % Beppu
34.56667, 136.53333, 141.467, ASP % Matsuzaka
34.50896, 135.7929, 141.467, ASP % Kashihara-shi
33.95933, 133.31673, 141.467, ASP % Niihama
35.37472, 139.9225, 141.467, ASP % Kisarazu
32.58333, 131.66667, 141.467, ASP % Nobeoka
34.88333, 136.93333, 141.467, ASP % Handa
35.69139, 139.50111, 141.467, ASP % Koganei
35.11667, 138.91667, 141.467, ASP % Mishima
43.80306, 143.89082, 141.467, ASP % Kitami
35.06667, 136.7, 141.467, ASP % Kuwana
36.4, 139.33333, 141.467, ASP % Kiryu
35.51965, 137.82074, 141.467, ASP % Iida
36.2, 139.28333, 141.467, ASP % Fukaya
35.39056, 139.30779, 141.467, ASP % Isehara
34.86667, 137.05, 141.467, ASP % Nishio
35.25, 136.78333, 141.467, ASP % Inazawa
34.05, 131.81667, 141.467, ASP % Tokuyama
35.78333, 140.31667, 141.467, ASP % Narita
38.91667, 139.855, 141.467, ASP % Sakata
35.33165, 136.87042, 141.467, ASP % Konan
33.49631, 130.5156, 141.467, ASP % Chikushino-shi
-23.5475, -46.63611, 141.467, SAE % Sao Paulo
-22.90278, -43.2075, 141.467, SAE % Rio de Janeiro
-12.97111, -38.51083, 141.467, SAE % Salvador
-3.71722, -38.54306, 141.467, SAE % Fortaleza
-19.92083, -43.93778, 141.467, SAE % Belo Horizonte
-15.77972, -47.92972, 141.467, SAE % Brasilia
-25.42778, -49.27306, 141.467, SAE % Curitiba
-3.10194, -60.025, 141.467, SAE % Manaus
-8.05389, -34.88111, 141.467, SAE % Recife
-1.45583, -48.50444, 141.467, SAE % Belem
-30.03306, -51.23, 141.467, SAE % Porto Alegre
-16.67861, -49.25389, 141.467, SAE % Goiania
-23.46278, -46.53333, 141.467, SAE % Guarulhos
-22.90556, -47.06083, 141.467, SAE % Campinas
-9.66583, -35.73528, 141.467, SAE % Maceio
-2.52972, -44.30278, 141.467, SAE % Sao Luis
-5.795, -35.20944, 141.467, SAE % Natal
-5.08917, -42.80194, 141.467, SAE % Teresina
-20.44278, -54.64639, 141.467, SAE % Campo Grande
-23.5325, -46.79167, 141.467, SAE % Osasco
-23.66389, -46.53833, 141.467, SAE % Santo Andre
-7.115, -34.86306, 141.467, SAE % Joao Pessoa
-23.17944, -45.88694, 141.467, SAE % Sao Jose dos Campos
-18.91861, -48.27722, 141.467, SAE % Uberlandia
-23.50167, -47.45806, 141.467, SAE % Sorocaba
-21.1775, -47.81028, 141.467, SAE % Ribeirao Preto
-15.59611, -56.09667, 141.467, SAE % Cuiaba
-10.91111, -37.07167, 141.467, SAE % Aracaju
-12.26667, -38.96667, 141.467, SAE % Feira de Santana
-23.31028, -51.16278, 141.467, SAE % Londrina
-26.30444, -48.84556, 141.467, SAE % Joinville
-22.88333, -43.10361, 141.467, SAE % Niteroi
-27.59667, -48.54917, 141.467, SAE % Florianopolis
-20.32972, -40.2925, 141.467, SAE % Vila Velha
-23.66778, -46.46139, 141.467, SAE % Maua
-29.16806, -51.17944, 141.467, SAE % Caxias do Sul
-20.81972, -49.37944, 141.467, SAE % Sao Jose do Rio Preto
-7.23056, -35.88111, 141.467, SAE % Campina Grande
0.03889, -51.06639, 141.467, SAE % Macapa
-22.31472, -49.06056, 141.467, SAE % Bauru
-29.91778, -51.18361, 141.467, SAE % Canoas
-31.77194, -52.3425, 141.467, SAE % Pelotas
-20.31944, -40.33778, 141.467, SAE % Vitoria
-23.42528, -51.93861, 141.467, SAE % Maringa
-8.76194, -63.90389, 141.467, SAE % Porto Velho
-20.53861, -47.40083, 141.467, SAE % Franca
-26.91944, -49.06611, 141.467, SAE % Blumenau
-25.54778, -54.58806, 141.467, SAE % Foz do Iguacu
-25.095, -50.16194, 141.467, SAE % Ponta Grossa
-9.97472, -67.81, 141.467, SAE % Rio Branco
-24.95583, -53.45528, 141.467, SAE % Cascavel
-29.67833, -51.13056, 141.467, SAE % Novo Hamburgo
-23.51056, -46.87611, 141.467, SAE % Barueri
-18.85111, -41.94944, 141.467, SAE % Governador Valadares
-24.00583, -46.40278, 141.467, SAE % Praia Grande
-29.68417, -53.80694, 141.467, SAE % Santa Maria
-19.76972, -43.85139, 141.467, SAE % Santa Luzia
-8.28333, -35.97611, 141.467, SAE % Caruaru
-22.12556, -51.38889, 141.467, SAE % Presidente Prudente
-22.0175, -47.89083, 141.467, SAE % Sao Carlos
-5.1875, -37.34417, 141.467, SAE % Mossoro
-10.21278, -48.36028, 141.467, SAE % Palmas
-20.13889, -44.88389, 141.467, SAE % Divinopolis
-28.26278, -52.40667, 141.467, SAE % Passo Fundo
-23.60389, -46.91917, 141.467, SAE % Cotia
-21.20889, -50.43278, 141.467, SAE % Aracatuba
-21.79444, -48.17556, 141.467, SAE % Araraquara
-27.81611, -50.32611, 141.467, SAE % Lages
-22.22111, -54.80556, 141.467, SAE % Dourados
-27.09639, -52.61833, 141.467, SAE % Chapeco
-26.90778, -48.66194, 141.467, SAE % Itajai
-25.39528, -51.45806, 141.467, SAE % Guarapuava
-26.48611, -49.06667, 141.467, SAE % Jaragua do Sul
-22.37222, -46.94222, 141.467, SAE % Mogi Guacu
-13.8575, -40.08361, 141.467, SAE % Jequie
-18.57889, -46.51806, 141.467, SAE % Patos de Minas
-22.95194, -46.54194, 141.467, SAE % Braganca Paulista
-21.22583, -43.77361, 141.467, SAE % Barbacena
-22.23, -45.93639, 141.467, SAE % Pouso Alegre
-22.88583, -48.445, 141.467, SAE % Botucatu
-20.66028, -43.78611, 141.467, SAE % Conselheiro Lafaiete
-22.35694, -47.38417, 141.467, SAE % Araras
-30.11389, -51.325, 141.467, SAE % Guaiba
52.52437, 13.41053, 141.467, EUW % Berlin
53.55, 10.0, 141.467, EUW % Hamburg
48.13743, 11.57549, 141.467, EUW % Muenchen
50.93333, 6.95, 141.467, EUW % Koeln
50.11667, 8.68333, 141.467, EUW % Frankfurt am Main
51.45, 7.01667, 141.467, EUW % Essen
48.78232, 9.17702, 141.467, EUW % Stuttgart
51.51667, 7.45, 141.467, EUW % Dortmund
51.22172, 6.77616, 141.467, EUW % Dusseldorf
53.07516, 8.80777, 141.467, EUW % Bremen
52.37052, 9.73322, 141.467, EUW % Hannover
51.33962, 12.37129, 141.467, EUW % Leipzig
51.43333, 6.75, 141.467, EUW % Duisburg
49.44778, 11.06833, 141.467, EUW % Nuremberg
51.05089, 13.73832, 141.467, EUW % Dresden
53.56667, 10.1, 141.467, EUW % Wandsbek
51.48333, 7.21667, 141.467, EUW % Bochum
51.26667, 7.18333, 141.467, EUW % Wuppertal
52.56926, 13.40186, 141.467, EUW % Berlin Pankow
52.03333, 8.53333, 141.467, EUW % Bielefeld
52.52003, 13.40489, 141.467, EUW % Berlin Mitte
52.50097, 13.29097, 141.467, EUW % Berlin Wilmersdorf
50.73333, 7.1, 141.467, EUW % Bonn
49.48833, 8.46472, 141.467, EUW % Mannheim
52.43485, 13.24183, 141.467, EUW % Berlin Steglitz Zehlendorf
53.56667, 10.08333, 141.467, EUW % Marienthal
49.00472, 8.38583, 141.467, EUW % Karlsruhe
50.08333, 8.25, 141.467, EUW % Wiesbaden
51.96236, 7.62571, 141.467, EUW % Muenster
51.51667, 7.05, 141.467, EUW % Gelsenkirchen
50.77664, 6.08342, 141.467, EUW % Aachen
51.2, 6.43333, 141.467, EUW % Monchengladbach
48.36667, 10.88333, 141.467, EUW % Augsburg
53.56667, 9.98333, 141.467, EUW % Eimsbuettel
53.55, 9.93333, 141.467, EUW % Altona
50.83333, 12.91667, 141.467, EUW % Chemnitz
52.26667, 10.53333, 141.467, EUW % Braunschweig
52.56667, 13.33333, 141.467, EUW % Berlin Reinickendorf
51.47924, 11.91605, 141.467, EUW % Halle Neustadt
51.33333, 6.56667, 141.467, EUW % Krefeld
51.5, 12.0, 141.467, EUW % Halle
54.32133, 10.13489, 141.467, EUW % Kiel
52.16667, 11.66667, 141.467, EUW % Magdeburg
52.15, 11.63333, 141.467, EUW % Neue Neustadt
51.46667, 6.85, 141.467, EUW % Oberhausen
47.9959, 7.85222, 141.467, EUW % Freiburg
53.86893, 10.68729, 141.467, EUW % Luebeck
50.98333, 11.03333, 141.467, EUW % Erfurt
53.46667, 9.98333, 141.467, EUW % Harburg
51.35, 7.46667, 141.467, EUW % Hagen
54.0887, 12.14049, 141.467, EUW % Rostock
51.31667, 9.5, 141.467, EUW % Kassel
51.68033, 7.82089, 141.467, EUW % Hamm
50.0, 8.27111, 141.467, EUW % Mainz
49.23333, 7.0, 141.467, EUW % Saarbrucken
52.26667, 8.05, 141.467, EUW % Osnabruck
51.18333, 7.08333, 141.467, EUW % Solingen
49.48111, 8.43528, 141.467, EUW % Ludwigshafen am Rhein
53.16667, 8.2, 141.467, EUW % Oldenburg
51.2, 6.68333, 141.467, EUW % Neuss
52.39886, 13.06566, 141.467, EUW % Potsdam
49.40768, 8.69079, 141.467, EUW % Heidelberg
51.71905, 8.75439, 141.467, EUW % Paderborn
49.87056, 8.64944, 141.467, EUW % Darmstadt
49.78778, 9.93611, 141.467, EUW % Wuerzburg
49.015, 12.09556, 141.467, EUW % Regensburg
52.43333, 10.8, 141.467, EUW % Wolfsburg
51.53333, 9.93333, 141.467, EUW % Gottingen
49.14028, 9.22, 141.467, EUW % Heilbronn
48.76667, 11.43333, 141.467, EUW % Ingolstadt
48.39841, 9.99155, 141.467, EUW % Ulm
51.51667, 6.91667, 141.467, EUW % Bottrop
53.48462, 10.22904, 141.467, EUW % Bergedorf
48.88333, 8.7, 141.467, EUW % Pforzheim
50.1, 8.76667, 141.467, EUW % Offenbach
53.55, 8.58333, 141.467, EUW % Bremerhaven
51.18333, 7.2, 141.467, EUW % Remscheid
52.47457, 13.34839, 141.467, EUW % Berlin Schoeneberg
48.49144, 9.20427, 141.467, EUW % Reutlingen
49.47593, 10.98856, 141.467, EUW % Furth
50.963, 6.9541, 141.467, EUW % Koeln-Nippes
51.45, 6.65, 141.467, EUW % Moers
50.35, 7.6, 141.467, EUW % Koblenz
50.86667, 8.03333, 141.467, EUW % Siegen
50.93333, 11.58333, 141.467, EUW % Jena
50.88029, 12.08187, 141.467, EUW % Gera
52.15077, 9.95112, 141.467, EUW % Hildesheim
49.58972, 11.00389, 141.467, EUW % Erlangen
50.88333, 6.98333, 141.467, EUW % Koeln Rodenkirchen
51.43333, 7.33333, 141.467, EUW % Witten
49.75565, 6.63935, 141.467, EUW % Trier
55.75222, 37.61556, 141.467, EUE % Moscow
59.89444, 30.26417, 141.467, EUE % Saint Petersburg
55.0415, 82.9346, 141.467, EUE % Novosibirsk
56.8575, 60.6125, 141.467, EUE % Yekaterinburg
56.32867, 44.00205, 141.467, EUE % Nizhniy Novgorod
53.20006, 50.15, 141.467, EUE % Samara
55.0, 73.4, 141.467, EUE % Omsk
55.78874, 49.12214, 141.467, EUE % Kazan
47.23135, 39.72328, 141.467, EUE % Rostov-na-Donu
55.15444, 61.42972, 141.467, EUE % Chelyabinsk
54.78517, 56.04562, 141.467, EUE % Ufa
48.71939, 44.50184, 141.467, EUE % Volgograd
58.01741, 56.28552, 141.467, EUE % Perm'
56.00972, 92.79167, 141.467, EUE % Krasnoyarsk
51.54056, 46.00861, 141.467, EUE % Saratov
51.67204, 39.1843, 141.467, EUE % Voronezh
53.5303, 49.3461, 141.467, EUE % Tol'yatti
45.0488, 38.9725, 141.467, EUE % Krasnodar
54.32824, 48.38657, 141.467, EUE % Ul'yanovsk
56.84976, 53.20448, 141.467, EUE % Izhevsk
57.62987, 39.87368, 141.467, EUE % Yaroslavl'
53.36056, 83.76361, 141.467, EUE % Barnaul
43.10562, 131.87354, 141.467, EUE % Vladivostok
52.29778, 104.29639, 141.467, EUE % Irkutsk
48.48083, 135.09277, 141.467, EUE % Khabarovsk
51.7727, 55.0988, 141.467, EUE % Orenburg
53.7557, 87.1099, 141.467, EUE % Novokuznetsk
54.6269, 39.6916, 141.467, EUE % Ryazan'
57.15222, 65.52722, 141.467, EUE % Tyumen'
52.60311, 39.57076, 141.467, EUE % Lipetsk
53.20066, 45.00464, 141.467, EUE % Penza
46.34968, 48.04076, 141.467, EUE % Astrakhan'
56.49417, 84.97417, 141.467, EUE % Tomsk
55.33333, 86.08333, 141.467, EUE % Kemerovo
54.20213, 37.64429, 141.467, EUE % Tula
58.59665, 49.66007, 141.467, EUE % Kirov
56.13222, 47.25194, 141.467, EUE % Cheboksary
54.70649, 20.51095, 141.467, EUE % Kaliningrad
53.25209, 34.37167, 141.467, EUE % Bryansk
56.99719, 40.97139, 141.467, EUE % Ivanovo
53.41861, 59.04722, 141.467, EUE % Magnitogorsk
51.73733, 36.18735, 141.467, EUE % Kursk
56.86049, 35.87603, 141.467, EUE % Tver'
57.91944, 59.965, 141.467, EUE % Nizhniy Tagil
45.0428, 41.9734, 141.467, EUE % Stavropol'
51.82605, 107.60979, 141.467, EUE % Ulan-Ude
64.5401, 40.5433, 141.467, EUE % Arkhangel'sk
50.61074, 36.58015, 141.467, EUE % Belgorod
55.45, 65.33333, 141.467, EUE % Kurgan
43.59917, 39.72569, 141.467, EUE % Sochi
52.96508, 36.0785, 141.467, EUE % Orel
48.78583, 44.77973, 141.467, EUE % Volzhskiy
54.7818, 32.0401, 141.467, EUE % Smolensk
68.97917, 33.09251, 141.467, EUE % Murmansk
43.03667, 44.66778, 141.467, EUE % Vladikavkaz
59.13333, 37.9, 141.467, EUE % Cherepovets
56.13655, 40.39658, 141.467, EUE % Vladimir
54.1838, 45.1749, 141.467, EUE % Saransk
61.25, 73.41667, 141.467, EUE % Surgut
59.2187, 39.8886, 141.467, EUE % Vologda
52.73169, 41.44326, 141.467, EUE % Tambov
56.63877, 47.89078, 141.467, EUE % Yoshkar-Ola
47.23617, 38.89688, 141.467, EUE % Taganrog
57.76647, 40.92686, 141.467, EUE % Kostroma
43.49806, 43.61889, 141.467, EUE % Nal'chik
53.62462, 55.95015, 141.467, EUE % Sterlitamak
61.78491, 34.34691, 141.467, EUE % Petrozavodsk
51.20487, 58.56685, 141.467, EUE % Orsk
52.53667, 103.88639, 141.467, EUE % Angarsk
44.72439, 37.76752, 141.467, EUE % Novorossiysk
62.03389, 129.73306, 141.467, EUE % Yakutsk
61.67642, 50.80994, 141.467, EUE % Syktyvkar
51.29667, 37.84167, 141.467, EUE % Staryy Oskol
47.70911, 40.21443, 141.467, EUE % Shakhty
50.26667, 127.53333, 141.467, EUE % Blagoveshchensk
55.9825, 37.18139, 141.467, EUE % Zelenograd
52.53639, 85.20722, 141.467, EUE % Biysk
58.51667, 31.28333, 141.467, EUE % Velikiy Novgorod
57.8136, 28.3496, 141.467, EUE % Pskov
52.02782, 47.8007, 141.467, EUE % Balakovo
44.9892, 41.1234, 141.467, EUE % Armavir
53.0452, 158.6483, 141.467, EUE % Petropavlovsk-Kamchatskiy
56.4185, 61.9329, 141.467, EUE % Kamensk-Ural'skiy
55.42418, 37.55472, 141.467, EUE % Podol'sk
46.95812, 142.73366, 141.467, EUE % Yuzhno-Sakhalinsk
47.51361, 42.15139, 141.467, EUE % Volgodonsk
53.71556, 91.42917, 141.467, EUE % Abakan
55.91163, 37.73076, 141.467, EUE % Mytishchi
44.60778, 40.10583, 141.467, EUE % Maykop
43.8059, 131.9752, 141.467, EUE % Ussuriysk
55.67719, 37.89322, 141.467, EUE % Lyubertsy
55.80945, 37.95806, 141.467, EUE % Balashikha
55.07944, 38.77833, 141.467, EUE % Kolomna
42.83333, 132.89471, 141.467, EUE % Nakhodka
55.78959, 38.44671, 141.467, EUE % Elektrostal'
44.04861, 43.05944, 141.467, EUE % Pyatigorsk
55.89704, 37.42969, 141.467, EUE % Khimki
55.91417, 37.82556, 141.467, EUE % Korolev
55.67798, 37.27773, 141.467, EUE % Odintsovo
56.90528, 59.94361, 141.467, EUE % Pervoural'sk
54.91578, 37.41114, 141.467, EUE % Serpukhov
55.575, 42.0426, 141.467, EUE % Murom
56.2694, 90.4993, 141.467, EUE % Achinsk
55.86647, 38.4438, 141.467, EUE % Noginsk
58.2, 68.26667, 141.467, EUE % Tobol'sk
56.60056, 84.88639, 141.467, EUE % Seversk
55.39485, 43.83992, 141.467, EUE % Arzamas
56.3, 38.13333, 141.467, EUE % Sergiyev Posad
54.6567, 86.1737, 141.467, EUE % Leninsk-Kuznetskiy
55.09681, 36.61006, 141.467, EUE % Obninsk
46.30778, 44.25583, 141.467, EUE % Elista
56.01722, 37.86667, 141.467, EUE % Pushkino
43.3675, 132.19861, 141.467, EUE % Artem
63.56705, 53.68348, 141.467, EUE % Ukhta
56.20167, 95.7175, 141.467, EUE % Kansk
58.00056, 102.66194, 141.467, EUE % Ust'-Ilimsk
55.744, 38.01684, 141.467, EUE % Zheleznodorozhnyy
55.75556, 60.70278, 141.467, EUE % Ozersk
-6.21462, 106.84513, 141.467, ASP % Jakarta
-7.24917, 112.75083, 141.467, ASP % Surabaya
3.58333, 98.66667, 141.467, ASP % Medan
-6.90389, 107.61861, 141.467, ASP % Bandung
-6.2349, 106.9896, 141.467, ASP % Bekasi
-6.17806, 106.63, 141.467, ASP % Tangerang
-6.9932, 110.4203, 141.467, ASP % Semarang
-6.4, 106.81861, 141.467, ASP % Depok
-7.9797, 112.6304, 141.467, ASP % Malang
-7.78278, 110.36083, 141.467, ASP % Yogyakarta
-8.65, 115.21667, 141.467, ASP % Denpasar
-6.39472, 106.95917, 141.467, ASP % Cileungsi
-6.34278, 106.73833, 141.467, ASP % Pamulang
-7.33194, 110.49278, 141.467, ASP % Salatiga
-5.11306, 105.30667, 141.467, ASP % Metro
-6.8017, 108.6311, 141.467, ASP % Astanajapura
51.51279, -0.09184, 141.467, EUW % City of London
51.50853, -0.12574, 141.467, EUW % London
52.48142, -1.89983, 141.467, EUW % Birmingham
55.86515, -4.25763, 141.467, EUW % Glasgow
53.41058, -2.97794, 141.467, EUW % Liverpool
53.79648, -1.54785, 141.467, EUW % Leeds
53.38297, -1.4659, 141.467, EUW % Sheffield
55.95206, -3.19648, 141.467, EUW % Edinburgh
51.45523, -2.59665, 141.467, EUW % Bristol
53.48095, -2.23743, 141.467, EUW % Manchester
51.53622, -0.10304, 141.467, EUW % Islington
52.40656, -1.51217, 141.467, EUW % Coventry
53.7446, -0.33525, 141.467, EUW % Hull
51.48, -3.18, 141.467, EUW % Cardiff
53.79391, -1.75206, 141.467, EUW % Bradford
54.58333, -5.93333, 141.467, EUW % Belfast
53.00415, -2.18538, 141.467, EUW % Stoke-on-Trent
52.58547, -2.12296, 141.467, EUW % Wolverhampton
50.37153, -4.14305, 141.467, EUW % Plymouth
52.9536, -1.15047, 141.467, EUW % Nottingham
50.90395, -1.40428, 141.467, EUW % Southampton
51.45625, -0.97113, 141.467, EUW % Reading
52.92277, -1.47663, 141.467, EUW % Derby
51.56667, -0.33333, 141.467, EUW % London Borough of Harrow
52.25, -0.88333, 141.467, EUW % Northampton
50.79899, -1.09125, 141.467, EUW % Portsmouth
51.87967, -0.41748, 141.467, EUW % Luton
54.97328, -1.61396, 141.467, EUW % Newcastle upon Tyne
53.76667, -2.71667, 141.467, EUW % Preston
51.35, -0.2, 141.467, EUW % Sutton
52.04172, -0.75583, 141.467, EUW % Milton Keynes
57.14369, -2.09814, 141.467, EUW % Aberdeen
54.90465, -1.38222, 141.467, EUW % Sunderland
52.62783, 1.29834, 141.467, EUW % Norwich
51.62079, -3.94323, 141.467, EUW % Swansea
50.72048, -1.8795, 141.467, EUW % Bournemouth
51.53782, 0.71433, 141.467, EUW % Southend-on-Sea
51.55797, -1.78116, 141.467, EUW % Swindon
51.75222, -1.25596, 141.467, EUW % Oxford
56.5, -2.96667, 141.467, EUW % Dundee
50.71667, -2.0, 141.467, EUW % Poole
53.64904, -1.78416, 141.467, EUW % Huddersfield
53.95763, -1.08271, 141.467, EUW % York
52.05917, 1.15545, 141.467, EUW % Ipswich
53.81667, -3.05, 141.467, EUW % Blackpool
54.57623, -1.23483, 141.467, EUW % Middlesbrough
52.57364, -0.24777, 141.467, EUW % Peterborough
53.40979, -2.15761, 141.467, EUW % Stockport
50.82838, -0.13947, 141.467, EUW % Brighton
52.67659, -2.44926, 141.467, EUW % Telford
52.51868, -1.9945, 141.467, EUW % West Bromwich
51.50949, -0.59541, 141.467, EUW % Slough
51.86568, -2.2431, 141.467, EUW % Gloucester
52.2, 0.11667, 141.467, EUW % Cambridge
51.65531, -0.39602, 141.467, EUW % Watford
53.43012, -1.35678, 141.467, EUW % Rotherham
50.7236, -3.52751, 141.467, EUW % Exeter
53.34914, -0.9785, 141.467, EUW % Bassetlaw District
51.2372, -2.6266, 141.467, EUW % Mendip
51.54062, 0.14801, 141.467, EUW % Dagenham
51.11303, -0.18312, 141.467, EUW % Crawley
52.56667, -1.81667, 141.467, EUW % Sutton Coldfield
53.54051, -2.1183, 141.467, EUW % Oldham
51.31903, -0.55893, 141.467, EUW % Woking
51.73575, 0.46958, 141.467, EUW % Chelmsford
53.45, -2.73333, 141.467, EUW % Saint Helens
51.38914, 0.54863, 141.467, EUW % Gillingham
52.18935, -2.22001, 141.467, EUW % Worcester
51.5529, 0.129, 141.467, EUW % Becontree
48.85341, 2.3488, 141.467, EUW % Paris
43.29695, 5.38107, 141.467, EUW % Marseille
45.74846, 4.84671, 141.467, EUW % Lyon
43.60426, 1.44367, 141.467, EUW % Toulouse
43.70313, 7.26608, 141.467, EUW % Nice
47.21725, -1.55336, 141.467, EUW % Nantes
48.58342, 7.74296, 141.467, EUW % Strasbourg
43.61092, 3.87723, 141.467, EUW % Montpellier
44.84044, -0.5805, 141.467, EUW % Bordeaux
50.63297, 3.05858, 141.467, EUW % Lille
48.11198, -1.67429, 141.467, EUW % Rennes
49.25, 4.03333, 141.467, EUW % Reims
45.43333, 4.4, 141.467, EUW % Saint-Etienne
43.11667, 5.93333, 141.467, EUW % Toulon
47.46667, -0.55, 141.467, EUW % Angers
45.16667, 5.71667, 141.467, EUW % Grenoble
47.31667, 5.01667, 141.467, EUW % Dijon
43.5283, 5.44973, 141.467, EUW % Aix-en-Provence
48.4, -4.48333, 141.467, EUW % Brest
49.9, 2.3, 141.467, EUW % Amiens
47.38333, 0.68333, 141.467, EUW % Tours
45.83153, 1.2578, 141.467, EUW % Limoges
45.77966, 3.08628, 141.467, EUW % Clermont-Ferrand
47.90289, 1.90389, 141.467, EUW % Orleans
49.11911, 6.17269, 141.467, EUW % Metz
49.44313, 1.09932, 141.467, EUW % Rouen
47.75, 7.33333, 141.467, EUW % Mulhouse
42.69764, 2.89541, 141.467, EUW % Perpignan
49.18585, -0.35912, 141.467, EUW % Caen
48.83333, 2.25, 141.467, EUW % Boulogne-Billancourt
48.68333, 6.2, 141.467, EUW % Nancy
48.95, 2.25, 141.467, EUW % Argenteuil
6.45306, 3.39583, 141.467, AFR % Lagos
10.52224, 7.43828, 141.467, AFR % Kaduna
9.05735, 7.48976, 141.467, AFR % Abuja
19.42847, -99.12766, 141.467, NAS % Mexico City
20.66667, -103.33333, 141.467, NAS % Guadalajara
19.05, -98.2, 141.467, NAS % Puebla de Zaragoza
31.73333, -106.48333, 141.467, NAS % Ciudad Juarez
32.53333, -117.01667, 141.467, NAS % Tijuana
25.66667, -100.31667, 141.467, NAS % Monterrey
21.11667, -101.66667, 141.467, NAS % Leon
20.71667, -103.4, 141.467, NAS % Zapopan
19.47851, -99.23963, 141.467, NAS % Naucalpan de Juarez
25.68333, -100.25, 141.467, NAS % Guadalupe
20.96667, -89.61667, 141.467, NAS % Merida
28.63333, -106.08333, 141.467, NAS % Chihuahua
22.15, -100.98333, 141.467, NAS % San Luis Potosi
21.88333, -102.3, 141.467, NAS % Aguascalientes
16.86336, -99.8901, 141.467, NAS % Acapulco de Juarez
25.41667, -101.0, 141.467, NAS % Saltillo
20.6, -100.38333, 141.467, NAS % Queretaro
32.65194, -115.46833, 141.467, NAS % Mexicali
19.70078, -101.18443, 141.467, NAS % Morelia
24.79944, -107.38972, 141.467, NAS % Culiacan
21.17429, -86.84656, 141.467, NAS % Cancun
25.55, -103.43333, 141.467, NAS % Torreon
25.75, -100.3, 141.467, NAS % San Nicolas de los Garza
19.28833, -99.66722, 141.467, NAS % Toluca
26.08333, -98.28333, 141.467, NAS % Reynosa
20.65, -103.31667, 141.467, NAS % Tlaquepaque
16.75, -93.11667, 141.467, NAS % Tuxtla Gutierrez
19.53333, -96.91667, 141.467, NAS % Jalapa Enriquez
20.61667, -103.23333, 141.467, NAS % Tonala
17.98333, -92.91667, 141.467, NAS % Villahermosa
25.76667, -100.2, 141.467, NAS % Apodaca
27.47629, -99.51639, 141.467, NAS % Nuevo Laredo
20.68333, -101.35, 141.467, NAS % Irapuato
20.11697, -98.73329, 141.467, NAS % Pachuca de Soto
20.51667, -100.81667, 141.467, NAS % Celaya
21.5, -104.9, 141.467, NAS % Tepic
23.73333, -99.13333, 141.467, NAS % Ciudad Victoria
17.05, -96.71667, 141.467, NAS % Oaxaca de Juarez
27.48333, -109.93333, 141.467, NAS % Ciudad Obregon
19.41667, -102.06667, 141.467, NAS % Uruapan del Progreso
18.15, -94.41667, 141.467, NAS % Coatzacoalcos
25.76667, -108.96667, 141.467, NAS % Los Mochis
19.85, -90.53333, 141.467, NAS % Campeche
14.9, -92.28333, 141.467, NAS % Tapachula
22.26667, -97.83333, 141.467, NAS % Ciudad Madero
31.30862, -110.94217, 141.467, NAS % Heroica Nogales
24.16667, -110.3, 141.467, NAS % La Paz
19.06406, -98.30352, 141.467, NAS % Cholula
29.32322, -100.95217, 141.467, NAS % Ciudad Acuna
32.46306, -114.77667, 141.467, NAS % San Luis Rio Colorado
18.5, -88.3, 141.467, NAS % Chetumal
25.66667, -100.4, 141.467, NAS % Garza Garcia
16.75, -92.63333, 141.467, NAS % San Cristobal de Las Casas
19.23333, -103.71667, 141.467, NAS % Colima
19.36028, -99.35139, 141.467, NAS % Huixquilucan
18.85, -97.1, 141.467, NAS % Orizaba
22.77559, -102.57218, 141.467, NAS % Zacatecas
25.53333, -103.25, 141.467, NAS % Matamoros
21.35, -98.23333, 141.467, NAS % Tantoyuca
37.56826, 126.97783, 141.467, ASP % Seoul
35.10278, 129.04028, 141.467, ASP % Busan
37.45361, 126.73167, 141.467, ASP % Incheon
35.87028, 128.59111, 141.467, ASP % Daegu
36.32139, 127.41972, 141.467, ASP % Daejeon
35.15472, 126.91556, 141.467, ASP % Gwangju
37.29111, 127.00889, 141.467, ASP % Suigen
37.65639, 126.835, 141.467, ASP % Goyang
37.43861, 127.13778, 141.467, ASP % Seongnam
35.82194, 127.14889, 141.467, ASP % Jeonju
37.32361, 126.82194, 141.467, ASP % Ansan
36.63722, 127.48972, 141.467, ASP % Cheongju
37.3925, 126.92694, 141.467, ASP % Anyang
35.22806, 128.6811, 141.467, ASP % Changwon
36.03222, 129.365, 141.467, ASP % Hoko
37.20682, 126.8169, 141.467, ASP % Hwaseong
33.50972, 126.52194, 141.467, ASP % Jeju
36.8065, 127.1522, 141.467, ASP % Tenan
35.20806, 128.5725, 141.467, ASP % Masan
35.19278, 128.08472, 141.467, ASP % Chinju
36.1136, 128.336, 141.467, ASP % Kumi
35.94389, 126.95444, 141.467, ASP % Iksan
35.97861, 126.71139, 141.467, ASP % Kunsan
37.35139, 127.94528, 141.467, ASP % Wonju
37.87472, 127.73417, 141.467, ASP % Chuncheon
37.27917, 127.4425, 141.467, ASP % Ich'on
37.83311, 127.06169, 141.467, ASP % Yangju
37.15222, 127.07056, 141.467, ASP % Osan
35.84278, 129.21167, 141.467, ASP % Kyonju
36.12176, 128.11981, 141.467, ASP % Gimcheon
35.82333, 128.73778, 141.467, ASP % Keizan
36.56556, 128.725, 141.467, ASP % Andong
35.69439, 51.42151, 141.467, ASC % Tehran
36.297, 59.6062, 141.467, ASC % Mashhad
32.65722, 51.67761, 141.467, ASC % Esfahan
35.8355, 51.0103, 141.467, ASC % Karaj
38.08, 46.2919, 141.467, ASC % Tabriz
29.6036, 52.5388, 141.467, ASC % Shiraz
34.6401, 50.8764, 141.467, ASC % Qom
31.3203, 48.6693, 141.467, ASC % Ahvaz
34.09174, 49.68916, 141.467, ASC % Arak
36.6736, 48.4787, 141.467, ASC % Zanjan
36.83866, 54.43475, 141.467, ASC % Gorgan
36.2126, 57.68191, 141.467, ASC % Sabzevar
30.4067, 55.9939, 141.467, ASC % Rafsanjan
39.6482, 47.9174, 141.467, ASC % Parsabad
32.03389, 51.87944, 141.467, ASC % Shahreza
41.01384, 28.94966, 141.467, ASC % Istanbul
39.91987, 32.85427, 141.467, ASC % Ankara
38.41273, 27.13838, 141.467, ASC % Izmir
40.19167, 29.06111, 141.467, ASC % Bursa
37.00167, 35.32889, 141.467, ASC % Adana
37.87135, 32.48464, 141.467, ASC % Konya
39.9179, 32.86268, 141.467, ASC % Cankaya
36.90812, 30.69556, 141.467, ASC % Antalya
41.03903, 28.85671, 141.467, ASC % Bagcilar
37.91583, 40.21889, 141.467, ASC % Diyarbakir
38.73222, 35.48528, 141.467, ASC % Kayseri
41.00231, 28.8598, 141.467, ASC % Bahcelievler
41.01643, 29.12476, 141.467, ASC % Umraniye
36.79526, 34.61792, 141.467, ASC % Mercin
41.0435, 28.87619, 141.467, ASC % Esenler
39.77667, 30.52056, 141.467, ASC % Eskisehir
38.37396, 27.1352, 141.467, ASC % Karabaglar
37.16708, 38.79392, 141.467, ASC % Sanliurfa
40.93567, 29.15507, 141.467, ASC % Maltepe
39.90861, 41.27694, 141.467, ASC % Erzurum
41.28667, 36.33, 141.467, ASC % Samsun
37.5847, 36.9264, 141.467, ASC % Kahramanmaras
38.49239, 43.38311, 141.467, ASC % Van
41.06046, 28.98717, 141.467, ASC % Sisli
37.77417, 29.0875, 141.467, ASC % Denizli
39.96833, 32.73083, 141.467, ASC % Batikent
40.99441, 28.90417, 141.467, ASC % Zeytinburnu
40.78056, 30.40333, 141.467, ASC % Adapazari
40.80276, 29.43068, 141.467, ASC % Gebze
41.005, 39.72694, 141.467, ASC % Trabzon
38.61202, 27.42646, 141.467, ASC % Manisa
41.00244, 29.23187, 141.467, ASC % Sancaktepe
39.64917, 27.88611, 141.467, ASC % Balikesir
37.76441, 38.27629, 141.467, ASC % Adiyaman
39.84528, 33.50639, 141.467, ASC % Kirikkale
41.15917, 27.8, 141.467, ASC % Corlu
40.76694, 29.91694, 141.467, ASC % Izmit
39.42417, 29.98333, 141.467, ASC % Kutahya
40.54889, 34.95333, 141.467, ASC % Corum
37.84501, 27.83963, 141.467, ASC % Aydin
36.20655, 36.15722, 141.467, ASC % Antioch
38.37255, 34.02537, 141.467, ASC % Aksaray
38.75667, 30.54333, 141.467, ASC % Afyonkarahisar
40.07806, 29.51333, 141.467, ASC % Inegeul
40.31389, 36.55444, 141.467, ASC % Tokat
41.67719, 26.55597, 141.467, ASC % Edirne
40.97801, 27.50852, 141.467, ASC % Tekirdag
37.91631, 28.32225, 141.467, ASC % Nazilli
40.98472, 37.87889, 141.467, ASC % Ordu
37.93262, 41.94025, 141.467, ASC % Siirt
39.75222, 39.49278, 141.467, ASC % Erzincan
40.3875, 36.08111, 141.467, ASC % Turhal
41.45139, 31.79305, 141.467, ASC % Zonguldak
41.89474, 12.4839, 141.467, EUW % Roma
45.46427, 9.18951, 141.467, EUW % Milan
40.83333, 14.25, 141.467, EUW % Napoli
45.07049, 7.68682, 141.467, EUW % Torino
38.11582, 13.35976, 141.467, EUW % Palermo
44.40632, 8.93386, 141.467, EUW % Genova
43.76667, 11.25, 141.467, EUW % Florence
44.49381, 11.33875, 141.467, EUW % Bologna
41.11773, 16.85118, 141.467, EUW % Bari
37.50213, 15.08719, 141.467, EUW % Catania
45.43861, 12.32667, 141.467, EUW % Venice
45.43419, 10.99779, 141.467, EUW % Verona
38.19327, 15.54969, 141.467, EUW % Messina
45.64861, 13.78, 141.467, EUW % Trieste
45.41519, 11.88181, 141.467, EUW % Padova
40.47611, 17.22972, 141.467, EUW % Taranto
45.52478, 10.22727, 141.467, EUW % Brescia
38.11047, 15.66129, 141.467, EUW % Reggio di Calabria
45.49028, 12.2425, 141.467, EUW % Mestre
44.64783, 10.92539, 141.467, EUW % Modena
43.88425, 11.09092, 141.467, EUW % Prato
39.20738, 9.13462, 141.467, EUW % Cagliari
44.80266, 10.32898, 141.467, EUW % Parma
43.54264, 10.316, 141.467, EUW % Livorno
41.46093, 15.54925, 141.467, EUW % Foggia
43.1122, 12.38878, 141.467, EUW % Perugia
40.67797, 14.76599, 141.467, EUW % Salerno
44.4175, 12.20111, 141.467, EUW % Ravenna
44.82678, 11.62071, 141.467, EUW % Ferrara
44.06333, 12.58083, 141.467, EUW % Rimini
37.08515, 15.273, 141.467, EUW % Siracusa
40.72722, 8.56028, 141.467, EUW % Sassari
45.58248, 9.27485, 141.467, EUW % Monza
42.46024, 14.21021, 141.467, EUW % Pescara
45.69798, 9.66895, 141.467, EUW % Bergamo
44.22361, 12.05278, 141.467, EUW % Forli
41.46614, 12.9043, 141.467, EUW % Latina
45.55729, 11.5409, 141.467, EUW % Vicenza
42.56713, 12.64987, 141.467, EUW % Terni
46.06787, 11.12108, 141.467, EUW % Trento
45.44056, 8.61684, 141.467, EUW % Novara
43.59816, 13.51008, 141.467, EUW % Ancona
14.6042, 120.9822, 141.467, ASP % Manila
7.07306, 125.61278, 141.467, ASP % Davao
10.31672, 123.89071, 141.467, ASP % Cebu City
14.5832, 121.0409, 141.467, ASP % Mandaluyong City
7.44778, 125.80778, 141.467, ASP % Tagum
13.93139, 121.61722, 141.467, ASP % Lucena
14.82917, 120.28278, 141.467, ASP % Olongapo
11.25111, 125.00639, 141.467, ASP % Panalanoy
13.13722, 123.73444, 141.467, ASP % Legaspi
7.8275, 123.4782, 141.467, ASP % Muricay
6.95508, 126.21655, 141.467, ASP % Mati
15.97611, 120.57111, 141.467, ASP % Urdaneta
10.75, 106.66667, 141.467, ASP % Thanh pho Ho Chi Minh
21.0245, 105.84117, 141.467, ASP % Ha Noi
12.25, 109.18333, 141.467, ASP % Nha Trang
21.59278, 105.84417, 141.467, ASP % Thai Nguyen
40.4165, -3.70256, 141.467, EUW % Madrid
39.46975, -0.37739, 141.467, EUW % Valencia
37.38241, -5.97613, 141.467, EUW % Sevilla
41.65606, -0.87734, 141.467, EUW % Zaragoza
36.72016, -4.42034, 141.467, EUW % Malaga
37.98704, -1.13004, 141.467, EUW % Murcia
39.56939, 2.65024, 141.467, EUW % Palma
28.09973, -15.41343, 141.467, EUW % Las Palmas de Gran Canaria
43.26271, -2.92528, 141.467, EUW % Bilbao
38.34517, -0.48149, 141.467, EUW % Alicante
37.88333, -4.76667, 141.467, EUW % Cordoba
41.65518, -4.72372, 141.467, EUW % Valladolid
42.23282, -8.72264, 141.467, EUW % Vigo
41.35967, 2.10028, 141.467, EUW % L'Hospitalet de Llobregat
43.37135, -8.396, 141.467, EUW % A Coruna
37.18817, -3.60667, 141.467, EUW % Granada
38.26218, -0.70107, 141.467, EUW % Elche
43.36029, -5.84476, 141.467, EUW % Oviedo
28.46824, -16.25462, 141.467, EUW % Santa Cruz de Tenerife
41.56667, 2.01667, 141.467, EUW % Terrassa
41.54329, 2.10942, 141.467, EUW % Sabadell
40.32234, -3.86496, 141.467, EUW % Mostoles
42.81687, -1.64323, 141.467, EUW % Pamplona
36.83814, -2.45974, 141.467, EUW % Almeria
43.31283, -1.97499, 141.467, EUW % San Sebastian
43.46472, -3.80444, 141.467, EUW % Santander
39.98333, -0.03333, 141.467, EUW % Castello de la Plana
42.35, -3.7, 141.467, EUW % Burgos
38.98333, -1.85, 141.467, EUW % Albacete
40.30571, -3.73295, 141.467, EUW % Getafe
40.96667, -5.65, 141.467, EUW % Salamanca
42.46667, -2.45, 141.467, EUW % Logrono
28.4853, -16.32014, 141.467, EUW % La Laguna
37.25833, -6.95083, 141.467, EUW % Huelva
38.87789, -6.97061, 141.467, EUW % Badajoz
41.11667, 1.25, 141.467, EUW % Tarragona
41.61667, 0.61667, 141.467, EUW % Lleida
42.6, -5.56667, 141.467, EUW % Leon
41.54211, 2.4445, 141.467, EUW % Mataro
36.13326, -5.45051, 141.467, EUW % Algeciras
40.23604, -3.76752, 141.467, EUW % Parla
41.38022, 2.17319, 141.467, EUW % Ciutat Vella
40.54746, -3.64197, 141.467, EUW % Alcobendas
42.33333, -7.85, 141.467, EUW % Ourense
41.15612, 1.10687, 141.467, EUW % Reus
24.9056, 67.0822, 141.467, ASS % Karachi
31.54972, 74.34361, 141.467, ASS % Lahore
33.6007, 73.0679, 141.467, ASS % Rawalpindi
30.19556, 71.47528, 141.467, ASS % Multan
34.008, 71.57849, 141.467, ASS % Peshawar
33.72148, 73.04329, 141.467, ASS % Islamabad
-34.61315, -58.37723, 141.467, SAE % Buenos Aires
-31.4135, -64.18105, 141.467, SAE % Cordoba
-32.94682, -60.63932, 141.467, SAE % Rosario
-32.89084, -68.82717, 141.467, SAE % Mendoza
-26.82414, -65.2226, 141.467, SAE % San Miguel de Tucuman
-34.92145, -57.95453, 141.467, SAE % La Plata
-38.00228, -57.55754, 141.467, SAE % Mar del Plata
-34.72418, -58.25265, 141.467, SAE % Quilmes
-31.63333, -60.7, 141.467, SAE % Santa Fe de la Vera Cruz
-27.46056, -58.98389, 141.467, SAE % Resistencia
-27.79511, -64.26149, 141.467, SAE % Santiago del Estero
-27.4806, -58.8341, 141.467, SAE % Corrientes
-34.65344, -58.61975, 141.467, SAE % Moron
-38.7196, -62.27243, 141.467, SAE % Bahia Blanca
-38.95161, -68.0591, 141.467, SAE % Neuquen
-26.17753, -58.17814, 141.467, SAE % Formosa
-33.29501, -66.33563, 141.467, SAE % San Luis
-33.13067, -64.34992, 141.467, SAE % Rio Cuarto
-31.39296, -58.02089, 141.467, SAE % Concordia
-45.86667, -67.5, 141.467, SAE % Comodoro Rivadavia
-33.33578, -60.22523, 141.467, SAE % San Nicolas de los Arroyos
-36.61667, -64.28333, 141.467, SAE % Santa Rosa
43.70011, -79.4163, 141.467, NAN % Toronto
45.50884, -73.58781, 141.467, NAN % Montreal
49.24966, -123.11934, 141.467, NAN % Vancouver
51.05011, -114.08529, 141.467, NAN % Calgary
45.41117, -75.69812, 141.467, NAN % Ottawa
53.55014, -113.46871, 141.467, NAN % Edmonton
43.5789, -79.6583, 141.467, NAN % Mississauga
43.76681, -79.4163, 141.467, NAN % North York
49.8844, -97.14704, 141.467, NAN % Winnipeg
46.81228, -71.21454, 141.467, NAN % Quebec
43.23341, -79.94964, 141.467, NAN % Hamilton
43.68341, -79.76633, 141.467, NAN % Brampton
43.42537, -80.5112, 141.467, NAN % Kitchener
49.10635, -122.82509, 141.467, NAN % Surrey
45.56995, -73.692, 141.467, NAN % Laval
44.64533, -63.57239, 141.467, NAN % Halifax
43.65421, -79.56711, 141.467, NAN % Etobicoke
42.98339, -81.23304, 141.467, NAN % London
50.36386, -119.34997, 141.467, NAN % Okanagan
48.43294, -123.3693, 141.467, NAN % Victoria
42.30008, -83.01654, 141.467, NAN % Windsor
43.86682, -79.2663, 141.467, NAN % Markham
43.90012, -78.84957, 141.467, NAN % Oshawa
45.47723, -75.70164, 141.467, NAN % Gatineau
43.8361, -79.49827, 141.467, NAN % Vaughan
45.53121, -73.51806, 141.467, NAN % Longueuil
49.26636, -122.95263, 141.467, NAN % Burnaby
49.08938, -123.08241, 141.467, NAN % Ladner
52.11679, -106.63452, 141.467, NAN % Saskatoon
43.87111, -79.43725, 141.467, NAN % Richmond Hill
44.40011, -79.66634, 141.467, NAN % Barrie
49.17003, -123.13683, 141.467, NAN % Richmond
50.45008, -104.6178, 141.467, NAN % Regina
43.45011, -79.68292, 141.467, NAN % Oakville
43.38621, -79.83713, 141.467, NAN % Burlington
46.49, -80.99001, 141.467, NAN % Greater Sudbury
49.05798, -122.25257, 141.467, NAN % Abbotsford
48.41675, -71.06573, 141.467, NAN % Saguenay
43.16681, -79.24958, 141.467, NAN % St. Catharines
45.40008, -71.89908, 141.467, NAN % Sherbrooke
46.80326, -71.17793, 141.467, NAN % Levis
49.88307, -119.48568, 141.467, NAN % Kelowna
43.3601, -80.31269, 141.467, NAN % Cambridge
46.35006, -72.54912, 141.467, NAN % Trois-Rivieres
43.5501, -80.24967, 141.467, NAN % Guelph
49.28297, -122.75262, 141.467, NAN % Coquitlam
44.22976, -76.48098, 141.467, NAN % Kingston
42.40009, -82.1831, 141.467, NAN % Chatham-Kent
46.1351, -60.1831, 141.467, NAN % Sydney
44.67134, -63.57719, 141.467, NAN % Dartmouth
4.60971, -74.08175, 141.467, SAW % Bogota
3.43722, -76.5225, 141.467, SAW % Cali
6.25184, -75.56359, 141.467, SAW % Medellin
10.96389, -74.79639, 141.467, SAW % Barranquilla
10.39972, -75.51444, 141.467, SAW % Cartagena
7.89391, -72.50782, 141.467, SAW % Cucuta
7.12539, -73.1198, 141.467, SAW % Bucaramanga
4.81333, -75.69611, 141.467, SAW % Pereira
4.142, -73.62664, 141.467, SAW % Villavicencio
6.17194, -75.61139, 141.467, SAW % Itagui
2.43823, -76.61316, 141.467, SAW % Popayan
7.06222, -73.08644, 141.467, SAW % Floridablanca
52.22977, 21.01178, 141.467, EUE % Warsaw
51.75, 19.46667, 141.467, EUE % Lodz
50.08333, 19.91667, 141.467, EUE % Krakow
51.1, 17.03333, 141.467, EUE % Wroclaw
52.40692, 16.92993, 141.467, EUE % Poznan
54.35205, 18.64637, 141.467, EUE % Gdansk
53.42894, 14.55302, 141.467, EUE % Szczecin
53.1235, 18.00762, 141.467, EUE % Bydgoszcz
51.25, 22.56667, 141.467, EUE % Lublin
50.25842, 19.02754, 141.467, EUE % Katowice
53.13333, 23.15, 141.467, EUE % Bialystok
54.51889, 18.53188, 141.467, EUE % Gdynia
50.79646, 19.12409, 141.467, EUE % Czestochowa
50.28682, 19.10385, 141.467, EUE % Sosnowiec
51.40253, 21.14714, 141.467, EUE % Radom
53.01375, 18.59814, 141.467, EUE % Torun
50.87033, 20.62752, 141.467, EUE % Kielce
50.29761, 18.67658, 141.467, EUE % Gliwice
50.32492, 18.78576, 141.467, EUE % Zabrze
50.34802, 18.93282, 141.467, EUE % Bytom
49.82245, 19.04686, 141.467, EUE % Bielsko-Biala
53.77995, 20.49416, 141.467, EUE % Olsztyn
50.04132, 21.99901, 141.467, EUE % Rzeszow
50.2584, 18.85632, 141.467, EUE % Ruda Slaska
50.09713, 18.54179, 141.467, EUE % Rybnik
50.31818, 19.2374, 141.467, EUE % Dabrowa Gornicza
50.13717, 18.96641, 141.467, EUE % Tychy
50.66667, 17.95, 141.467, EUE % Opole
54.1522, 19.40884, 141.467, EUE % Elblag
52.54682, 19.70638, 141.467, EUE % Plock
50.77141, 16.28432, 141.467, EUE % Walbrzych
52.73679, 15.22878, 141.467, EUE % Gorzow Wielkopolski
52.64817, 19.0678, 141.467, EUE % Wloclawek
51.93548, 15.50643, 141.467, EUE % Zielona Gora
50.01381, 20.98698, 141.467, EUE % Tarnow
50.30582, 18.9742, 141.467, EUE % Chorzow
51.76109, 18.09102, 141.467, EUE % Kalisz
54.19438, 16.17222, 141.467, EUE % Koszalin
51.21006, 16.1619, 141.467, EUE % Legnica
30.06263, 31.24967, 141.467, AFR % Cairo
31.21564, 29.95527, 141.467, AFR % Alexandria
27.7314, 30.84165, 141.467, AFR % Mallawi
-33.86785, 151.20732, 141.467, OCE % Sydney
-37.814, 144.96332, 141.467, OCE % Melbourne
-31.95224, 115.8614, 141.467, OCE % Perth
-34.92866, 138.59863, 141.467, OCE % Adelaide
-27.46794, 153.02809, 141.467, OCE % Brisbane
-28.00029, 153.43088, 141.467, OCE % Gold Coast
-32.92715, 151.77647, 141.467, OCE % Newcastle
-35.28346, 149.12807, 141.467, OCE % Canberra
-34.424, 150.89345, 141.467, OCE % Wollongong
-27.63917, 153.10944, 141.467, OCE % Logan City
-31.40237, 152.90186, 141.467, OCE % North Shore
-38.14711, 144.36069, 141.467, OCE % Geelong
-38.13333, 144.35, 141.467, OCE % Geelong West
-33.81667, 151.0, 141.467, OCE % City of Parramatta
-36.07494, 146.92393, 141.467, OCE % Albury
13.75398, 100.50144, 141.467, ASP % Bangkok
13.59934, 100.59675, 141.467, ASP % Samut Prakan
13.86075, 100.51477, 141.467, ASP % Mueang Nonthaburi
18.79038, 98.98468, 141.467, ASP % Chiang Mai
7.00836, 100.47668, 141.467, ASP % Hat Yai
13.91301, 100.49883, 141.467, ASP % Pak Kret
18.29232, 99.49277, 141.467, ASP % Lampang
14.02775, 100.75603, 141.467, ASP % Ban Rangsit
15.23844, 104.84866, 141.467, ASP % Ubon Ratchathani
14.06467, 100.64578, 141.467, ASP % Khlong Luang
13.8196, 100.04427, 141.467, ASP % Nakhon Pathom
16.82481, 100.25858, 141.467, ASP % Phitsanulok
3.1412, 101.68653, 141.467, ASP % Kuala Lumpur
1.4655, 103.7578, 141.467, ASP % Johor Bahru
4.5841, 101.0829, 141.467, ASP % Ipoh
3.10726, 101.60671, 141.467, ASP % Petaling Jaya
3.08507, 101.53281, 141.467, ASP % Shah Alam
5.9749, 116.0724, 141.467, ASP % Kota Kinabalu
3.8077, 103.326, 141.467, ASP % Kuantan
5.41123, 100.33543, 141.467, ASP % George Town
6.13328, 102.2386, 141.467, ASP % Kota Bharu
4.4148, 114.0089, 141.467, ASP % Miri
2.3, 111.81667, 141.467, ASP % Sibu
3.3213, 101.5767, 141.467, ASP % Rawang
25.04776, 121.53185, 141.467, ASP % Taipei
22.61626, 120.31333, 141.467, ASP % Kaohsiung
24.1469, 120.6839, 141.467, ASP % Taichung
22.99083, 120.21333, 141.467, ASP % Tainan
25.01427, 121.46719, 141.467, ASP % Banqiao
24.80361, 120.96861, 141.467, ASP % Hsinchu
24.99368, 121.29696, 141.467, ASP % Taoyuan City
25.12825, 121.7419, 141.467, ASP % Keelung
23.97694, 121.60444, 141.467, ASP % Hualian
22.7583, 121.1444, 141.467, ASP % Taitung City
23.91566, 120.66387, 141.467, ASP % Nantou
23.70944, 120.54333, 141.467, ASP % Douliu
33.59278, -7.61916, 141.467, AFR % Casablanca
34.01325, -6.83255, 141.467, AFR % Rabat
31.63148, -8.00828, 141.467, AFR % Marrakech
30.42018, -9.59815, 141.467, AFR % Agadir
33.89352, -5.54727, 141.467, AFR % Meknes
50.45466, 30.5238, 141.467, EUE % Kiev
49.98081, 36.25272, 141.467, EUE % Kharkiv
48.45, 34.98333, 141.467, EUE % Dnipropetrovsk
48.023, 37.80224, 141.467, EUE % Donets'k
46.47747, 30.73262, 141.467, EUE % Odessa
47.82289, 35.19031, 141.467, EUE % Zaporizhzhya
49.83826, 24.02324, 141.467, EUE % L'viv
47.90966, 33.38044, 141.467, EUE % Kryvyy Rih
46.96591, 31.9974, 141.467, EUE % Mykolayiv
47.06667, 37.5, 141.467, EUE % Mariupol'
48.56705, 39.31706, 141.467, EUE % Luhans'k
49.42161, 26.99653, 141.467, EUE % Khmel'nyts'kyy
44.58883, 33.5224, 141.467, EUE % Sevastopol'
48.04782, 37.92576, 141.467, EUE % Makiyivka
44.95719, 34.11079, 141.467, EUE % Simferopol'
49.23278, 28.48097, 141.467, EUE % Vinnytsya
46.65581, 32.6178, 141.467, EUE % Kherson
49.59373, 34.54073, 141.467, EUE % Poltava
51.50551, 31.28488, 141.467, EUE % Chernihiv
49.42854, 32.06207, 141.467, EUE % Cherkasy
50.9216, 34.80029, 141.467, EUE % Sumy
50.26487, 28.67669, 141.467, EUE % Zhytomyr
48.34698, 38.05419, 141.467, EUE % Horlivka
50.62308, 26.22743, 141.467, EUE % Rivne
48.5132, 32.2597, 141.467, EUE % Kirovohrad
48.51134, 34.6021, 141.467, EUE % Dniprodzerzhyns'k
48.29149, 25.94034, 141.467, EUE % Chernivtsi
49.55589, 25.60556, 141.467, EUE % Ternopil'
49.09725, 33.41972, 141.467, EUE % Kremenchuk
50.75932, 25.34244, 141.467, EUE % Luts'k
48.9215, 24.70972, 141.467, EUE % Ivano-Frankivs'k
48.72305, 37.55629, 141.467, EUE % Kramators'k
45.3607, 36.4706, 141.467, EUE % Kerch
48.61667, 22.3, 141.467, EUE % Uzhhorod
48.90485, 38.44207, 141.467, EUE % Lisichansk
48.23331, 38.21137, 141.467, EUE % Yenakiyeve
48.6845, 26.58559, 141.467, EUE % Kamieniec Podolski
52.37403, 4.88969, 141.467, EUW % Amsterdam
51.9225, 4.47917, 141.467, EUW % Rotterdam
52.07667, 4.29861, 141.467, EUW % Den Haag
52.09083, 5.12222, 141.467, EUW % Utrecht
51.44083, 5.47778, 141.467, EUW % Eindhoven
51.55551, 5.0913, 141.467, EUW % Tilburg
53.21917, 6.56667, 141.467, EUW % Groningen
52.37025, 5.21413, 141.467, EUW % Almere Stad
51.58656, 4.77596, 141.467, EUW % Breda
51.8425, 5.85278, 141.467, EUW % Nijmegen
52.21833, 6.89583, 141.467, EUW % Enschede
52.38084, 4.63683, 141.467, EUW % Haarlem
51.98, 5.91111, 141.467, EUW % Arnhem
52.45313, 4.81356, 141.467, EUW % Zaanstad
52.155, 5.3875, 141.467, EUW % Amersfoort
52.21, 5.96944, 141.467, EUW % Apeldoorn
51.69917, 5.30417, 141.467, EUW % 's-Hertogenbosch
52.3025, 4.68889, 141.467, EUW % Hoofddorp
50.84833, 5.68889, 141.467, EUW % Maastricht
52.15833, 4.49306, 141.467, EUW % Leiden
51.81, 4.67361, 141.467, EUW % Dordrecht
52.0575, 4.49306, 141.467, EUW % Zoetermeer
52.5125, 6.09444, 141.467, EUW % Zwolle
24.68773, 46.72185, 141.467, ASC % Riyadh
21.51694, 39.21917, 141.467, ASC % Jeddah
26.43442, 50.10326, 141.467, ASC % Ad Dammam
21.27028, 40.41583, 141.467, ASC % Ta'if
26.32599, 43.97497, 141.467, ASC % Buraydah
27.52188, 41.69073, 141.467, ASC % Hayil
18.21639, 42.50528, 141.467, ASC % Abha
10.48801, -66.87919, 141.467, SAW % Caracas
10.63167, -71.64056, 141.467, SAW % Maracaibo
10.13333, -64.7, 141.467, SAW % Barcelona
10.43398, -66.87662, 141.467, SAW % Baruta
10.66781, -63.25849, 141.467, SAW % Carupano
-1.28333, 36.81667, 141.467, AFR % Nairobi
-4.05466, 39.66359, 141.467, AFR % Mombasa
-33.45694, -70.64827, 141.467, SAW % Santiago
-33.03932, -71.62725, 141.467, SAW % Valparaiso
-33.6, -70.71667, 141.467, SAW % San Bernardo
-36.82699, -73.04977, 141.467, SAW % Concepcion
-18.475, -70.30417, 141.467, SAW % Arica
-29.90778, -71.25417, 141.467, SAW % La Serena
-53.15, -70.91667, 141.467, SAW % Punta Arenas
-12.04318, -77.02824, 141.467, SAW % Lima
-16.39889, -71.535, 141.467, SAW % Arequipa
44.43225, 26.10626, 141.467, EUE % Bucharest
47.16667, 27.6, 141.467, EUE % Iasi
46.76667, 23.6, 141.467, EUE % Cluj-Napoca
45.74944, 21.22722, 141.467, EUE % Timisoara
44.31667, 23.8, 141.467, EUE % Craiova
44.18333, 28.65, 141.467, EUE % Constanta
45.45, 28.05, 141.467, EUE % Galati
45.64861, 25.60613, 141.467, EUE % Brasov
44.95, 26.01667, 141.467, EUE % Ploiesti
45.26667, 27.98333, 141.467, EUE % Braila
47.06667, 21.93333, 141.467, EUE % Oradea
46.56667, 26.9, 141.467, EUE % Bacau
46.18333, 21.31667, 141.467, EUE % Arad
44.85, 24.86667, 141.467, EUE % Pitesti
45.8, 24.15, 141.467, EUE % Sibiu
46.54245, 24.55747, 141.467, EUE % Targu-Mures
47.65729, 23.56808, 141.467, EUE % Baia Mare
45.15, 26.83333, 141.467, EUE % Buzau
47.75, 26.66667, 141.467, EUE % Botosani
47.8, 22.88333, 141.467, EUE % Satu Mare
45.1, 24.36667, 141.467, EUE % Ramnicu Valcea
47.63333, 26.25, 141.467, EUE % Suceava
45.7, 27.18333, 141.467, EUE % Focsani
46.91667, 26.33333, 141.467, EUE % Piatra Neamt
44.63194, 22.65611, 141.467, EUE % Drobeta-Turnu Severin
50.85045, 4.34878, 141.467, EUW % Brussels
51.21989, 4.40346, 141.467, EUW % Antwerpen
51.05, 3.71667, 141.467, EUW % Gent
50.41136, 4.44448, 141.467, EUW % Charleroi
50.63373, 5.56749, 141.467, EUW % Liege
51.20892, 3.22424, 141.467, EUW % Brugge
50.4669, 4.86746, 141.467, EUW % Namur
59.33258, 18.0649, 141.467, EUW % Stockholm
57.70716, 11.96679, 141.467, EUW % Goeteborg
55.60587, 13.00073, 141.467, EUW % Malmoe
59.8585, 17.64543, 141.467, EUW % Uppsala
59.40316, 17.94479, 141.467, EUW % Kista
59.61617, 16.55276, 141.467, EUW % Vasteras
41.26465, 69.21627, 141.467, ASC % Tashkent
40.52861, 70.9425, 141.467, ASC % Qo`qon
50.08804, 14.42076, 141.467, EUW % Prague
49.19522, 16.60796, 141.467, EUW % Brno
49.83465, 18.28204, 141.467, EUW % Ostrava
49.74747, 13.37759, 141.467, EUW % Plzen
49.59552, 17.25175, 141.467, EUW % Olomouc
-33.92584, 18.42322, 141.467, AFR % Cape Town
-29.8579, 31.0292, 141.467, AFR % Durban
-26.20227, 28.04363, 141.467, AFR % Johannesburg
-26.26781, 27.85849, 141.467, AFR % Soweto
-25.74486, 28.18783, 141.467, AFR % Pretoria
-33.91799, 25.57007, 141.467, AFR % Port Elizabeth
-29.61678, 30.39278, 141.467, AFR % Pietermaritzburg
-33.01529, 27.91162, 141.467, AFR % East London
-26.71171, 27.83795, 141.467, AFR % Vanderbijlpark
-25.85891, 28.18577, 141.467, AFR % Centurion
-33.70468, 18.96552, 141.467, AFR % Noorder-Paarl
-33.963, 22.46173, 141.467, AFR % George
-25.96361, 28.13778, 141.467, AFR % Midrand
-28.73226, 24.76232, 141.467, AFR % Kimberley
-32.84721, 27.44218, 141.467, AFR % Bhisho
-26.71667, 27.1, 141.467, AFR % Potchefstroom
47.49801, 19.03991, 141.467, EUE % Budapest
47.53333, 21.63333, 141.467, EUE % Debrecen
48.1, 20.78333, 141.467, EUE % Miskolc
46.253, 20.14824, 141.467, EUE % Szeged
46.08333, 18.23333, 141.467, EUE % Pecs
47.47603, 19.03605, 141.467, EUE % Budapest XI. keruelet
47.68333, 17.63512, 141.467, EUE % Gyor
47.54157, 19.04501, 141.467, EUE % Budapest III. keruelet
47.5183, 19.10789, 141.467, EUE % Budapest XIV. keruelet
47.95539, 21.71671, 141.467, EUE % Nyiregyhaza
46.90618, 19.69128, 141.467, EUE % Kecskemet
47.18995, 18.41034, 141.467, EUE % Szekesfehervar
47.36667, 8.55, 141.467, EUW % Zurich
46.20222, 6.14569, 141.467, EUW % Geneve
47.5584, 7.57327, 141.467, EUW % Basel
46.94809, 7.44744, 141.467, EUW % Bern
46.516, 6.63282, 141.467, EUW % Lausanne
48.20849, 16.37208, 141.467, EUW % Vienna
47.06667, 15.45, 141.467, EUW % Graz
48.30639, 14.28611, 141.467, EUW % Linz
47.79941, 13.04399, 141.467, EUW % Salzburg
47.26266, 11.39454, 141.467, EUW % Innsbruck
25.25817, 55.30472, 141.467, ASC % Dubai
24.46667, 54.36667, 141.467, ASC % Abu Dhabi
23.7104, 90.40744, 141.467, ASS % Dhaka
22.33306, 91.83639, 141.467, ASS % Chittagong
24.89667, 91.87167, 141.467, ASS % Sylhet
22.70194, 90.37111, 141.467, ASS % Barisal
24.25, 89.91667, 141.467, ASS % Tangail
38.71667, -9.13333, 141.467, EUW % Lisbon
41.14961, -8.61099, 141.467, EUW % Porto
38.75382, -9.23083, 141.467, EUW % Amadora
41.55032, -8.42005, 141.467, EUW % Braga
38.5244, -8.8882, 141.467, EUW % Setubal
40.20564, -8.41955, 141.467, EUW % Coimbra
38.75657, -9.25451, 141.467, EUW % Queluz
43.25, 76.95, 141.467, ASC % Almaty
42.3, 69.6, 141.467, ASC % Shymkent
51.1801, 71.44598, 141.467, ASC % Astana
50.42675, 80.26669, 141.467, ASC % Semey
53.16667, 63.58333, 141.467, ASC % Qostanay
54.87528, 69.16278, 141.467, ASC % Petropavlovsk
51.23333, 51.36667, 141.467, ASC % Oral
43.65, 51.2, 141.467, ASC % Aktau
31.76904, 35.21633, 141.467, ASC % Jerusalem
31.78199, 35.21961, 141.467, ASC % West Jerusalem
32.81556, 34.98917, 141.467, ASC % Haifa
32.08088, 34.78057, 141.467, ASC % Tel Aviv
31.81667, 34.65, 141.467, ASC % Ashdod
31.96417, 34.80444, 141.467, ASC % Rishon LeZiyyon
32.09174, 34.88503, 141.467, ASC % Petah Tikva
31.25181, 34.7913, 141.467, ASC % Beersheba
32.01139, 34.77222, 141.467, ASC % Holon
32.09028, 34.83972, 141.467, ASC % Bene Beraq
32.08056, 34.81417, 141.467, ASC % Ramat Gan
33.5102, 36.29128, 141.467, ASC % Damascus
35.93062, 36.63393, 141.467, ASC % Idlib
37.97945, 23.71622, 141.467, EUE % Athens
40.64028, 22.94389, 141.467, EUE % Thessaloniki
37.94745, 23.63708, 141.467, EUE % Piraeus
38.24444, 21.73444, 141.467, EUE % Patra
38.01667, 23.7, 141.467, EUE % Peristeri
35.32787, 25.14341, 141.467, EUE % Irakleion
39.63722, 22.42028, 141.467, EUE % Larisa
37.95, 23.7, 141.467, EUE % Kallithea
-6.82349, 39.26951, 141.467, AFR % Dar es Salaam
-6.16394, 39.19793, 141.467, AFR % Zanzibar
-6.17221, 35.73947, 141.467, AFR % Dodoma
55.67594, 12.56553, 141.467, EUW % Copenhagen
56.15674, 10.21076, 141.467, EUW % Arhus
55.39594, 10.38831, 141.467, EUW % Odense
57.048, 9.9187, 141.467, EUW % Aalborg
22.28552, 114.15769, 141.467, ASP % Hong Kong
22.31667, 114.18333, 141.467, ASP % Kowloon
22.36667, 114.1, 141.467, ASP % Tsuen Wan
36.7525, 3.04197, 141.467, AFR % Algiers
36.76639, 3.47717, 141.467, AFR % Boumerdas
35.69111, -0.64167, 141.467, AFR % Oran
36.72615, 3.18291, 141.467, AFR % Bab Ezzouar
31.94932, 5.32502, 141.467, AFR % Ouargla
36.74871, 3.19248, 141.467, AFR % Bordj el Kiffan
60.16952, 24.93545, 141.467, EUE % Helsinki
60.2052, 24.6522, 141.467, EUE % Espoo
61.49911, 23.78712, 141.467, EUE % Tampere
60.29414, 25.04099, 141.467, EUE % Vantaa
60.45148, 22.26869, 141.467, EUE % Turku
65.01236, 25.46816, 141.467, EUE % Oulu
18.50012, -69.98857, 141.467, NAS % Santo Domingo
59.91273, 10.74609, 141.467, EUW % Oslo
60.39299, 5.32415, 141.467, EUW % Bergen
63.43049, 10.39506, 141.467, EUW % Trondheim
58.97005, 5.73332, 141.467, EUW % Stavanger
53.9, 27.56667, 141.467, EUE % Minsk
52.4345, 30.9754, 141.467, EUE % Homyel'
53.9141, 30.33764, 141.467, EUE % Mahilyow
55.19048, 30.2033, 141.467, EUE % Vitsyebsk
53.6884, 23.8258, 141.467, EUE % Hrodna
52.09755, 23.68775, 141.467, EUE % Brest
48.14816, 17.10674, 141.467, EUE % Bratislava
48.71395, 21.25808, 141.467, EUE % Kosice
15.55177, 32.53241, 141.467, AFR % Khartoum
13.18421, 30.21669, 141.467, AFR % El Obeid
0.31628, 32.58219, 141.467, AFR % Kampala
44.80401, 20.46513, 141.467, EUE % Belgrade
43.32472, 21.90333, 141.467, EUE % Nis
45.25167, 19.83694, 141.467, EUE % Novi Sad
44.84306, 20.40111, 141.467, EUE % Zemun
44.01667, 20.91667, 141.467, EUE % Kragujevac
43.89139, 20.34972, 141.467, EUE % Cacak
-2.16667, -79.9, 141.467, SAW % Guayaquil
-0.22985, -78.52495, 141.467, SAW % Quito
-2.88333, -78.98333, 141.467, SAW % Cuenca
36.81897, 10.16579, 141.467, AFR % Tunis
40.37767, 49.89201, 141.467, ASC % Baku
40.68278, 46.36056, 141.467, ASC % Ganja
1.28967, 103.85007, 141.467, ASP % Singapore
42.69751, 23.32415, 141.467, EUE % Sofia
42.15, 24.75, 141.467, EUE % Plovdiv
43.21667, 27.91667, 141.467, EUE % Varna
42.50606, 27.46781, 141.467, EUE % Burgas
43.85639, 25.97083, 141.467, EUE % Ruse
42.43278, 25.64194, 141.467, EUE % Stara Zagora
43.41667, 24.61667, 141.467, EUE % Pleven
-36.86667, 174.76666, 141.467, OCE % Auckland
-41.28664, 174.77557, 141.467, OCE % Wellington
-43.53333, 172.63333, 141.467, OCE % Christchurch
-36.99282, 174.87987, 141.467, OCE % Manukau City
-36.8, 174.75, 141.467, OCE % North Shore
-37.78333, 175.28333, 141.467, OCE % Hamilton
-45.87416, 170.50362, 141.467, OCE % Dunedin
-37.68611, 176.16667, 141.467, OCE % Tauranga
-41.21667, 174.91667, 141.467, OCE % Lower Hutt
53.33306, -6.24889, 141.467, EUW % Dublin
51.89797, -8.47061, 141.467, EUW % Cork
53.29395, -6.13586, 141.467, EUW % Dun Laoghaire
45.81313, 15.97753, 141.467, EUE % Zagreb - Centar
45.81444, 15.97798, 141.467, EUE % Zagreb
43.50891, 16.43915, 141.467, EUE % Split
45.34306, 14.40917, 141.467, EUE % Rijeka
6.93194, 79.84778, 141.467, ASS % Colombo
6.773, 79.8816, 141.467, ASS % Moratuwa
14.64072, -90.51327, 141.467, NAS % Guatemala City
42.87, 74.59, 141.467, ASC % Bishkek
54.68916, 25.2798, 141.467, EUE % Vilnius
54.9, 23.9, 141.467, EUE % Kaunas
55.71722, 21.1175, 141.467, EUE % Klaipeda
55.93333, 23.31667, 141.467, EUE % Siauliai
55.73333, 24.35, 141.467, EUE % Panevezys
5.55602, -0.1969, 141.467, AFR % Accra
27.70169, 85.3206, 141.467, ASS % Kathmandu
9.93333, -84.08333, 141.467, NAS % San Jose
14.6937, -17.44406, 141.467, AFR % Dakar
14.1825, -16.25333, 141.467, AFR % Kaolack
31.95522, 35.94503, 141.467, ASC % Amman
32.07275, 36.08796, 141.467, ASC % Az Zarqa'
-17.8, -63.16667, 141.467, SAW % Santa Cruz de la Sierra
-17.3895, -66.1568, 141.467, SAW % Cochabamba
-16.5, -68.15, 141.467, SAW % La Paz
43.84864, 18.35644, 141.467, EUE % Sarajevo
44.77583, 17.18556, 141.467, EUE % Banja Luka
44.20139, 17.90639, 141.467, EUE % Zenica
44.54278, 18.66944, 141.467, EUE % Tuzla
43.34333, 17.80806, 141.467, EUE % Mostar
-34.83346, -56.16735, 141.467, SAE % Montevideo
23.61387, 58.5922, 141.467, ASC % Muscat
23.13302, -82.38304, 141.467, NAS % Havana
22.14611, -80.43556, 141.467, NAS % Cienfuegos
21.92972, -79.4425, 141.467, NAS % Sancti Spiritus
18.46633, -66.10572, 141.467, NAS % San Juan
18.39856, -66.15572, 141.467, NAS % Bayamon
18.38078, -65.95739, 141.467, NAS % Carolina
18.01108, -66.61406, 141.467, NAS % Ponce
17.99702, -76.79358, 141.467, NAS % Kingston
18.00747, -76.78319, 141.467, NAS % New Kingston
56.946, 24.10589, 141.467, EUE % Riga
55.88333, 26.53333, 141.467, EUE % Daugavpils
-25.30066, -57.63591, 141.467, SAE % Asuncion
-25.33968, -57.50879, 141.467, SAE % San Lorenzo
-25.34682, -57.60647, 141.467, SAE % Lambare
34.52813, 69.17233, 141.467, ASC % Kabul
31.78336, 35.23388, 141.467, ASC % East Jerusalem
31.5, 34.46667, 141.467, ASC % Gaza
32.22111, 35.25444, 141.467, ASC % Nablus
8.9936, -79.51973, 141.467, NAS % Panama
-17.82935, 31.05389, 141.467, AFR % Harare
-19.45, 29.81667, 141.467, AFR % Gweru
41.3275, 19.81889, 141.467, EUE % Tirana
41.1125, 20.08222, 141.467, EUE % Elbasan
47.00556, 28.8575, 141.467, EUE % Chisinau
46.84028, 29.64333, 141.467, EUE % Tiraspol
47.76167, 27.92889, 141.467, EUE % Balti
46.83056, 29.47111, 141.467, EUE % Bender
46.05108, 14.50513, 141.467, EUE % Ljubljana
40.18111, 44.51361, 141.467, ASC % Yerevan
40.7942, 43.84528, 141.467, ASC % Gyumri
33.88894, 35.49442, 141.467, ASC % Beirut
33.37889, 35.48389, 141.467, ASC % Nabatiye et Tahta
35.56113, 45.43749, 141.467, ASC % As Sulaymaniyah
41.69411, 44.83368, 141.467, ASC % Tbilisi
42.24961, 42.69974, 141.467, ASC % K'ut'aisi
41.64159, 41.63593, 141.467, ASC % Bat'umi
13.74028, -89.21306, 141.467, NAS % Mejicanos
29.33389, 48.07611, 141.467, ASC % As Salimiyah
29.25722, 48.05722, 141.467, ASC % Sabah as Salim
42.0, 21.43333, 141.467, EUE % Skopje
14.0818, -87.20681, 141.467, NAS % Tegucigalpa
15.5, -88.03333, 141.467, NAS % San Pedro Sula
59.43696, 24.75353, 141.467, EUE % Tallinn
58.38062, 26.72509, 141.467, EUE % Tartu
-25.96528, 32.58917, 141.467, AFR % Maputo
5.30966, -4.01266, 141.467, AFR % Abidjan
-4.32459, 15.32146, 141.467, AFR % Kinshasa
-15.40669, 28.28713, 141.467, AFR % Lusaka
-12.95867, 28.63659, 141.467, AFR % Ndola
18.53917, -72.335, 141.467, NAS % Port-au-Prince
18.54472, -72.30278, 141.467, NAS % Delmas 73
18.5125, -72.28528, 141.467, NAS % Petionville
-1.94995, 30.05885, 141.467, AFR % Kigali
38.53575, 68.77905, 141.467, ASC % Dushanbe
4.04827, 9.70428, 141.467, AFR % Douala
3.86667, 11.51667, 141.467, AFR % Yaounde
-8.83682, 13.23432, 141.467, AFR % Luanda
-12.57626, 13.40547, 141.467, AFR % Benguela
-15.78499, 35.00854, 141.467, AFR % Blantyre
26.21536, 50.5832, 141.467, ASC % Manama
12.13282, -86.2504, 141.467, NAS % Managua
35.16667, 33.36667, 141.467, EUE % Nicosia
34.675, 33.03333, 141.467, EUE % Limassol
25.27932, 51.52245, 141.467, ASC % Doha
17.96667, 102.6, 141.467, ASP % Vientiane
11.56245, 104.91601, 141.467, ASP % Phnom Penh
12.65, -8.0, 141.467, AFR % Bamako
32.87519, 13.18746, 141.467, AFR % Tripoli
6.13748, 1.21227, 141.467, AFR % Lome
47.90771, 106.88324, 141.467, ASC % Ulaanbaatar
42.44111, 19.26361, 141.467, EUE % Podgorica
-20.16194, 57.49889, 141.467, AFR % Port Louis
22.20056, 113.54611, 141.467, ASP % Macau
64.13548, -21.89541, 141.467, EUW % Reykjavik
-20.88231, 55.4504, 141.467, AFR % Saint-Denis
15.33333, 38.93333, 141.467, AFR % Asmara
6.36536, 2.41833, 141.467, AFR % Cotonou
12.36423, -1.53834, 141.467, AFR % Ouagadougou
6.80448, -58.15527, 141.467, SAE % Georgetown
-3.3822, 29.3644, 141.467, AFR % Bujumbura
-24.65451, 25.90859, 141.467, AFR % Gaborone
5.86638, -55.16682, 141.467, SAE % Paramaribo
25.05823, -77.34306, 141.467, NAS % Nassau
-22.55941, 17.08323, 141.467, AFR % Windhoek
-9.44314, 147.17972, 141.467, OCE % Port Moresby
4.36122, 18.55496, 141.467, AFR % Bangui
37.95, 58.38333, 141.467, ASC % Ashgabat
12.43333, 98.6, 141.467, ASP % Myeik
0.3925, 9.45365, 141.467, AFR % Libreville
-0.71933, 8.78151, 141.467, AFR % Port-Gentil
18.08581, -15.9785, 141.467, AFR % Nouakchott
-26.48333, 31.36667, 141.467, AFR % Manzini
-29.31667, 27.48333, 141.467, AFR % Maseru
8.484, -13.22994, 141.467, AFR % Freetown
11.86357, -15.59767, 141.467, AFR % Bissau
