31.22222, 121.45806, 30551.6035638, ASP % Shanghai
39.9075, 116.39723, 75831.4950808, ASP % Beijing
36.18528, 117.12, 6.56358838462, ASP % Tai'an
29.33333, 113.09194, 406.02153362, ASP % Yueyang
34.79111, 114.34833, 715.252892747, ASP % Kaifeng
30.58333, 114.26667, 5067.46448096, ASP % Wuhan
29.56278, 106.55278, 2442.68520599, ASP % Chongqing
30.66667, 104.06667, 4572.03491348, ASP % Chengdu
39.14222, 117.17667, 7628.26393882, ASP % Tianjin
41.79222, 123.43278, 2289.29735501, ASP % Shenyang
32.6475, 110.77806, 582.374359177, ASP % Shiyan
45.75, 126.65, 2235.16292026, ASP % Harbin
34.25833, 108.92861, 4473.60763449, ASP % Xi'an
36.05639, 103.79222, 1020.38390565, ASP % Lanzhou
23.11667, 113.25, 19181.3900621, ASP % Guangzhou
32.06167, 118.77778, 7490.46271407, ASP % Nanjing
22.54554, 114.0683, 2802.77299774, ASP % Shenzhen
37.86944, 112.56028, 820.243760554, ASP % Taiyuan
43.88, 125.32278, 68.8987164544, ASP % Changchun
28.2, 112.96667, 2214.6573947, ASP % Changsha
36.66833, 116.99722, 3709.13920547, ASP % Jinan
38.91222, 121.60222, 4355.49338219, ASP % Dalian
34.75778, 113.64861, 7865.31478751, ASP % Zhengzhou
38.04139, 114.47861, 9.0230378381, ASP % Shijiazhuang
43.85083, 126.56028, 679.160741395, ASP % Jilin
30.29365, 120.16142, 9112.9041595, ASP % Hangzhou
28.68333, 115.88333, 4220.15160689, ASP % Nanchang
36.09861, 120.37194, 2669.89067189, ASP % Qingdao
39.63333, 118.18333, 347.782959934, ASP % Tangshan
43.80096, 87.60046, 638.149691136, ASP % Urunchi
31.86389, 117.28083, 1762.70211964, ASP % Hefei
31.31139, 120.61806, 2438.58485933, ASP % Suzhou
23.36814, 116.71479, 1263.17599778, ASP % Shantou
34.18045, 117.15707, 342.860268753, ASP % Tongshan
26.06139, 119.30611, 2175.28344937, ASP % Fuzhou
26.58333, 106.71667, 664.396460127, ASP % Guiyang
31.56887, 120.28857, 2997.16810713, ASP % Wuxi
31.64615, 120.74221, 502.807915838, ASP % Changshu City
25.03889, 102.71833, 649.632178427, ASP % Kunming
38.85111, 115.49028, 3.28179397671, ASP % Baoding
31.78333, 119.96667, 2385.26897682, ASP % Changzhou
33.97444, 116.79167, 448.673481083, ASP % Huaibei
33.73847, 113.30119, 1122.9115313, ASP % Pingdingshan
27.99942, 120.66682, 2209.73470352, ASP % Wenzhou
22.81667, 108.31667, 3860.06381471, ASP % Nanning
40.81056, 111.65222, 2915.14600618, ASP % Hohhot
36.61667, 101.76667, 336.300472642, ASP % Xining
35.30889, 113.86722, 1597.01322869, ASP % Xinxiang
39.50972, 116.69472, 1122.09297905, ASP % Langfang
29.87819, 121.54945, 2103.92528346, ASP % Ningbo
37.53333, 121.4, 876.841437036, ASP % Yantai
36.79056, 118.06333, 156.665852677, ASP % Zibo
32.03028, 120.87472, 78.7440988157, ASP % Nantong
25.28194, 110.28639, 1056.47226473, ASP % Guilin
21.28145, 110.34271, 8.20069331487, ASP % Zhanjiang
24.8, 113.58333, 900.628756574, ASP % Shaoguan
33.38556, 120.12528, 95.9678299687, ASP % Yancheng
23.02677, 113.13148, 600.416642579, ASP % Foshan
20.04583, 110.34167, 1460.85290114, ASP % Haikou
32.49333, 119.91063, 123.855495733, ASP % Taizhou
24.47979, 118.08187, 1948.07798303, ASP % Xiamen
32.39722, 119.43583, 1276.29938227, ASP % Yangzhou
22.58333, 113.08333, 1151.62154202, ASP % Jiangmen
31.33657, 118.37548, 8.20069331487, ASP % Wuhu
22.27694, 113.56778, 1851.28780854, ASP % Zhuhai
38.46806, 106.27306, 1062.21350816, ASP % Yinchuan
34.01667, 113.81667, 1250.05261371, ASP % Xuchang
34.59972, 119.15944, 805.479478855, ASP % Xinpu
23.04889, 113.74472, 1168.84527317, ASP % Dongguan
37.44861, 116.2925, 356.805997772, ASP % Dezhou
26.25, 105.93333, 1413.2782625, ASP % Anshun
22.51682, 113.38521, 1204.93742452, ASP % Shiqi
42.9075, 129.50778, 11.4824872916, ASP % Yanji
30.95, 117.78333, 3.28179397671, ASP % Wusong
37.45639, 118.48556, 410.940432527, ASP % Dongying
32.99472, 112.53278, 1317.31043253, ASP % Nanyang
35.89917, 114.1925, 311.690808581, ASP % Hebi
36.44389, 115.96472, 484.765632435, ASP % Liaocheng
35.08056, 109.08972, 2.45944945348, ASP % Tongchuan
22.85042, 113.24701, 111.55445576, ASP % Daliang
26.24861, 117.61861, 74.6437521583, ASP % Sanming
35.60028, 103.20639, 44.2928446673, ASP % Linxia
30.80389, 108.38972, 1.64089720395, ASP % Wanxian
24.91389, 118.58583, 410.940432527, ASP % Quanzhou
34.86472, 117.55417, 122.214598529, ASP % Zaozhuang
29.88333, 114.21667, 141.901571409, ASP % Xianning
31.13019, 104.38198, 4.10034665743, ASP % Deyang
29.10778, 119.65472, 1332.89705875, ASP % Jinhua
50.41667, 124.11667, 563.505938977, ASP % Jagdaqi
31.03595, 121.2146, 202.599594548, ASP % Songjiang
30.9525, 118.75528, 1014.64266179, ASP % Xuanzhou
39.81667, 98.3, 3.28179397671, ASP % Jiayuguan
27.34089, 117.4831, 1154.08099147, ASP % Shaowu
27.31667, 103.71667, 69.7210609776, ASP % Zhaotong
24.92271, 102.48496, 2185.94738441, ASP % Lianran
28.31667, 109.71667, 785.792506406, ASP % Jishou
40.71427, -74.00597, 5759.68193651, NAN % New York City
34.05223, -118.24368, 18420.2632125, NAN % Los Angeles
41.85003, -87.65005, 31604.8922418, NAN % Chicago
40.6501, -73.94958, 931.449504469, NAN % Brooklyn
29.76328, -95.36327, 30205.5909437, NAN % Houston
39.95234, -75.16379, 8576.97286979, NAN % Philadelphia
40.78343, -73.96625, 12777.6742257, NAN % Manhattan
33.44838, -112.07404, 7019.96133165, NAN % Phoenix
29.42412, -98.49363, 3857.50268553, NAN % San Antonio
32.71533, -117.15726, 7668.78936641, NAN % San Diego
32.78306, -96.80667, 53051.3896589, NAN % Dallas
37.33939, -121.89496, 9196.17703583, NAN % San Jose
39.76838, -86.15804, 4955.94112368, NAN % Indianapolis
30.33218, -81.65565, 2945.56993706, NAN % Jacksonville
37.77493, -122.41942, 7731.8480306, NAN % San Francisco
30.26715, -97.74306, 6022.59401857, NAN % Austin
39.96118, -82.99879, 8519.06218144, NAN % Columbus
32.72541, -97.32085, 1165.24634787, NAN % Fort Worth
35.22709, -80.84313, 2910.9252498, NAN % Charlotte
42.33143, -83.04575, 2293.37033683, NAN % Detroit
31.75872, -106.48693, 694.469935412, NAN % El Paso
35.14953, -90.04898, 1662.59485254, NAN % Memphis
35.08676, -90.05676, 200.489204372, NAN % New South Memphis
39.29038, -76.61219, 9059.06628546, NAN % Baltimore
42.35843, -71.05977, 527.735316761, NAN % Boston
47.60621, -122.33207, 9584.00034847, NAN % Seattle
38.89511, -77.03637, 9490.36603194, NAN % Washington, D. C.
39.73915, -104.9847, 5450.17237705, NAN % Denver
43.0389, -87.90647, 4902.22662755, NAN % Milwaukee
45.52345, -122.67621, 5956.22926327, NAN % Portland
36.17497, -115.13722, 489.0832771, NAN % Las Vegas
35.46756, -97.51643, 2455.022454, NAN % Oklahoma City
42.33343, -71.04949, 3803.66103253, NAN % South Boston
35.08449, -106.65114, 1862.76805936, NAN % Albuquerque
36.16589, -86.78444, 1508.19070324, NAN % Nashville
32.22174, -110.92648, 1480.98282452, NAN % Tucson
36.74773, -119.77237, 686.143025762, NAN % Fresno
38.58157, -121.4944, 1954.49501595, NAN % Sacramento
33.76696, -118.18923, 415.855817675, NAN % Long Beach
39.09973, -94.57857, 3168.43504099, NAN % Kansas City
33.42227, -111.82264, 339.511107382, NAN % Mesa
36.85293, -75.97798, 396.786008798, NAN % Virginia Beach
33.749, -84.38798, 27628.2658812, NAN % Atlanta
38.83388, -104.82136, 511.270337275, NAN % Colorado Springs
41.25861, -95.93779, 2896.30594774, NAN % Omaha
35.7721, -78.63861, 1216.22885731, NAN % Raleigh
25.77427, -80.19366, 2950.08212639, NAN % Miami
41.4995, -81.69541, 5071.50439351, NAN % Cleveland
36.15398, -95.99278, 2288.53835767, NAN % Tulsa
37.80437, -122.2708, 897.883758564, NAN % Oakland
44.97997, -93.26384, 5941.86427625, NAN % Minneapolis
37.69224, -97.33754, 1764.6215535, NAN % Wichita
21.30694, -157.85834, 1999.05418341, NAN % Honolulu
32.73569, -97.10807, 274.101928404, NAN % Arlington
35.37329, -119.01871, 1213.23876375, NAN % Bakersfield
29.95465, -90.07507, 1292.76240742, NAN % New Orleans
35.78682, -78.66389, 2266.73656211, NAN % West Raleigh
33.83529, -117.9145, 267.936693298, NAN % Anaheim
27.94752, -82.45843, 8038.2403392, NAN % Tampa
39.72943, -104.83192, 156.62750636, NAN % Aurora
33.74557, -117.86783, 1536.67015582, NAN % Santa Ana
38.62727, -90.19789, 6939.99453313, NAN % Saint Louis
40.44062, -79.99589, 6510.34404015, NAN % Pittsburgh
27.80058, -97.39638, 260.561567698, NAN % Corpus Christi
33.95335, -117.39616, 585.006425903, NAN % Riverside
39.162, -84.45689, 3464.78571165, NAN % Cincinnati
38.0498, -84.45855, 575.535100115, NAN % Lexington-Fayette
61.21806, -149.90028, 1523.89273892, NAN % Anchorage
37.9577, -121.29078, 1067.54299643, NAN % Stockton
41.66394, -83.55521, 1401.2703406, NAN % Toledo
44.94441, -93.09327, 1981.95720969, NAN % Saint Paul
40.73566, -74.17237, 4416.25680904, NAN % Newark
36.07264, -79.79198, 1296.44997044, NAN % Greensboro
42.88645, -78.87837, 1336.43147377, NAN % Buffalo
33.01984, -96.69889, 2386.94297084, NAN % Plano
40.8, -96.66696, 1800.15634187, NAN % Lincoln
36.0397, -114.98194, 227.126771367, NAN % Henderson
41.1306, -85.12886, 662.052397918, NAN % Fort Wayne
40.72816, -74.07764, 3548.05860128, NAN % Jersey City
27.77086, -82.67927, 995.140163319, NAN % Saint Petersburg
32.64005, -117.0842, 435.241624097, NAN % Chula Vista
38.25424, -85.75941, 1827.1061137, NAN % Louisville
36.84681, -76.28522, 746.720226018, NAN % Norfolk
28.53834, -81.37924, 28976.2686728, NAN % Orlando
33.30616, -111.84125, 368.306556648, NAN % Chandler
27.50641, -99.50754, 332.201456138, NAN % Laredo
43.07305, -89.40123, 1913.6234115, NAN % Madison
36.09986, -80.24422, 2380.39626383, NAN % Winston-Salem
33.57786, -101.85517, 851.224599073, NAN % Lubbock
30.45075, -91.15455, 1450.53432992, NAN % Baton Rouge
35.99403, -78.89862, 2149.39308964, NAN % Durham
32.91262, -96.63888, 96.3046207057, NAN % Garland
33.53865, -112.18599, 2820.72418125, NAN % Glendale
37.98869, -84.47772, 1279.34920401, NAN % Lexington
39.52963, -119.8138, 2232.47334718, NAN % Reno
25.8576, -80.27811, 4627.61607037, NAN % Hialeah
36.09719, -115.14666, 1098.88159257, NAN % Paradise
36.81904, -76.27494, 356.037769381, NAN % Chesapeake
33.50921, -111.89903, 6075.48388795, NAN % Scottsdale
32.81402, -96.94889, 3992.58271092, NAN % Irving
37.54827, -121.98857, 5929.97696088, NAN % Fremont
33.66946, -117.82311, 3067.10960131, NAN % Irvine
33.52066, -86.80249, 1860.54470231, NAN % Birmingham
43.15478, -77.61556, 3965.24767491, NAN % Rochester
34.10834, -117.28977, 20.9116940317, NAN % San Bernardino
47.65966, -117.42908, 4941.95381629, NAN % Spokane
33.35283, -111.78903, 127.32342746, NAN % Gilbert
38.88101, -77.10428, 33429.7095237, NAN % Arlington
32.36681, -86.29997, 421.069268731, NAN % Montgomery
37.55376, -77.46026, 2694.79569226, NAN % Richmond
41.60054, -93.60911, 3099.78145384, NAN % Des Moines
34.16056, -118.26452, 124.39880868, NAN % North Glendale
37.6391, -120.99688, 693.13667946, NAN % Modesto
35.05266, -78.87836, 372.313909052, NAN % Fayetteville
32.52515, -93.75018, 1267.78167847, NAN % Shreveport
41.08144, -81.51901, 2290.89266474, NAN % Akron
47.25288, -122.44429, 1428.0350649, NAN % Tacoma
41.76058, -88.32007, 446.940099217, NAN % Aurora
34.1975, -119.17705, 100.689652738, NAN % Oxnard
40.93121, -73.89875, 1922.84042269, NAN % Yonkers
30.69436, -88.04305, 948.165006714, NAN % Mobile
34.74648, -92.28959, 2161.46924482, NAN % Little Rock
33.93752, -117.23059, 25.4276760702, NAN % Moreno Valley
34.14251, -118.25508, 150.782060643, NAN % Glendale
35.222, -101.8313, 1326.38983584, NAN % Amarillo
33.6603, -117.99923, 475.546708668, NAN % Huntington Beach
32.46098, -84.98771, 738.585948457, NAN % Columbus
36.21108, -115.07306, 205.575498127, NAN % Sunrise Manor
42.96336, -85.66809, 4063.45965599, NAN % Grand Rapids
34.19084, -119.2415, 973.400050265, NAN % Oxnard Shores
40.76078, -111.89105, 4810.68851121, NAN % Salt Lake City
30.43826, -84.28073, 1369.36143275, NAN % Tallahassee
42.26259, -71.80229, 1201.86007758, NAN % Worcester
36.97876, -76.428, 464.54949484, NAN % Newport News
34.73037, -86.5861, 839.082969107, NAN % Huntsville
35.96064, -83.92074, 3435.10016084, NAN % Knoxville
36.10803, -115.245, 1895.75970128, NAN % Spring Valley
41.82399, -71.41283, 2129.30602192, NAN % Providence
34.39166, -118.54259, 397.167480701, NAN % Santa Clarita
32.74596, -96.99778, 269.967418268, NAN % Grand Prairie
25.90175, -97.49748, 141.183577554, NAN % Brownsville
32.29876, -90.18481, 1872.17770264, NAN % Jackson
38.98223, -94.67079, 4054.2426448, NAN % Overland Park
40.66677, -73.88236, 2085.12453452, NAN % East New York
33.77391, -117.94145, 201.887935111, NAN % Garden Grove
38.44047, -122.71443, 1640.98189678, NAN % Santa Rosa
35.04563, -85.30968, 487.430231759, NAN % Chattanooga
34.09834, -118.32674, 1396.18783955, NAN % Hollywood
26.12231, -80.14338, 1973.43766752, NAN % Fort Lauderdale
34.1064, -117.59311, 97.3218795429, NAN % Rancho Cucamonga
27.29393, -80.35033, 399.009366287, NAN % Port Saint Lucie
34.06334, -117.65089, 900.746695261, NAN % Ontario
45.63873, -122.66149, 762.996365689, NAN % Vancouver
37.21533, -93.29824, 1363.00356555, NAN % Springfield
33.41421, -111.94348, 478.914482295, NAN % Tempe Junction
34.69804, -118.13674, 60.1340454089, NAN % Lancaster
44.05207, -123.08675, 2425.39858571, NAN % Eugene
26.00315, -80.22394, 288.913862117, NAN % Pembroke Pines
44.9429, -123.0351, 612.595776949, NAN % Salem
26.56285, -81.94953, 910.534018164, NAN % Cape Coral
33.5806, -112.23738, 71.1967344554, NAN % Peoria
35.06535, -85.24912, 384.197432143, NAN % East Chattanooga
43.54997, -96.70033, 1444.24193751, NAN % Sioux Falls
42.10148, -72.58981, 2915.05596723, NAN % Springfield
38.4088, -121.37162, 501.224907066, NAN % Elk Grove
42.27113, -89.094, 176.968888675, NAN % Rockford
34.57943, -118.11646, 10.17258751, NAN % Palmdale
33.87529, -117.56644, 71.1967344554, NAN % Corona
36.67774, -121.6555, 382.228389256, NAN % Salinas
34.05529, -117.75228, 951.216782794, NAN % Pomona
29.69106, -95.2091, 574.136369376, NAN % Pasadena
37.03737, -76.33161, 48.3122052628, NAN % East Hampton
41.52503, -88.08173, 702.161058558, NAN % Joliet
40.91677, -74.17181, 7183.96396404, NAN % Paterson
43.6135, -116.20345, 1594.83136607, NAN % Boise
39.11417, -94.62746, 2044.44176989, NAN % Kansas City
33.83585, -118.34063, 905.131727294, NAN % Torrance
43.04812, -76.14742, 1806.89188869, NAN % Syracuse
41.16704, -73.20483, 4287.46917606, NAN % Bridgeport
37.66882, -122.0808, 751.933677074, NAN % Hayward
40.58526, -105.08442, 1727.49919459, NAN % Fort Collins
33.11921, -117.08642, 751.490522227, NAN % Escondido
39.70471, -105.08137, 578.714033928, NAN % Lakewood
29.97854, -90.16396, 759.563117275, NAN % Metairie Terrace
41.78586, -88.14729, 7626.01040159, NAN % Naperville
39.75895, -84.19161, 2162.86797555, NAN % Dayton
26.0112, -80.14949, 205.575498127, NAN % Hollywood
37.36883, -122.03635, 3527.77890148, NAN % Sunnyvale
38.80484, -77.04692, 1208.02910496, NAN % Alexandria
32.7668, -96.59916, 407.717747839, NAN % Mesquite
29.98409, -90.15285, 51.2985065561, NAN % Metairie
37.02987, -76.34522, 52.2502906061, NAN % Hampton
34.14778, -118.14452, 989.992187482, NAN % Pasadena
33.78779, -117.85311, 1397.77541011, NAN % Orange
32.08354, -81.09983, 152.435106415, NAN % Savannah
35.79154, -78.78112, 834.50909726, NAN % Cary
33.87029, -117.92534, 400.535254327, NAN % Fullerton
42.47754, -83.0277, 2142.52659324, NAN % Warren
36.52977, -87.35945, 689.321959144, NAN % Clarksville
33.19762, -96.61527, 607.193486079, NAN % McKinney
26.20341, -98.23001, 920.452290641, NAN % McAllen
41.30815, -72.92816, 583.927484553, NAN % New Haven
42.58031, -83.0302, 4762.63441282, NAN % Sterling Heights
40.69161, -112.00105, 193.433868161, NAN % West Valley City
34.00071, -81.03481, 1102.38031577, NAN % Columbia
31.11712, -97.7278, 179.893507455, NAN % Killeen
39.04833, -95.67804, 705.594306541, NAN % Topeka
34.17056, -118.83759, 476.371335417, NAN % Thousand Oaks
34.0239, -118.17202, 105.583314405, NAN % East Los Angeles
42.00833, -91.64407, 3061.51467835, NAN % Cedar Rapids
38.8814, -94.81913, 798.211364662, NAN % Olathe
40.66399, -74.2107, 2731.47489676, NAN % Elizabeth
31.54933, -97.14667, 1662.15169769, NAN % Waco
41.76371, -72.68509, 1340.31166845, NAN % Hartford
36.33023, -119.29206, 154.531306172, NAN % Visalia
29.65163, -82.32483, 1160.98847314, NAN % Gainesville
34.26945, -118.78148, 248.231097487, NAN % Simi Valley
41.05343, -73.53873, 2158.73725812, NAN % Stamford
47.61038, -122.20068, 3000.4288489, NAN % Bellevue
37.97798, -122.03107, 589.013778308, NAN % Concord
25.98731, -80.23227, 12.5231018683, NAN % Miramar
41.13815, -73.54346, 694.785932527, NAN % North Stamford
26.27119, -80.2706, 2303.54292391, NAN % Coral Springs
30.22409, -92.01984, 802.469239394, NAN % Lafayette
32.77657, -79.93092, 549.980266745, NAN % Charleston
32.95373, -96.89028, 11794.2904278, NAN % Carrollton
38.75212, -121.28801, 2286.12616037, NAN % Roseville
39.86804, -104.97192, 581.700335221, NAN % Thornton
30.08605, -94.10185, 691.865106021, NAN % Beaumont
40.60843, -75.49018, 7583.48195953, NAN % Allentown
33.63059, -112.33322, 436.324357291, NAN % Surprise
37.97476, -87.55585, 1580.97500825, NAN % Evansville
32.44874, -99.73314, 738.774788271, NAN % Abilene
33.15067, -96.82361, 165.147048098, NAN % Frisco
33.96095, -83.37794, 1141.41003463, NAN % Athens
37.35411, -121.95524, 3491.60832618, NAN % Santa Clara
39.80172, -89.64371, 992.092179513, NAN % Springfield
38.10409, -122.25664, 459.844673418, NAN % Vallejo
34.53611, -117.29116, 96.6206178207, NAN % Victorville
40.69365, -89.58899, 721.804971425, NAN % Peoria
42.73254, -84.55553, 20050.1207377, NAN % Lansing
42.27756, -83.74088, 3004.36693424, NAN % Ann Arbor
34.06862, -118.02757, 466.834534842, NAN % El Monte
33.21484, -97.13307, 210.661791882, NAN % Denton
40.71754, -89.58426, 984.270106792, NAN % North Peoria
37.87159, -122.27275, 123.955654265, NAN % Berkeley
40.23384, -111.65853, 2292.09876339, NAN % Provo
33.94001, -118.13257, 98.0848233474, NAN % Downey
31.99735, -102.07791, 404.985761148, NAN % Midland
35.22257, -97.43948, 479.23047941, NAN % Norman
39.09556, -94.35523, 504.596472966, NAN % East Independence
41.55815, -73.0515, 459.906355932, NAN % Waterbury
33.64113, -117.91867, 561.170113092, NAN % Costa Mesa
33.96168, -118.35313, 3746.13181608, NAN % Inglewood
42.99564, -71.45479, 4447.0213012, NAN % Manchester
35.84562, -86.39027, 624.036145193, NAN % Murfreesboro
38.95171, -92.33407, 967.23481559, NAN % Columbia
36.02525, -115.24194, 170.676496269, NAN % Enterprise
42.03725, -88.28119, 2986.88848819, NAN % Elgin
27.96585, -82.8001, 962.025156808, NAN % Clearwater
25.94204, -80.2456, 246.385420058, NAN % Miami Gardens
44.02163, -92.4699, 1511.11532245, NAN % Rochester
38.25445, -104.60914, 358.453758958, NAN % Pueblo
42.63342, -71.31617, 2502.88771257, NAN % Lowell
34.22573, -77.94471, 107.744989381, NAN % Wilmington
39.80276, -105.08748, 1197.47504555, NAN % Arvada
39.83665, -105.0372, 588.82114622, NAN % Westminster
34.06862, -117.93895, 676.798857275, NAN % West Covina
45.49818, -122.43148, 358.580916258, NAN % Gresham
46.87719, -96.7898, 1340.56598348, NAN % Fargo
33.90224, -118.08173, 875.573333792, NAN % Norwalk
33.15809, -117.35059, 280.267163078, NAN % Carlsbad
38.24936, -122.03997, 23.3276836084, NAN % Fairfield
42.3751, -71.10561, 5278.03546753, NAN % Cambridge
34.1389, -118.35341, 686.077550975, NAN % Universal City
33.91371, -98.49339, 402.569771571, NAN % Wichita Falls
35.95569, -80.00532, 280.775792281, NAN % High Point
45.78329, -108.50069, 1291.61799128, NAN % Billings
44.51916, -88.01983, 2340.72696577, NAN % Green Bay
40.60967, -111.9391, 1222.26693469, NAN % West Jordan
37.93576, -122.34775, 134.317081158, NAN % Richmond
27.9378, -82.28592, 507.517299472, NAN % Brandon
33.55391, -117.21392, 113.46706964, NAN % Murrieta
34.18084, -118.30897, 1012.68787643, NAN % Burbank
28.03446, -80.58866, 296.986457165, NAN % Palm Bay
47.97898, -122.20208, 892.735782726, NAN % Everett
40.51872, -74.4121, 5264.24079222, NAN % Edison
43.01253, -83.68746, 901.571321579, NAN % Flint
38.00492, -121.80579, 0.315997115038, NAN % Antioch
42.12922, -80.08506, 631.538428524, NAN % Erie
41.68338, -86.25001, 2194.90783342, NAN % South Bend
37.70577, -122.46192, 821.539048271, NAN % Daly City
39.57916, -104.87692, 4355.1055048, NAN % Centennial
33.49364, -117.14836, 825.546400675, NAN % Temecula
19.07283, 72.88261, 15678.1933806, ASS % Mumbai
12.97194, 77.59369, 4004.64168741, ASS % Bangalore
22.56972, 88.36972, 2384.17511741, ASS % Calcutta
13.08784, 80.27847, 3161.96077501, ASS % Chennai
23.03333, 72.61667, 723.916505612, ASS % Ahmadabad
17.37528, 78.47444, 3609.77986282, ASS % Hyderabad
21.16667, 72.83333, 442.002073258, ASS % Surat
26.46667, 80.35, 49.2831595529, ASS % Kanpur
26.91962, 75.78781, 1800.75609087, ASS % Jaipur
23.26667, 77.4, 87.2362533739, ASS % Bhopal
22.3, 70.78333, 24.7954573779, ASS % Rajkot
18.53017, 73.85263, 1722.70320006, ASS % Shivaji Nagar
10.9925, 76.96139, 445.676176481, ASS % Coimbatore
30.7343, 76.7933, 500.160839743, ASS % Chandigarh
26.18617, 91.75095, 0.919473766177, ASS % Guwahati
12.29791, 76.63925, 497.406210287, ASS % Mysore
8.50694, 76.95694, 23.2642650484, ASS % Thiruvananthapuram
10.805, 78.68556, 155.801819119, ASS % Tiruchchirappalli
25.18333, 75.83333, 62.1368326356, ASS % Kota
20.23333, 85.83333, 389.352565686, ASS % Bhubaneshwar
9.93988, 76.26022, 735.854497202, ASS % Cochin
19.21667, 73.15, 1373.45043136, ASS % Ulhasnagar
20.73333, 77.0, 2173.88863546, ASS % Akola
12.91723, 74.85603, 314.358267263, ASS % Mangalore
28.63576, 77.22445, 7346.89577599, ASS % New Delhi
28.58, 77.33, 2695.16703665, ASS % Noida
25.18333, 85.51667, 449.34648786, ASS % Bihar Sharif
11.93, 79.83, 426.697733649, ASS % Puducherry
10.8, 79.15, 0.919473766177, ASS % Thanjavur
29.96667, 78.16667, 14.080902483, ASS % Haridwar
12.9184, 79.13255, 32.7515905431, ASS % Vellore
26.84766, 89.37558, 208.45132626, ASS % Jaigaon
24.81667, 92.8, 1.83515568985, ASS % Silchar
19.15096, 72.99625, 1666.38338154, ASS % Airoli
35.6895, 139.69171, 20398.6191267, ASP % Tokyo
35.44778, 139.6425, 601.08864453, ASP % Yokohama-shi
34.69374, 135.50218, 5644.54332663, ASP % Osaka-shi
35.18147, 136.9064, 974.966699615, ASP % Nagoya-shi
43.06417, 141.34694, 576.088814995, ASP % Sapporo-shi
34.6913, 135.183, 427.307285352, ASP % Kobe-shi
35.02107, 135.75385, 344.816526585, ASP % Kyoto
33.60639, 130.41806, 1113.58163005, ASP % Fukuoka-shi
35.52056, 139.71722, 146.09861562, ASP % Kawasaki
34.39627, 132.45937, 321.788385908, ASP % Hiroshima-shi
35.88333, 139.63333, 231.738637264, ASP % Yono
38.26889, 140.87193, 287.396460078, ASP % Sendai-shi
33.83333, 130.83333, 120.190142271, ASP % Kitakyushu
35.60472, 140.12334, 251.404277195, ASP % Chiba-shi
34.58333, 135.46667, 5.96252552861, ASP % Sakai
34.97694, 138.38306, 256.852995344, ASP % Shizuoka-shi
35.73333, 139.65, 34.1154106455, ASP % Nerima
32.78972, 130.74167, 144.047828933, ASP % Kumamoto-shi
35.55306, 139.35445, 9.32502627517, ASP % Sagamihara
34.66167, 133.935, 270.362483802, ASP % Okayama-shi
34.7, 137.73334, 61.6557794899, ASP % Hamamatsu
35.65583, 139.32388, 133.379449294, ASP % Hachioji
35.69306, 139.98334, 25.6319577332, ASP % Funabashi
31.56018, 130.55814, 155.277474476, ASP % Kagoshima-shi
37.90222, 139.0236, 168.383891827, ASP % Niigata-shi
34.81667, 134.7, 45.2185002657, ASP % Himeji
35.78333, 139.9, 26.0350288412, ASP % Matsudo
34.71667, 135.33333, 78.5594075683, ASP % Nishinomiya
35.805, 139.72057, 25.8572225498, ASP % Kawaguchi
36.59444, 136.62556, 308.828135976, ASP % Kanazawa-shi
35.71972, 139.92471, 41.2434832466, ASP % Ichikawa
36.56583, 139.8836, 35.1506095207, ASP % Utsunomiya-shi
33.23806, 131.6125, 273.499719732, ASP % Oita-shi
33.83916, 132.76575, 35.3758743373, ASP % Matsuyama-shi
34.71667, 135.41667, 34.4868428804, ASP % Amagasaki
34.58333, 133.76666, 47.3521761935, ASP % Kurashiki
35.28361, 139.66722, 24.3714940413, ASP % Yokosuka
32.74472, 129.87361, 116.701086032, ASP % Nagasaki-shi
34.81352, 135.64914, 29.156445119, ASP % Hirakata
35.54028, 139.45084, 11.7668562605, ASP % Machida
35.42291, 136.76039, 125.13708085, ASP % Gifu-shi
35.34194, 139.47, 13.0115007314, ASP % Fujisawa
34.78244, 135.46931, 4.70206183676, ASP % Toyonaka
34.48333, 133.36667, 91.3260319883, ASP % Fukuyama
34.76667, 137.38333, 35.4587640094, ASP % Toyohashi
34.18333, 135.2, 0.0632777462128, ASP % Shimminatocho
34.68505, 135.80486, 29.0893750991, ASP % Nara-shi
35.08333, 137.15, 69.8981483646, ASP % Toyota
36.65139, 138.1811, 65.4529902175, ASP % Nagano-shi
35.60902, 139.73016, 646.212228176, ASP % Shinagawa-ku
43.76778, 142.37029, 19.6181814056, ASP % Asahikawa
34.84833, 135.61678, 41.5990958294, ASP % Takatsuki
34.95, 137.16667, 13.7385455491, ASP % Okazaki
34.22611, 135.1675, 42.9070180465, ASP % Wakayama-shi
37.4, 140.38333, 56.7600921408, ASP % Koriyama
35.85444, 139.96889, 13.5923781308, ASP % Kashiwa
33.55972, 133.53111, 135.43023598, ASP % Kochi-shi
34.34028, 134.04333, 232.027179827, ASP % Takamatsu-shi
39.71806, 140.10333, 43.8118691556, ASP % Akita-shi
36.69528, 137.2114, 350.537968076, ASP % Toyama-shi
39.71667, 140.11667, 1.26046369185, ASP % Akita
35.88333, 139.78333, 23.1584884436, ASP % Koshigaya
31.91111, 131.42389, 103.642126775, ASP % Miyazaki-shi
26.2125, 127.68111, 272.365811964, ASP % Naha-shi
35.24762, 136.97229, 11.861773311, ASP % Kasugai
40.82444, 140.74, 133.814159275, ASP % Aomori-shi
35.00444, 135.86833, 146.517505949, ASP % Otsu-shi
34.63333, 134.98334, 20.2819484771, ASP % Akashi
34.96667, 136.61667, 69.7994394715, ASP % Yokkaichi
39.70361, 141.1525, 156.731563681, ASP % Morioka-shi
37.75, 140.46777, 0.517599653199, ASP % Fukushima-shi
35.51667, 140.08333, 10.585489967, ASP % Ichihara
36.39111, 139.06084, 130.85852191, ASP % Maebashi-shi
41.77583, 140.73666, 28.7850133153, ASP % Hakodate
34.81641, 135.56828, 10.5063925686, ASP % Ibaraki
34.61667, 135.6, 24.1778680978, ASP % Yao
34.76667, 134.85, 131.376121563, ASP % Kakogawa
34.06583, 134.55943, 161.646862956, ASP % Tokushima-shi
35.32306, 139.34222, 27.2954925331, ASP % Hiratsuka
38.24056, 140.36333, 235.583306517, ASP % Yamagata-shi
36.06443, 136.22256, 62.1259206178, ASP % Fukui-shi
36.34139, 140.44667, 100.315057175, ASP % Mito-shi
33.95, 130.95, 27.4891180454, ASP % Shimonoseki
36.33333, 139.01666, 98.6477301018, ASP % Takasaki
35.66667, 139.48334, 51.587889176, ASP % Fuchu
35.16667, 138.68333, 20.3135873502, ASP % Fuji
40.5, 141.5, 3.63522365726, ASP % Hachinohe
33.31667, 130.51666, 100.911754227, ASP % Kurume
33.15917, 129.72278, 17.2117825671, ASP % Sasebo
35.82028, 139.80444, 46.4947831785, ASP % Soka
35.43889, 139.35973, 94.5777964634, ASP % Atsugi
34.79936, 135.35696, 13.2842236421, ASP % Takarazuka
35.96972, 139.58861, 34.5539129003, ASP % Ageo
35.65556, 139.55222, 56.4677573042, ASP % Chofu
36.23333, 137.96667, 178.372685174, ASP % Matsumoto
35.97639, 139.75362, 0.0790973983631, ASP % Kasukabe
34.46667, 135.36667, 75.3943250389, ASP % Kishiwada
35.1, 138.86667, 10.8620051514, ASP % Numazu
35.25556, 139.15971, 0.936489982182, ASP % Odawara
34.23333, 132.56667, 46.4156862113, ASP % Kure
37.45, 138.85, 93.495139063, ASP % Nagaoka
34.78427, 135.40126, 43.8631195233, ASP % Itami
34.88333, 135.8, 3.44159814492, ASP % Uji
34.88333, 136.58333, 20.1870314266, ASP % Suzuka
35.66389, 138.56833, 246.105518306, ASP % Kofu-shi
35.72639, 139.48389, 23.2059469688, ASP % Kodaira
36.6, 140.65, 49.7623673057, ASP % Hitachi
42.975, 144.37473, 0.177806291385, ASP % Kushiro
35.68351, 139.55963, 72.257089109, ASP % Mitaka-shi
35.71667, 140.23334, 314.387590396, ASP % Sakura
34.95828, 137.08054, 22.6567084425, ASP % Anjo
36.2, 140.1, 288.222213789, ASP % Tsukuba
40.59306, 140.4725, 60.6363998356, ASP % Hirosaki
42.63694, 141.60333, 25.517429188, ASP % Tomakomai
35.37111, 139.22362, 0.0790973983631, ASP % Hadano
33.94306, 131.25111, 22.463082499, ASP % Ube
35.69278, 139.41806, 106.649014939, ASP % Tachikawa
35.67306, 139.40028, 120.24139307, ASP % Hino
36.75, 137.01666, 221.054438404, ASP % Takaoka
35.30889, 139.55028, 0.161987070429, ASP % Kamakura
33.24932, 130.2988, 60.296606905, ASP % Saga-shi
35.85295, 139.41212, 111.027103066, ASP % Sayama
34.81667, 135.41667, 4.864048476, ASP % Kawanishi
36.3, 139.8, 93.2660819726, ASP % Oyama
36.33333, 139.45, 71.5775023854, ASP % Ashikaga
35.47222, 133.05057, 123.197030435, ASP % Matsue-shi
36.39659, 140.53479, 1.37499223702, ASP % Hitachi-Naka
35.68333, 140.03333, 52.2004054486, ASP % Narashino
35.8563, 139.90266, 36.671769176, ASP % Nagareyama
36.13333, 139.38333, 47.7552473015, ASP % Kumagaya
35.5, 134.23334, 41.891430666, ASP % Tottori
35.28333, 136.91667, 9.92172289553, ASP % Komaki
35.78389, 139.24306, 62.9478820548, ASP % Ome
34.18583, 131.47139, 288.72399379, ASP % Yamaguchi-shi
43.18944, 141.00221, 50.5052317756, ASP % Otaru
35.67056, 139.88861, 642.091043739, ASP % Urayasu
35.43333, 133.33333, 23.3521143871, ASP % Yonago
34.98333, 136.98334, 104.677326082, ASP % Kariya
35.70611, 139.55943, 35.5378614078, ASP % Musashino
35.48889, 139.38861, 44.0567454669, ASP % Zama
35.23333, 137.1, 10.1507799859, ASP % Seto
43.10806, 141.55057, 30.3181999178, ASP % Ebetsu
34.5, 135.6, 3.11762443525, ASP % Tondabayashi
34.88333, 135.23334, 42.7292117551, ASP % Sanda
35.41667, 136.86667, 7.15971147424, ASP % Kakamigahara
33.03333, 130.45, 45.767738792, ASP % Omuta
35.86667, 140.01666, 17.3737692063, ASP % Abiko
31.73333, 131.06667, 57.5029561794, ASP % Miyakonojo
34.56667, 135.55, 10.2773359095, ASP % Matsubara
36.31667, 139.2, 25.7464862784, ASP % Isesaki
34.7, 135.61667, 129.870781129, ASP % Daito
34.82691, 135.47057, 11.9763018562, ASP % Mino
35.01667, 135.96667, 48.4031947209, ASP % Kusatsu
36.4, 138.26666, 4.52425554538, ASP % Ueda
26.33583, 127.80139, 416.800892353, ASP % Okinawa
33.27361, 131.49194, 5.26711958403, ASP % Beppu
34.56667, 136.53333, 103.626307554, ASP % Matsuzaka
34.50896, 135.7929, 74.0826105481, ASP % Kashihara-shi
33.95933, 133.31673, 35.3284158121, ASP % Niihama
35.37472, 139.9225, 37.896801721, ASP % Kisarazu
32.58333, 131.66667, 87.0112216074, ASP % Nobeoka
34.88333, 136.93333, 7.41661516399, ASP % Handa
35.69139, 139.50111, 17.6148536751, ASP % Koganei
35.11667, 138.91667, 26.3748217718, ASP % Mishima
43.80306, 143.89082, 1.21300516659, ASP % Kitami
35.06667, 136.7, 20.1199614067, ASP % Kuwana
36.4, 139.33333, 14.3827006947, ASP % Kiryu
35.51965, 137.82074, 41.9388891912, ASP % Iida
36.2, 139.28333, 33.9376043541, ASP % Fukaya
35.39056, 139.30779, 35.3284158121, ASP % Isehara
34.86667, 137.05, 1.56861818055, ASP % Nishio
35.25, 136.78333, 32.8865858268, ASP % Inazawa
34.05, 131.81667, 103.077069028, ASP % Tokuyama
35.78333, 140.31667, 642.395405523, ASP % Narita
38.91667, 139.855, 37.3633828469, ASP % Sakata
35.33165, 136.87042, 65.6466161611, ASP % Konan
33.49631, 130.5156, 56.7917310139, ASP % Chikushino-shi
-23.5475, -46.63611, 19410.0220526, SAE % Sao Paulo
-22.90278, -43.2075, 7129.99673487, SAE % Rio de Janeiro
-12.97111, -38.51083, 861.378426477, SAE % Salvador
-3.71722, -38.54306, 1055.85840546, SAE % Fortaleza
-19.92083, -43.93778, 2737.41110263, SAE % Belo Horizonte
-15.77972, -47.92972, 2693.84115676, SAE % Brasilia
-25.42778, -49.27306, 2339.00315427, SAE % Curitiba
-3.10194, -60.025, 484.755451272, SAE % Manaus
-8.05389, -34.88111, 1657.79812856, SAE % Recife
-1.45583, -48.50444, 204.451172083, SAE % Belem
-30.03306, -51.23, 2149.90496626, SAE % Porto Alegre
-16.67861, -49.25389, 1419.6211952, SAE % Goiania
-23.46278, -46.53333, 1.57340083053, SAE % Guarulhos
-22.90556, -47.06083, 309.04065186, SAE % Campinas
-9.66583, -35.73528, 801.539891478, SAE % Maceio
-2.52972, -44.30278, 145.793635991, SAE % Sao Luis
-5.795, -35.20944, 167.578608711, SAE % Natal
-5.08917, -42.80194, 262.981699664, SAE % Teresina
-20.44278, -54.64639, 254.714708609, SAE % Campo Grande
-23.5325, -46.79167, 17.9765830177, SAE % Osasco
-23.66389, -46.53833, 281.877680019, SAE % Santo Andre
-7.115, -34.86306, 254.187713196, SAE % Joao Pessoa
-23.17944, -45.88694, 296.969062514, SAE % Sao Jose dos Campos
-18.91861, -48.27722, 1939.41420744, SAE % Uberlandia
-23.50167, -47.45806, 10.3673872989, SAE % Sorocaba
-21.1775, -47.81028, 227.809546065, SAE % Ribeirao Preto
-15.59611, -56.09667, 575.303746675, SAE % Cuiaba
-10.91111, -37.07167, 404.443742814, SAE % Aracaju
-12.26667, -38.96667, 211.406363877, SAE % Feira de Santana
-23.31028, -51.16278, 126.505253281, SAE % Londrina
-26.30444, -48.84556, 132.802649308, SAE % Joinville
-22.88333, -43.10361, 679.497031823, SAE % Niteroi
-27.59667, -48.54917, 1924.19202416, SAE % Florianopolis
-20.32972, -40.2925, 0.919397337053, SAE % Vila Velha
-23.66778, -46.46139, 87.6593026072, SAE % Maua
-29.16806, -51.17944, 697.081212486, SAE % Caxias do Sul
-20.81972, -49.37944, 228.336541047, SAE % Sao Jose do Rio Preto
-7.23056, -35.88111, 118.103669168, SAE % Campina Grande
0.03889, -51.06639, 6.82439100928, SAE % Macapa
-22.31472, -49.06056, 216.918955626, SAE % Bauru
-29.91778, -51.18361, 0.130800784935, SAE % Canoas
-31.77194, -52.3425, 5.25099017875, SAE % Pelotas
-20.31944, -40.33778, 120.334865766, SAE % Vitoria
-23.42528, -51.93861, 634.222884337, SAE % Maringa
-8.76194, -63.90389, 121.385063888, SAE % Porto Velho
-20.53861, -47.40083, 411.268133823, SAE % Franca
-26.91944, -49.06611, 394.995752852, SAE % Blumenau
-25.54778, -54.58806, 45.9281514107, SAE % Foz do Iguacu
-25.095, -50.16194, 373.868575468, SAE % Ponta Grossa
-9.97472, -67.81, 1.05019812199, SAE % Rio Branco
-24.95583, -53.45528, 643.278472375, SAE % Cascavel
-29.67833, -51.13056, 41.8619519814, SAE % Novo Hamburgo
-23.51056, -46.87611, 261.142905421, SAE % Barueri
-18.85111, -41.94944, 112.329475849, SAE % Governador Valadares
-24.00583, -46.40278, 24.6701732421, SAE % Praia Grande
-29.68417, -53.80694, 756.527345562, SAE % Santa Maria
-19.76972, -43.85139, 97.107292569, SAE % Santa Luzia
-8.28333, -35.97611, 5.11639712011, SAE % Caruaru
-22.12556, -51.38889, 346.836404843, SAE % Presidente Prudente
-22.0175, -47.89083, 24.2777713185, SAE % Sao Carlos
-5.1875, -37.34417, 139.888641888, SAE % Mossoro
-10.21278, -48.36028, 130.702253496, SAE % Palmas
-20.13889, -44.88389, 200.777375009, SAE % Divinopolis
-28.26278, -52.40667, 16.533982541, SAE % Passo Fundo
-23.60389, -46.91917, 2.88520052239, SAE % Cotia
-21.20889, -50.43278, 9.97498537525, SAE % Aracatuba
-21.79444, -48.17556, 5.90499367223, SAE % Araraquara
-27.81611, -50.32611, 597.084927121, SAE % Lages
-22.22111, -54.80556, 0.657795767183, SAE % Dourados
-27.09639, -52.61833, 311.798843871, SAE % Chapeco
-26.90778, -48.66194, 101.700486981, SAE % Itajai
-25.39528, -51.45806, 34.1181636351, SAE % Guarapuava
-26.48611, -49.06667, 1.31179969186, SAE % Jaragua do Sul
-22.37222, -46.94222, 207.601766018, SAE % Mogi Guacu
-13.8575, -40.08361, 17.453379878, SAE % Jequie
-18.57889, -46.51806, 38.057354122, SAE % Patos de Minas
-22.95194, -46.54194, 188.967387233, SAE % Braganca Paulista
-21.22583, -43.77361, 111.148477374, SAE % Barbacena
-22.23, -45.93639, 12.7293851127, SAE % Pouso Alegre
-22.88583, -48.445, 120.073264627, SAE % Botucatu
-20.66028, -43.78611, 219.150152655, SAE % Conselheiro Lafaiete
-22.35694, -47.38417, 108.78647956, SAE % Araras
-30.11389, -51.325, 37.3995583548, SAE % Guaiba
52.52437, 13.41053, 73.0090589432, EUW % Berlin
53.55, 10.0, 4012.69162717, EUW % Hamburg
48.13743, 11.57549, 4718.4100181, EUW % Muenchen
50.93333, 6.95, 4538.00324144, EUW % Koeln
50.11667, 8.68333, 20761.1031152, EUW % Frankfurt am Main
51.45, 7.01667, 648.672495889, EUW % Essen
48.78232, 9.17702, 2586.2061835, EUW % Stuttgart
51.51667, 7.45, 1021.18198579, EUW % Dortmund
51.22172, 6.77616, 3556.07498132, EUW % Dusseldorf
53.07516, 8.80777, 605.702519252, EUW % Bremen
52.37052, 9.73322, 1386.95433283, EUW % Hannover
51.33962, 12.37129, 82.8215427225, EUW % Leipzig
51.43333, 6.75, 525.311614268, EUW % Duisburg
49.44778, 11.06833, 16954.6838457, EUW % Nuremberg
51.05089, 13.73832, 2108.99941339, EUW % Dresden
53.56667, 10.1, 153.306238397, EUW % Wandsbek
51.48333, 7.21667, 217.921430973, EUW % Bochum
51.26667, 7.18333, 292.122377187, EUW % Wuppertal
52.56926, 13.40186, 136.705956722, EUW % Berlin Pankow
52.03333, 8.53333, 972.940345607, EUW % Bielefeld
52.52003, 13.40489, 8403.62545132, EUW % Berlin Mitte
52.50097, 13.29097, 213.794791936, EUW % Berlin Wilmersdorf
50.73333, 7.1, 930.337686974, EUW % Bonn
49.48833, 8.46472, 490.598707976, EUW % Mannheim
52.43485, 13.24183, 2.66115929044, EUW % Berlin Steglitz Zehlendorf
53.56667, 10.08333, 65.3498285853, EUW % Marienthal
49.00472, 8.38583, 6143.84037053, EUW % Karlsruhe
50.08333, 8.25, 321.974008432, EUW % Wiesbaden
51.96236, 7.62571, 561.450722087, EUW % Muenster
51.51667, 7.05, 205.631447121, EUW % Gelsenkirchen
50.77664, 6.08342, 584.240962531, EUW % Aachen
51.2, 6.43333, 68.6050351588, EUW % Monchengladbach
48.36667, 10.88333, 462.439286186, EUW % Augsburg
53.56667, 9.98333, 102.860690189, EUW % Eimsbuettel
53.55, 9.93333, 346.002998913, EUW % Altona
50.83333, 12.91667, 616.570093849, EUW % Chemnitz
52.26667, 10.53333, 504.401034339, EUW % Braunschweig
52.56667, 13.33333, 253.322110508, EUW % Berlin Reinickendorf
51.47924, 11.91605, 73.3725846743, EUW % Halle Neustadt
51.33333, 6.56667, 239.750305698, EUW % Krefeld
51.5, 12.0, 263.275182152, EUW % Halle
54.32133, 10.13489, 949.368606387, EUW % Kiel
52.16667, 11.66667, 61.6804408106, EUW % Magdeburg
52.15, 11.63333, 238.327896444, EUW % Neue Neustadt
51.46667, 6.85, 241.078989422, EUW % Oberhausen
47.9959, 7.85222, 456.616645421, EUW % Freiburg
53.86893, 10.68729, 174.767795117, EUW % Luebeck
50.98333, 11.03333, 1811.19119146, EUW % Erfurt
53.46667, 9.98333, 35.0802242961, EUW % Harburg
51.35, 7.46667, 156.928763406, EUW % Hagen
54.0887, 12.14049, 679.032033434, EUW % Rostock
51.31667, 9.5, 332.017013764, EUW % Kassel
51.68033, 7.82089, 6.87773158309, EUW % Hamm
50.0, 8.27111, 308.402204053, EUW % Mainz
49.23333, 7.0, 402.458638947, EUW % Saarbrucken
52.26667, 8.05, 314.271707583, EUW % Osnabruck
51.18333, 7.08333, 79.9336537226, EUW % Solingen
49.48111, 8.43528, 624.963960648, EUW % Ludwigshafen am Rhein
53.16667, 8.2, 456.296190181, EUW % Oldenburg
51.2, 6.68333, 243.372830707, EUW % Neuss
52.39886, 13.06566, 403.877255927, EUW % Potsdam
49.40768, 8.69079, 352.103024426, EUW % Heidelberg
51.71905, 8.75439, 564.61220313, EUW % Paderborn
49.87056, 8.64944, 126.479292173, EUW % Darmstadt
49.78778, 9.93611, 546.362782492, EUW % Wuerzburg
49.015, 12.09556, 1755.42711694, EUW % Regensburg
52.43333, 10.8, 13.5287338879, EUW % Wolfsburg
51.53333, 9.93333, 87.9564098116, EUW % Gottingen
49.14028, 9.22, 816.972947919, EUW % Heilbronn
48.76667, 11.43333, 145.096030816, EUW % Ingolstadt
48.39841, 9.99155, 1543.23839348, EUW % Ulm
51.51667, 6.91667, 131.293704454, EUW % Bottrop
53.48462, 10.22904, 149.085873831, EUW % Bergedorf
48.88333, 8.7, 244.107466717, EUW % Pforzheim
50.1, 8.76667, 64.5683298105, EUW % Offenbach
53.55, 8.58333, 116.115832033, EUW % Bremerhaven
51.18333, 7.2, 74.8887194588, EUW % Remscheid
52.47457, 13.34839, 115.428058789, EUW % Berlin Schoeneberg
48.49144, 9.20427, 282.720282335, EUW % Reutlingen
49.47593, 10.98856, 193.110941717, EUW % Furth
50.963, 6.9541, 221.958136752, EUW % Koeln-Nippes
51.45, 6.65, 205.494651099, EUW % Moers
50.35, 7.6, 313.079819881, EUW % Koblenz
50.86667, 8.03333, 661.513456532, EUW % Siegen
50.93333, 11.58333, 179.214889393, EUW % Jena
50.88029, 12.08187, 4.81441228064, EUW % Gera
52.15077, 9.95112, 58.0110530359, EUW % Hildesheim
49.58972, 11.00389, 798.446142964, EUW % Erlangen
50.88333, 6.98333, 29.0739247444, EUW % Koeln Rodenkirchen
51.43333, 7.33333, 20.4533286674, EUW % Witten
49.75565, 6.63935, 622.763844892, EUW % Trier
55.75222, 37.61556, 36209.8821469, EUE % Moscow
59.89444, 30.26417, 7823.2489475, EUE % Saint Petersburg
55.0415, 82.9346, 1280.45985704, EUE % Novosibirsk
56.8575, 60.6125, 2084.74716729, EUE % Yekaterinburg
56.32867, 44.00205, 1180.71078445, EUE % Nizhniy Novgorod
53.20006, 50.15, 917.906675413, EUE % Samara
55.0, 73.4, 264.214436174, EUE % Omsk
55.78874, 49.12214, 854.41053684, EUE % Kazan
47.23135, 39.72328, 629.265896257, EUE % Rostov-na-Donu
55.15444, 61.42972, 807.927720073, EUE % Chelyabinsk
54.78517, 56.04562, 224.052896993, EUE % Ufa
48.71939, 44.50184, 370.692767773, EUE % Volgograd
58.01741, 56.28552, 1104.02811591, EUE % Perm'
56.00972, 92.79167, 929.006701483, EUE % Krasnoyarsk
51.54056, 46.00861, 230.921942511, EUE % Saratov
51.67204, 39.1843, 531.066936884, EUE % Voronezh
53.5303, 49.3461, 74.5923723688, EUE % Tol'yatti
45.0488, 38.9725, 457.158326684, EUE % Krasnodar
54.32824, 48.38657, 156.920141305, EUE % Ul'yanovsk
56.84976, 53.20448, 417.905941782, EUE % Izhevsk
57.62987, 39.87368, 633.407478506, EUE % Yaroslavl'
53.36056, 83.76361, 194.26102664, EUE % Barnaul
43.10562, 131.87354, 417.995340085, EUE % Vladivostok
52.29778, 104.29639, 584.647983552, EUE % Irkutsk
48.48083, 135.09277, 213.411240121, EUE % Khabarovsk
51.7727, 55.0988, 394.388753081, EUE % Orenburg
53.7557, 87.1099, 249.205804943, EUE % Novokuznetsk
54.6269, 39.6916, 336.941904481, EUE % Ryazan'
57.15222, 65.52722, 587.375446821, EUE % Tyumen'
52.60311, 39.57076, 112.799608754, EUE % Lipetsk
53.20066, 45.00464, 137.086165654, EUE % Penza
46.34968, 48.04076, 301.419327704, EUE % Astrakhan'
56.49417, 84.97417, 739.019458625, EUE % Tomsk
55.33333, 86.08333, 441.372742276, EUE % Kemerovo
54.20213, 37.64429, 28.6107280294, EUE % Tula
58.59665, 49.66007, 164.239971473, EUE % Kirov
56.13222, 47.25194, 132.357804517, EUE % Cheboksary
54.70649, 20.51095, 448.3777816, EUE % Kaliningrad
53.25209, 34.37167, 37.0688977224, EUE % Bryansk
56.99719, 40.97139, 169.018719957, EUE % Ivanovo
53.41861, 59.04722, 228.011889932, EUE % Magnitogorsk
51.73733, 36.18735, 349.724245303, EUE % Kursk
56.86049, 35.87603, 466.525650225, EUE % Tver'
57.91944, 59.965, 78.368775997, EUE % Nizhniy Tagil
45.0428, 41.9734, 396.482841957, EUE % Stavropol'
51.82605, 107.60979, 103.067106591, EUE % Ulan-Ude
64.5401, 40.5433, 181.754465706, EUE % Arkhangel'sk
50.61074, 36.58015, 501.776238958, EUE % Belgorod
55.45, 65.33333, 87.281522614, EUE % Kurgan
43.59917, 39.72569, 178.704627046, EUE % Sochi
52.96508, 36.0785, 248.024662619, EUE % Orel
48.78583, 44.77973, 0.773160472445, EUE % Volzhskiy
54.7818, 32.0401, 4.77495664137, EUE % Smolensk
68.97917, 33.09251, 31.5673761125, EUE % Murmansk
43.03667, 44.66778, 29.838465857, EUE % Vladikavkaz
59.13333, 37.9, 37.6166656541, EUE % Cherepovets
56.13655, 40.39658, 156.554962683, EUE % Vladimir
54.1838, 45.1749, 152.3239817, EUE % Saransk
61.25, 73.41667, 524.563070418, EUE % Surgut
59.2187, 39.8886, 239.609296157, EUE % Vologda
52.73169, 41.44326, 113.436775419, EUE % Tambov
56.63877, 47.89078, 74.5923723688, EUE % Yoshkar-Ola
47.23617, 38.89688, 73.955205703, EUE % Taganrog
57.76647, 40.92686, 0.318583117274, EUE % Kostroma
43.49806, 43.61889, 95.7434841495, EUE % Nal'chik
53.62462, 55.95015, 54.851587295, EUE % Sterlitamak
61.78491, 34.34691, 53.6704454025, EUE % Petrozavodsk
51.20487, 58.56685, 0.0465955038668, EUE % Orsk
52.53667, 103.88639, 222.098594197, EUE % Angarsk
44.72439, 37.76752, 74.4097830582, EUE % Novorossiysk
62.03389, 129.73306, 103.976260871, EUE % Yakutsk
61.67642, 50.80994, 309.01493819, EUE % Syktyvkar
51.29667, 37.84167, 73.2286407345, EUE % Staryy Oskol
47.70911, 40.21443, 103.428492939, EUE % Shakhty
50.26667, 127.53333, 222.9145579, EUE % Blagoveshchensk
55.9825, 37.18139, 210.726580514, EUE % Zelenograd
52.53639, 85.20722, 115.072494667, EUE % Biysk
58.51667, 31.28333, 287.867618683, EUE % Velikiy Novgorod
57.8136, 28.3496, 318.976625167, EUE % Pskov
52.02782, 47.8007, 74.0911995097, EUE % Balakovo
44.9892, 41.1234, 73.3180394685, EUE % Armavir
53.0452, 158.6483, 17.6932912698, EUE % Petropavlovsk-Kamchatskiy
56.4185, 61.9329, 72.6846650765, EUE % Kamensk-Ural'skiy
55.42418, 37.55472, 230.102186535, EUE % Podol'sk
46.95812, 142.73366, 0.18258931057, EUE % Yuzhno-Sakhalinsk
47.51361, 42.15139, 4.00179616893, EUE % Volgodonsk
53.71556, 91.42917, 240.60784917, EUE % Abakan
55.91163, 37.73076, 39.2523849018, EUE % Mytishchi
44.60778, 40.10583, 81.4148223829, EUE % Maykop
43.8059, 131.9752, 11.2360198768, EUE % Ussuriysk
55.67719, 37.89322, 371.100749624, EUE % Lyubertsy
55.80945, 37.95806, 348.131328854, EUE % Balashikha
55.07944, 38.77833, 48.2117270227, EUE % Kolomna
42.83333, 132.89471, 60.9474723406, EUE % Nakhodka
55.78959, 38.44671, 76.2746871204, EUE % Elektrostal'
44.04861, 43.05944, 181.933262743, EUE % Pyatigorsk
55.89704, 37.42969, 210.726580514, EUE % Khimki
55.91417, 37.82556, 0.229184814437, EUE % Korolev
55.67798, 37.27773, 352.680892955, EUE % Odintsovo
56.90528, 59.94361, 23.6531825086, EUE % Pervoural'sk
54.91578, 37.41114, 144.184395555, EUE % Serpukhov
55.575, 42.0426, 1.41032713819, EUE % Murom
56.2694, 90.4993, 128.993175014, EUE % Achinsk
55.86647, 38.4438, 388.568648353, EUE % Noginsk
58.2, 68.26667, 74.3203843242, EUE % Tobol'sk
56.60056, 84.88639, 0.454577355171, EUE % Seversk
55.39485, 43.83992, 75.6413127283, EUE % Arzamas
56.3, 38.13333, 42.7530082117, EUE % Sergiyev Posad
54.6567, 86.1737, 76.4572764309, EUE % Leninsk-Kuznetskiy
55.09681, 36.61006, 250.114959222, EUE % Obninsk
46.30778, 44.25583, 68.500279597, EUE % Elista
56.01722, 37.86667, 99.7918753911, EUE % Pushkino
43.3675, 132.19861, 44.8470970883, EUE % Artem
63.56705, 53.68348, 178.432639433, EUE % Ukhta
56.20167, 95.7175, 116.164238688, EUE % Kansk
58.00056, 102.66194, 189.71146254, EUE % Ust'-Ilimsk
55.744, 38.01684, 308.062980681, EUE % Zheleznodorozhnyy
55.75556, 60.70278, 73.7298131623, EUE % Ozersk
-6.21462, 106.84513, 16429.5523461, ASP % Jakarta
-7.24917, 112.75083, 1629.64942426, ASP % Surabaya
3.58333, 98.66667, 1.49179321911, ASP % Medan
-6.90389, 107.61861, 1157.64298686, ASP % Bandung
-6.2349, 106.9896, 14.6180574139, ASP % Bekasi
-6.17806, 106.63, 500.350510725, ASP % Tangerang
-6.9932, 110.4203, 38.1906672785, ASP % Semarang
-6.4, 106.81861, 263.451457162, ASP % Depok
-7.9797, 112.6304, 71.3099954632, ASP % Malang
-7.78278, 110.36083, 592.24573691, ASP % Yogyakarta
-8.65, 115.21667, 381.306921075, ASP % Denpasar
-6.39472, 106.95917, 221.385161074, ASP % Cileungsi
-6.34278, 106.73833, 128.594100244, ASP % Pamulang
-7.33194, 110.49278, 1.49179321911, ASP % Salatiga
-5.11306, 105.30667, 215.714071132, ASP % Metro
-6.8017, 108.6311, 2251.13506871, ASP % Astanajapura
51.51279, -0.09184, 9066.85720785, EUW % City of London
51.50853, -0.12574, 6678.47502473, EUW % London
52.48142, -1.89983, 148.081603347, EUW % Birmingham
55.86515, -4.25763, 532.657771453, EUW % Glasgow
53.41058, -2.97794, 41.0057636732, EUW % Liverpool
53.79648, -1.54785, 168.815670743, EUW % Leeds
53.38297, -1.4659, 361.282285711, EUW % Sheffield
55.95206, -3.19648, 609.685024246, EUW % Edinburgh
51.45523, -2.59665, 187.974758553, EUW % Bristol
53.48095, -2.23743, 3695.76670908, EUW % Manchester
51.53622, -0.10304, 3307.41659963, EUW % Islington
52.40656, -1.51217, 44.1557224143, EUW % Coventry
53.7446, -0.33525, 28.4435607064, EUW % Hull
51.48, -3.18, 84.0789246391, EUW % Cardiff
53.79391, -1.75206, 368.303910106, EUW % Bradford
54.58333, -5.93333, 113.965900035, EUW % Belfast
53.00415, -2.18538, 551.719134521, EUW % Stoke-on-Trent
52.58547, -2.12296, 167.274530449, EUW % Wolverhampton
50.37153, -4.14305, 37.1040505685, EUW % Plymouth
52.9536, -1.15047, 99.5956360013, EUW % Nottingham
50.90395, -1.40428, 260.637927553, EUW % Southampton
51.45625, -0.97113, 799.821113422, EUW % Reading
52.92277, -1.47663, 622.281066505, EUW % Derby
51.56667, -0.33333, 4507.89068924, EUW % London Borough of Harrow
52.25, -0.88333, 94.1489903294, EUW % Northampton
50.79899, -1.09125, 361.579253072, EUW % Portsmouth
51.87967, -0.41748, 25.9814704487, EUW % Luton
54.97328, -1.61396, 70.5657246893, EUW % Newcastle upon Tyne
53.76667, -2.71667, 70.6296105695, EUW % Preston
51.35, -0.2, 1878.75137372, EUW % Sutton
52.04172, -0.75583, 7.61176813751, EUW % Milton Keynes
57.14369, -2.09814, 33.8225277932, EUW % Aberdeen
54.90465, -1.38222, 73.3848763456, EUW % Sunderland
52.62783, 1.29834, 25.4251659995, EUW % Norwich
51.62079, -3.94323, 3.3454090867, EUW % Swansea
50.72048, -1.8795, 33.0669811559, EUW % Bournemouth
51.53782, 0.71433, 144.506904622, EUW % Southend-on-Sea
51.55797, -1.78116, 101.760758467, EUW % Swindon
51.75222, -1.25596, 483.908675608, EUW % Oxford
56.5, -2.96667, 55.9661710174, EUW % Dundee
50.71667, -2.0, 15.0581325171, EUW % Poole
53.64904, -1.78416, 50.948057603, EUW % Huddersfield
53.95763, -1.08271, 254.469574537, EUW % York
52.05917, 1.15545, 40.4156203626, EUW % Ipswich
53.81667, -3.05, 97.8252065008, EUW % Blackpool
54.57623, -1.23483, 38.1527727243, EUW % Middlesbrough
52.57364, -0.24777, 59.5070300186, EUW % Peterborough
53.40979, -2.15761, 13.8440070345, EUW % Stockport
50.82838, -0.13947, 4.92038824164, EUW % Brighton
52.67659, -2.44926, 255.093556709, EUW % Telford
52.51868, -1.9945, 894.597878628, EUW % West Bromwich
51.50949, -0.59541, 1678.2144122, EUW % Slough
51.86568, -2.2431, 5048.25795401, EUW % Gloucester
52.2, 0.11667, 257.848822485, EUW % Cambridge
51.65531, -0.39602, 986.254731681, EUW % Watford
53.43012, -1.35678, 80.8650800178, EUW % Rotherham
50.7236, -3.52751, 53.6356447939, EUW % Exeter
53.34914, -0.9785, 52.4215193114, EUW % Bassetlaw District
51.2372, -2.6266, 6.29991705095, EUW % Mendip
51.54062, 0.14801, 1427.97735743, EUW % Dagenham
51.11303, -0.18312, 53.7033233791, EUW % Crawley
52.56667, -1.81667, 2.92066910287, EUW % Sutton Coldfield
53.54051, -2.1183, 179.212751244, EUW % Oldham
51.31903, -0.55893, 602.497996092, EUW % Woking
51.73575, 0.46958, 28.1804317756, EUW % Chelmsford
53.45, -2.73333, 9.44608351832, EUW % Saint Helens
51.38914, 0.54863, 68.0397481202, EUW % Gillingham
52.18935, -2.22001, 106.681146709, EUW % Worcester
51.5529, 0.129, 1820.42463033, EUW % Becontree
48.85341, 2.3488, 22501.336467, EUW % Paris
43.29695, 5.38107, 812.771715793, EUW % Marseille
45.74846, 4.84671, 1289.66809589, EUW % Lyon
43.60426, 1.44367, 474.055685146, EUW % Toulouse
43.70313, 7.26608, 1471.53689229, EUW % Nice
47.21725, -1.55336, 593.364889061, EUW % Nantes
48.58342, 7.74296, 1541.33629268, EUW % Strasbourg
43.61092, 3.87723, 620.75432847, EUW % Montpellier
44.84044, -0.5805, 1651.91914971, EUW % Bordeaux
50.63297, 3.05858, 24195.3251421, EUW % Lille
48.11198, -1.67429, 128.913098543, EUW % Rennes
49.25, 4.03333, 1067.6210431, EUW % Reims
45.43333, 4.4, 0.336642858752, EUW % Saint-Etienne
43.11667, 5.93333, 16.9760850969, EUW % Toulon
47.46667, -0.55, 271.488769113, EUW % Angers
45.16667, 5.71667, 91.7117106354, EUW % Grenoble
47.31667, 5.01667, 6.08612082302, EUW % Dijon
43.5283, 5.44973, 135.472036192, EUW % Aix-en-Provence
48.4, -4.48333, 100.301883982, EUW % Brest
49.9, 2.3, 220.829070344, EUW % Amiens
47.38333, 0.68333, 404.392458718, EUW % Tours
45.83153, 1.2578, 226.173818251, EUW % Limoges
45.77966, 3.08628, 212.034636263, EUW % Clermont-Ferrand
47.90289, 1.90389, 173.482884215, EUW % Orleans
49.11911, 6.17269, 895.288054563, EUW % Metz
49.44313, 1.09932, 1050.44069684, EUW % Rouen
47.75, 7.33333, 180.518431394, EUW % Mulhouse
42.69764, 2.89541, 53.2961329855, EUW % Perpignan
49.18585, -0.35912, 54.1093853747, EUW % Caen
48.83333, 2.25, 1299.34007772, EUW % Boulogne-Billancourt
48.68333, 6.2, 417.173691588, EUW % Nancy
48.95, 2.25, 2796.44322759, EUW % Argenteuil
6.45306, 3.39583, 17232.8640936, AFR % Lagos
10.52224, 7.43828, 2324.22108523, AFR % Kaduna
9.05735, 7.48976, 244.114671113, AFR % Abuja
19.42847, -99.12766, 7211.44087756, NAS % Mexico City
20.66667, -103.33333, 395.211285586, NAS % Guadalajara
19.05, -98.2, 66.8649650966, NAS % Puebla de Zaragoza
31.73333, -106.48333, 52.6254961604, NAS % Ciudad Juarez
32.53333, -117.01667, 309.40859905, NAS % Tijuana
25.66667, -100.31667, 2087.0344247, NAS % Monterrey
21.11667, -101.66667, 136.652515387, NAS % Leon
20.71667, -103.4, 133.600387862, NAS % Zapopan
19.47851, -99.23963, 233.261501751, NAS % Naucalpan de Juarez
25.68333, -100.25, 465.509419791, NAS % Guadalupe
20.96667, -89.61667, 305.083803582, NAS % Merida
28.63333, -106.08333, 270.001403566, NAS % Chihuahua
22.15, -100.98333, 220.043200643, NAS % San Luis Potosi
21.88333, -102.3, 431.821645501, NAS % Aguascalientes
16.86336, -99.8901, 377.287147427, NAS % Acapulco de Juarez
25.41667, -101.0, 582.965129508, NAS % Saltillo
20.6, -100.38333, 398.518705068, NAS % Queretaro
32.65194, -115.46833, 478.346678885, NAS % Mexicali
19.70078, -101.18443, 218.770533132, NAS % Morelia
24.79944, -107.38972, 91.4001495152, NAS % Culiacan
21.17429, -86.84656, 162.586117806, NAS % Cancun
25.55, -103.43333, 289.705001308, NAS % Torreon
25.75, -100.3, 429.78689353, NAS % San Nicolas de los Garza
19.28833, -99.66722, 101.947365112, NAS % Toluca
26.08333, -98.28333, 116.567876063, NAS % Reynosa
20.65, -103.31667, 437.289566149, NAS % Tlaquepaque
16.75, -93.11667, 287.033915797, NAS % Tuxtla Gutierrez
19.53333, -96.91667, 60.8902523769, NAS % Jalapa Enriquez
20.61667, -103.23333, 12.8372590939, NAS % Tonala
17.98333, -92.91667, 318.050604576, NAS % Villahermosa
25.76667, -100.2, 0.891625928252, NAS % Apodaca
27.47629, -99.51639, 246.483594702, NAS % Nuevo Laredo
20.68333, -101.35, 31.6530227499, NAS % Irapuato
20.11697, -98.73329, 206.440065678, NAS % Pachuca de Soto
20.51667, -100.81667, 23.7693085477, NAS % Celaya
21.5, -104.9, 33.8135243469, NAS % Tepic
23.73333, -99.13333, 117.585251617, NAS % Ciudad Victoria
17.05, -96.71667, 21.7383492816, NAS % Oaxaca de Juarez
27.48333, -109.93333, 217.501657463, NAS % Ciudad Obregon
19.41667, -102.06667, 109.3204954, NAS % Uruapan del Progreso
18.15, -94.41667, 9.91467389951, NAS % Coatzacoalcos
25.76667, -108.96667, 263.390356875, NAS % Los Mochis
19.85, -90.53333, 21.3573072673, NAS % Campeche
14.9, -92.28333, 11.5683834251, NAS % Tapachula
22.26667, -97.83333, 75.6365129533, NAS % Ciudad Madero
31.30862, -110.94217, 294.026004071, NAS % Heroica Nogales
24.16667, -110.3, 318.561188921, NAS % La Paz
19.06406, -98.30352, 3.0521275253, NAS % Cholula
29.32322, -100.95217, 0.63633397125, NAS % Ciudad Acuna
32.46306, -114.77667, 35.2119419155, NAS % San Luis Rio Colorado
18.5, -88.3, 117.204210034, NAS % Chetumal
25.66667, -100.4, 1644.15118784, NAS % Garza Garcia
16.75, -92.63333, 195.889058239, NAS % San Cristobal de Las Casas
19.23333, -103.71667, 0.891625928252, NAS % Colima
19.36028, -99.35139, 176.440752454, NAS % Huixquilucan
18.85, -97.1, 52.1187045201, NAS % Orizaba
22.77559, -102.57218, 361.142468851, NAS % Zacatecas
25.53333, -103.25, 26.821436073, NAS % Matamoros
21.35, -98.23333, 258.177728184, NAS % Tantoyuca
37.56826, 126.97783, 12188.78081, ASP % Seoul
35.10278, 129.04028, 170.169470472, ASP % Busan
37.45361, 126.73167, 9.47253263051, ASP % Incheon
35.87028, 128.59111, 37.4004098078, ASP % Daegu
36.32139, 127.41972, 482.88631465, ASP % Daejeon
35.15472, 126.91556, 189.287100507, ASP % Gwangju
37.29111, 127.00889, 379.938120263, ASP % Suigen
37.65639, 126.835, 9.02974516789, ASP % Goyang
37.43861, 127.13778, 1730.6693452, ASP % Seongnam
35.82194, 127.14889, 98.4961371334, ASP % Jeonju
37.32361, 126.82194, 104.974399556, ASP % Ansan
36.63722, 127.48972, 50.4394239046, ASP % Cheongju
37.3925, 126.92694, 357.030718893, ASP % Anyang
35.22806, 128.6811, 61.0525863477, ASP % Changwon
36.03222, 129.365, 67.9698439596, ASP % Hoko
37.20682, 126.8169, 0.133215638633, ASP % Hwaseong
33.50972, 126.52194, 18.5454187763, ASP % Jeju
36.8065, 127.1522, 601.734577703, ASP % Tenan
35.20806, 128.5725, 11.6281611645, ASP % Masan
35.19278, 128.08472, 7.57575082642, ASP % Chinju
36.1136, 128.336, 150.785409591, ASP % Kumi
35.94389, 126.95444, 34.6256367635, ASP % Iksan
35.97861, 126.71139, 49.6007817998, ASP % Kunsan
37.35139, 127.94528, 122.328462564, ASP % Wonju
37.87472, 127.73417, 133.208056284, ASP % Chuncheon
37.27917, 127.4425, 27.7946615387, ASP % Ich'on
37.83311, 127.06169, 20.661698606, ASP % Yangju
37.15222, 127.07056, 76.6468758944, ASP % Osan
35.84278, 129.21167, 0.262639003563, ASP % Kyonju
36.12176, 128.11981, 465.971246401, ASP % Gimcheon
35.82333, 128.73778, 26.783455091, ASP % Keizan
36.56556, 128.725, 70.7446170039, ASP % Andong
35.69439, 51.42151, 9944.02293863, ASC % Tehran
36.297, 59.6062, 182.016446583, ASC % Mashhad
32.65722, 51.67761, 843.174060096, ASC % Esfahan
35.8355, 51.0103, 354.392872979, ASC % Karaj
38.08, 46.2919, 95.2600580255, ASC % Tabriz
29.6036, 52.5388, 30.6207943719, ASC % Shiraz
34.6401, 50.8764, 145.725275429, ASC % Qom
31.3203, 48.6693, 336.249183754, ASC % Ahvaz
34.09174, 49.68916, 156.501646338, ASC % Arak
36.6736, 48.4787, 2.2689091676, ASC % Zanjan
36.83866, 54.43475, 89.5896808121, ASC % Gorgan
36.2126, 57.68191, 11.3407539955, ASC % Sabzevar
30.4067, 55.9939, 523.36783219, ASC % Rafsanjan
39.6482, 47.9174, 1994.81359453, ASC % Parsabad
32.03389, 51.87944, 1210.04403822, ASC % Shahreza
41.01384, 28.94966, 6803.01299468, ASC % Istanbul
39.91987, 32.85427, 1680.45530985, ASC % Ankara
38.41273, 27.13838, 1512.10694796, ASC % Izmir
40.19167, 29.06111, 1250.8737499, ASC % Bursa
37.00167, 35.32889, 122.200204874, ASC % Adana
37.87135, 32.48464, 14.1745805819, ASC % Konya
39.9179, 32.86268, 159.317280999, ASC % Cankaya
36.90812, 30.69556, 162.281884027, ASC % Antalya
41.03903, 28.85671, 34.5923474924, ASC % Bagcilar
37.91583, 40.21889, 0.797083178355, ASC % Diyarbakir
38.73222, 35.48528, 193.28546108, ASC % Kayseri
41.00231, 28.8598, 37.6039717348, ASC % Bahcelievler
41.01643, 29.12476, 87.474378283, ASC % Umraniye
36.79526, 34.61792, 0.176708039803, ASC % Mercin
41.0435, 28.87619, 333.468953956, ASC % Esenler
39.77667, 30.52056, 12.8003516377, ASC % Eskisehir
38.37396, 27.1352, 128.266682731, ASC % Karabaglar
37.16708, 38.79392, 38.577762953, ASC % Sanliurfa
40.93567, 29.15507, 457.706991854, ASC % Maltepe
39.90861, 41.27694, 0.620375138552, ASC % Erzurum
41.28667, 36.33, 21.3483291871, ASC % Samsun
37.5847, 36.9264, 180.975797325, ASC % Kahramanmaras
38.49239, 43.38311, 450.176034895, ASC % Van
41.06046, 28.98717, 306.230855382, ASC % Sisli
37.77417, 29.0875, 527.555290487, ASC % Denizli
39.96833, 32.73083, 63.9115080318, ASC % Batikent
40.99441, 28.90417, 64.798841367, ASC % Zeytinburnu
40.78056, 30.40333, 130.748182423, ASC % Adapazari
40.80276, 29.43068, 93.3679399433, ASC % Gebze
41.005, 39.72694, 3.89895757753, ASC % Trabzon
38.61202, 27.42646, 127.292891082, ASC % Manisa
41.00244, 29.23187, 3.18833271342, ASC % Sancaktepe
39.64917, 27.88611, 80.4341092073, ASC % Balikesir
37.76441, 38.27629, 0.133479098278, ASC % Adiyaman
39.84528, 33.50639, 4.69604075589, ASC % Kirikkale
41.15917, 27.8, 21.5250372269, ASC % Corlu
40.76694, 29.91694, 24.1832453897, ASC % Izmit
39.42417, 29.98333, 67.8969234924, ASC % Kutahya
40.54889, 34.95333, 54.1698018518, ASC % Corum
37.84501, 27.83963, 26.6177234351, ASC % Aydin
36.20655, 36.15722, 5.57958224849, ASC % Antioch
38.37255, 34.02537, 326.91558092, ASC % Aksaray
38.75667, 30.54333, 23.7828076637, ASC % Afyonkarahisar
40.07806, 29.51333, 25.9108908447, ASC % Inegeul
40.31389, 36.55444, 43.5369700629, ASC % Tokat
41.67719, 26.55597, 132.165640309, ASC % Edirne
40.97801, 27.50852, 33.4380555295, ASC % Tekirdag
37.91631, 28.32225, 2.92137408567, ASC % Nazilli
40.98472, 37.87889, 69.3143818093, ASC % Ordu
37.93262, 41.94025, 44.9111994383, ASC % Siirt
39.75222, 39.49278, 35.8763262798, ASC % Erzincan
40.3875, 36.08111, 74.100672722, ASC % Turhal
41.45139, 31.79305, 4.07566604853, ASC % Zonguldak
41.89474, 12.4839, 2792.2093557, EUW % Roma
45.46427, 9.18951, 7745.55968726, EUW % Milan
40.83333, 14.25, 604.126341378, EUW % Napoli
45.07049, 7.68682, 1415.41879938, EUW % Torino
38.11582, 13.35976, 54.2211242204, EUW % Palermo
44.40632, 8.93386, 654.3552377, EUW % Genova
43.76667, 11.25, 803.202428665, EUW % Florence
44.49381, 11.33875, 768.84930808, EUW % Bologna
41.11773, 16.85118, 251.276600202, EUW % Bari
37.50213, 15.08719, 370.519812475, EUW % Catania
45.43861, 12.32667, 166.881915872, EUW % Venice
45.43419, 10.99779, 179.898407703, EUW % Verona
38.19327, 15.54969, 37.6940080296, EUW % Messina
45.64861, 13.78, 237.152344587, EUW % Trieste
45.41519, 11.88181, 653.498969437, EUW % Padova
40.47611, 17.22972, 14.6938370316, EUW % Taranto
45.52478, 10.22727, 123.139877746, EUW % Brescia
38.11047, 15.66129, 25.8204713063, EUW % Reggio di Calabria
45.49028, 12.2425, 200.374975921, EUW % Mestre
44.64783, 10.92539, 62.1803998086, EUW % Modena
43.88425, 11.09092, 74.8536259661, EUW % Prato
39.20738, 9.13462, 130.525779644, EUW % Cagliari
44.80266, 10.32898, 104.032579948, EUW % Parma
43.54264, 10.316, 492.45636358, EUW % Livorno
41.46093, 15.54925, 14.4851169499, EUW % Foggia
43.1122, 12.38878, 866.872841528, EUW % Perugia
40.67797, 14.76599, 108.615777199, EUW % Salerno
44.4175, 12.20111, 93.7094278118, EUW % Ravenna
44.82678, 11.62071, 60.99466883, EUW % Ferrara
44.06333, 12.58083, 174.172255344, EUW % Rimini
37.08515, 15.273, 108.1769491, EUW % Siracusa
40.72722, 8.56028, 23.7608768348, EUW % Sassari
45.58248, 9.27485, 452.96806042, EUW % Monza
42.46024, 14.21021, 19.9245824633, EUW % Pescara
45.69798, 9.66895, 295.956665628, EUW % Bergamo
44.22361, 12.05278, 80.5407947274, EUW % Forli
41.46614, 12.9043, 235.244891369, EUW % Latina
45.55729, 11.5409, 71.0915056534, EUW % Vicenza
42.56713, 12.64987, 162.337702218, EUW % Terni
46.06787, 11.12108, 257.19387698, EUW % Trento
45.44056, 8.61684, 301.604851223, EUW % Novara
43.59816, 13.51008, 53.2089224309, EUW % Ancona
14.6042, 120.9822, 2514.17403802, ASP % Manila
7.07306, 125.61278, 41.3102006246, ASP % Davao
10.31672, 123.89071, 1092.08303857, ASP % Cebu City
14.5832, 121.0409, 9284.42046758, ASP % Mandaluyong City
7.44778, 125.80778, 121.990518597, ASP % Tagum
13.93139, 121.61722, 140.45923268, ASP % Lucena
14.82917, 120.28278, 649.32270904, ASP % Olongapo
11.25111, 125.00639, 832.065976472, ASP % Panalanoy
13.13722, 123.73444, 451.51345813, ASP % Legaspi
7.8275, 123.4782, 692.576785215, ASP % Muricay
6.95508, 126.21655, 45.6867649264, ASP % Mati
15.97611, 120.57111, 155.525216588, ASP % Urdaneta
10.75, 106.66667, 692.374905146, ASP % Thanh pho Ho Chi Minh
21.0245, 105.84117, 10947.2905542, ASP % Ha Noi
12.25, 109.18333, 893.244674146, ASP % Nha Trang
21.59278, 105.84417, 845.552671675, ASP % Thai Nguyen
40.4165, -3.70256, 14480.8277066, EUW % Madrid
39.46975, -0.37739, 1509.28863789, EUW % Valencia
37.38241, -5.97613, 100.859698925, EUW % Sevilla
41.65606, -0.87734, 328.227434314, EUW % Zaragoza
36.72016, -4.42034, 45.3654026941, EUW % Malaga
37.98704, -1.13004, 155.052618947, EUW % Murcia
39.56939, 2.65024, 211.052753372, EUW % Palma
28.09973, -15.41343, 12.9477843285, EUW % Las Palmas de Gran Canaria
43.26271, -2.92528, 259.403131119, EUW % Bilbao
38.34517, -0.48149, 70.2530872362, EUW % Alicante
37.88333, -4.76667, 2.3130525976, EUW % Cordoba
41.65518, -4.72372, 46.6667784719, EUW % Valladolid
42.23282, -8.72264, 157.450609812, EUW % Vigo
41.35967, 2.10028, 136.092415377, EUW % L'Hospitalet de Llobregat
43.37135, -8.396, 148.240869418, EUW % A Coruna
37.18817, -3.60667, 181.118064139, EUW % Granada
38.26218, -0.70107, 210.380830485, EUW % Elche
43.36029, -5.84476, 131.593718015, EUW % Oviedo
28.46824, -16.25462, 30.6490808224, EUW % Santa Cruz de Tenerife
41.56667, 2.01667, 700.136672046, EUW % Terrassa
41.54329, 2.10942, 94.847279253, EUW % Sabadell
40.32234, -3.86496, 69.4537569478, EUW % Mostoles
42.81687, -1.64323, 99.515853582, EUW % Pamplona
36.83814, -2.45974, 56.7994647134, EUW % Almeria
43.31283, -1.97499, 69.8746564433, EUW % San Sebastian
43.46472, -3.80444, 101.238129287, EUW % Santander
39.98333, -0.03333, 196.676185433, EUW % Castello de la Plana
42.35, -3.7, 156.693748657, EUW % Burgos
38.98333, -1.85, 44.6085415395, EUW % Albacete
40.30571, -3.73295, 6.6418729938, EUW % Getafe
40.96667, -5.65, 66.5112510282, EUW % Salamanca
42.46667, -2.45, 437.119112551, EUW % Logrono
28.4853, -16.32014, 379.77134051, EUW % La Laguna
37.25833, -6.95083, 74.2884155383, EUW % Huelva
38.87789, -6.97061, 140.506174041, EUW % Badajoz
41.11667, 1.25, 66.5112510282, EUW % Tarragona
41.61667, 0.61667, 67.3105813166, EUW % Lleida
42.6, -5.56667, 57.6837332694, EUW % Leon
41.54211, 2.4445, 130.122465271, EUW % Mataro
36.13326, -5.45051, 260.287399675, EUW % Algeciras
40.23604, -3.76752, 132.686540397, EUW % Parla
41.38022, 2.17319, 6228.3628328, EUW % Ciutat Vella
40.54746, -3.64197, 215.848735102, EUW % Alcobendas
42.33333, -7.85, 109.563601125, EUW % Ourense
41.15612, 1.10687, 6.2634422009, EUW % Reus
24.9056, 67.0822, 4044.15913049, ASS % Karachi
31.54972, 74.34361, 3160.68964092, ASS % Lahore
33.6007, 73.0679, 3357.82940403, ASS % Rawalpindi
30.19556, 71.47528, 0.812367093522, ASS % Multan
34.008, 71.57849, 242.567856004, ASS % Peshawar
33.72148, 73.04329, 1855.36564821, ASS % Islamabad
-34.61315, -58.37723, 9599.13627449, SAE % Buenos Aires
-31.4135, -64.18105, 728.977844128, SAE % Cordoba
-32.94682, -60.63932, 434.510159775, SAE % Rosario
-32.89084, -68.82717, 370.913246333, SAE % Mendoza
-26.82414, -65.2226, 2.90848419506, SAE % San Miguel de Tucuman
-34.92145, -57.95453, 160.892299271, SAE % La Plata
-38.00228, -57.55754, 173.094618131, SAE % Mar del Plata
-34.72418, -58.25265, 541.741918104, SAE % Quilmes
-31.63333, -60.7, 110.221981532, SAE % Santa Fe de la Vera Cruz
-27.46056, -58.98389, 260.932690415, SAE % Resistencia
-27.79511, -64.26149, 0.0817394397977, SAE % Santiago del Estero
-27.4806, -58.8341, 179.962820262, SAE % Corrientes
-34.65344, -58.61975, 659.965074516, SAE % Moron
-38.7196, -62.27243, 142.141151061, SAE % Bahia Blanca
-38.95161, -68.0591, 214.385569491, SAE % Neuquen
-26.17753, -58.17814, 60.5249507991, SAE % Formosa
-33.29501, -66.33563, 241.698690976, SAE % San Luis
-33.13067, -64.34992, 234.024472993, SAE % Rio Cuarto
-31.39296, -58.02089, 41.2130041938, SAE % Concordia
-45.86667, -67.5, 211.558824736, SAE % Comodoro Rivadavia
-33.33578, -60.22523, 170.587245726, SAE % San Nicolas de los Arroyos
-36.61667, -64.28333, 116.365906819, SAE % Santa Rosa
43.70011, -79.4163, 4209.67086797, NAN % Toronto
45.50884, -73.58781, 6117.12852543, NAN % Montreal
49.24966, -123.11934, 2641.36620261, NAN % Vancouver
51.05011, -114.08529, 2008.35098024, NAN % Calgary
45.41117, -75.69812, 976.297737218, NAN % Ottawa
53.55014, -113.46871, 919.638463765, NAN % Edmonton
43.5789, -79.6583, 434.277370742, NAN % Mississauga
43.76681, -79.4163, 624.269533313, NAN % North York
49.8844, -97.14704, 458.939480568, NAN % Winnipeg
46.81228, -71.21454, 773.904366859, NAN % Quebec
43.23341, -79.94964, 54.0200190796, NAN % Hamilton
43.68341, -79.76633, 126.435183923, NAN % Brampton
43.42537, -80.5112, 785.763313883, NAN % Kitchener
49.10635, -122.82509, 70.7036944576, NAN % Surrey
45.56995, -73.692, 635.562203669, NAN % Laval
44.64533, -63.57239, 333.813812016, NAN % Halifax
43.65421, -79.56711, 514.538248832, NAN % Etobicoke
42.98339, -81.23304, 376.489336224, NAN % London
50.36386, -119.34997, 126.029436634, NAN % Okanagan
48.43294, -123.3693, 499.409306732, NAN % Victoria
42.30008, -83.01654, 225.524763245, NAN % Windsor
43.86682, -79.2663, 395.744008807, NAN % Markham
43.90012, -78.84957, 195.379375321, NAN % Oshawa
45.47723, -75.70164, 122.783457465, NAN % Gatineau
43.8361, -79.49827, 351.578216216, NAN % Vaughan
45.53121, -73.51806, 389.657798188, NAN % Longueuil
49.26636, -122.95263, 739.725521526, NAN % Burnaby
49.08938, -123.08241, 35.8258512546, NAN % Ladner
52.11679, -106.63452, 302.475198133, NAN % Saskatoon
43.87111, -79.43725, 216.168557119, NAN % Richmond Hill
44.40011, -79.66634, 155.837333576, NAN % Barrie
49.17003, -123.13683, 359.897933489, NAN % Richmond
50.45008, -104.6178, 312.257375611, NAN % Regina
43.45011, -79.68292, 65.6741963229, NAN % Oakville
43.38621, -79.83713, 170.130764762, NAN % Burlington
46.49, -80.99001, 247.077407377, NAN % Greater Sudbury
49.05798, -122.25257, 201.083854989, NAN % Abbotsford
48.41675, -71.06573, 98.2540684082, NAN % Saguenay
43.16681, -79.24958, 189.74315239, NAN % St. Catharines
45.40008, -71.89908, 180.772469921, NAN % Sherbrooke
46.80326, -71.17793, 204.851870858, NAN % Levis
49.88307, -119.48568, 1088.93750989, NAN % Kelowna
43.3601, -80.31269, 19.0056628329, NAN % Cambridge
46.35006, -72.54912, 282.746521093, NAN % Trois-Rivieres
43.5501, -80.24967, 320.826103496, NAN % Guelph
49.28297, -122.75262, 37.8305717906, NAN % Coquitlam
44.22976, -76.48098, 225.906494627, NAN % Kingston
42.40009, -82.1831, 122.940194572, NAN % Chatham-Kent
46.1351, -60.1831, 157.528579467, NAN % Sydney
44.67134, -63.57719, 398.090012599, NAN % Dartmouth
4.60971, -74.08175, 4854.81668209, SAW % Bogota
3.43722, -76.5225, 505.403732719, SAW % Cali
6.25184, -75.56359, 1396.62786531, SAW % Medellin
10.96389, -74.79639, 3.21606029065, SAW % Barranquilla
10.39972, -75.51444, 27.6177905605, SAW % Cartagena
7.89391, -72.50782, 35.1219308075, SAW % Cucuta
7.12539, -73.1198, 664.933086166, SAW % Bucaramanga
4.81333, -75.69611, 1059.06733074, SAW % Pereira
4.142, -73.62664, 2353.54167078, SAW % Villavicencio
6.17194, -75.61139, 1.07202009688, SAW % Itagui
2.43823, -76.61316, 530.607581601, SAW % Popayan
7.06222, -73.08644, 632.757314165, SAW % Floridablanca
52.22977, 21.01178, 4184.2026166, EUE % Warsaw
51.75, 19.46667, 718.599539934, EUE % Lodz
50.08333, 19.91667, 1050.73171665, EUE % Krakow
51.1, 17.03333, 972.505595319, EUE % Wroclaw
52.40692, 16.92993, 993.503167025, EUE % Poznan
54.35205, 18.64637, 905.018750068, EUE % Gdansk
53.42894, 14.55302, 289.299064144, EUE % Szczecin
53.1235, 18.00762, 216.66430171, EUE % Bydgoszcz
51.25, 22.56667, 527.434428612, EUE % Lublin
50.25842, 19.02754, 432.471865746, EUE % Katowice
53.13333, 23.15, 201.453456708, EUE % Bialystok
54.51889, 18.53188, 230.901908413, EUE % Gdynia
50.79646, 19.12409, 124.587613863, EUE % Czestochowa
50.28682, 19.10385, 97.3336171069, EUE % Sosnowiec
51.40253, 21.14714, 125.151252051, EUE % Radom
53.01375, 18.59814, 214.481127152, EUE % Torun
50.87033, 20.62752, 139.464029654, EUE % Kielce
50.29761, 18.67658, 198.248225144, EUE % Gliwice
50.32492, 18.78576, 69.8691803151, EUE % Zabrze
50.34802, 18.93282, 101.365537874, EUE % Bytom
49.82245, 19.04686, 326.262791429, EUE % Bielsko-Biala
53.77995, 20.49416, 178.272710013, EUE % Olsztyn
50.04132, 21.99901, 412.248372696, EUE % Rzeszow
50.2584, 18.85632, 17.270031248, EUE % Ruda Slaska
50.09713, 18.54179, 45.4333757949, EUE % Rybnik
50.31818, 19.2374, 149.034698775, EUE % Dabrowa Gornicza
50.13717, 18.96641, 49.5366751888, EUE % Tychy
50.66667, 17.95, 185.231835091, EUE % Opole
54.1522, 19.40884, 36.8547143468, EUE % Elblag
52.54682, 19.70638, 38.7973999666, EUE % Plock
50.77141, 16.28432, 301.04162743, EUE % Walbrzych
52.73679, 15.22878, 59.2313330529, EUE % Gorzow Wielkopolski
52.64817, 19.0678, 23.3573455554, EUE % Wloclawek
51.93548, 15.50643, 96.5369776675, EUE % Zielona Gora
50.01381, 20.98698, 141.049724848, EUE % Tarnow
50.30582, 18.9742, 55.9960521565, EUE % Chorzow
51.76109, 18.09102, 59.8814229649, EUE % Kalisz
54.19438, 16.17222, 244.264008069, EUE % Koszalin
51.21006, 16.1619, 134.981179482, EUE % Legnica
30.06263, 31.24967, 6988.69886131, AFR % Cairo
31.21564, 29.95527, 2329.31840256, AFR % Alexandria
27.7314, 30.84165, 127.187837476, AFR % Mallawi
-33.86785, 151.20732, 4821.79547833, OCE % Sydney
-37.814, 144.96332, 3369.31636342, OCE % Melbourne
-31.95224, 115.8614, 1196.48776453, OCE % Perth
-34.92866, 138.59863, 821.153134263, OCE % Adelaide
-27.46794, 153.02809, 1491.96072383, OCE % Brisbane
-28.00029, 153.43088, 238.511846265, OCE % Gold Coast
-32.92715, 151.77647, 84.1493463237, OCE % Newcastle
-35.28346, 149.12807, 800.478082795, OCE % Canberra
-34.424, 150.89345, 54.6471858253, OCE % Wollongong
-27.63917, 153.10944, 40.9703364108, OCE % Logan City
-31.40237, 152.90186, 17.5847582475, OCE % North Shore
-38.14711, 144.36069, 181.469896164, OCE % Geelong
-38.13333, 144.35, 11.2820851388, OCE % Geelong West
-33.81667, 151.0, 135.762658056, OCE % City of Parramatta
-36.07494, 146.92393, 61.2449961211, OCE % Albury
13.75398, 100.50144, 7110.92243438, ASP % Bangkok
13.59934, 100.59675, 32.3568096902, ASP % Samut Prakan
13.86075, 100.51477, 27.495242606, ASP % Mueang Nonthaburi
18.79038, 98.98468, 217.579106217, ASP % Chiang Mai
7.00836, 100.47668, 58.8521610088, ASP % Hat Yai
13.91301, 100.49883, 9.12932207887, ASP % Pak Kret
18.29232, 99.49277, 44.2138213559, ASP % Lampang
16.44671, 102.833, 0.187733754166, ASP % Khon Kaen
14.02775, 100.75603, 58.6069970119, ASP % Ban Rangsit
15.23844, 104.84866, 163.427597523, ASP % Ubon Ratchathani
14.06467, 100.64578, 200.672793713, ASP % Khlong Luang
13.8196, 100.04427, 26.3344369802, ASP % Nakhon Pathom
16.82481, 100.25858, 1.08034824093, ASP % Phitsanulok
3.1412, 101.68653, 4177.3617594, ASP % Kuala Lumpur
1.4655, 103.7578, 121.833443593, ASP % Johor Bahru
4.5841, 101.0829, 155.241264409, ASP % Ipoh
3.10726, 101.60671, 1786.78272629, ASP % Petaling Jaya
3.08507, 101.53281, 711.242456606, ASP % Shah Alam
5.9749, 116.0724, 76.1819029955, ASP % Kota Kinabalu
3.8077, 103.326, 119.885665114, ASP % Kuantan
5.41123, 100.33543, 132.321388607, ASP % George Town
6.13328, 102.2386, 38.4136850356, ASP % Kota Bharu
4.4148, 114.0089, 128.610250813, ASP % Miri
2.3, 111.81667, 4.64081773304, ASP % Sibu
3.3213, 101.5767, 237.731342166, ASP % Rawang
25.04776, 121.53185, 3997.46538606, ASP % Taipei
22.61626, 120.31333, 215.983073371, ASP % Kaohsiung
24.1469, 120.6839, 1297.71515441, ASP % Taichung
22.99083, 120.21333, 310.486668431, ASP % Tainan
25.01427, 121.46719, 163.004248006, ASP % Banqiao
24.80361, 120.96861, 190.256605128, ASP % Hsinchu
24.99368, 121.29696, 399.737250926, ASP % Taoyuan City
25.12825, 121.7419, 36.7672991243, ASP % Keelung
23.97694, 121.60444, 97.32574596, ASP % Hualian
22.7583, 121.1444, 37.9019000589, ASP % Taitung City
23.91566, 120.66387, 107.903530424, ASP % Nantou
23.70944, 120.54333, 204.227632803, ASP % Douliu
33.59278, -7.61916, 2761.74691227, AFR % Casablanca
34.01325, -6.83255, 1828.53379824, AFR % Rabat
31.63148, -8.00828, 1488.77617915, AFR % Marrakech
30.42018, -9.59815, 50.3833418179, AFR % Agadir
33.89352, -5.54727, 673.717918288, AFR % Meknes
50.45466, 30.5238, 3796.01830226, EUE % Kiev
49.98081, 36.25272, 506.935568265, EUE % Kharkiv
48.45, 34.98333, 233.667514855, EUE % Dnipropetrovsk
48.023, 37.80224, 372.053268956, EUE % Donets'k
46.47747, 30.73262, 444.604359414, EUE % Odessa
47.82289, 35.19031, 431.194916885, EUE % Zaporizhzhya
49.83826, 24.02324, 418.805632125, EUE % L'viv
47.90966, 33.38044, 3.66419507838, EUE % Kryvyy Rih
46.96591, 31.9974, 124.662416841, EUE % Mykolayiv
47.06667, 37.5, 32.7309568655, EUE % Mariupol'
48.56705, 39.31706, 208.143445079, EUE % Luhans'k
49.42161, 26.99653, 51.518981434, EUE % Khmel'nyts'kyy
44.58883, 33.5224, 111.880763774, EUE % Sevastopol'
48.04782, 37.92576, 0.0392367875315, EUE % Makiyivka
44.95719, 34.11079, 163.811731909, EUE % Simferopol'
49.23278, 28.48097, 131.257341018, EUE % Vinnytsya
46.65581, 32.6178, 159.519747799, EUE % Kherson
49.59373, 34.54073, 4.23312892878, EUE % Poltava
51.50551, 31.28488, 142.779623316, EUE % Chernihiv
49.42854, 32.06207, 3.42498164829, EUE % Cherkasy
50.9216, 34.80029, 66.1915874364, EUE % Sumy
50.26487, 28.67669, 111.268800432, EUE % Zhytomyr
48.34698, 38.05419, 47.9528787557, EUE % Horlivka
50.62308, 26.22743, 98.8048339393, EUE % Rivne
48.5132, 32.2597, 14.4175664522, EUE % Kirovohrad
48.51134, 34.6021, 81.6293120892, EUE % Dniprodzerzhyns'k
48.29149, 25.94034, 54.5123579883, EUE % Chernivtsi
49.55589, 25.60556, 41.6914681345, EUE % Ternopil'
49.09725, 33.41972, 25.975293264, EUE % Kremenchuk
50.75932, 25.34244, 17.6463641629, EUE % Luts'k
48.9215, 24.70972, 22.7857327721, EUE % Ivano-Frankivs'k
48.72305, 37.55629, 31.8050987912, EUE % Kramators'k
45.3607, 36.4706, 29.4236855798, EUE % Kerch
48.61667, 22.3, 136.577067445, EUE % Uzhhorod
48.90485, 38.44207, 14.9276455525, EUE % Lisichansk
48.23331, 38.21137, 41.3971917968, EUE % Yenakiyeve
48.6845, 26.58559, 31.5500596723, EUE % Kamieniec Podolski
52.37403, 4.88969, 9949.3162574, EUW % Amsterdam
51.9225, 4.47917, 830.252825929, EUW % Rotterdam
52.07667, 4.29861, 112.137454889, EUW % Den Haag
52.09083, 5.12222, 37.551814568, EUW % Utrecht
51.44083, 5.47778, 146.534734788, EUW % Eindhoven
51.55551, 5.0913, 119.771707256, EUW % Tilburg
53.21917, 6.56667, 152.23505945, EUW % Groningen
52.37025, 5.21413, 308.39594946, EUW % Almere Stad
51.58656, 4.77596, 46.344906476, EUW % Breda
51.8425, 5.85278, 10.7125256097, EUW % Nijmegen
52.21833, 6.89583, 256.340016592, EUW % Enschede
52.38084, 4.63683, 433.781018223, EUW % Haarlem
51.98, 5.91111, 15.0945775607, EUW % Arnhem
52.45313, 4.81356, 176.195198503, EUW % Zaanstad
52.155, 5.3875, 41.1297912116, EUW % Amersfoort
52.21, 5.96944, 3.09276724568, EUW % Apeldoorn
51.69917, 5.30417, 42.2779290232, EUW % 's-Hertogenbosch
52.3025, 4.68889, 418.570489069, EUW % Hoofddorp
50.84833, 5.68889, 6.31597965577, EUW % Maastricht
52.15833, 4.49306, 34.4590477535, EUW % Leiden
51.81, 4.67361, 15.6377625393, EUW % Dordrecht
52.0575, 4.49306, 23.6160769794, EUW % Zoetermeer
52.5125, 6.09444, 290.194111082, EUW % Zwolle
24.68773, 46.72185, 2849.00123093, ASC % Riyadh
21.51694, 39.21917, 1697.73515853, ASC % Jeddah
26.43442, 50.10326, 655.375230724, ASC % Ad Dammam
21.27028, 40.41583, 47.1352158866, ASC % Ta'if
26.32599, 43.97497, 176.488368574, ASC % Buraydah
27.52188, 41.69073, 68.8719374074, ASC % Hayil
18.21639, 42.50528, 118.160467538, ASC % Abha
10.48801, -66.87919, 2571.33223065, SAW % Caracas
10.63167, -71.64056, 121.101829979, SAW % Maracaibo
10.13333, -64.7, 0.31733809795, SAW % Barcelona
10.43398, -66.87662, 142.023395976, SAW % Baruta
10.66781, -63.25849, 2325.01075867, SAW % Carupano
-1.28333, 36.81667, 4429.77545735, AFR % Nairobi
-4.05466, 39.66359, 98.9262803975, AFR % Mombasa
-33.45694, -70.64827, 4039.83342509, SAW % Santiago
-33.03932, -71.62725, 169.206988026, SAW % Valparaiso
-33.6, -70.71667, 8.58063440778, SAW % San Bernardo
-36.82699, -73.04977, 279.43342753, SAW % Concepcion
-18.475, -70.30417, 4.22989037714, SAW % Arica
-29.90778, -71.25417, 99.1078710425, SAW % La Serena
-53.15, -70.91667, 0.604269992278, SAW % Punta Arenas
-12.04318, -77.02824, 4503.12418429, SAW % Lima
-16.39889, -71.535, 87.6625864327, SAW % Arequipa
44.43225, 26.10626, 2624.91366425, EUE % Bucharest
47.16667, 27.6, 150.76486641, EUE % Iasi
46.76667, 23.6, 189.627315628, EUE % Cluj-Napoca
45.74944, 21.22722, 243.718712219, EUE % Timisoara
44.31667, 23.8, 82.3353197275, EUE % Craiova
44.18333, 28.65, 124.835468103, EUE % Constanta
45.45, 28.05, 27.73703864, EUE % Galati
45.64861, 25.60613, 166.977746452, EUE % Brasov
44.95, 26.01667, 81.1985807428, EUE % Ploiesti
45.26667, 27.98333, 45.8731120354, EUE % Braila
47.06667, 21.93333, 31.1436313277, EUE % Oradea
46.56667, 26.9, 123.579382963, EUE % Bacau
46.18333, 21.31667, 6.88769239533, EUE % Arad
44.85, 24.86667, 15.4860987525, EUE % Pitesti
45.8, 24.15, 145.1034224, EUE % Sibiu
46.54245, 24.55747, 111.347070154, EUE % Targu-Mures
47.65729, 23.56808, 43.979755006, EUE % Baia Mare
45.15, 26.83333, 81.7054648089, EUE % Buzau
47.75, 26.66667, 41.6950673606, EUE % Botosani
47.8, 22.88333, 90.4492609394, EUE % Satu Mare
45.1, 24.36667, 15.9817735737, EUE % Ramnicu Valcea
47.63333, 26.25, 64.4415624772, EUE % Suceava
45.7, 27.18333, 48.7169398533, EUE % Focsani
46.91667, 26.33333, 73.4797628518, EUE % Piatra Neamt
44.63194, 22.65611, 138.130012877, EUE % Drobeta-Turnu Severin
50.85045, 4.34878, 3058.95036531, EUW % Brussels
51.21989, 4.40346, 865.768082606, EUW % Antwerpen
51.05, 3.71667, 515.584446703, EUW % Gent
50.41136, 4.44448, 139.047845937, EUW % Charleroi
50.63373, 5.56749, 103.199302211, EUW % Liege
51.20892, 3.22424, 57.8051816797, EUW % Brugge
50.4669, 4.86746, 47.4892681143, EUW % Namur
59.33258, 18.0649, 2108.21437946, EUW % Stockholm
57.70716, 11.96679, 998.996695634, EUW % Goeteborg
55.60587, 13.00073, 946.902681504, EUW % Malmoe
59.8585, 17.64543, 347.997124924, EUW % Uppsala
59.40316, 17.94479, 480.700829719, EUW % Kista
59.61617, 16.55276, 424.257365939, EUW % Vasteras
41.26465, 69.21627, 2867.07589878, ASC % Tashkent
40.52861, 70.9425, 432.586033714, ASC % Qo`qon
50.08804, 14.42076, 2681.32619525, EUW % Prague
49.19522, 16.60796, 477.257788052, EUW % Brno
49.83465, 18.28204, 266.193223913, EUW % Ostrava
49.74747, 13.37759, 126.199595744, EUW % Plzen
49.59552, 17.25175, 151.588153763, EUW % Olomouc
-33.92584, 18.42322, 714.954130485, AFR % Cape Town
-29.8579, 31.0292, 225.022224207, AFR % Durban
-26.20227, 28.04363, 1292.89256001, AFR % Johannesburg
-26.26781, 27.85849, 8.8630367024, AFR % Soweto
-25.74486, 28.18783, 294.507664956, AFR % Pretoria
-33.91799, 25.57007, 26.4445627646, AFR % Port Elizabeth
-29.61678, 30.39278, 31.8384654003, AFR % Pietermaritzburg
-33.01529, 27.91162, 2.71977852228, AFR % East London
-26.71171, 27.83795, 6.45517985414, AFR % Vanderbijlpark
-25.85891, 28.18577, 36.2966030141, AFR % Centurion
-33.70468, 18.96552, 40.7015021027, AFR % Noorder-Paarl
-33.963, 22.46173, 117.653953242, AFR % George
-25.96361, 28.13778, 162.258231008, AFR % Midrand
-28.73226, 24.76232, 5.08198096174, AFR % Kimberley
-32.84721, 27.44218, 37.8866229204, AFR % Bhisho
-26.71667, 27.1, 90.0758395877, AFR % Potchefstroom
47.49801, 19.03991, 3246.61670764, EUE % Budapest
47.53333, 21.63333, 38.7753634959, EUE % Debrecen
48.1, 20.78333, 60.3975446548, EUE % Miskolc
46.253, 20.14824, 107.086408598, EUE % Szeged
46.08333, 18.23333, 77.199209678, EUE % Pecs
47.47603, 19.03605, 180.97462808, EUE % Budapest XI. keruelet
47.68333, 17.63512, 189.201190457, EUE % Gyor
47.54157, 19.04501, 193.381227576, EUE % Budapest III. keruelet
47.5183, 19.10789, 71.9667828629, EUE % Budapest XIV. keruelet
47.95539, 21.71671, 8.0892586731, EUE % Nyiregyhaza
46.90618, 19.69128, 83.7683812511, EUE % Kecskemet
47.18995, 18.41034, 92.7410407122, EUE % Szekesfehervar
47.36667, 8.55, 2221.08514668, EUW % Zurich
46.20222, 6.14569, 451.632047807, EUW % Geneve
47.5584, 7.57327, 260.703304841, EUW % Basel
46.94809, 7.44744, 368.600095291, EUW % Bern
46.516, 6.63282, 162.235629012, EUW % Lausanne
48.20849, 16.37208, 1975.60840336, EUW % Vienna
47.06667, 15.45, 613.306687691, EUW % Graz
48.30639, 14.28611, 411.350402424, EUW % Linz
47.79941, 13.04399, 160.360501896, EUW % Salzburg
47.26266, 11.39454, 173.741400798, EUW % Innsbruck
25.25817, 55.30472, 2511.50336584, ASC % Dubai
24.46667, 54.36667, 28.7294806881, ASC % Abu Dhabi
23.7104, 90.40744, 1634.10478138, ASS % Dhaka
22.33306, 91.83639, 164.372707186, ASS % Chittagong
24.89667, 91.87167, 17.5401246901, ASS % Sylhet
22.70194, 90.37111, 56.1118053783, ASS % Barisal
24.25, 89.91667, 505.813199973, ASS % Tangail
38.71667, -9.13333, 41.7690028766, EUW % Lisbon
41.14961, -8.61099, 348.561778932, EUW % Porto
38.75382, -9.23083, 2000.79048151, EUW % Amadora
41.55032, -8.42005, 281.124915381, EUW % Braga
38.5244, -8.8882, 50.2235972573, EUW % Setubal
40.20564, -8.41955, 521.806564229, EUW % Coimbra
38.75657, -9.25451, 161.494087905, EUW % Queluz
43.25, 76.95, 1847.89375193, ASC % Almaty
42.3, 69.6, 80.8420126684, ASC % Shymkent
51.1801, 71.44598, 34.6904263155, ASC % Astana
50.42675, 80.26669, 49.0353493678, ASC % Semey
53.16667, 63.58333, 121.680804964, ASC % Qostanay
54.87528, 69.16278, 0.151577611681, ASC % Petropavlovsk
51.23333, 51.36667, 53.9710957481, ASC % Oral
43.65, 51.2, 225.371244392, ASC % Aktau
31.76904, 35.21633, 145.327446465, ASC % Jerusalem
31.78199, 35.21961, 68.8970296937, ASC % West Jerusalem
32.81556, 34.98917, 538.915169309, ASC % Haifa
32.08088, 34.78057, 187.326767516, ASC % Tel Aviv
31.81667, 34.65, 0.794385425721, ASC % Ashdod
31.96417, 34.80444, 23.758797899, ASC % Rishon LeZiyyon
32.09174, 34.88503, 1238.99169182, ASC % Petah Tikva
31.25181, 34.7913, 85.5525742683, ASC % Beersheba
32.01139, 34.77222, 7.63410741196, ASC % Holon
32.09028, 34.83972, 90.9390839927, ASC % Bene Beraq
32.08056, 34.81417, 27.4247708873, ASC % Ramat Gan
33.5102, 36.29128, 1064.6598003, ASC % Damascus
35.93062, 36.63393, 1127.28863185, ASC % Idlib
37.97945, 23.71622, 1413.86024814, EUE % Athens
40.64028, 22.94389, 348.532083599, EUE % Thessaloniki
37.94745, 23.63708, 52.0125634278, EUE % Piraeus
38.24444, 21.73444, 220.953411784, EUE % Patra
38.01667, 23.7, 210.110100199, EUE % Peristeri
35.32787, 25.14341, 187.066504356, EUE % Irakleion
39.63722, 22.42028, 123.327295868, EUE % Larisa
37.95, 23.7, 76.3529784345, EUE % Kallithea
-6.82349, 39.26951, 1237.86367922, AFR % Dar es Salaam
-6.16394, 39.19793, 391.282525168, AFR % Zanzibar
-6.17221, 35.73947, 499.296607031, AFR % Dodoma
55.67594, 12.56553, 1910.20474395, EUW % Copenhagen
56.15674, 10.21076, 474.989814711, EUW % Arhus
55.39594, 10.38831, 164.121108429, EUW % Odense
57.048, 9.9187, 434.021415856, EUW % Aalborg
22.28552, 114.15769, 13.0255992031, ASP % Hong Kong
22.31667, 114.18333, 128.865970909, ASP % Kowloon
22.36667, 114.1, 1989.33193775, ASP % Tsuen Wan
36.7525, 3.04197, 774.757803019, AFR % Algiers
36.76639, 3.47717, 143.767433822, AFR % Boumerdas
35.69111, -0.64167, 19.1035258958, AFR % Oran
36.72615, 3.18291, 491.759010241, AFR % Bab Ezzouar
31.94932, 5.32502, 319.041693554, AFR % Ouargla
36.74871, 3.19248, 283.788169971, AFR % Bordj el Kiffan
60.16952, 24.93545, 1052.48930011, EUE % Helsinki
60.2052, 24.6522, 305.175102257, EUE % Espoo
61.49911, 23.78712, 486.715486518, EUE % Tampere
60.29414, 25.04099, 161.768936157, EUE % Vantaa
60.45148, 22.26869, 446.707129855, EUE % Turku
65.01236, 25.46816, 200.588071827, EUE % Oulu
18.50012, -69.98857, 2025.38621562, NAS % Santo Domingo
59.91273, 10.74609, 1942.17684595, EUW % Oslo
60.39299, 5.32415, 235.583255418, EUW % Bergen
63.43049, 10.39506, 175.091844125, EUW % Trondheim
58.97005, 5.73332, 181.597623264, EUW % Stavanger
53.9, 27.56667, 1077.67678337, EUE % Minsk
52.4345, 30.9754, 441.410371199, EUE % Homyel'
53.9141, 30.33764, 1.96964716442, EUE % Mahilyow
55.19048, 30.2033, 212.65575342, EUE % Vitsyebsk
53.6884, 23.8258, 284.603279841, EUE % Hrodna
52.09755, 23.68775, 94.7768964501, EUE % Brest
48.14816, 17.10674, 1731.18777262, EUE % Bratislava
48.71395, 21.25808, 265.922443964, EUE % Kosice
15.55177, 32.53241, 1716.97216413, AFR % Khartoum
13.18421, 30.21669, 98.6623897634, AFR % El Obeid
0.31628, 32.58219, 1802.97666984, AFR % Kampala
44.80401, 20.46513, 1006.94370455, EUE % Belgrade
43.32472, 21.90333, 297.1612017, EUE % Nis
45.25167, 19.83694, 326.598084259, EUE % Novi Sad
44.84306, 20.40111, 63.2413380927, EUE % Zemun
44.01667, 20.91667, 114.776145317, EUE % Kragujevac
43.89139, 20.34972, 27.9634345046, EUE % Cacak
-2.16667, -79.9, 485.408329541, SAW % Guayaquil
-0.22985, -78.52495, 1095.42728681, SAW % Quito
-2.88333, -78.98333, 208.264149321, SAW % Cuenca
36.81897, 10.16579, 1668.49788191, AFR % Tunis
40.37767, 49.89201, 1244.8947975, ASC % Baku
40.68278, 46.36056, 355.261224265, ASC % Ganja
1.28967, 103.85007, 1618.70281069, ASP % Singapore
42.69751, 23.32415, 1299.84601754, EUE % Sofia
42.15, 24.75, 172.458816853, EUE % Plovdiv
43.21667, 27.91667, 180.538310778, EUE % Varna
42.50606, 27.46781, 56.7396817933, EUE % Burgas
43.85639, 25.97083, 68.2236915858, EUE % Ruse
42.43278, 25.64194, 61.9266917943, EUE % Stara Zagora
43.41667, 24.61667, 20.1419445018, EUE % Pleven
-36.86667, 174.76666, 876.442479177, OCE % Auckland
-41.28664, 174.77557, 79.7012004465, OCE % Wellington
-43.53333, 172.63333, 210.75778925, OCE % Christchurch
-36.99282, 174.87987, 48.0194714843, OCE % Manukau City
-36.8, 174.75, 272.733493216, OCE % North Shore
-37.78333, 175.28333, 6.48503004207, OCE % Hamilton
-45.87416, 170.50362, 12.3816761124, OCE % Dunedin
-37.68611, 176.16667, 75.1923074724, OCE % Tauranga
-41.21667, 174.91667, 1.23650809357, OCE % Lower Hutt
53.33306, -6.24889, 1156.57980791, EUW % Dublin
51.89797, -8.47061, 306.935973035, EUW % Cork
53.29395, -6.13586, 34.1044131414, EUW % Dun Laoghaire
45.81313, 15.97753, 1058.77371518, EUE % Zagreb - Centar
45.81444, 15.97798, 17.2722039272, EUE % Zagreb
43.50891, 16.43915, 33.2634452782, EUE % Split
45.34306, 14.40917, 104.215140097, EUE % Rijeka
6.93194, 79.84778, 939.233875157, ASS % Colombo
6.773, 79.8816, 141.258911698, ASS % Moratuwa
14.64072, -90.51327, 996.194702481, NAS % Guatemala City
42.87, 74.59, 948.37790133, ASC % Bishkek
54.68916, 25.2798, 553.384049081, EUE % Vilnius
54.9, 23.9, 214.469444638, EUE % Kaunas
55.71722, 21.1175, 81.1587331273, EUE % Klaipeda
55.93333, 23.31667, 94.9297909919, EUE % Siauliai
55.73333, 24.35, 58.6770362963, EUE % Panevezys
5.55602, -0.1969, 902.53621457, AFR % Accra
27.70169, 85.3206, 876.448828701, ASS % Kathmandu
9.93333, -84.08333, 895.335637988, NAS % San Jose
14.6937, -17.44406, 375.931532633, AFR % Dakar
14.1825, -16.25333, 483.602348308, AFR % Kaolack
31.95522, 35.94503, 825.658360438, ASC % Amman
32.07275, 36.08796, 32.525653607, ASC % Az Zarqa'
-17.8, -63.16667, 166.529683693, SAW % Santa Cruz de la Sierra
-17.3895, -66.1568, 24.4425602233, SAW % Cochabamba
-16.5, -68.15, 674.490676298, SAW % La Paz
43.84864, 18.35644, 409.904262517, EUE % Sarajevo
44.77583, 17.18556, 102.082834098, EUE % Banja Luka
44.20139, 17.90639, 38.7233299803, EUE % Zenica
44.54278, 18.66944, 169.17092914, EUE % Tuzla
43.34333, 17.80806, 131.546751699, EUE % Mostar
-34.83346, -56.16735, 822.660564892, SAE % Montevideo
23.61387, 58.5922, 751.533577522, ASC % Muscat
23.13302, -82.38304, 264.430814857, NAS % Havana
22.14611, -80.43556, 186.384590261, NAS % Cienfuegos
21.92972, -79.4425, 291.224500316, NAS % Sancti Spiritus
18.46633, -66.10572, 190.404643163, NAS % San Juan
18.39856, -66.15572, 137.352826594, NAS % Bayamon
18.38078, -65.95739, 339.726609166, NAS % Carolina
18.01108, -66.61406, 67.3997627082, NAS % Ponce
17.99702, -76.79358, 457.197667161, NAS % Kingston
18.00747, -76.78319, 236.952812233, NAS % New Kingston
56.946, 24.10589, 683.839971934, EUE % Riga
55.88333, 26.53333, 40.8742006148, EUE % Daugavpils
-25.30066, -57.63591, 627.742800382, SAE % Asuncion
-25.33968, -57.50879, 29.8747649643, SAE % San Lorenzo
-25.34682, -57.60647, 7.98041897104, SAE % Lambare
34.52813, 69.17233, 659.071851011, ASC % Kabul
31.78336, 35.23388, 267.889267302, ASC % East Jerusalem
31.5, 34.46667, 69.1763706983, ASC % Gaza
32.22111, 35.25444, 315.514469095, ASC % Nablus
8.9936, -79.51973, 654.062276565, NAS % Panama
9.03333, -79.5, 0.0490448886524, NAS % San Miguelito
-17.82935, 31.05389, 527.634341609, AFR % Harare
-19.45, 29.81667, 98.5642847395, AFR % Gweru
41.3275, 19.81889, 548.431995883, EUE % Tirana
41.1125, 20.08222, 76.5954931017, EUE % Elbasan
47.00556, 28.8575, 502.91269573, EUE % Chisinau
46.84028, 29.64333, 54.0859919333, EUE % Tiraspol
47.76167, 27.92889, 43.104441047, EUE % Balti
46.83056, 29.47111, 26.4130307748, EUE % Bender
46.05108, 14.50513, 664.447973041, EUE % Ljubljana
40.18111, 44.51361, 488.602255457, ASC % Yerevan
40.7942, 43.84528, 118.390582511, ASC % Gyumri
33.88894, 35.49442, 398.710792925, ASC % Beirut
33.37889, 35.48389, 197.265797376, ASC % Nabatiye et Tahta
35.56113, 45.43749, 563.326577969, ASC % As Sulaymaniyah
41.69411, 44.83368, 487.572661179, ASC % Tbilisi
42.24961, 42.69974, 6.71978530956, ASC % K'ut'aisi
41.64159, 41.63593, 73.2719042264, ASC % Bat'umi
13.74028, -89.21306, 546.194750725, NAS % Mejicanos
29.33389, 48.07611, 437.010656847, ASC % As Salimiyah
29.25722, 48.05722, 37.5987407346, ASC % Sabah as Salim
42.0, 21.43333, 465.300565276, EUE % Skopje
14.0818, -87.20681, 103.217708338, NAS % Tegucigalpa
15.5, -88.03333, 361.488028756, NAS % San Pedro Sula
59.43696, 24.75353, 363.926231128, EUE % Tallinn
58.38062, 26.72509, 101.433810355, EUE % Tartu
-25.96528, 32.58917, 422.245665063, AFR % Maputo
5.30966, -4.01266, 418.47676621, AFR % Abidjan
-4.32459, 15.32146, 395.549454444, AFR % Kinshasa
-15.40669, 28.28713, 293.333878293, AFR % Lusaka
-12.95867, 28.63659, 87.5267274812, AFR % Ndola
18.53917, -72.335, 23.0792869897, NAS % Port-au-Prince
18.54472, -72.30278, 57.12957466, NAS % Delmas 73
18.5125, -72.28528, 283.377095178, NAS % Petionville
-1.94995, 30.05885, 352.817175969, AFR % Kigali
38.53575, 68.77905, 343.039104713, ASC % Dushanbe
4.04827, 9.70428, 65.1627325373, AFR % Douala
3.86667, 11.51667, 274.319389911, AFR % Yaounde
-8.83682, 13.23432, 301.047093463, AFR % Luanda
-12.57626, 13.40547, 20.8845438269, AFR % Benguela
-15.78499, 35.00854, 309.203309355, AFR % Blantyre
26.21536, 50.5832, 300.401702008, ASC % Manama
12.13282, -86.2504, 289.93132849, NAS % Managua
35.16667, 33.36667, 220.011374883, EUE % Nicosia
34.675, 33.03333, 39.4517289634, EUE % Limassol
25.27932, 51.52245, 243.33481625, ASC % Doha
17.96667, 102.6, 227.517995266, ASP % Vientiane
11.56245, 104.91601, 193.857207938, ASP % Phnom Penh
12.65, -8.0, 179.583804159, AFR % Bamako
32.87519, 13.18746, 169.150820644, AFR % Tripoli
6.13748, 1.21227, 153.717917079, AFR % Lome
47.90771, 106.88324, 153.986281912, ASC % Ulaanbaatar
42.44111, 19.26361, 142.014331905, EUE % Podgorica
-20.16194, 57.49889, 140.505060074, AFR % Port Louis
22.20056, 113.54611, 133.253861218, ASP % Macau
64.13548, -21.89541, 134.070082959, EUW % Reykjavik
-20.88231, 55.4504, 130.39354533, AFR % Saint-Denis
15.33333, 38.93333, 122.363488711, AFR % Asmara
6.36536, 2.41833, 119.57438039, AFR % Cotonou
12.36423, -1.53834, 99.8075971885, AFR % Ouagadougou
6.80448, -58.15527, 97.8356456146, SAE % Georgetown
-3.3822, 29.3644, 75.9301774467, AFR % Bujumbura
-24.65451, 25.90859, 72.1249660887, AFR % Gaborone
5.86638, -55.16682, 71.5579122129, SAE % Paramaribo
25.05823, -77.34306, 68.6580531103, NAS % Nassau
-22.55941, 17.08323, 64.0976447217, AFR % Windhoek
-9.44314, 147.17972, 54.1950701025, OCE % Port Moresby
4.36122, 18.55496, 53.4273470197, AFR % Bangui
37.95, 58.38333, 47.8828752793, ASC % Ashgabat
12.43333, 98.6, 47.548920508, ASP % Myeik
0.3925, 9.45365, 14.2058480236, AFR % Libreville
-0.71933, 8.78151, 32.7881590986, AFR % Port-Gentil
18.08581, -15.9785, 43.270590413, AFR % Nouakchott
-26.48333, 31.36667, 41.0312220778, AFR % Manzini
12.1084, -68.93354, 39.8854618377, NAS % Willemstad
-29.31667, 27.48333, 36.1548470733, AFR % Maseru
8.484, -13.22994, 20.9784258176, AFR % Freetown
11.86357, -15.59767, 16.026182988, AFR % Bissau
-8.55861, 125.57361, 1.01804946377, OCE % Dili
