31.22222, 121.45806, 649.807, ASP % Shanghai
39.9075, 116.39723, 1612.872, ASP % Beijing
36.18528, 117.12, 0.14, ASP % Tai'an
29.33333, 113.09194, 8.636, ASP % Yueyang
34.79111, 114.34833, 15.213, ASP % Kaifeng
30.58333, 114.26667, 107.781, ASP % Wuhan
29.56278, 106.55278, 51.954, ASP % Chongqing
30.66667, 104.06667, 97.243, ASP % Chengdu
39.14222, 117.17667, 162.247, ASP % Tianjin
41.79222, 123.43278, 48.691, ASP % Shenyang
32.6475, 110.77806, 12.387, ASP % Shiyan
45.75, 126.65, 47.54, ASP % Harbin
34.25833, 108.92861, 95.15, ASP % Xi'an
36.05639, 103.79222, 21.703, ASP % Lanzhou
23.11667, 113.25, 407.972, ASP % Guangzhou
32.06167, 118.77778, 159.316, ASP % Nanjing
22.54554, 114.0683, 59.613, ASP % Shenzhen
37.86944, 112.56028, 17.446, ASP % Taiyuan
43.88, 125.32278, 1.465, ASP % Changchun
28.2, 112.96667, 47.104, ASP % Changsha
36.66833, 116.99722, 78.89, ASP % Jinan
38.91222, 121.60222, 92.638, ASP % Dalian
34.75778, 113.64861, 167.289, ASP % Zhengzhou
38.04139, 114.47861, 0.192, ASP % Shijiazhuang
43.85083, 126.56028, 14.445, ASP % Jilin
30.29365, 120.16142, 193.824, ASP % Hangzhou
28.68333, 115.88333, 89.759, ASP % Nanchang
36.09861, 120.37194, 56.786, ASP % Qingdao
39.63333, 118.18333, 7.397, ASP % Tangshan
43.80096, 87.60046, 13.573, ASP % Urunchi
31.86389, 117.28083, 37.491, ASP % Hefei
31.31139, 120.61806, 51.867, ASP % Suzhou
23.36814, 116.71479, 26.867, ASP % Shantou
34.18045, 117.15707, 7.292, ASP % Tongshan
26.06139, 119.30611, 46.266, ASP % Fuzhou
26.58333, 106.71667, 14.131, ASP % Guiyang
31.56887, 120.28857, 63.747, ASP % Wuxi
31.64615, 120.74221, 10.694, ASP % Changshu City
25.03889, 102.71833, 13.817, ASP % Kunming
38.85111, 115.49028, 0.07, ASP % Baoding
31.78333, 119.96667, 50.733, ASP % Changzhou
33.97444, 116.79167, 9.543, ASP % Huaibei
33.73847, 113.30119, 23.883, ASP % Pingdingshan
27.99942, 120.66682, 46.999, ASP % Wenzhou
22.81667, 108.31667, 82.1, ASP % Nanning
40.81056, 111.65222, 62.003, ASP % Hohhot
36.61667, 101.76667, 7.153, ASP % Xining
35.30889, 113.86722, 33.967, ASP % Xinxiang
39.50972, 116.69472, 23.866, ASP % Langfang
29.87819, 121.54945, 44.749, ASP % Ningbo
37.53333, 121.4, 18.65, ASP % Yantai
36.79056, 118.06333, 3.332, ASP % Zibo
32.03028, 120.87472, 1.675, ASP % Nantong
25.28194, 110.28639, 22.47, ASP % Guilin
21.28145, 110.34271, 0.174, ASP % Zhanjiang
24.8, 113.58333, 19.156, ASP % Shaoguan
33.38556, 120.12528, 2.041, ASP % Yancheng
23.02677, 113.13148, 12.77, ASP % Foshan
20.04583, 110.34167, 31.071, ASP % Haikou
32.49333, 119.91063, 2.634, ASP % Taizhou
24.47979, 118.08187, 41.434, ASP % Xiamen
32.39722, 119.43583, 27.146, ASP % Yangzhou
22.58333, 113.08333, 24.494, ASP % Jiangmen
31.33657, 118.37548, 0.174, ASP % Wuhu
22.27694, 113.56778, 39.375, ASP % Zhuhai
38.46806, 106.27306, 22.592, ASP % Yinchuan
34.01667, 113.81667, 26.588, ASP % Xuchang
34.59972, 119.15944, 17.132, ASP % Xinpu
23.04889, 113.74472, 24.86, ASP % Dongguan
37.44861, 116.2925, 7.589, ASP % Dezhou
26.25, 105.93333, 30.059, ASP % Anshun
22.51682, 113.38521, 25.628, ASP % Shiqi
42.9075, 129.50778, 0.244, ASP % Yanji
30.95, 117.78333, 0.07, ASP % Wusong
37.45639, 118.48556, 8.74, ASP % Dongying
32.99472, 112.53278, 28.018, ASP % Nanyang
35.89917, 114.1925, 6.629, ASP % Hebi
36.44389, 115.96472, 10.311, ASP % Liaocheng
35.08056, 109.08972, 0.052, ASP % Tongchuan
22.85042, 113.24701, 2.373, ASP % Daliang
26.24861, 117.61861, 1.588, ASP % Sanming
35.60028, 103.20639, 0.942, ASP % Linxia
30.80389, 108.38972, 0.035, ASP % Wanxian
24.91389, 118.58583, 8.74, ASP % Quanzhou
34.86472, 117.55417, 2.599, ASP % Zaozhuang
29.88333, 114.21667, 3.018, ASP % Xianning
31.13019, 104.38198, 0.087, ASP % Deyang
29.10778, 119.65472, 28.35, ASP % Jinhua
50.41667, 124.11667, 11.985, ASP % Jagdaqi
31.03595, 121.2146, 4.309, ASP % Songjiang
30.9525, 118.75528, 21.581, ASP % Xuanzhou
39.81667, 98.3, 0.07, ASP % Jiayuguan
27.34089, 117.4831, 24.546, ASP % Shaowu
27.31667, 103.71667, 1.483, ASP % Zhaotong
24.92271, 102.48496, 46.493, ASP % Lianran
28.31667, 109.71667, 16.713, ASP % Jishou
40.71427, -74.00597, 1313.538, NAN % New York City
34.05223, -118.24368, 4200.877, NAN % Los Angeles
41.85003, -87.65005, 7207.729, NAN % Chicago
40.6501, -73.94958, 212.424, NAN % Brooklyn
29.76328, -95.36327, 6888.608, NAN % Houston
39.95234, -75.16379, 1956.042, NAN % Philadelphia
40.78343, -73.96625, 2914.043, NAN % Manhattan
33.44838, -112.07404, 1600.954, NAN % Phoenix
29.42412, -98.49363, 879.732, NAN % San Antonio
32.71533, -117.15726, 1748.924, NAN % San Diego
32.78306, -96.80667, 12098.761, NAN % Dallas
37.33939, -121.89496, 2097.256, NAN % San Jose
39.76838, -86.15804, 1130.239, NAN % Indianapolis
30.33218, -81.65565, 671.759, NAN % Jacksonville
37.77493, -122.41942, 1763.305, NAN % San Francisco
30.26715, -97.74306, 1373.497, NAN % Austin
39.96118, -82.99879, 1942.835, NAN % Columbus
32.72541, -97.32085, 265.743, NAN % Fort Worth
35.22709, -80.84313, 663.858, NAN % Charlotte
42.33143, -83.04575, 523.02, NAN % Detroit
31.75872, -106.48693, 158.379, NAN % El Paso
35.14953, -90.04898, 379.167, NAN % Memphis
35.08676, -90.05676, 45.723, NAN % New South Memphis
39.29038, -76.61219, 2065.987, NAN % Baltimore
42.35843, -71.05977, 120.354, NAN % Boston
47.60621, -122.33207, 2185.702, NAN % Seattle
38.89511, -77.03637, 2164.348, NAN % Washington, D. C.
39.73915, -104.9847, 1242.952, NAN % Denver
43.0389, -87.90647, 1117.989, NAN % Milwaukee
45.52345, -122.67621, 1358.362, NAN % Portland
36.17497, -115.13722, 111.539, NAN % Las Vegas
35.46756, -97.51643, 559.886, NAN % Oklahoma City
42.33343, -71.04949, 867.453, NAN % South Boston
35.08449, -106.65114, 424.818, NAN % Albuquerque
36.16589, -86.78444, 343.954, NAN % Nashville
32.22174, -110.92648, 337.749, NAN % Tucson
36.74773, -119.77237, 156.48, NAN % Fresno
38.58157, -121.4944, 445.737, NAN % Sacramento
33.76696, -118.18923, 94.839, NAN % Long Beach
39.09973, -94.57857, 722.585, NAN % Kansas City
33.42227, -111.82264, 77.428, NAN % Mesa
36.85293, -75.97798, 90.49, NAN % Virginia Beach
33.749, -84.38798, 6300.83, NAN % Atlanta
38.83388, -104.82136, 116.599, NAN % Colorado Springs
41.25861, -95.93779, 660.524, NAN % Omaha
35.7721, -78.63861, 277.37, NAN % Raleigh
25.77427, -80.19366, 672.788, NAN % Miami
41.4995, -81.69541, 1156.594, NAN % Cleveland
36.15398, -95.99278, 521.918, NAN % Tulsa
37.80437, -122.2708, 204.769, NAN % Oakland
44.97997, -93.26384, 1355.086, NAN % Minneapolis
37.69224, -97.33754, 402.435, NAN % Wichita
21.30694, -157.85834, 455.899, NAN % Honolulu
32.73569, -97.10807, 62.511, NAN % Arlington
35.37329, -119.01871, 276.688, NAN % Bakersfield
29.95465, -90.07507, 294.824, NAN % New Orleans
35.78682, -78.66389, 516.946, NAN % West Raleigh
33.83529, -117.9145, 61.105, NAN % Anaheim
27.94752, -82.45843, 1833.18, NAN % Tampa
39.72943, -104.83192, 35.72, NAN % Aurora
33.74557, -117.86783, 350.449, NAN % Santa Ana
38.62727, -90.19789, 1582.717, NAN % Saint Louis
40.44062, -79.99589, 1484.732, NAN % Pittsburgh
27.80058, -97.39638, 59.423, NAN % Corpus Christi
33.95335, -117.39616, 133.415, NAN % Riverside
39.162, -84.45689, 790.17, NAN % Cincinnati
38.0498, -84.45855, 131.255, NAN % Lexington-Fayette
61.21806, -149.90028, 347.535, NAN % Anchorage
37.9577, -121.29078, 243.461, NAN % Stockton
41.66394, -83.55521, 319.57, NAN % Toledo
44.94441, -93.09327, 452, NAN % Saint Paul
40.73566, -74.17237, 1007.16, NAN % Newark
36.07264, -79.79198, 295.665, NAN % Greensboro
42.88645, -78.87837, 304.783, NAN % Buffalo
33.01984, -96.69889, 544.36, NAN % Plano
40.8, -96.66696, 410.539, NAN % Lincoln
36.0397, -114.98194, 51.798, NAN % Henderson
41.1306, -85.12886, 150.986, NAN % Fort Wayne
40.72816, -74.07764, 809.161, NAN % Jersey City
27.77086, -82.67927, 226.949, NAN % Saint Petersburg
32.64005, -117.0842, 99.26, NAN % Chula Vista
38.25424, -85.75941, 416.685, NAN % Louisville
36.84681, -76.28522, 170.295, NAN % Norfolk
28.53834, -81.37924, 6608.252, NAN % Orlando
33.30616, -111.84125, 83.995, NAN % Chandler
27.50641, -99.50754, 75.761, NAN % Laredo
43.07305, -89.40123, 436.416, NAN % Madison
36.09986, -80.24422, 542.867, NAN % Winston-Salem
33.57786, -101.85517, 194.128, NAN % Lubbock
30.45075, -91.15455, 330.805, NAN % Baton Rouge
35.99403, -78.89862, 490.185, NAN % Durham
32.91262, -96.63888, 21.963, NAN % Garland
33.53865, -112.18599, 643.287, NAN % Glendale
37.98869, -84.47772, 291.765, NAN % Lexington
39.52963, -119.8138, 509.132, NAN % Reno
25.8576, -80.27811, 1055.362, NAN % Hialeah
36.09719, -115.14666, 250.608, NAN % Paradise
36.81904, -76.27494, 81.197, NAN % Chesapeake
33.50921, -111.89903, 1385.559, NAN % Scottsdale
32.81402, -96.94889, 910.538, NAN % Irving
37.54827, -121.98857, 1352.375, NAN % Fremont
33.66946, -117.82311, 699.477, NAN % Irvine
33.52066, -86.80249, 424.311, NAN % Birmingham
43.15478, -77.61556, 904.304, NAN % Rochester
34.10834, -117.28977, 4.769, NAN % San Bernardino
47.65966, -117.42908, 1127.049, NAN % Spokane
33.35283, -111.78903, 29.037, NAN % Gilbert
38.88101, -77.10428, 7623.892, NAN % Arlington
32.36681, -86.29997, 96.028, NAN % Montgomery
37.55376, -77.46026, 614.568, NAN % Richmond
41.60054, -93.60911, 706.928, NAN % Des Moines
34.16056, -118.26452, 28.37, NAN % North Glendale
37.6391, -120.99688, 158.075, NAN % Modesto
35.05266, -78.87836, 84.909, NAN % Fayetteville
32.52515, -93.75018, 289.127, NAN % Shreveport
41.08144, -81.51901, 522.455, NAN % Akron
47.25288, -122.44429, 325.674, NAN % Tacoma
41.76058, -88.32007, 101.928, NAN % Aurora
34.1975, -119.17705, 22.963, NAN % Oxnard
40.93121, -73.89875, 438.518, NAN % Yonkers
30.69436, -88.04305, 216.236, NAN % Mobile
34.74648, -92.28959, 492.939, NAN % Little Rock
33.93752, -117.23059, 5.799, NAN % Moreno Valley
34.14251, -118.25508, 34.387, NAN % Glendale
35.222, -101.8313, 302.493, NAN % Amarillo
33.6603, -117.99923, 108.452, NAN % Huntington Beach
32.46098, -84.98771, 168.44, NAN % Columbus
36.21108, -115.07306, 46.883, NAN % Sunrise Manor
42.96336, -85.66809, 926.702, NAN % Grand Rapids
34.19084, -119.2415, 221.991, NAN % Oxnard Shores
40.76078, -111.89105, 1097.113, NAN % Salt Lake City
30.43826, -84.28073, 312.293, NAN % Tallahassee
42.26259, -71.80229, 274.093, NAN % Worcester
36.97876, -76.428, 105.944, NAN % Newport News
34.73037, -86.5861, 191.359, NAN % Huntsville
35.96064, -83.92074, 783.4, NAN % Knoxville
36.10803, -115.245, 432.342, NAN % Spring Valley
41.82399, -71.41283, 485.604, NAN % Providence
34.39166, -118.54259, 90.577, NAN % Santa Clarita
32.74596, -96.99778, 61.568, NAN % Grand Prairie
25.90175, -97.49748, 32.198, NAN % Brownsville
32.29876, -90.18481, 426.964, NAN % Jackson
38.98223, -94.67079, 924.6, NAN % Overland Park
40.66677, -73.88236, 475.528, NAN % East New York
33.77391, -117.94145, 46.042, NAN % Garden Grove
38.44047, -122.71443, 374.238, NAN % Santa Rosa
35.04563, -85.30968, 111.162, NAN % Chattanooga
34.09834, -118.32674, 318.411, NAN % Hollywood
26.12231, -80.14338, 450.057, NAN % Fort Lauderdale
34.1064, -117.59311, 22.195, NAN % Rancho Cucamonga
27.29393, -80.35033, 90.997, NAN % Port Saint Lucie
34.06334, -117.65089, 205.422, NAN % Ontario
45.63873, -122.66149, 174.007, NAN % Vancouver
37.21533, -93.29824, 310.843, NAN % Springfield
33.41421, -111.94348, 109.22, NAN % Tempe Junction
34.69804, -118.13674, 13.714, NAN % Lancaster
44.05207, -123.08675, 553.13, NAN % Eugene
26.00315, -80.22394, 65.889, NAN % Pembroke Pines
44.9429, -123.0351, 139.707, NAN % Salem
26.56285, -81.94953, 207.654, NAN % Cape Coral
33.5806, -112.23738, 16.237, NAN % Peoria
35.06535, -85.24912, 87.619, NAN % East Chattanooga
43.54997, -96.70033, 329.37, NAN % Sioux Falls
42.10148, -72.58981, 664.8, NAN % Springfield
38.4088, -121.37162, 114.308, NAN % Elk Grove
42.27113, -89.094, 40.359, NAN % Rockford
34.57943, -118.11646, 2.32, NAN % Palmdale
33.87529, -117.56644, 16.237, NAN % Corona
36.67774, -121.6555, 87.17, NAN % Salinas
34.05529, -117.75228, 216.932, NAN % Pomona
29.69106, -95.2091, 130.936, NAN % Pasadena
37.03737, -76.33161, 11.018, NAN % East Hampton
41.52503, -88.08173, 160.133, NAN % Joliet
40.91677, -74.17181, 1638.356, NAN % Paterson
43.6135, -116.20345, 363.713, NAN % Boise
39.11417, -94.62746, 466.25, NAN % Kansas City
33.83585, -118.34063, 206.422, NAN % Torrance
43.04812, -76.14742, 412.075, NAN % Syracuse
41.16704, -73.20483, 977.789, NAN % Bridgeport
37.66882, -122.0808, 171.484, NAN % Hayward
40.58526, -105.08442, 393.969, NAN % Fort Collins
33.11921, -117.08642, 171.383, NAN % Escondido
39.70471, -105.08137, 131.98, NAN % Lakewood
29.97854, -90.16396, 173.224, NAN % Metairie Terrace
41.78586, -88.14729, 1739.168, NAN % Naperville
39.75895, -84.19161, 493.258, NAN % Dayton
26.0112, -80.14949, 46.883, NAN % Hollywood
37.36883, -122.03635, 804.536, NAN % Sunnyvale
38.80484, -77.04692, 275.5, NAN % Alexandria
32.7668, -96.59916, 92.983, NAN % Mesquite
29.98409, -90.15285, 11.699, NAN % Metairie
37.02987, -76.34522, 11.916, NAN % Hampton
34.14778, -118.14452, 225.775, NAN % Pasadena
33.78779, -117.85311, 318.773, NAN % Orange
32.08354, -81.09983, 34.764, NAN % Savannah
35.79154, -78.78112, 190.316, NAN % Cary
33.87029, -117.92534, 91.345, NAN % Fullerton
42.47754, -83.0277, 488.619, NAN % Warren
36.52977, -87.35945, 157.205, NAN % Clarksville
33.19762, -96.61527, 138.475, NAN % McKinney
26.20341, -98.23001, 209.916, NAN % McAllen
41.30815, -72.92816, 133.169, NAN % New Haven
42.58031, -83.0302, 1086.154, NAN % Sterling Heights
40.69161, -112.00105, 44.114, NAN % West Valley City
34.00071, -81.03481, 251.406, NAN % Columbia
31.11712, -97.7278, 41.026, NAN % Killeen
39.04833, -95.67804, 160.916, NAN % Topeka
34.17056, -118.83759, 108.64, NAN % Thousand Oaks
34.0239, -118.17202, 24.079, NAN % East Los Angeles
42.00833, -91.64407, 698.201, NAN % Cedar Rapids
38.8814, -94.81913, 182.038, NAN % Olathe
40.66399, -74.2107, 622.933, NAN % Elizabeth
31.54933, -97.14667, 379.066, NAN % Waco
41.76371, -72.68509, 305.668, NAN % Hartford
36.33023, -119.29206, 35.242, NAN % Visalia
29.65163, -82.32483, 264.772, NAN % Gainesville
34.26945, -118.78148, 56.611, NAN % Simi Valley
41.05343, -73.53873, 492.316, NAN % Stamford
47.61038, -122.20068, 684.27, NAN % Bellevue
37.97798, -122.03107, 134.329, NAN % Concord
25.98731, -80.23227, 2.856, NAN % Miramar
41.13815, -73.54346, 158.451, NAN % North Stamford
26.27119, -80.2706, 525.34, NAN % Coral Springs
30.22409, -92.01984, 183.009, NAN % Lafayette
32.77657, -79.93092, 125.427, NAN % Charleston
32.95373, -96.89028, 2689.775, NAN % Carrollton
38.75212, -121.28801, 521.368, NAN % Roseville
39.86804, -104.97192, 132.661, NAN % Thornton
30.08605, -94.10185, 157.785, NAN % Beaumont
40.60843, -75.49018, 1729.469, NAN % Allentown
33.63059, -112.33322, 99.507, NAN % Surprise
37.97476, -87.55585, 360.553, NAN % Evansville
32.44874, -99.73314, 168.483, NAN % Abilene
33.15067, -96.82361, 37.663, NAN % Frisco
33.96095, -83.37794, 260.307, NAN % Athens
37.35411, -121.95524, 796.287, NAN % Santa Clara
39.80172, -89.64371, 226.254, NAN % Springfield
38.10409, -122.25664, 104.871, NAN % Vallejo
34.53611, -117.29116, 22.035, NAN % Victorville
40.69365, -89.58899, 164.613, NAN % Peoria
42.73254, -84.55553, 4572.578, NAN % Lansing
42.27756, -83.74088, 685.168, NAN % Ann Arbor
34.06862, -118.02757, 106.465, NAN % El Monte
33.21484, -97.13307, 48.043, NAN % Denton
40.71754, -89.58426, 224.47, NAN % North Peoria
37.87159, -122.27275, 28.269, NAN % Berkeley
40.23384, -111.65853, 522.73, NAN % Provo
33.94001, -118.13257, 22.369, NAN % Downey
31.99735, -102.07791, 92.36, NAN % Midland
35.22257, -97.43948, 109.292, NAN % Norman
39.09556, -94.35523, 115.077, NAN % East Independence
41.55815, -73.0515, 104.885, NAN % Waterbury
33.64113, -117.91867, 127.979, NAN % Costa Mesa
33.96168, -118.35313, 854.333, NAN % Inglewood
42.99564, -71.45479, 1014.176, NAN % Manchester
35.84562, -86.39027, 142.316, NAN % Murfreesboro
38.95171, -92.33407, 220.585, NAN % Columbia
36.02525, -115.24194, 38.924, NAN % Enterprise
42.03725, -88.28119, 681.182, NAN % Elgin
27.96585, -82.8001, 219.397, NAN % Clearwater
25.94204, -80.2456, 56.19, NAN % Miami Gardens
44.02163, -92.4699, 344.621, NAN % Rochester
38.25445, -104.60914, 81.748, NAN % Pueblo
42.63342, -71.31617, 570.802, NAN % Lowell
34.22573, -77.94471, 24.572, NAN % Wilmington
39.80276, -105.08748, 273.093, NAN % Arvada
39.83665, -105.0372, 134.285, NAN % Westminster
34.06862, -117.93895, 154.349, NAN % West Covina
45.49818, -122.43148, 81.777, NAN % Gresham
46.87719, -96.7898, 305.726, NAN % Fargo
33.90224, -118.08173, 199.681, NAN % Norwalk
33.15809, -117.35059, 63.917, NAN % Carlsbad
38.24936, -122.03997, 5.32, NAN % Fairfield
42.3751, -71.10561, 1203.695, NAN % Cambridge
34.1389, -118.35341, 156.465, NAN % Universal City
33.91371, -98.49339, 91.809, NAN % Wichita Falls
35.95569, -80.00532, 64.033, NAN % High Point
45.78329, -108.50069, 294.563, NAN % Billings
44.51916, -88.01983, 533.82, NAN % Green Bay
40.60967, -111.9391, 278.747, NAN % West Jordan
37.93576, -122.34775, 30.632, NAN % Richmond
27.9378, -82.28592, 115.743, NAN % Brandon
33.55391, -117.21392, 25.877, NAN % Murrieta
34.18084, -118.30897, 230.951, NAN % Burbank
28.03446, -80.58866, 67.73, NAN % Palm Bay
47.97898, -122.20208, 203.595, NAN % Everett
40.51872, -74.4121, 1200.549, NAN % Edison
43.01253, -83.68746, 205.61, NAN % Flint
38.00492, -121.80579, 0.072, NAN % Antioch
42.12922, -80.08506, 144.027, NAN % Erie
41.68338, -86.25001, 500.565, NAN % South Bend
37.70577, -122.46192, 187.358, NAN % Daly City
39.57916, -104.87692, 993.214, NAN % Centennial
33.49364, -117.14836, 188.272, NAN % Temecula
19.07283, 72.88261, 80.016, ASS % Mumbai
12.97194, 77.59369, 20.438, ASS % Bangalore
22.56972, 88.36972, 12.168, ASS % Calcutta
13.08784, 80.27847, 16.137, ASS % Chennai
23.03333, 72.61667, 3.695, ASS % Ahmadabad
17.37528, 78.47444, 18.423, ASS % Hyderabad
21.16667, 72.83333, 2.256, ASS % Surat
26.46667, 80.35, 0.252, ASS % Kanpur
26.91962, 75.78781, 9.19, ASS % Jaipur
23.26667, 77.4, 0.445, ASS % Bhopal
22.3, 70.78333, 0.127, ASS % Rajkot
18.53017, 73.85263, 8.792, ASS % Shivaji Nagar
10.9925, 76.96139, 2.275, ASS % Coimbatore
30.7343, 76.7933, 2.553, ASS % Chandigarh
26.18617, 91.75095, 0.005, ASS % Guwahati
12.29791, 76.63925, 2.539, ASS % Mysore
8.50694, 76.95694, 0.119, ASS % Thiruvananthapuram
10.805, 78.68556, 0.795, ASS % Tiruchchirappalli
25.18333, 75.83333, 0.317, ASS % Kota
20.23333, 85.83333, 1.987, ASS % Bhubaneshwar
9.93988, 76.26022, 3.756, ASS % Cochin
19.21667, 73.15, 7.01, ASS % Ulhasnagar
20.73333, 77.0, 11.095, ASS % Akola
12.91723, 74.85603, 1.604, ASS % Mangalore
28.63576, 77.22445, 37.496, ASS % New Delhi
28.58, 77.33, 13.755, ASS % Noida
25.18333, 85.51667, 2.293, ASS % Bihar Sharif
11.93, 79.83, 2.178, ASS % Puducherry
10.8, 79.15, 0.005, ASS % Thanjavur
29.96667, 78.16667, 0.072, ASS % Haridwar
12.9184, 79.13255, 0.167, ASS % Vellore
26.84766, 89.37558, 1.064, ASS % Jaigaon
24.81667, 92.8, 0.009, ASS % Silchar
19.15096, 72.99625, 8.505, ASS % Airoli
35.6895, 139.69171, 113.789, ASP % Tokyo
35.44778, 139.6425, 3.353, ASP % Yokohama-shi
34.69374, 135.50218, 31.487, ASP % Osaka-shi
35.18147, 136.9064, 5.439, ASP % Nagoya-shi
43.06417, 141.34694, 3.214, ASP % Sapporo-shi
34.6913, 135.183, 2.384, ASP % Kobe-shi
35.02107, 135.75385, 1.923, ASP % Kyoto
33.60639, 130.41806, 6.212, ASP % Fukuoka-shi
35.52056, 139.71722, 0.815, ASP % Kawasaki
34.39627, 132.45937, 1.795, ASP % Hiroshima-shi
35.88333, 139.63333, 1.293, ASP % Yono
38.26889, 140.87193, 1.603, ASP % Sendai-shi
33.83333, 130.83333, 0.67, ASP % Kitakyushu
35.60472, 140.12334, 1.402, ASP % Chiba-shi
34.58333, 135.46667, 0.033, ASP % Sakai
34.97694, 138.38306, 1.433, ASP % Shizuoka-shi
35.73333, 139.65, 0.19, ASP % Nerima
32.78972, 130.74167, 0.804, ASP % Kumamoto-shi
35.55306, 139.35445, 0.052, ASP % Sagamihara
34.66167, 133.935, 1.508, ASP % Okayama-shi
34.7, 137.73334, 0.344, ASP % Hamamatsu
35.65583, 139.32388, 0.744, ASP % Hachioji
35.69306, 139.98334, 0.143, ASP % Funabashi
31.56018, 130.55814, 0.866, ASP % Kagoshima-shi
37.90222, 139.0236, 0.939, ASP % Niigata-shi
34.81667, 134.7, 0.252, ASP % Himeji
35.78333, 139.9, 0.145, ASP % Matsudo
34.71667, 135.33333, 0.438, ASP % Nishinomiya
35.805, 139.72057, 0.144, ASP % Kawaguchi
36.59444, 136.62556, 1.723, ASP % Kanazawa-shi
35.71972, 139.92471, 0.23, ASP % Ichikawa
36.56583, 139.8836, 0.196, ASP % Utsunomiya-shi
33.23806, 131.6125, 1.526, ASP % Oita-shi
33.83916, 132.76575, 0.197, ASP % Matsuyama-shi
34.71667, 135.41667, 0.192, ASP % Amagasaki
34.58333, 133.76666, 0.264, ASP % Kurashiki
35.28361, 139.66722, 0.136, ASP % Yokosuka
32.74472, 129.87361, 0.651, ASP % Nagasaki-shi
34.81352, 135.64914, 0.163, ASP % Hirakata
35.54028, 139.45084, 0.066, ASP % Machida
35.42291, 136.76039, 0.698, ASP % Gifu-shi
35.34194, 139.47, 0.073, ASP % Fujisawa
34.78244, 135.46931, 0.026, ASP % Toyonaka
34.48333, 133.36667, 0.509, ASP % Fukuyama
34.76667, 137.38333, 0.198, ASP % Toyohashi
34.68505, 135.80486, 0.162, ASP % Nara-shi
35.08333, 137.15, 0.39, ASP % Toyota
36.65139, 138.1811, 0.365, ASP % Nagano-shi
35.60902, 139.73016, 3.605, ASP % Shinagawa-ku
43.76778, 142.37029, 0.109, ASP % Asahikawa
34.84833, 135.61678, 0.232, ASP % Takatsuki
34.95, 137.16667, 0.077, ASP % Okazaki
34.22611, 135.1675, 0.239, ASP % Wakayama-shi
37.4, 140.38333, 0.317, ASP % Koriyama
35.85444, 139.96889, 0.076, ASP % Kashiwa
33.55972, 133.53111, 0.755, ASP % Kochi-shi
34.34028, 134.04333, 1.294, ASP % Takamatsu-shi
39.71806, 140.10333, 0.244, ASP % Akita-shi
36.69528, 137.2114, 1.955, ASP % Toyama-shi
39.71667, 140.11667, 0.007, ASP % Akita
35.88333, 139.78333, 0.129, ASP % Koshigaya
31.91111, 131.42389, 0.578, ASP % Miyazaki-shi
26.2125, 127.68111, 1.519, ASP % Naha-shi
35.24762, 136.97229, 0.066, ASP % Kasugai
40.82444, 140.74, 0.746, ASP % Aomori-shi
35.00444, 135.86833, 0.817, ASP % Otsu-shi
34.63333, 134.98334, 0.113, ASP % Akashi
34.96667, 136.61667, 0.389, ASP % Yokkaichi
39.70361, 141.1525, 0.874, ASP % Morioka-shi
37.75, 140.46777, 0.003, ASP % Fukushima-shi
35.51667, 140.08333, 0.059, ASP % Ichihara
36.39111, 139.06084, 0.73, ASP % Maebashi-shi
41.77583, 140.73666, 0.161, ASP % Hakodate
34.81641, 135.56828, 0.059, ASP % Ibaraki
34.61667, 135.6, 0.135, ASP % Yao
34.76667, 134.85, 0.733, ASP % Kakogawa
34.06583, 134.55943, 0.902, ASP % Tokushima-shi
35.32306, 139.34222, 0.152, ASP % Hiratsuka
38.24056, 140.36333, 1.314, ASP % Yamagata-shi
36.06443, 136.22256, 0.347, ASP % Fukui-shi
36.34139, 140.44667, 0.56, ASP % Mito-shi
33.95, 130.95, 0.153, ASP % Shimonoseki
36.33333, 139.01666, 0.55, ASP % Takasaki
35.66667, 139.48334, 0.288, ASP % Fuchu
35.16667, 138.68333, 0.113, ASP % Fuji
40.5, 141.5, 0.02, ASP % Hachinohe
33.31667, 130.51666, 0.563, ASP % Kurume
33.15917, 129.72278, 0.096, ASP % Sasebo
35.82028, 139.80444, 0.259, ASP % Soka
35.43889, 139.35973, 0.528, ASP % Atsugi
34.79936, 135.35696, 0.074, ASP % Takarazuka
35.96972, 139.58861, 0.193, ASP % Ageo
35.65556, 139.55222, 0.315, ASP % Chofu
36.23333, 137.96667, 0.995, ASP % Matsumoto
34.46667, 135.36667, 0.421, ASP % Kishiwada
35.1, 138.86667, 0.061, ASP % Numazu
35.25556, 139.15971, 0.005, ASP % Odawara
34.23333, 132.56667, 0.259, ASP % Kure
37.45, 138.85, 0.522, ASP % Nagaoka
34.78427, 135.40126, 0.245, ASP % Itami
34.88333, 135.8, 0.019, ASP % Uji
34.88333, 136.58333, 0.113, ASP % Suzuka
35.66389, 138.56833, 1.373, ASP % Kofu-shi
35.72639, 139.48389, 0.129, ASP % Kodaira
36.6, 140.65, 0.278, ASP % Hitachi
42.975, 144.37473, 0.001, ASP % Kushiro
35.68351, 139.55963, 0.403, ASP % Mitaka-shi
35.71667, 140.23334, 1.754, ASP % Sakura
34.95828, 137.08054, 0.126, ASP % Anjo
36.2, 140.1, 1.608, ASP % Tsukuba
40.59306, 140.4725, 0.338, ASP % Hirosaki
42.63694, 141.60333, 0.142, ASP % Tomakomai
33.94306, 131.25111, 0.125, ASP % Ube
35.69278, 139.41806, 0.595, ASP % Tachikawa
35.67306, 139.40028, 0.671, ASP % Hino
36.75, 137.01666, 1.233, ASP % Takaoka
35.30889, 139.55028, 0.001, ASP % Kamakura
33.24932, 130.2988, 0.336, ASP % Saga-shi
35.85295, 139.41212, 0.619, ASP % Sayama
34.81667, 135.41667, 0.027, ASP % Kawanishi
36.3, 139.8, 0.52, ASP % Oyama
36.33333, 139.45, 0.399, ASP % Ashikaga
35.47222, 133.05057, 0.687, ASP % Matsue-shi
36.39659, 140.53479, 0.008, ASP % Hitachi-Naka
35.68333, 140.03333, 0.291, ASP % Narashino
35.8563, 139.90266, 0.205, ASP % Nagareyama
36.13333, 139.38333, 0.266, ASP % Kumagaya
35.5, 134.23334, 0.234, ASP % Tottori
35.28333, 136.91667, 0.055, ASP % Komaki
35.78389, 139.24306, 0.351, ASP % Ome
34.18583, 131.47139, 1.611, ASP % Yamaguchi-shi
43.18944, 141.00221, 0.282, ASP % Otaru
35.67056, 139.88861, 3.582, ASP % Urayasu
35.43333, 133.33333, 0.13, ASP % Yonago
34.98333, 136.98334, 0.584, ASP % Kariya
35.70611, 139.55943, 0.198, ASP % Musashino
35.48889, 139.38861, 0.246, ASP % Zama
35.23333, 137.1, 0.057, ASP % Seto
43.10806, 141.55057, 0.169, ASP % Ebetsu
34.5, 135.6, 0.017, ASP % Tondabayashi
34.88333, 135.23334, 0.238, ASP % Sanda
35.41667, 136.86667, 0.04, ASP % Kakamigahara
33.03333, 130.45, 0.255, ASP % Omuta
35.86667, 140.01666, 0.097, ASP % Abiko
31.73333, 131.06667, 0.321, ASP % Miyakonojo
34.56667, 135.55, 0.057, ASP % Matsubara
36.31667, 139.2, 0.144, ASP % Isesaki
34.7, 135.61667, 0.724, ASP % Daito
34.82691, 135.47057, 0.067, ASP % Mino
35.01667, 135.96667, 0.27, ASP % Kusatsu
36.4, 138.26666, 0.025, ASP % Ueda
26.33583, 127.80139, 2.325, ASP % Okinawa
33.27361, 131.49194, 0.029, ASP % Beppu
34.56667, 136.53333, 0.578, ASP % Matsuzaka
34.50896, 135.7929, 0.413, ASP % Kashihara-shi
33.95933, 133.31673, 0.197, ASP % Niihama
35.37472, 139.9225, 0.211, ASP % Kisarazu
32.58333, 131.66667, 0.485, ASP % Nobeoka
34.88333, 136.93333, 0.041, ASP % Handa
35.69139, 139.50111, 0.098, ASP % Koganei
35.11667, 138.91667, 0.147, ASP % Mishima
43.80306, 143.89082, 0.007, ASP % Kitami
35.06667, 136.7, 0.112, ASP % Kuwana
36.4, 139.33333, 0.08, ASP % Kiryu
35.51965, 137.82074, 0.234, ASP % Iida
36.2, 139.28333, 0.189, ASP % Fukaya
35.39056, 139.30779, 0.197, ASP % Isehara
34.86667, 137.05, 0.009, ASP % Nishio
35.25, 136.78333, 0.183, ASP % Inazawa
34.05, 131.81667, 0.575, ASP % Tokuyama
35.78333, 140.31667, 3.583, ASP % Narita
38.91667, 139.855, 0.208, ASP % Sakata
35.33165, 136.87042, 0.366, ASP % Konan
33.49631, 130.5156, 0.317, ASP % Chikushino-shi
-23.5475, -46.63611, 2087.408, SAE % Sao Paulo
-22.90278, -43.2075, 766.78, SAE % Rio de Janeiro
-12.97111, -38.51083, 92.635, SAE % Salvador
-3.71722, -38.54306, 113.55, SAE % Fortaleza
-19.92083, -43.93778, 294.389, SAE % Belo Horizonte
-15.77972, -47.92972, 289.703, SAE % Brasilia
-25.42778, -49.27306, 251.543, SAE % Curitiba
-3.10194, -60.025, 52.132, SAE % Manaus
-8.05389, -34.88111, 178.284, SAE % Recife
-1.45583, -48.50444, 21.987, SAE % Belem
-30.03306, -51.23, 231.207, SAE % Porto Alegre
-16.67861, -49.25389, 152.67, SAE % Goiania
-23.46278, -46.53333, 0.169, SAE % Guarulhos
-22.90556, -47.06083, 33.235, SAE % Campinas
-9.66583, -35.73528, 86.2, SAE % Maceio
-2.52972, -44.30278, 15.679, SAE % Sao Luis
-5.795, -35.20944, 18.022, SAE % Natal
-5.08917, -42.80194, 28.282, SAE % Teresina
-20.44278, -54.64639, 27.393, SAE % Campo Grande
-23.5325, -46.79167, 1.933, SAE % Osasco
-23.66389, -46.53833, 30.314, SAE % Santo Andre
-7.115, -34.86306, 27.336, SAE % Joao Pessoa
-23.17944, -45.88694, 31.937, SAE % Sao Jose dos Campos
-18.91861, -48.27722, 208.57, SAE % Uberlandia
-23.50167, -47.45806, 1.115, SAE % Sorocaba
-21.1775, -47.81028, 24.499, SAE % Ribeirao Preto
-15.59611, -56.09667, 61.87, SAE % Cuiaba
-10.91111, -37.07167, 43.495, SAE % Aracaju
-12.26667, -38.96667, 22.735, SAE % Feira de Santana
-23.31028, -51.16278, 13.605, SAE % Londrina
-26.30444, -48.84556, 14.282, SAE % Joinville
-22.88333, -43.10361, 73.075, SAE % Niteroi
-27.59667, -48.54917, 206.933, SAE % Florianopolis
-20.32972, -40.2925, 0.099, SAE % Vila Velha
-23.66778, -46.46139, 9.427, SAE % Maua
-29.16806, -51.17944, 74.966, SAE % Caxias do Sul
-20.81972, -49.37944, 24.556, SAE % Sao Jose do Rio Preto
-7.23056, -35.88111, 12.701, SAE % Campina Grande
0.03889, -51.06639, 0.734, SAE % Macapa
-22.31472, -49.06056, 23.328, SAE % Bauru
-29.91778, -51.18361, 0.014, SAE % Canoas
-31.77194, -52.3425, 0.565, SAE % Pelotas
-20.31944, -40.33778, 12.941, SAE % Vitoria
-23.42528, -51.93861, 68.206, SAE % Maringa
-8.76194, -63.90389, 13.054, SAE % Porto Velho
-20.53861, -47.40083, 44.229, SAE % Franca
-26.91944, -49.06611, 42.479, SAE % Blumenau
-25.54778, -54.58806, 4.939, SAE % Foz do Iguacu
-25.095, -50.16194, 40.207, SAE % Ponta Grossa
-9.97472, -67.81, 0.113, SAE % Rio Branco
-24.95583, -53.45528, 69.18, SAE % Cascavel
-29.67833, -51.13056, 4.502, SAE % Novo Hamburgo
-23.51056, -46.87611, 28.084, SAE % Barueri
-18.85111, -41.94944, 12.08, SAE % Governador Valadares
-24.00583, -46.40278, 2.653, SAE % Praia Grande
-29.68417, -53.80694, 81.359, SAE % Santa Maria
-19.76972, -43.85139, 10.443, SAE % Santa Luzia
-8.28333, -35.97611, 0.55, SAE % Caruaru
-22.12556, -51.38889, 37.3, SAE % Presidente Prudente
-22.0175, -47.89083, 2.611, SAE % Sao Carlos
-5.1875, -37.34417, 15.044, SAE % Mossoro
-10.21278, -48.36028, 14.056, SAE % Palmas
-20.13889, -44.88389, 21.592, SAE % Divinopolis
-28.26278, -52.40667, 1.778, SAE % Passo Fundo
-23.60389, -46.91917, 0.31, SAE % Cotia
-21.20889, -50.43278, 1.073, SAE % Aracatuba
-21.79444, -48.17556, 0.635, SAE % Araraquara
-27.81611, -50.32611, 64.212, SAE % Lages
-22.22111, -54.80556, 0.071, SAE % Dourados
-27.09639, -52.61833, 33.532, SAE % Chapeco
-26.90778, -48.66194, 10.937, SAE % Itajai
-25.39528, -51.45806, 3.669, SAE % Guarapuava
-26.48611, -49.06667, 0.141, SAE % Jaragua do Sul
-22.37222, -46.94222, 22.326, SAE % Mogi Guacu
-13.8575, -40.08361, 1.877, SAE % Jequie
-18.57889, -46.51806, 4.093, SAE % Patos de Minas
-22.95194, -46.54194, 20.322, SAE % Braganca Paulista
-21.22583, -43.77361, 11.953, SAE % Barbacena
-22.23, -45.93639, 1.369, SAE % Pouso Alegre
-22.88583, -48.445, 12.913, SAE % Botucatu
-20.66028, -43.78611, 23.568, SAE % Conselheiro Lafaiete
-22.35694, -47.38417, 11.699, SAE % Araras
-30.11389, -51.325, 4.022, SAE % Guaiba
52.52437, 13.41053, 13.907, EUW % Berlin
53.55, 10.0, 764.343, EUW % Hamburg
48.13743, 11.57549, 898.769, EUW % Muenchen
50.93333, 6.95, 864.405, EUW % Koeln
50.11667, 8.68333, 3954.603, EUW % Frankfurt am Main
51.45, 7.01667, 123.56, EUW % Essen
48.78232, 9.17702, 492.624, EUW % Stuttgart
51.51667, 7.45, 194.516, EUW % Dortmund
51.22172, 6.77616, 677.366, EUW % Dusseldorf
53.07516, 8.80777, 115.375, EUW % Bremen
52.37052, 9.73322, 264.189, EUW % Hannover
51.33962, 12.37129, 15.776, EUW % Leipzig
51.43333, 6.75, 100.062, EUW % Duisburg
49.44778, 11.06833, 3229.551, EUW % Nuremberg
51.05089, 13.73832, 401.725, EUW % Dresden
53.56667, 10.1, 29.202, EUW % Wandsbek
51.48333, 7.21667, 41.51, EUW % Bochum
51.26667, 7.18333, 55.644, EUW % Wuppertal
52.56926, 13.40186, 26.04, EUW % Berlin Pankow
52.03333, 8.53333, 185.327, EUW % Bielefeld
52.52003, 13.40489, 1600.734, EUW % Berlin Mitte
52.50097, 13.29097, 40.724, EUW % Berlin Wilmersdorf
50.73333, 7.1, 177.212, EUW % Bonn
49.48833, 8.46472, 93.45, EUW % Mannheim
52.43485, 13.24183, 0.507, EUW % Berlin Steglitz Zehlendorf
53.56667, 10.08333, 12.448, EUW % Marienthal
49.00472, 8.38583, 1170.287, EUW % Karlsruhe
50.08333, 8.25, 61.33, EUW % Wiesbaden
51.96236, 7.62571, 106.946, EUW % Muenster
51.51667, 7.05, 39.169, EUW % Gelsenkirchen
50.77664, 6.08342, 111.287, EUW % Aachen
51.2, 6.43333, 13.068, EUW % Monchengladbach
48.36667, 10.88333, 88.086, EUW % Augsburg
53.56667, 9.98333, 19.593, EUW % Eimsbuettel
53.55, 9.93333, 65.907, EUW % Altona
50.83333, 12.91667, 117.445, EUW % Chemnitz
52.26667, 10.53333, 96.079, EUW % Braunschweig
52.56667, 13.33333, 48.253, EUW % Berlin Reinickendorf
51.47924, 11.91605, 13.976, EUW % Halle Neustadt
51.33333, 6.56667, 45.668, EUW % Krefeld
51.5, 12.0, 50.149, EUW % Halle
54.32133, 10.13489, 180.837, EUW % Kiel
52.16667, 11.66667, 11.749, EUW % Magdeburg
52.15, 11.63333, 45.397, EUW % Neue Neustadt
51.46667, 6.85, 45.921, EUW % Oberhausen
47.9959, 7.85222, 86.977, EUW % Freiburg
53.86893, 10.68729, 33.29, EUW % Luebeck
50.98333, 11.03333, 344.998, EUW % Erfurt
53.46667, 9.98333, 6.682, EUW % Harburg
51.35, 7.46667, 29.892, EUW % Hagen
54.0887, 12.14049, 129.343, EUW % Rostock
51.31667, 9.5, 63.243, EUW % Kassel
51.68033, 7.82089, 1.31, EUW % Hamm
50.0, 8.27111, 58.745, EUW % Mainz
49.23333, 7.0, 76.661, EUW % Saarbrucken
52.26667, 8.05, 59.863, EUW % Osnabruck
51.18333, 7.08333, 15.226, EUW % Solingen
49.48111, 8.43528, 119.044, EUW % Ludwigshafen am Rhein
53.16667, 8.2, 86.916, EUW % Oldenburg
51.2, 6.68333, 46.358, EUW % Neuss
52.39886, 13.06566, 76.931, EUW % Potsdam
49.40768, 8.69079, 67.069, EUW % Heidelberg
51.71905, 8.75439, 107.548, EUW % Paderborn
49.87056, 8.64944, 24.092, EUW % Darmstadt
49.78778, 9.93611, 104.072, EUW % Wuerzburg
49.015, 12.09556, 334.376, EUW % Regensburg
52.43333, 10.8, 2.577, EUW % Wolfsburg
51.53333, 9.93333, 16.754, EUW % Gottingen
49.14028, 9.22, 155.618, EUW % Heilbronn
48.76667, 11.43333, 27.638, EUW % Ingolstadt
48.39841, 9.99155, 293.958, EUW % Ulm
51.51667, 6.91667, 25.009, EUW % Bottrop
53.48462, 10.22904, 28.398, EUW % Bergedorf
48.88333, 8.7, 46.498, EUW % Pforzheim
50.1, 8.76667, 12.299, EUW % Offenbach
53.55, 8.58333, 22.118, EUW % Bremerhaven
51.18333, 7.2, 14.265, EUW % Remscheid
52.47457, 13.34839, 21.987, EUW % Berlin Schoeneberg
48.49144, 9.20427, 53.853, EUW % Reutlingen
49.47593, 10.98856, 36.784, EUW % Furth
50.963, 6.9541, 42.279, EUW % Koeln-Nippes
51.45, 6.65, 39.143, EUW % Moers
50.35, 7.6, 59.636, EUW % Koblenz
50.86667, 8.03333, 126.006, EUW % Siegen
50.93333, 11.58333, 34.137, EUW % Jena
50.88029, 12.08187, 0.917, EUW % Gera
52.15077, 9.95112, 11.05, EUW % Hildesheim
49.58972, 11.00389, 152.089, EUW % Erlangen
50.88333, 6.98333, 5.538, EUW % Koeln Rodenkirchen
51.43333, 7.33333, 3.896, EUW % Witten
49.75565, 6.63935, 118.625, EUW % Trier
55.75222, 37.61556, 6135.48, EUE % Moscow
59.89444, 30.26417, 1325.588, EUE % Saint Petersburg
55.0415, 82.9346, 216.964, EUE % Novosibirsk
56.8575, 60.6125, 353.244, EUE % Yekaterinburg
56.32867, 44.00205, 200.062, EUE % Nizhniy Novgorod
53.20006, 50.15, 155.532, EUE % Samara
55.0, 73.4, 44.769, EUE % Omsk
55.78874, 49.12214, 144.773, EUE % Kazan
47.23135, 39.72328, 106.624, EUE % Rostov-na-Donu
55.15444, 61.42972, 136.897, EUE % Chelyabinsk
54.78517, 56.04562, 37.964, EUE % Ufa
48.71939, 44.50184, 62.811, EUE % Volgograd
58.01741, 56.28552, 187.069, EUE % Perm'
56.00972, 92.79167, 157.413, EUE % Krasnoyarsk
51.54056, 46.00861, 39.128, EUE % Saratov
51.67204, 39.1843, 89.985, EUE % Voronezh
53.5303, 49.3461, 12.639, EUE % Tol'yatti
45.0488, 38.9725, 77.462, EUE % Krasnodar
54.32824, 48.38657, 26.589, EUE % Ul'yanovsk
56.84976, 53.20448, 70.811, EUE % Izhevsk
57.62987, 39.87368, 107.326, EUE % Yaroslavl'
53.36056, 83.76361, 32.916, EUE % Barnaul
43.10562, 131.87354, 70.826, EUE % Vladivostok
52.29778, 104.29639, 99.064, EUE % Irkutsk
48.48083, 135.09277, 36.161, EUE % Khabarovsk
51.7727, 55.0988, 66.826, EUE % Orenburg
53.7557, 87.1099, 42.226, EUE % Novokuznetsk
54.6269, 39.6916, 57.092, EUE % Ryazan'
57.15222, 65.52722, 99.526, EUE % Tyumen'
52.60311, 39.57076, 19.113, EUE % Lipetsk
53.20066, 45.00464, 23.228, EUE % Penza
46.34968, 48.04076, 51.073, EUE % Astrakhan'
56.49417, 84.97417, 125.221, EUE % Tomsk
55.33333, 86.08333, 74.787, EUE % Kemerovo
54.20213, 37.64429, 4.848, EUE % Tula
58.59665, 49.66007, 27.829, EUE % Kirov
56.13222, 47.25194, 22.427, EUE % Cheboksary
54.70649, 20.51095, 75.974, EUE % Kaliningrad
53.25209, 34.37167, 6.281, EUE % Bryansk
56.99719, 40.97139, 28.639, EUE % Ivanovo
53.41861, 59.04722, 38.635, EUE % Magnitogorsk
51.73733, 36.18735, 59.258, EUE % Kursk
56.86049, 35.87603, 79.049, EUE % Tver'
57.91944, 59.965, 13.279, EUE % Nizhniy Tagil
45.0428, 41.9734, 67.181, EUE % Stavropol'
51.82605, 107.60979, 17.464, EUE % Ulan-Ude
64.5401, 40.5433, 30.797, EUE % Arkhangel'sk
50.61074, 36.58015, 85.022, EUE % Belgorod
55.45, 65.33333, 14.789, EUE % Kurgan
43.59917, 39.72569, 30.28, EUE % Sochi
52.96508, 36.0785, 42.026, EUE % Orel
48.78583, 44.77973, 0.131, EUE % Volzhskiy
54.7818, 32.0401, 0.809, EUE % Smolensk
68.97917, 33.09251, 5.349, EUE % Murmansk
43.03667, 44.66778, 5.056, EUE % Vladikavkaz
59.13333, 37.9, 6.374, EUE % Cherepovets
56.13655, 40.39658, 26.527, EUE % Vladimir
54.1838, 45.1749, 25.81, EUE % Saransk
61.25, 73.41667, 88.883, EUE % Surgut
59.2187, 39.8886, 40.6, EUE % Vologda
52.73169, 41.44326, 19.221, EUE % Tambov
56.63877, 47.89078, 12.639, EUE % Yoshkar-Ola
47.23617, 38.89688, 12.531, EUE % Taganrog
57.76647, 40.92686, 0.054, EUE % Kostroma
43.49806, 43.61889, 16.223, EUE % Nal'chik
53.62462, 55.95015, 9.294, EUE % Sterlitamak
61.78491, 34.34691, 9.094, EUE % Petrozavodsk
51.20487, 58.56685, 0.008, EUE % Orsk
52.53667, 103.88639, 37.633, EUE % Angarsk
44.72439, 37.76752, 12.608, EUE % Novorossiysk
62.03389, 129.73306, 17.618, EUE % Yakutsk
61.67642, 50.80994, 52.36, EUE % Syktyvkar
51.29667, 37.84167, 12.408, EUE % Staryy Oskol
47.70911, 40.21443, 17.525, EUE % Shakhty
50.26667, 127.53333, 37.771, EUE % Blagoveshchensk
55.9825, 37.18139, 35.706, EUE % Zelenograd
52.53639, 85.20722, 19.498, EUE % Biysk
58.51667, 31.28333, 48.777, EUE % Velikiy Novgorod
57.8136, 28.3496, 54.048, EUE % Pskov
52.02782, 47.8007, 12.554, EUE % Balakovo
44.9892, 41.1234, 12.423, EUE % Armavir
53.0452, 158.6483, 2.998, EUE % Petropavlovsk-Kamchatskiy
56.4185, 61.9329, 12.316, EUE % Kamensk-Ural'skiy
55.42418, 37.55472, 38.989, EUE % Podol'sk
46.95812, 142.73366, 0.031, EUE % Yuzhno-Sakhalinsk
47.51361, 42.15139, 0.678, EUE % Volgodonsk
53.71556, 91.42917, 40.769, EUE % Abakan
55.91163, 37.73076, 6.651, EUE % Mytishchi
44.60778, 40.10583, 13.795, EUE % Maykop
43.8059, 131.9752, 1.904, EUE % Ussuriysk
55.67719, 37.89322, 62.88, EUE % Lyubertsy
55.80945, 37.95806, 58.988, EUE % Balashikha
55.07944, 38.77833, 8.169, EUE % Kolomna
42.83333, 132.89471, 10.327, EUE % Nakhodka
55.78959, 38.44671, 12.924, EUE % Elektrostal'
44.04861, 43.05944, 30.827, EUE % Pyatigorsk
55.89704, 37.42969, 35.706, EUE % Khimki
55.91417, 37.82556, 0.039, EUE % Korolev
55.67798, 37.27773, 59.759, EUE % Odintsovo
56.90528, 59.94361, 4.008, EUE % Pervoural'sk
54.91578, 37.41114, 24.431, EUE % Serpukhov
55.575, 42.0426, 0.239, EUE % Murom
56.2694, 90.4993, 21.857, EUE % Achinsk
55.86647, 38.4438, 65.84, EUE % Noginsk
58.2, 68.26667, 12.593, EUE % Tobol'sk
56.60056, 84.88639, 0.077, EUE % Seversk
55.39485, 43.83992, 12.817, EUE % Arzamas
56.3, 38.13333, 7.244, EUE % Sergiyev Posad
54.6567, 86.1737, 12.955, EUE % Leninsk-Kuznetskiy
55.09681, 36.61006, 42.38, EUE % Obninsk
46.30778, 44.25583, 11.607, EUE % Elista
56.01722, 37.86667, 16.909, EUE % Pushkino
43.3675, 132.19861, 7.599, EUE % Artem
63.56705, 53.68348, 30.234, EUE % Ukhta
56.20167, 95.7175, 19.683, EUE % Kansk
58.00056, 102.66194, 32.145, EUE % Ust'-Ilimsk
55.744, 38.01684, 52.199, EUE % Zheleznodorozhnyy
55.75556, 60.70278, 12.493, EUE % Ozersk
-6.21462, 106.84513, 33.075, ASP % Jakarta
-7.24917, 112.75083, 3.281, ASP % Surabaya
3.58333, 98.66667, 0.003, ASP % Medan
-6.90389, 107.61861, 2.331, ASP % Bandung
-6.2349, 106.9896, 0.029, ASP % Bekasi
-6.17806, 106.63, 1.007, ASP % Tangerang
-6.9932, 110.4203, 0.077, ASP % Semarang
-6.4, 106.81861, 0.53, ASP % Depok
-7.9797, 112.6304, 0.144, ASP % Malang
-7.78278, 110.36083, 1.192, ASP % Yogyakarta
-8.65, 115.21667, 0.768, ASP % Denpasar
-6.39472, 106.95917, 0.446, ASP % Cileungsi
-6.34278, 106.73833, 0.259, ASP % Pamulang
-7.33194, 110.49278, 0.003, ASP % Salatiga
-5.11306, 105.30667, 0.434, ASP % Metro
-6.8017, 108.6311, 4.532, ASP % Astanajapura
51.51279, -0.09184, 1306.568, EUW % City of London
51.50853, -0.12574, 962.393, EUW % London
52.48142, -1.89983, 21.339, EUW % Birmingham
55.86515, -4.25763, 76.758, EUW % Glasgow
53.41058, -2.97794, 5.909, EUW % Liverpool
53.79648, -1.54785, 24.327, EUW % Leeds
53.38297, -1.4659, 52.062, EUW % Sheffield
55.95206, -3.19648, 87.858, EUW % Edinburgh
51.45523, -2.59665, 27.088, EUW % Bristol
53.48095, -2.23743, 532.574, EUW % Manchester
51.53622, -0.10304, 476.611, EUW % Islington
52.40656, -1.51217, 6.363, EUW % Coventry
53.7446, -0.33525, 4.099, EUW % Hull
51.48, -3.18, 12.116, EUW % Cardiff
53.79391, -1.75206, 53.074, EUW % Bradford
54.58333, -5.93333, 16.423, EUW % Belfast
53.00415, -2.18538, 79.505, EUW % Stoke-on-Trent
52.58547, -2.12296, 24.105, EUW % Wolverhampton
50.37153, -4.14305, 5.347, EUW % Plymouth
52.9536, -1.15047, 14.352, EUW % Nottingham
50.90395, -1.40428, 37.559, EUW % Southampton
51.45625, -0.97113, 115.257, EUW % Reading
52.92277, -1.47663, 89.673, EUW % Derby
51.56667, -0.33333, 649.604, EUW % London Borough of Harrow
52.25, -0.88333, 13.567, EUW % Northampton
50.79899, -1.09125, 52.105, EUW % Portsmouth
51.87967, -0.41748, 3.744, EUW % Luton
54.97328, -1.61396, 10.169, EUW % Newcastle upon Tyne
53.76667, -2.71667, 10.178, EUW % Preston
51.35, -0.2, 270.735, EUW % Sutton
52.04172, -0.75583, 1.097, EUW % Milton Keynes
57.14369, -2.09814, 4.874, EUW % Aberdeen
54.90465, -1.38222, 10.575, EUW % Sunderland
52.62783, 1.29834, 3.664, EUW % Norwich
51.62079, -3.94323, 0.482, EUW % Swansea
50.72048, -1.8795, 4.765, EUW % Bournemouth
51.53782, 0.71433, 20.824, EUW % Southend-on-Sea
51.55797, -1.78116, 14.664, EUW % Swindon
51.75222, -1.25596, 69.733, EUW % Oxford
56.5, -2.96667, 8.065, EUW % Dundee
50.71667, -2.0, 2.17, EUW % Poole
53.64904, -1.78416, 7.342, EUW % Huddersfield
53.95763, -1.08271, 36.67, EUW % York
52.05917, 1.15545, 5.824, EUW % Ipswich
53.81667, -3.05, 14.097, EUW % Blackpool
54.57623, -1.23483, 5.498, EUW % Middlesbrough
52.57364, -0.24777, 8.575, EUW % Peterborough
53.40979, -2.15761, 1.995, EUW % Stockport
50.82838, -0.13947, 0.709, EUW % Brighton
52.67659, -2.44926, 36.76, EUW % Telford
52.51868, -1.9945, 128.915, EUW % West Bromwich
51.50949, -0.59541, 241.837, EUW % Slough
51.86568, -2.2431, 727.473, EUW % Gloucester
52.2, 0.11667, 37.157, EUW % Cambridge
51.65531, -0.39602, 142.123, EUW % Watford
53.43012, -1.35678, 11.653, EUW % Rotherham
50.7236, -3.52751, 7.729, EUW % Exeter
53.34914, -0.9785, 7.554, EUW % Bassetlaw District
51.2372, -2.6266, 0.908, EUW % Mendip
51.54062, 0.14801, 205.777, EUW % Dagenham
51.11303, -0.18312, 7.739, EUW % Crawley
52.56667, -1.81667, 0.421, EUW % Sutton Coldfield
53.54051, -2.1183, 25.825, EUW % Oldham
51.31903, -0.55893, 86.822, EUW % Woking
51.73575, 0.46958, 4.061, EUW % Chelmsford
53.45, -2.73333, 1.361, EUW % Saint Helens
51.38914, 0.54863, 9.805, EUW % Gillingham
52.18935, -2.22001, 15.373, EUW % Worcester
51.5529, 0.129, 262.33, EUW % Becontree
48.85341, 2.3488, 3952.599, EUW % Paris
43.29695, 5.38107, 142.772, EUW % Marseille
45.74846, 4.84671, 226.544, EUW % Lyon
43.60426, 1.44367, 83.273, EUW % Toulouse
43.70313, 7.26608, 258.491, EUW % Nice
47.21725, -1.55336, 104.231, EUW % Nantes
48.58342, 7.74296, 270.752, EUW % Strasbourg
43.61092, 3.87723, 109.042, EUW % Montpellier
44.84044, -0.5805, 290.177, EUW % Bordeaux
50.63297, 3.05858, 4250.166, EUW % Lille
48.11198, -1.67429, 22.645, EUW % Rennes
49.25, 4.03333, 187.539, EUW % Reims
45.43333, 4.4, 0.059, EUW % Saint-Etienne
43.11667, 5.93333, 2.982, EUW % Toulon
47.46667, -0.55, 47.69, EUW % Angers
45.16667, 5.71667, 16.11, EUW % Grenoble
47.31667, 5.01667, 1.069, EUW % Dijon
43.5283, 5.44973, 23.797, EUW % Aix-en-Provence
48.4, -4.48333, 17.619, EUW % Brest
49.9, 2.3, 38.791, EUW % Amiens
47.38333, 0.68333, 71.036, EUW % Tours
45.83153, 1.2578, 39.73, EUW % Limoges
45.77966, 3.08628, 37.246, EUW % Clermont-Ferrand
47.90289, 1.90389, 30.474, EUW % Orleans
49.11911, 6.17269, 157.267, EUW % Metz
49.44313, 1.09932, 184.521, EUW % Rouen
47.75, 7.33333, 31.71, EUW % Mulhouse
42.69764, 2.89541, 9.362, EUW % Perpignan
49.18585, -0.35912, 9.505, EUW % Caen
48.83333, 2.25, 228.243, EUW % Boulogne-Billancourt
48.68333, 6.2, 73.281, EUW % Nancy
48.95, 2.25, 491.225, EUW % Argenteuil
6.45306, 3.39583, 87.285, AFR % Lagos
10.52224, 7.43828, 11.772, AFR % Kaduna
9.05735, 7.48976, 1.236, AFR % Abuja
19.42847, -99.12766, 304.126, NAS % Mexico City
20.66667, -103.33333, 16.667, NAS % Guadalajara
19.05, -98.2, 2.82, NAS % Puebla de Zaragoza
31.73333, -106.48333, 2.219, NAS % Ciudad Juarez
32.53333, -117.01667, 13.049, NAS % Tijuana
25.66667, -100.31667, 88.016, NAS % Monterrey
21.11667, -101.66667, 5.763, NAS % Leon
20.71667, -103.4, 5.634, NAS % Zapopan
19.47851, -99.23963, 9.837, NAS % Naucalpan de Juarez
25.68333, -100.25, 19.632, NAS % Guadalupe
20.96667, -89.61667, 12.866, NAS % Merida
28.63333, -106.08333, 11.387, NAS % Chihuahua
22.15, -100.98333, 9.28, NAS % San Luis Potosi
21.88333, -102.3, 18.211, NAS % Aguascalientes
16.86336, -99.8901, 15.911, NAS % Acapulco de Juarez
25.41667, -101.0, 24.585, NAS % Saltillo
20.6, -100.38333, 16.807, NAS % Queretaro
32.65194, -115.46833, 20.173, NAS % Mexicali
19.70078, -101.18443, 9.226, NAS % Morelia
24.79944, -107.38972, 3.855, NAS % Culiacan
21.17429, -86.84656, 6.857, NAS % Cancun
25.55, -103.43333, 12.218, NAS % Torreon
25.75, -100.3, 18.125, NAS % San Nicolas de los Garza
19.28833, -99.66722, 4.299, NAS % Toluca
26.08333, -98.28333, 4.916, NAS % Reynosa
20.65, -103.31667, 18.442, NAS % Tlaquepaque
16.75, -93.11667, 12.105, NAS % Tuxtla Gutierrez
19.53333, -96.91667, 2.568, NAS % Jalapa Enriquez
20.61667, -103.23333, 0.541, NAS % Tonala
17.98333, -92.91667, 13.413, NAS % Villahermosa
25.76667, -100.2, 0.038, NAS % Apodaca
27.47629, -99.51639, 10.395, NAS % Nuevo Laredo
20.68333, -101.35, 1.335, NAS % Irapuato
20.11697, -98.73329, 8.706, NAS % Pachuca de Soto
20.51667, -100.81667, 1.002, NAS % Celaya
21.5, -104.9, 1.426, NAS % Tepic
23.73333, -99.13333, 4.959, NAS % Ciudad Victoria
17.05, -96.71667, 0.917, NAS % Oaxaca de Juarez
27.48333, -109.93333, 9.173, NAS % Ciudad Obregon
19.41667, -102.06667, 4.61, NAS % Uruapan del Progreso
18.15, -94.41667, 0.418, NAS % Coatzacoalcos
25.76667, -108.96667, 11.108, NAS % Los Mochis
19.85, -90.53333, 0.901, NAS % Campeche
14.9, -92.28333, 0.488, NAS % Tapachula
22.26667, -97.83333, 3.19, NAS % Ciudad Madero
31.30862, -110.94217, 12.4, NAS % Heroica Nogales
24.16667, -110.3, 13.435, NAS % La Paz
19.06406, -98.30352, 0.129, NAS % Cholula
29.32322, -100.95217, 0.027, NAS % Ciudad Acuna
32.46306, -114.77667, 1.485, NAS % San Luis Rio Colorado
18.5, -88.3, 4.943, NAS % Chetumal
25.66667, -100.4, 69.338, NAS % Garza Garcia
16.75, -92.63333, 8.261, NAS % San Cristobal de Las Casas
19.23333, -103.71667, 0.038, NAS % Colima
19.36028, -99.35139, 7.441, NAS % Huixquilucan
18.85, -97.1, 2.198, NAS % Orizaba
22.77559, -102.57218, 15.23, NAS % Zacatecas
25.53333, -103.25, 1.131, NAS % Matamoros
21.35, -98.23333, 10.888, NAS % Tantoyuca
37.56826, 126.97783, 66.379, ASP % Seoul
35.10278, 129.04028, 0.927, ASP % Busan
37.45361, 126.73167, 0.052, ASP % Incheon
35.87028, 128.59111, 0.204, ASP % Daegu
36.32139, 127.41972, 2.63, ASP % Daejeon
35.15472, 126.91556, 1.031, ASP % Gwangju
37.29111, 127.00889, 2.069, ASP % Suigen
37.65639, 126.835, 0.049, ASP % Goyang
37.43861, 127.13778, 9.425, ASP % Seongnam
35.82194, 127.14889, 0.536, ASP % Jeonju
37.32361, 126.82194, 0.572, ASP % Ansan
36.63722, 127.48972, 0.275, ASP % Cheongju
37.3925, 126.92694, 1.944, ASP % Anyang
35.22806, 128.6811, 0.332, ASP % Changwon
36.03222, 129.365, 0.37, ASP % Hoko
37.20682, 126.8169, 0.001, ASP % Hwaseong
33.50972, 126.52194, 0.101, ASP % Jeju
36.8065, 127.1522, 3.277, ASP % Tenan
35.20806, 128.5725, 0.063, ASP % Masan
35.19278, 128.08472, 0.041, ASP % Chinju
36.1136, 128.336, 0.821, ASP % Kumi
35.94389, 126.95444, 0.189, ASP % Iksan
35.97861, 126.71139, 0.27, ASP % Kunsan
37.35139, 127.94528, 0.666, ASP % Wonju
37.87472, 127.73417, 0.725, ASP % Chuncheon
37.27917, 127.4425, 0.151, ASP % Ich'on
37.83311, 127.06169, 0.113, ASP % Yangju
37.15222, 127.07056, 0.417, ASP % Osan
35.84278, 129.21167, 0.001, ASP % Kyonju
36.12176, 128.11981, 2.538, ASP % Gimcheon
35.82333, 128.73778, 0.146, ASP % Keizan
36.56556, 128.725, 0.385, ASP % Andong
35.69439, 51.42151, 29.782, ASC % Tehran
36.297, 59.6062, 0.545, ASC % Mashhad
32.65722, 51.67761, 2.525, ASC % Esfahan
35.8355, 51.0103, 1.061, ASC % Karaj
38.08, 46.2919, 0.285, ASC % Tabriz
29.6036, 52.5388, 0.092, ASC % Shiraz
34.6401, 50.8764, 0.436, ASC % Qom
31.3203, 48.6693, 1.007, ASC % Ahvaz
34.09174, 49.68916, 0.469, ASC % Arak
36.6736, 48.4787, 0.007, ASC % Zanjan
36.83866, 54.43475, 0.268, ASC % Gorgan
36.2126, 57.68191, 0.034, ASC % Sabzevar
30.4067, 55.9939, 1.567, ASC % Rafsanjan
39.6482, 47.9174, 5.974, ASC % Parsabad
32.03389, 51.87944, 3.624, ASC % Shahreza
41.01384, 28.94966, 43.027, ASC % Istanbul
39.91987, 32.85427, 10.628, ASC % Ankara
38.41273, 27.13838, 9.564, ASC % Izmir
40.19167, 29.06111, 7.911, ASC % Bursa
37.00167, 35.32889, 0.773, ASC % Adana
37.87135, 32.48464, 0.09, ASC % Konya
39.9179, 32.86268, 1.008, ASC % Cankaya
36.90812, 30.69556, 1.026, ASC % Antalya
41.03903, 28.85671, 0.219, ASC % Bagcilar
37.91583, 40.21889, 0.005, ASC % Diyarbakir
38.73222, 35.48528, 1.222, ASC % Kayseri
41.00231, 28.8598, 0.238, ASC % Bahcelievler
41.01643, 29.12476, 0.553, ASC % Umraniye
36.79526, 34.61792, 0.001, ASC % Mercin
41.0435, 28.87619, 2.109, ASC % Esenler
39.77667, 30.52056, 0.081, ASC % Eskisehir
38.37396, 27.1352, 0.811, ASC % Karabaglar
37.16708, 38.79392, 0.244, ASC % Sanliurfa
40.93567, 29.15507, 2.895, ASC % Maltepe
39.90861, 41.27694, 0.004, ASC % Erzurum
41.28667, 36.33, 0.135, ASC % Samsun
37.5847, 36.9264, 1.145, ASC % Kahramanmaras
38.49239, 43.38311, 2.847, ASC % Van
41.06046, 28.98717, 1.937, ASC % Sisli
37.77417, 29.0875, 3.337, ASC % Denizli
39.96833, 32.73083, 0.404, ASC % Batikent
40.99441, 28.90417, 0.41, ASC % Zeytinburnu
40.78056, 30.40333, 0.827, ASC % Adapazari
40.80276, 29.43068, 0.591, ASC % Gebze
41.005, 39.72694, 0.025, ASC % Trabzon
38.61202, 27.42646, 0.805, ASC % Manisa
41.00244, 29.23187, 0.02, ASC % Sancaktepe
39.64917, 27.88611, 0.509, ASC % Balikesir
37.76441, 38.27629, 0.001, ASC % Adiyaman
39.84528, 33.50639, 0.03, ASC % Kirikkale
41.15917, 27.8, 0.136, ASC % Corlu
40.76694, 29.91694, 0.153, ASC % Izmit
39.42417, 29.98333, 0.429, ASC % Kutahya
40.54889, 34.95333, 0.343, ASC % Corum
37.84501, 27.83963, 0.168, ASC % Aydin
36.20655, 36.15722, 0.035, ASC % Antioch
38.37255, 34.02537, 2.068, ASC % Aksaray
38.75667, 30.54333, 0.15, ASC % Afyonkarahisar
40.07806, 29.51333, 0.164, ASC % Inegeul
40.31389, 36.55444, 0.275, ASC % Tokat
41.67719, 26.55597, 0.836, ASC % Edirne
40.97801, 27.50852, 0.211, ASC % Tekirdag
37.91631, 28.32225, 0.018, ASC % Nazilli
40.98472, 37.87889, 0.438, ASC % Ordu
37.93262, 41.94025, 0.284, ASC % Siirt
39.75222, 39.49278, 0.227, ASC % Erzincan
40.3875, 36.08111, 0.469, ASC % Turhal
41.45139, 31.79305, 0.026, ASC % Zonguldak
41.89474, 12.4839, 203.773, EUW % Roma
45.46427, 9.18951, 565.265, EUW % Milan
40.83333, 14.25, 44.089, EUW % Napoli
45.07049, 7.68682, 103.296, EUW % Torino
38.11582, 13.35976, 3.957, EUW % Palermo
44.40632, 8.93386, 47.754, EUW % Genova
43.76667, 11.25, 58.617, EUW % Florence
44.49381, 11.33875, 56.11, EUW % Bologna
41.11773, 16.85118, 18.338, EUW % Bari
37.50213, 15.08719, 27.04, EUW % Catania
45.43861, 12.32667, 12.179, EUW % Venice
45.43419, 10.99779, 13.129, EUW % Verona
38.19327, 15.54969, 2.751, EUW % Messina
45.64861, 13.78, 17.307, EUW % Trieste
45.41519, 11.88181, 47.692, EUW % Padova
40.47611, 17.22972, 1.072, EUW % Taranto
45.52478, 10.22727, 8.987, EUW % Brescia
38.11047, 15.66129, 1.884, EUW % Reggio di Calabria
45.49028, 12.2425, 14.623, EUW % Mestre
44.64783, 10.92539, 4.538, EUW % Modena
43.88425, 11.09092, 5.463, EUW % Prato
39.20738, 9.13462, 9.526, EUW % Cagliari
44.80266, 10.32898, 7.592, EUW % Parma
43.54264, 10.316, 35.939, EUW % Livorno
41.46093, 15.54925, 1.057, EUW % Foggia
43.1122, 12.38878, 63.264, EUW % Perugia
40.67797, 14.76599, 7.927, EUW % Salerno
44.4175, 12.20111, 6.839, EUW % Ravenna
44.82678, 11.62071, 4.451, EUW % Ferrara
44.06333, 12.58083, 12.711, EUW % Rimini
37.08515, 15.273, 7.895, EUW % Siracusa
40.72722, 8.56028, 1.734, EUW % Sassari
45.58248, 9.27485, 33.057, EUW % Monza
42.46024, 14.21021, 1.454, EUW % Pescara
45.69798, 9.66895, 21.599, EUW % Bergamo
44.22361, 12.05278, 5.878, EUW % Forli
41.46614, 12.9043, 17.168, EUW % Latina
45.55729, 11.5409, 5.188, EUW % Vicenza
42.56713, 12.64987, 11.847, EUW % Terni
46.06787, 11.12108, 18.77, EUW % Trento
45.44056, 8.61684, 22.011, EUW % Novara
43.59816, 13.51008, 3.883, EUW % Ancona
14.6042, 120.9822, 63.437, ASP % Manila
7.07306, 125.61278, 1.042, ASP % Davao
10.31672, 123.89071, 27.555, ASP % Cebu City
14.5832, 121.0409, 234.264, ASP % Mandaluyong City
7.44778, 125.80778, 3.078, ASP % Tagum
13.93139, 121.61722, 3.544, ASP % Lucena
14.82917, 120.28278, 16.384, ASP % Olongapo
11.25111, 125.00639, 20.995, ASP % Panalanoy
13.13722, 123.73444, 11.393, ASP % Legaspi
7.8275, 123.4782, 17.475, ASP % Muricay
6.95508, 126.21655, 1.153, ASP % Mati
15.97611, 120.57111, 3.924, ASP % Urdaneta
10.75, 106.66667, 0.987, ASP % Thanh pho Ho Chi Minh
21.0245, 105.84117, 15.612, ASP % Ha Noi
12.25, 109.18333, 1.274, ASP % Nha Trang
21.59278, 105.84417, 1.206, ASP % Thai Nguyen
40.4165, -3.70256, 2027.849, EUW % Madrid
39.46975, -0.37739, 211.356, EUW % Valencia
37.38241, -5.97613, 14.124, EUW % Sevilla
41.65606, -0.87734, 45.964, EUW % Zaragoza
36.72016, -4.42034, 6.353, EUW % Malaga
37.98704, -1.13004, 21.713, EUW % Murcia
39.56939, 2.65024, 29.555, EUW % Palma
28.09973, -15.41343, 1.813, EUW % Las Palmas de Gran Canaria
43.26271, -2.92528, 36.326, EUW % Bilbao
38.34517, -0.48149, 9.838, EUW % Alicante
37.88333, -4.76667, 0.324, EUW % Cordoba
41.65518, -4.72372, 6.535, EUW % Valladolid
42.23282, -8.72264, 22.049, EUW % Vigo
41.35967, 2.10028, 19.058, EUW % L'Hospitalet de Llobregat
43.37135, -8.396, 20.759, EUW % A Coruna
37.18817, -3.60667, 25.363, EUW % Granada
38.26218, -0.70107, 29.461, EUW % Elche
43.36029, -5.84476, 18.428, EUW % Oviedo
28.46824, -16.25462, 4.292, EUW % Santa Cruz de Tenerife
41.56667, 2.01667, 98.045, EUW % Terrassa
41.54329, 2.10942, 13.282, EUW % Sabadell
40.32234, -3.86496, 9.726, EUW % Mostoles
42.81687, -1.64323, 13.936, EUW % Pamplona
36.83814, -2.45974, 7.954, EUW % Almeria
43.31283, -1.97499, 9.785, EUW % San Sebastian
43.46472, -3.80444, 14.177, EUW % Santander
39.98333, -0.03333, 27.542, EUW % Castello de la Plana
42.35, -3.7, 21.943, EUW % Burgos
38.98333, -1.85, 6.247, EUW % Albacete
40.30571, -3.73295, 0.93, EUW % Getafe
40.96667, -5.65, 9.314, EUW % Salamanca
42.46667, -2.45, 61.213, EUW % Logrono
28.4853, -16.32014, 53.182, EUW % La Laguna
37.25833, -6.95083, 10.403, EUW % Huelva
38.87789, -6.97061, 19.676, EUW % Badajoz
41.11667, 1.25, 9.314, EUW % Tarragona
41.61667, 0.61667, 9.426, EUW % Lleida
42.6, -5.56667, 8.078, EUW % Leon
41.54211, 2.4445, 18.222, EUW % Mataro
36.13326, -5.45051, 36.45, EUW % Algeciras
40.23604, -3.76752, 18.581, EUW % Parla
41.38022, 2.17319, 872.2, EUW % Ciutat Vella
40.54746, -3.64197, 30.227, EUW % Alcobendas
42.33333, -7.85, 15.343, EUW % Ourense
41.15612, 1.10687, 0.877, EUW % Reus
24.9056, 67.0822, 8.522, ASS % Karachi
31.54972, 74.34361, 6.66, ASS % Lahore
33.6007, 73.0679, 7.076, ASS % Rawalpindi
30.19556, 71.47528, 0.002, ASS % Multan
34.008, 71.57849, 0.511, ASS % Peshawar
33.72148, 73.04329, 3.91, ASS % Islamabad
-34.61315, -58.37723, 446.011, SAE % Buenos Aires
-31.4135, -64.18105, 33.871, SAE % Cordoba
-32.94682, -60.63932, 20.189, SAE % Rosario
-32.89084, -68.82717, 17.234, SAE % Mendoza
-26.82414, -65.2226, 0.135, SAE % San Miguel de Tucuman
-34.92145, -57.95453, 7.476, SAE % La Plata
-38.00228, -57.55754, 8.043, SAE % Mar del Plata
-34.72418, -58.25265, 25.171, SAE % Quilmes
-31.63333, -60.7, 5.121, SAE % Santa Fe de la Vera Cruz
-27.46056, -58.98389, 12.124, SAE % Resistencia
-27.79511, -64.26149, 0.004, SAE % Santiago del Estero
-27.4806, -58.8341, 8.362, SAE % Corrientes
-34.65344, -58.61975, 30.664, SAE % Moron
-38.7196, -62.27243, 6.604, SAE % Bahia Blanca
-38.95161, -68.0591, 9.961, SAE % Neuquen
-26.17753, -58.17814, 2.812, SAE % Formosa
-33.29501, -66.33563, 11.23, SAE % San Luis
-33.13067, -64.34992, 10.874, SAE % Rio Cuarto
-31.39296, -58.02089, 1.915, SAE % Concordia
-45.86667, -67.5, 9.83, SAE % Comodoro Rivadavia
-33.33578, -60.22523, 7.926, SAE % San Nicolas de los Arroyos
-36.61667, -64.28333, 5.407, SAE % Santa Rosa
43.70011, -79.4163, 674.463, NAN % Toronto
45.50884, -73.58781, 980.071, NAN % Montreal
49.24966, -123.11934, 423.193, NAN % Vancouver
51.05011, -114.08529, 321.773, NAN % Calgary
45.41117, -75.69812, 156.42, NAN % Ottawa
53.55014, -113.46871, 147.342, NAN % Edmonton
43.5789, -79.6583, 69.579, NAN % Mississauga
43.76681, -79.4163, 100.019, NAN % North York
49.8844, -97.14704, 73.53, NAN % Winnipeg
46.81228, -71.21454, 123.993, NAN % Quebec
43.23341, -79.94964, 8.655, NAN % Hamilton
43.68341, -79.76633, 20.257, NAN % Brampton
43.42537, -80.5112, 125.893, NAN % Kitchener
49.10635, -122.82509, 11.328, NAN % Surrey
45.56995, -73.692, 101.828, NAN % Laval
44.64533, -63.57239, 53.483, NAN % Halifax
43.65421, -79.56711, 82.438, NAN % Etobicoke
42.98339, -81.23304, 60.32, NAN % London
50.36386, -119.34997, 20.192, NAN % Okanagan
48.43294, -123.3693, 80.014, NAN % Victoria
42.30008, -83.01654, 36.133, NAN % Windsor
43.86682, -79.2663, 63.405, NAN % Markham
43.90012, -78.84957, 31.303, NAN % Oshawa
45.47723, -75.70164, 19.672, NAN % Gatineau
43.8361, -79.49827, 56.329, NAN % Vaughan
45.53121, -73.51806, 62.43, NAN % Longueuil
49.26636, -122.95263, 118.517, NAN % Burnaby
49.08938, -123.08241, 5.74, NAN % Ladner
52.11679, -106.63452, 48.462, NAN % Saskatoon
43.87111, -79.43725, 34.634, NAN % Richmond Hill
44.40011, -79.66634, 24.968, NAN % Barrie
49.17003, -123.13683, 57.662, NAN % Richmond
50.45008, -104.6178, 50.029, NAN % Regina
43.45011, -79.68292, 10.522, NAN % Oakville
43.38621, -79.83713, 27.258, NAN % Burlington
46.49, -80.99001, 39.586, NAN % Greater Sudbury
49.05798, -122.25257, 32.217, NAN % Abbotsford
48.41675, -71.06573, 15.742, NAN % Saguenay
43.16681, -79.24958, 30.4, NAN % St. Catharines
45.40008, -71.89908, 28.963, NAN % Sherbrooke
46.80326, -71.17793, 32.821, NAN % Levis
49.88307, -119.48568, 174.467, NAN % Kelowna
43.3601, -80.31269, 3.045, NAN % Cambridge
46.35006, -72.54912, 45.301, NAN % Trois-Rivieres
43.5501, -80.24967, 51.402, NAN % Guelph
49.28297, -122.75262, 6.061, NAN % Coquitlam
44.22976, -76.48098, 36.194, NAN % Kingston
42.40009, -82.1831, 19.697, NAN % Chatham-Kent
46.1351, -60.1831, 25.239, NAN % Sydney
44.67134, -63.57719, 63.781, NAN % Dartmouth
4.60971, -74.08175, 136.343, SAW % Bogota
3.43722, -76.5225, 14.194, SAW % Cali
6.25184, -75.56359, 39.223, SAW % Medellin
10.96389, -74.79639, 0.09, SAW % Barranquilla
10.39972, -75.51444, 0.776, SAW % Cartagena
7.89391, -72.50782, 0.986, SAW % Cucuta
7.12539, -73.1198, 18.674, SAW % Bucaramanga
4.81333, -75.69611, 29.743, SAW % Pereira
4.142, -73.62664, 66.097, SAW % Villavicencio
6.17194, -75.61139, 0.03, SAW % Itagui
2.43823, -76.61316, 14.902, SAW % Popayan
7.06222, -73.08644, 17.77, SAW % Floridablanca
52.22977, 21.01178, 312.469, EUE % Warsaw
51.75, 19.46667, 53.664, EUE % Lodz
50.08333, 19.91667, 78.467, EUE % Krakow
51.1, 17.03333, 72.625, EUE % Wroclaw
52.40692, 16.92993, 74.193, EUE % Poznan
54.35205, 18.64637, 67.585, EUE % Gdansk
53.42894, 14.55302, 21.604, EUE % Szczecin
53.1235, 18.00762, 16.18, EUE % Bydgoszcz
51.25, 22.56667, 39.388, EUE % Lublin
50.25842, 19.02754, 32.296, EUE % Katowice
53.13333, 23.15, 15.044, EUE % Bialystok
54.51889, 18.53188, 17.243, EUE % Gdynia
50.79646, 19.12409, 9.304, EUE % Czestochowa
50.28682, 19.10385, 7.269, EUE % Sosnowiec
51.40253, 21.14714, 9.346, EUE % Radom
53.01375, 18.59814, 16.017, EUE % Torun
50.87033, 20.62752, 10.415, EUE % Kielce
50.29761, 18.67658, 14.805, EUE % Gliwice
50.32492, 18.78576, 5.218, EUE % Zabrze
50.34802, 18.93282, 7.57, EUE % Bytom
49.82245, 19.04686, 24.365, EUE % Bielsko-Biala
53.77995, 20.49416, 13.313, EUE % Olsztyn
50.04132, 21.99901, 30.786, EUE % Rzeszow
50.2584, 18.85632, 1.29, EUE % Ruda Slaska
50.09713, 18.54179, 3.393, EUE % Rybnik
50.31818, 19.2374, 11.13, EUE % Dabrowa Gornicza
50.13717, 18.96641, 3.699, EUE % Tychy
50.66667, 17.95, 13.833, EUE % Opole
54.1522, 19.40884, 2.752, EUE % Elblag
52.54682, 19.70638, 2.897, EUE % Plock
50.77141, 16.28432, 22.481, EUE % Walbrzych
52.73679, 15.22878, 4.423, EUE % Gorzow Wielkopolski
52.64817, 19.0678, 1.744, EUE % Wloclawek
51.93548, 15.50643, 7.209, EUE % Zielona Gora
50.01381, 20.98698, 10.533, EUE % Tarnow
50.30582, 18.9742, 4.182, EUE % Chorzow
51.76109, 18.09102, 4.472, EUE % Kalisz
54.19438, 16.17222, 18.241, EUE % Koszalin
51.21006, 16.1619, 10.08, EUE % Legnica
30.06263, 31.24967, 17.919, AFR % Cairo
31.21564, 29.95527, 5.972, AFR % Alexandria
27.7314, 30.84165, 0.326, AFR % Mallawi
-33.86785, 151.20732, 467.009, OCE % Sydney
-37.814, 144.96332, 326.331, OCE % Melbourne
-31.95224, 115.8614, 115.884, OCE % Perth
-34.92866, 138.59863, 79.532, OCE % Adelaide
-27.46794, 153.02809, 144.502, OCE % Brisbane
-28.00029, 153.43088, 23.101, OCE % Gold Coast
-32.92715, 151.77647, 8.15, OCE % Newcastle
-35.28346, 149.12807, 77.529, OCE % Canberra
-34.424, 150.89345, 5.293, OCE % Wollongong
-27.63917, 153.10944, 3.968, OCE % Logan City
-31.40237, 152.90186, 1.703, OCE % North Shore
-38.14711, 144.36069, 17.576, OCE % Geelong
-38.13333, 144.35, 1.093, OCE % Geelong West
-33.81667, 151.0, 13.149, OCE % City of Parramatta
-36.07494, 146.92393, 5.932, OCE % Albury
13.75398, 100.50144, 13.133, ASP % Bangkok
13.59934, 100.59675, 0.06, ASP % Samut Prakan
13.86075, 100.51477, 0.051, ASP % Mueang Nonthaburi
18.79038, 98.98468, 0.402, ASP % Chiang Mai
7.00836, 100.47668, 0.109, ASP % Hat Yai
13.91301, 100.49883, 0.017, ASP % Pak Kret
18.29232, 99.49277, 0.082, ASP % Lampang
14.02775, 100.75603, 0.108, ASP % Ban Rangsit
15.23844, 104.84866, 0.302, ASP % Ubon Ratchathani
14.06467, 100.64578, 0.371, ASP % Khlong Luang
13.8196, 100.04427, 0.049, ASP % Nakhon Pathom
16.82481, 100.25858, 0.002, ASP % Phitsanulok
3.1412, 101.68653, 6.903, ASP % Kuala Lumpur
1.4655, 103.7578, 0.201, ASP % Johor Bahru
4.5841, 101.0829, 0.257, ASP % Ipoh
3.10726, 101.60671, 2.952, ASP % Petaling Jaya
3.08507, 101.53281, 1.175, ASP % Shah Alam
5.9749, 116.0724, 0.126, ASP % Kota Kinabalu
3.8077, 103.326, 0.198, ASP % Kuantan
5.41123, 100.33543, 0.219, ASP % George Town
6.13328, 102.2386, 0.063, ASP % Kota Bharu
4.4148, 114.0089, 0.213, ASP % Miri
2.3, 111.81667, 0.008, ASP % Sibu
3.3213, 101.5767, 0.393, ASP % Rawang
25.04776, 121.53185, 14.378, ASP % Taipei
22.61626, 120.31333, 0.777, ASP % Kaohsiung
24.1469, 120.6839, 4.668, ASP % Taichung
22.99083, 120.21333, 1.117, ASP % Tainan
25.01427, 121.46719, 0.586, ASP % Banqiao
24.80361, 120.96861, 0.684, ASP % Hsinchu
24.99368, 121.29696, 1.438, ASP % Taoyuan City
25.12825, 121.7419, 0.132, ASP % Keelung
23.97694, 121.60444, 0.35, ASP % Hualian
22.7583, 121.1444, 0.136, ASP % Taitung City
23.91566, 120.66387, 0.388, ASP % Nantou
23.70944, 120.54333, 0.735, ASP % Douliu
33.59278, -7.61916, 5.598, AFR % Casablanca
34.01325, -6.83255, 3.707, AFR % Rabat
31.63148, -8.00828, 3.018, AFR % Marrakech
30.42018, -9.59815, 0.102, AFR % Agadir
33.89352, -5.54727, 1.366, AFR % Meknes
50.45466, 30.5238, 196.579, EUE % Kiev
49.98081, 36.25272, 26.252, EUE % Kharkiv
48.45, 34.98333, 12.101, EUE % Dnipropetrovsk
48.023, 37.80224, 19.267, EUE % Donets'k
46.47747, 30.73262, 23.024, EUE % Odessa
47.82289, 35.19031, 22.33, EUE % Zaporizhzhya
49.83826, 24.02324, 21.688, EUE % L'viv
47.90966, 33.38044, 0.19, EUE % Kryvyy Rih
46.96591, 31.9974, 6.456, EUE % Mykolayiv
47.06667, 37.5, 1.695, EUE % Mariupol'
48.56705, 39.31706, 10.779, EUE % Luhans'k
49.42161, 26.99653, 2.668, EUE % Khmel'nyts'kyy
44.58883, 33.5224, 5.794, EUE % Sevastopol'
48.04782, 37.92576, 0.002, EUE % Makiyivka
44.95719, 34.11079, 8.483, EUE % Simferopol'
49.23278, 28.48097, 6.797, EUE % Vinnytsya
46.65581, 32.6178, 8.261, EUE % Kherson
49.59373, 34.54073, 0.219, EUE % Poltava
51.50551, 31.28488, 7.394, EUE % Chernihiv
49.42854, 32.06207, 0.177, EUE % Cherkasy
50.9216, 34.80029, 3.428, EUE % Sumy
50.26487, 28.67669, 5.762, EUE % Zhytomyr
48.34698, 38.05419, 2.483, EUE % Horlivka
50.62308, 26.22743, 5.117, EUE % Rivne
48.5132, 32.2597, 0.747, EUE % Kirovohrad
48.51134, 34.6021, 4.227, EUE % Dniprodzerzhyns'k
48.29149, 25.94034, 2.823, EUE % Chernivtsi
49.55589, 25.60556, 2.159, EUE % Ternopil'
49.09725, 33.41972, 1.345, EUE % Kremenchuk
50.75932, 25.34244, 0.914, EUE % Luts'k
48.9215, 24.70972, 1.18, EUE % Ivano-Frankivs'k
48.72305, 37.55629, 1.647, EUE % Kramators'k
45.3607, 36.4706, 1.524, EUE % Kerch
48.61667, 22.3, 7.073, EUE % Uzhhorod
48.90485, 38.44207, 0.773, EUE % Lisichansk
48.23331, 38.21137, 2.144, EUE % Yenakiyeve
48.6845, 26.58559, 1.634, EUE % Kamieniec Podolski
52.37403, 4.88969, 1357.826, EUW % Amsterdam
51.9225, 4.47917, 113.308, EUW % Rotterdam
52.07667, 4.29861, 15.304, EUW % Den Haag
52.09083, 5.12222, 5.125, EUW % Utrecht
51.44083, 5.47778, 19.998, EUW % Eindhoven
51.55551, 5.0913, 16.346, EUW % Tilburg
53.21917, 6.56667, 20.776, EUW % Groningen
52.37025, 5.21413, 42.088, EUW % Almere Stad
51.58656, 4.77596, 6.325, EUW % Breda
51.8425, 5.85278, 1.462, EUW % Nijmegen
52.21833, 6.89583, 34.984, EUW % Enschede
52.38084, 4.63683, 59.2, EUW % Haarlem
51.98, 5.91111, 2.06, EUW % Arnhem
52.45313, 4.81356, 24.046, EUW % Zaanstad
52.155, 5.3875, 5.613, EUW % Amersfoort
52.21, 5.96944, 0.422, EUW % Apeldoorn
51.69917, 5.30417, 5.77, EUW % 's-Hertogenbosch
52.3025, 4.68889, 57.124, EUW % Hoofddorp
50.84833, 5.68889, 0.862, EUW % Maastricht
52.15833, 4.49306, 4.703, EUW % Leiden
51.81, 4.67361, 2.134, EUW % Dordrecht
52.0575, 4.49306, 3.223, EUW % Zoetermeer
52.5125, 6.09444, 39.604, EUW % Zwolle
24.68773, 46.72185, 0.97, ASC % Riyadh
21.51694, 39.21917, 0.578, ASC % Jeddah
26.43442, 50.10326, 0.223, ASC % Ad Dammam
21.27028, 40.41583, 0.016, ASC % Ta'if
26.32599, 43.97497, 0.06, ASC % Buraydah
27.52188, 41.69073, 0.023, ASC % Hayil
18.21639, 42.50528, 0.04, ASC % Abha
10.48801, -66.87919, 56.092, SAW % Caracas
10.63167, -71.64056, 2.642, SAW % Maracaibo
10.13333, -64.7, 0.007, SAW % Barcelona
10.43398, -66.87662, 3.098, SAW % Baruta
10.66781, -63.25849, 50.719, SAW % Carupano
-1.28333, 36.81667, 1.102, AFR % Nairobi
-4.05466, 39.66359, 0.025, AFR % Mombasa
-33.45694, -70.64827, 66.926, SAW % Santiago
-33.03932, -71.62725, 2.803, SAW % Valparaiso
-33.6, -70.71667, 0.142, SAW % San Bernardo
-36.82699, -73.04977, 4.629, SAW % Concepcion
-18.475, -70.30417, 0.07, SAW % Arica
-29.90778, -71.25417, 1.642, SAW % La Serena
-53.15, -70.91667, 0.01, SAW % Punta Arenas
-12.04318, -77.02824, 75.11, SAW % Lima
-16.39889, -71.535, 1.462, SAW % Arequipa
44.43225, 26.10626, 155.426, EUE % Bucharest
47.16667, 27.6, 8.927, EUE % Iasi
46.76667, 23.6, 11.228, EUE % Cluj-Napoca
45.74944, 21.22722, 14.431, EUE % Timisoara
44.31667, 23.8, 4.875, EUE % Craiova
44.18333, 28.65, 7.392, EUE % Constanta
45.45, 28.05, 1.642, EUE % Galati
45.64861, 25.60613, 9.887, EUE % Brasov
44.95, 26.01667, 4.808, EUE % Ploiesti
45.26667, 27.98333, 2.716, EUE % Braila
47.06667, 21.93333, 1.844, EUE % Oradea
46.56667, 26.9, 7.317, EUE % Bacau
46.18333, 21.31667, 0.408, EUE % Arad
44.85, 24.86667, 0.917, EUE % Pitesti
45.8, 24.15, 8.592, EUE % Sibiu
46.54245, 24.55747, 6.593, EUE % Targu-Mures
47.65729, 23.56808, 2.604, EUE % Baia Mare
45.15, 26.83333, 4.838, EUE % Buzau
47.75, 26.66667, 2.469, EUE % Botosani
47.8, 22.88333, 5.356, EUE % Satu Mare
45.1, 24.36667, 0.946, EUE % Ramnicu Valcea
47.63333, 26.25, 3.816, EUE % Suceava
45.7, 27.18333, 2.885, EUE % Focsani
46.91667, 26.33333, 4.351, EUE % Piatra Neamt
44.63194, 22.65611, 8.179, EUE % Drobeta-Turnu Severin
50.85045, 4.34878, 189.878, EUW % Brussels
51.21989, 4.40346, 53.741, EUW % Antwerpen
51.05, 3.71667, 32.004, EUW % Gent
50.41136, 4.44448, 8.631, EUW % Charleroi
50.63373, 5.56749, 6.406, EUW % Liege
51.20892, 3.22424, 3.588, EUW % Brugge
50.4669, 4.86746, 2.948, EUW % Namur
59.33258, 18.0649, 174.626, EUW % Stockholm
57.70716, 11.96679, 82.748, EUW % Goeteborg
55.60587, 13.00073, 78.433, EUW % Malmoe
59.8585, 17.64543, 28.825, EUW % Uppsala
59.40316, 17.94479, 39.817, EUW % Kista
59.61617, 16.55276, 35.142, EUW % Vasteras
41.26465, 69.21627, 10.115, ASC % Tashkent
40.52861, 70.9425, 1.526, ASC % Qo`qon
50.08804, 14.42076, 112.482, EUW % Prague
49.19522, 16.60796, 20.021, EUW % Brno
49.83465, 18.28204, 11.167, EUW % Ostrava
49.74747, 13.37759, 5.294, EUW % Plzen
49.59552, 17.25175, 6.359, EUW % Olomouc
-33.92584, 18.42322, 9.844, AFR % Cape Town
-29.8579, 31.0292, 3.098, AFR % Durban
-26.20227, 28.04363, 17.802, AFR % Johannesburg
-26.26781, 27.85849, 0.122, AFR % Soweto
-25.74486, 28.18783, 4.055, AFR % Pretoria
-33.91799, 25.57007, 0.364, AFR % Port Elizabeth
-29.61678, 30.39278, 0.438, AFR % Pietermaritzburg
-33.01529, 27.91162, 0.037, AFR % East London
-26.71171, 27.83795, 0.089, AFR % Vanderbijlpark
-25.85891, 28.18577, 0.5, AFR % Centurion
-33.70468, 18.96552, 0.56, AFR % Noorder-Paarl
-33.963, 22.46173, 1.62, AFR % George
-25.96361, 28.13778, 2.234, AFR % Midrand
-28.73226, 24.76232, 0.07, AFR % Kimberley
-32.84721, 27.44218, 0.522, AFR % Bhisho
-26.71667, 27.1, 1.24, AFR % Potchefstroom
47.49801, 19.03991, 303.123, EUE % Budapest
47.53333, 21.63333, 3.62, EUE % Debrecen
48.1, 20.78333, 5.639, EUE % Miskolc
46.253, 20.14824, 9.998, EUE % Szeged
46.08333, 18.23333, 7.208, EUE % Pecs
47.47603, 19.03605, 16.897, EUE % Budapest XI. keruelet
47.68333, 17.63512, 17.665, EUE % Gyor
47.54157, 19.04501, 18.055, EUE % Budapest III. keruelet
47.5183, 19.10789, 6.719, EUE % Budapest XIV. keruelet
47.95539, 21.71671, 0.755, EUE % Nyiregyhaza
46.90618, 19.69128, 7.821, EUE % Kecskemet
47.18995, 18.41034, 8.659, EUE % Szekesfehervar
47.36667, 8.55, 116.912, EUW % Zurich
46.20222, 6.14569, 23.773, EUW % Geneve
47.5584, 7.57327, 13.723, EUW % Basel
46.94809, 7.44744, 19.402, EUW % Bern
46.516, 6.63282, 8.54, EUW % Lausanne
48.20849, 16.37208, 107.067, EUW % Vienna
47.06667, 15.45, 33.238, EUW % Graz
48.30639, 14.28611, 22.293, EUW % Linz
47.79941, 13.04399, 8.691, EUW % Salzburg
47.26266, 11.39454, 9.416, EUW % Innsbruck
25.25817, 55.30472, 3.602, ASC % Dubai
24.46667, 54.36667, 0.041, ASC % Abu Dhabi
23.7104, 90.40744, 1.029, ASS % Dhaka
22.33306, 91.83639, 0.104, ASS % Chittagong
24.89667, 91.87167, 0.011, ASS % Sylhet
22.70194, 90.37111, 0.035, ASS % Barisal
24.25, 89.91667, 0.319, ASS % Tangail
38.71667, -9.13333, 3.407, EUW % Lisbon
41.14961, -8.61099, 28.432, EUW % Porto
38.75382, -9.23083, 163.202, EUW % Amadora
41.55032, -8.42005, 22.931, EUW % Braga
38.5244, -8.8882, 4.097, EUW % Setubal
40.20564, -8.41955, 42.563, EUW % Coimbra
38.75657, -9.25451, 13.173, EUW % Queluz
43.25, 76.95, 12.935, ASC % Almaty
42.3, 69.6, 0.566, ASC % Shymkent
51.1801, 71.44598, 0.243, ASC % Astana
50.42675, 80.26669, 0.343, ASC % Semey
53.16667, 63.58333, 0.852, ASC % Qostanay
54.87528, 69.16278, 0.001, ASC % Petropavlovsk
51.23333, 51.36667, 0.378, ASC % Oral
43.65, 51.2, 1.578, ASC % Aktau
31.76904, 35.21633, 2.318, ASC % Jerusalem
31.78199, 35.21961, 1.099, ASC % West Jerusalem
32.81556, 34.98917, 8.596, ASC % Haifa
32.08088, 34.78057, 2.988, ASC % Tel Aviv
31.81667, 34.65, 0.013, ASC % Ashdod
31.96417, 34.80444, 0.379, ASC % Rishon LeZiyyon
32.09174, 34.88503, 19.764, ASC % Petah Tikva
31.25181, 34.7913, 1.365, ASC % Beersheba
32.01139, 34.77222, 0.122, ASC % Holon
32.09028, 34.83972, 1.451, ASC % Bene Beraq
32.08056, 34.81417, 0.437, ASC % Ramat Gan
33.5102, 36.29128, 0.774, ASC % Damascus
35.93062, 36.63393, 0.82, ASC % Idlib
37.97945, 23.71622, 64.795, EUE % Athens
40.64028, 22.94389, 15.973, EUE % Thessaloniki
37.94745, 23.63708, 2.384, EUE % Piraeus
38.24444, 21.73444, 10.126, EUE % Patra
38.01667, 23.7, 9.629, EUE % Peristeri
35.32787, 25.14341, 8.573, EUE % Irakleion
39.63722, 22.42028, 5.652, EUE % Larisa
37.95, 23.7, 3.499, EUE % Kallithea
-6.82349, 39.26951, 0.239, AFR % Dar es Salaam
-6.16394, 39.19793, 0.076, AFR % Zanzibar
-6.17221, 35.73947, 0.097, AFR % Dodoma
55.67594, 12.56553, 145.239, EUW % Copenhagen
56.15674, 10.21076, 36.115, EUW % Arhus
55.39594, 10.38831, 12.479, EUW % Odense
57.048, 9.9187, 33, EUW % Aalborg
22.28552, 114.15769, 0.033, ASP % Hong Kong
22.31667, 114.18333, 0.328, ASP % Kowloon
22.36667, 114.1, 5.062, ASP % Tsuen Wan
36.7525, 3.04197, 0.563, AFR % Algiers
36.76639, 3.47717, 0.105, AFR % Boumerdas
35.69111, -0.64167, 0.014, AFR % Oran
36.72615, 3.18291, 0.358, AFR % Bab Ezzouar
31.94932, 5.32502, 0.232, AFR % Ouargla
36.74871, 3.19248, 0.206, AFR % Bordj el Kiffan
60.16952, 24.93545, 67.31, EUE % Helsinki
60.2052, 24.6522, 19.517, EUE % Espoo
61.49911, 23.78712, 31.127, EUE % Tampere
60.29414, 25.04099, 10.346, EUE % Vantaa
60.45148, 22.26869, 28.568, EUE % Turku
65.01236, 25.46816, 12.828, EUE % Oulu
18.50012, -69.98857, 6.113, NAS % Santo Domingo
59.91273, 10.74609, 114.768, EUW % Oslo
60.39299, 5.32415, 13.921, EUW % Bergen
63.43049, 10.39506, 10.347, EUW % Trondheim
58.97005, 5.73332, 10.731, EUW % Stavanger
53.9, 27.56667, 26.893, EUE % Minsk
52.4345, 30.9754, 11.015, EUE % Homyel'
53.9141, 30.33764, 0.049, EUE % Mahilyow
55.19048, 30.2033, 5.307, EUE % Vitsyebsk
53.6884, 23.8258, 7.102, EUE % Hrodna
52.09755, 23.68775, 2.365, EUE % Brest
48.14816, 17.10674, 28.949, EUE % Bratislava
48.71395, 21.25808, 4.447, EUE % Kosice
15.55177, 32.53241, 1.152, AFR % Khartoum
13.18421, 30.21669, 0.066, AFR % El Obeid
0.31628, 32.58219, 0.372, AFR % Kampala
44.80401, 20.46513, 9.508, EUE % Belgrade
43.32472, 21.90333, 2.806, EUE % Nis
45.25167, 19.83694, 3.084, EUE % Novi Sad
44.84306, 20.40111, 0.597, EUE % Zemun
44.01667, 20.91667, 1.084, EUE % Kragujevac
43.89139, 20.34972, 0.264, EUE % Cacak
-2.16667, -79.9, 2.273, SAW % Guayaquil
-0.22985, -78.52495, 5.129, SAW % Quito
-2.88333, -78.98333, 0.975, SAW % Cuenca
36.81897, 10.16579, 1.421, AFR % Tunis
40.37767, 49.89201, 1.945, ASC % Baku
40.68278, 46.36056, 0.555, ASC % Ganja
1.28967, 103.85007, 10.87, ASP % Singapore
42.69751, 23.32415, 53.006, EUE % Sofia
42.15, 24.75, 7.033, EUE % Plovdiv
43.21667, 27.91667, 7.362, EUE % Varna
42.50606, 27.46781, 2.314, EUE % Burgas
43.85639, 25.97083, 2.782, EUE % Ruse
42.43278, 25.64194, 2.525, EUE % Stara Zagora
43.41667, 24.61667, 0.821, EUE % Pleven
-36.86667, 174.76666, 21.753, OCE % Auckland
-41.28664, 174.77557, 1.978, OCE % Wellington
-43.53333, 172.63333, 5.231, OCE % Christchurch
-36.99282, 174.87987, 1.192, OCE % Manukau City
-36.8, 174.75, 6.769, OCE % North Shore
-37.78333, 175.28333, 0.161, OCE % Hamilton
-45.87416, 170.50362, 0.307, OCE % Dunedin
-37.68611, 176.16667, 1.866, OCE % Tauranga
-41.21667, 174.91667, 0.031, OCE % Lower Hutt
53.33306, -6.24889, 30.807, EUW % Dublin
51.89797, -8.47061, 8.176, EUW % Cork
53.29395, -6.13586, 0.908, EUW % Dun Laoghaire
45.81313, 15.97753, 15.699, EUE % Zagreb - Centar
45.81444, 15.97798, 0.256, EUE % Zagreb
43.50891, 16.43915, 0.493, EUE % Split
45.34306, 14.40917, 1.545, EUE % Rijeka
6.93194, 79.84778, 0.259, ASS % Colombo
6.773, 79.8816, 0.039, ASS % Moratuwa
14.64072, -90.51327, 3.447, NAS % Guatemala City
42.87, 74.59, 0.571, ASC % Bishkek
54.68916, 25.2798, 13.916, EUE % Vilnius
54.9, 23.9, 5.393, EUE % Kaunas
55.71722, 21.1175, 2.041, EUE % Klaipeda
55.93333, 23.31667, 2.387, EUE % Siauliai
55.73333, 24.35, 1.476, EUE % Panevezys
5.55602, -0.1969, 0.865, AFR % Accra
27.70169, 85.3206, 0.155, ASS % Kathmandu
9.93333, -84.08333, 8.688, NAS % San Jose
14.6937, -17.44406, 0.198, AFR % Dakar
14.1825, -16.25333, 0.255, AFR % Kaolack
31.95522, 35.94503, 0.312, ASC % Amman
32.07275, 36.08796, 0.012, ASC % Az Zarqa'
-17.8, -63.16667, 0.463, SAW % Santa Cruz de la Sierra
-17.3895, -66.1568, 0.068, SAW % Cochabamba
-16.5, -68.15, 1.875, SAW % La Paz
43.84864, 18.35644, 1.057, EUE % Sarajevo
44.77583, 17.18556, 0.263, EUE % Banja Luka
44.20139, 17.90639, 0.1, EUE % Zenica
44.54278, 18.66944, 0.436, EUE % Tuzla
43.34333, 17.80806, 0.339, EUE % Mostar
-34.83346, -56.16735, 6.011, SAE % Montevideo
23.61387, 58.5922, 0.126, ASC % Muscat
23.13302, -82.38304, 0.757, NAS % Havana
22.14611, -80.43556, 0.534, NAS % Cienfuegos
21.92972, -79.4425, 0.834, NAS % Sancti Spiritus
18.46633, -66.10572, 0.177, NAS % San Juan
18.39856, -66.15572, 0.127, NAS % Bayamon
18.38078, -65.95739, 0.315, NAS % Carolina
18.01108, -66.61406, 0.063, NAS % Ponce
17.99702, -76.79358, 2.152, NAS % Kingston
18.00747, -76.78319, 1.115, NAS % New Kingston
56.946, 24.10589, 15.005, EUE % Riga
55.88333, 26.53333, 0.897, EUE % Daugavpils
-25.30066, -57.63591, 2.181, SAE % Asuncion
-25.33968, -57.50879, 0.104, SAE % San Lorenzo
-25.34682, -57.60647, 0.028, SAE % Lambare
34.52813, 69.17233, 0.851, ASC % Kabul
31.78336, 35.23388, 0.054, ASC % East Jerusalem
31.5, 34.46667, 0.014, ASC % Gaza
32.22111, 35.25444, 0.063, ASC % Nablus
8.9936, -79.51973, 1.539, NAS % Panama
-17.82935, 31.05389, 0.625, AFR % Harare
-19.45, 29.81667, 0.117, AFR % Gweru
41.3275, 19.81889, 0.758, EUE % Tirana
41.1125, 20.08222, 0.106, EUE % Elbasan
47.00556, 28.8575, 2.175, EUE % Chisinau
46.84028, 29.64333, 0.234, EUE % Tiraspol
47.76167, 27.92889, 0.186, EUE % Balti
46.83056, 29.47111, 0.114, EUE % Bender
46.05108, 14.50513, 13.664, EUE % Ljubljana
40.18111, 44.51361, 1.021, ASC % Yerevan
40.7942, 43.84528, 0.247, ASC % Gyumri
33.88894, 35.49442, 1.136, ASC % Beirut
33.37889, 35.48389, 0.562, ASC % Nabatiye et Tahta
35.56113, 45.43749, 0.304, ASC % As Sulaymaniyah
41.69411, 44.83368, 1.588, ASC % Tbilisi
42.24961, 42.69974, 0.022, ASC % K'ut'aisi
41.64159, 41.63593, 0.239, ASC % Bat'umi
13.74028, -89.21306, 1.06, NAS % Mejicanos
29.33389, 48.07611, 0.072, ASC % As Salimiyah
29.25722, 48.05722, 0.006, ASC % Sabah as Salim
42.0, 21.43333, 1.099, EUE % Skopje
14.0818, -87.20681, 0.257, NAS % Tegucigalpa
15.5, -88.03333, 0.898, NAS % San Pedro Sula
59.43696, 24.75353, 7.598, EUE % Tallinn
58.38062, 26.72509, 2.118, EUE % Tartu
-25.96528, 32.58917, 0.438, AFR % Maputo
5.30966, -4.01266, 0.285, AFR % Abidjan
-4.32459, 15.32146, 0.22, AFR % Kinshasa
-15.40669, 28.28713, 0.096, AFR % Lusaka
-12.95867, 28.63659, 0.029, AFR % Ndola
18.53917, -72.335, 0.049, NAS % Port-au-Prince
18.54472, -72.30278, 0.121, NAS % Delmas 73
18.5125, -72.28528, 0.6, NAS % Petionville
-1.94995, 30.05885, 0.021, AFR % Kigali
38.53575, 68.77905, 0.122, ASC % Dushanbe
4.04827, 9.70428, 0.073, AFR % Douala
3.86667, 11.51667, 0.308, AFR % Yaounde
-8.83682, 13.23432, 0.256, AFR % Luanda
-12.57626, 13.40547, 0.018, AFR % Benguela
-15.78499, 35.00854, 0.078, AFR % Blantyre
26.21536, 50.5832, 0.303, ASC % Manama
12.13282, -86.2504, 1.011, NAS % Managua
35.16667, 33.36667, 1.626, EUE % Nicosia
34.675, 33.03333, 0.292, EUE % Limassol
25.27932, 51.52245, 0.06, ASC % Doha
17.96667, 102.6, 0.028, ASP % Vientiane
11.56245, 104.91601, 0.048, ASP % Phnom Penh
12.65, -8.0, 0.17, AFR % Bamako
32.87519, 13.18746, 0.046, AFR % Tripoli
6.13748, 1.21227, 0.022, AFR % Lome
47.90771, 106.88324, 0.181, ASC % Ulaanbaatar
42.44111, 19.26361, 0.111, EUE % Podgorica
-20.16194, 57.49889, 0.268, AFR % Port Louis
22.20056, 113.54611, 0.027, ASP % Macau
64.13548, -21.89541, 0.773, EUW % Reykjavik
-20.88231, 55.4504, 0.273, AFR % Saint-Denis
15.33333, 38.93333, 0.009, AFR % Asmara
6.36536, 2.41833, 0.035, AFR % Cotonou
12.36423, -1.53834, 0.103, AFR % Ouagadougou
6.80448, -58.15527, 0.148, SAE % Georgetown
-3.3822, 29.3644, 0.006, AFR % Bujumbura
-24.65451, 25.90859, 0.01, AFR % Gaborone
5.86638, -55.16682, 0.025, SAE % Paramaribo
25.05823, -77.34306, 0.06, NAS % Nassau
-22.55941, 17.08323, 0.027, AFR % Windhoek
-9.44314, 147.17972, 0.078, OCE % Port Moresby
4.36122, 18.55496, 0.012, AFR % Bangui
37.95, 58.38333, 0.014, ASC % Ashgabat
12.43333, 98.6, 0.031, ASP % Myeik
0.3925, 9.45365, 0.005, AFR % Libreville
-0.71933, 8.78151, 0.011, AFR % Port-Gentil
18.08581, -15.9785, 0.002, AFR % Nouakchott
-26.48333, 31.36667, 0.004, AFR % Manzini
-29.31667, 27.48333, 0.004, AFR % Maseru
8.484, -13.22994, 0.015, AFR % Freetown
11.86357, -15.59767, 0.005, AFR % Bissau
